Running on node: biwirender13
In directory:    /scratch_net/biwidl202/ppolydorou/project_edaps/edaps
Starting on:     Fri Aug 11 17:24:30 CEST 2023
SLURM_JOB_ID:    729911
/scratch_net/biwidl202/ppolydorou/project_edaps/edaps/mmdet/utils/setup_env.py:38: UserWarning: Setting OMP_NUM_THREADS environment variable for each process to be 1 in default, to avoid your system being overloaded, please further tune the variable for optimal performance in your application as needed.
  warnings.warn(
/scratch_net/biwidl202/ppolydorou/project_edaps/edaps/mmdet/utils/setup_env.py:48: UserWarning: Setting MKL_NUM_THREADS environment variable for each process to be 1 in default, to avoid your system being overloaded, please further tune the variable for optimal performance in your application as needed.
  warnings.warn(
2023-08-11 17:25:02,990 - mmdet - INFO - Environment info:
------------------------------------------------------------
sys.platform: linux
Python: 3.8.5 (default, Sep  4 2020, 07:30:14) [GCC 7.3.0]
CUDA available: True
GPU 0: NVIDIA TITAN Xp
CUDA_HOME: /usr
NVCC: Cuda compilation tools, release 11.2, V11.2.152
GCC: gcc (Debian 8.3.0-6) 8.3.0
PyTorch: 1.7.1
PyTorch compiling details: PyTorch built with:
  - GCC 7.3
  - C++ Version: 201402
  - Intel(R) oneAPI Math Kernel Library Version 2021.4-Product Build 20210904 for Intel(R) 64 architecture applications
  - Intel(R) MKL-DNN v1.6.0 (Git Hash 5ef631a030a6f73131c77892041042805a06064f)
  - OpenMP 201511 (a.k.a. OpenMP 4.5)
  - NNPACK is enabled
  - CPU capability usage: AVX2
  - CUDA Runtime 11.0
  - NVCC architecture flags: -gencode;arch=compute_37,code=sm_37;-gencode;arch=compute_50,code=sm_50;-gencode;arch=compute_60,code=sm_60;-gencode;arch=compute_61,code=sm_61;-gencode;arch=compute_70,code=sm_70;-gencode;arch=compute_75,code=sm_75;-gencode;arch=compute_80,code=sm_80;-gencode;arch=compute_37,code=compute_37
  - CuDNN 8.0.5
  - Magma 2.5.2
  - Build settings: BLAS=MKL, BUILD_TYPE=Release, CXX_FLAGS= -Wno-deprecated -fvisibility-inlines-hidden -DUSE_PTHREADPOOL -fopenmp -DNDEBUG -DUSE_FBGEMM -DUSE_QNNPACK -DUSE_PYTORCH_QNNPACK -DUSE_XNNPACK -DUSE_VULKAN_WRAPPER -O2 -fPIC -Wno-narrowing -Wall -Wextra -Werror=return-type -Wno-missing-field-initializers -Wno-type-limits -Wno-array-bounds -Wno-unknown-pragmas -Wno-sign-compare -Wno-unused-parameter -Wno-unused-variable -Wno-unused-function -Wno-unused-result -Wno-unused-local-typedefs -Wno-strict-overflow -Wno-strict-aliasing -Wno-error=deprecated-declarations -Wno-stringop-overflow -Wno-psabi -Wno-error=pedantic -Wno-error=redundant-decls -Wno-error=old-style-cast -fdiagnostics-color=always -faligned-new -Wno-unused-but-set-variable -Wno-maybe-uninitialized -fno-math-errno -fno-trapping-math -Werror=format -Wno-stringop-overflow, PERF_WITH_AVX=1, PERF_WITH_AVX2=1, PERF_WITH_AVX512=1, USE_CUDA=ON, USE_EXCEPTION_PTR=1, USE_GFLAGS=OFF, USE_GLOG=OFF, USE_MKL=ON, USE_MKLDNN=ON, USE_MPI=OFF, USE_NCCL=ON, USE_NNPACK=ON, USE_OPENMP=ON, 

TorchVision: 0.8.2
OpenCV: 4.8.0
MMCV: 1.6.1
MMCV Compiler: GCC 7.3
MMCV CUDA Compiler: 11.0
MMDetection: 2.25.1+2a2044c
------------------------------------------------------------

2023-08-11 17:25:04,606 - mmdet - INFO - Distributed training: False
2023-08-11 17:25:06,305 - mmdet - INFO - Config:
checkpoint_config = dict(interval=40000, by_epoch=False, max_keep_ckpts=1)
log_config = dict(interval=20, hooks=[dict(type='TextLoggerHook')])
custom_hooks = [dict(type='NumClassCheckHook')]
dist_params = dict(backend='nccl')
log_level = 'INFO'
load_from = None
resume_from = None
workflow = [('train', 1)]
opencv_num_threads = 0
mp_start_method = 'fork'
num_instance_classes = 8
norm_cfg = dict(type='BN', requires_grad=True)
find_unused_parameters = True
maskrcnn_losses_weights = 1.0
model = dict(
    type='MaskRCNNPanoptic',
    pretrained='pretrained/mit_b5.pth',
    backbone=dict(type='mit_b5', style='pytorch'),
    use_neck_feat_for_decode_head=False,
    decode_head=dict(
        type='DAFormerHead',
        in_channels=[64, 128, 320, 512],
        in_index=[0, 1, 2, 3],
        channels=256,
        dropout_ratio=0.1,
        num_classes=19,
        norm_cfg=dict(type='BN', requires_grad=True),
        align_corners=False,
        decoder_params=dict(
            embed_dims=256,
            embed_cfg=dict(type='mlp', act_cfg=None, norm_cfg=None),
            embed_neck_cfg=dict(type='mlp', act_cfg=None, norm_cfg=None),
            fusion_cfg=dict(
                type='aspp',
                sep=True,
                dilations=(1, 6, 12, 18),
                pool=False,
                act_cfg=dict(type='ReLU'),
                norm_cfg=dict(type='BN', requires_grad=True))),
        loss_decode=dict(
            type='CrossEntropyLossMmseg', use_sigmoid=False, loss_weight=1.0)),
    neck=dict(
        type='FPN',
        in_channels=[64, 128, 320, 512],
        out_channels=256,
        num_outs=5),
    rpn_head=dict(
        type='RPNHead',
        in_channels=256,
        feat_channels=256,
        anchor_generator=dict(
            type='AnchorGenerator',
            scales=[8],
            ratios=[0.5, 1.0, 2.0],
            strides=[4, 8, 16, 32, 64]),
        bbox_coder=dict(
            type='DeltaXYWHBBoxCoder',
            target_means=[0.0, 0.0, 0.0, 0.0],
            target_stds=[1.0, 1.0, 1.0, 1.0]),
        loss_cls=dict(
            type='CrossEntropyLoss', use_sigmoid=True, loss_weight=1.0),
        loss_bbox=dict(type='L1Loss', loss_weight=1.0)),
    roi_head=dict(
        type='StandardRoIHead',
        bbox_roi_extractor=dict(
            type='SingleRoIExtractor',
            roi_layer=dict(type='RoIAlign', output_size=7, sampling_ratio=0),
            out_channels=256,
            featmap_strides=[4, 8, 16, 32]),
        bbox_head=dict(
            type='Shared2FCBBoxHead',
            in_channels=256,
            fc_out_channels=1024,
            roi_feat_size=7,
            num_classes=8,
            bbox_coder=dict(
                type='DeltaXYWHBBoxCoder',
                target_means=[0.0, 0.0, 0.0, 0.0],
                target_stds=[0.1, 0.1, 0.2, 0.2]),
            reg_class_agnostic=False,
            loss_cls=dict(
                type='CrossEntropyLoss', use_sigmoid=False, loss_weight=1.0),
            loss_bbox=dict(type='L1Loss', loss_weight=1.0)),
        mask_roi_extractor=dict(
            type='SingleRoIExtractor',
            roi_layer=dict(type='RoIAlign', output_size=14, sampling_ratio=0),
            out_channels=256,
            featmap_strides=[4, 8, 16, 32]),
        mask_head=dict(
            type='FCNMaskHead',
            num_convs=4,
            in_channels=256,
            conv_out_channels=256,
            num_classes=8,
            loss_mask=dict(
                type='CrossEntropyLoss', use_mask=True, loss_weight=1.0))),
    train_cfg=dict(
        rpn=dict(
            assigner=dict(
                type='MaxIoUAssigner',
                pos_iou_thr=0.7,
                neg_iou_thr=0.3,
                min_pos_iou=0.3,
                match_low_quality=True,
                ignore_iof_thr=-1),
            sampler=dict(
                type='RandomSampler',
                num=256,
                pos_fraction=0.5,
                neg_pos_ub=-1,
                add_gt_as_proposals=False),
            allowed_border=-1,
            pos_weight=-1,
            debug=False),
        rpn_proposal=dict(
            nms_pre=2000,
            max_per_img=1000,
            nms=dict(type='nms', iou_threshold=0.7),
            min_bbox_size=0),
        rcnn=dict(
            assigner=dict(
                type='MaxIoUAssigner',
                pos_iou_thr=0.5,
                neg_iou_thr=0.5,
                min_pos_iou=0.5,
                match_low_quality=True,
                ignore_iof_thr=-1),
            sampler=dict(
                type='RandomSampler',
                num=512,
                pos_fraction=0.25,
                neg_pos_ub=-1,
                add_gt_as_proposals=True),
            mask_size=28,
            pos_weight=-1,
            debug=False),
        work_dir=
        'edaps_experiments/exp-00001/work_dirs/local-exp00001/230811_1725_syn2cs_dacs_rcs001_cpl_maskrcnn_mitb5_poly10warm_s0_ea32d'
    ),
    test_cfg=dict(
        mode='whole',
        rpn=dict(
            nms_pre=1000,
            max_per_img=1000,
            nms=dict(type='nms', iou_threshold=0.7),
            min_bbox_size=0),
        rcnn=dict(
            score_thr=0.05,
            nms=dict(type='nms', iou_threshold=0.5),
            max_per_img=100,
            mask_thr_binary=0.5)))
dataset_type = 'CityscapesDataset'
data_root = 'data/cityscapes/'
img_norm_cfg = dict(
    mean=[123.675, 116.28, 103.53], std=[58.395, 57.12, 57.375], to_rgb=True)
crop_size = (512, 512)
num_classes = 19
synthia_train_pipeline = [
    dict(type='LoadImageFromFile'),
    dict(type='LoadPanopticAnnotations'),
    dict(type='Resize', img_scale=(1280, 760)),
    dict(type='RandomCrop', crop_size=(512, 512), cat_max_ratio=0.75),
    dict(type='RandomFlip', prob=0.5),
    dict(
        type='GenPanopLabelsForMaskFormer',
        sigma=8,
        mode='train',
        num_classes=19,
        gen_instance_classids_from_zero=True),
    dict(
        type='Normalize',
        mean=[123.675, 116.28, 103.53],
        std=[58.395, 57.12, 57.375],
        to_rgb=True),
    dict(type='DefaultFormatBundleMmdet'),
    dict(
        type='Collect',
        keys=[
            'img', 'gt_bboxes', 'gt_labels', 'gt_masks', 'gt_semantic_seg',
            'gt_panoptic_only_thing_classes', 'max_inst_per_class'
        ])
]
cityscapes_train_pipeline = [
    dict(type='LoadImageFromFile'),
    dict(type='Resize', img_scale=(1024, 512)),
    dict(type='RandomCrop', crop_size=(512, 512)),
    dict(type='RandomFlip', prob=0.5),
    dict(
        type='Normalize',
        mean=[123.675, 116.28, 103.53],
        std=[58.395, 57.12, 57.375],
        to_rgb=True),
    dict(type='DefaultFormatBundleMmdet'),
    dict(type='Collect', keys=['img'])
]
test_pipeline = [
    dict(type='LoadImageFromFile'),
    dict(
        type='MultiScaleFlipAug',
        img_scale=(2048, 1024),
        flip=False,
        transforms=[
            dict(type='Resize', keep_ratio=True),
            dict(type='RandomFlip'),
            dict(
                type='Normalize',
                mean=[123.675, 116.28, 103.53],
                std=[58.395, 57.12, 57.375],
                to_rgb=True),
            dict(type='ImageToTensor', keys=['img']),
            dict(type='Collect', keys=['img'])
        ])
]
data = dict(
    samples_per_gpu=2,
    workers_per_gpu=4,
    train=dict(
        type='UDADataset',
        source=dict(
            type='SynthiaDataset',
            data_root='data/synthia/',
            img_dir='RGB',
            depth_dir='',
            ann_dir='panoptic-labels-crowdth-0-for-daformer/synthia_panoptic',
            pipeline=[
                dict(type='LoadImageFromFile'),
                dict(type='LoadPanopticAnnotations'),
                dict(type='Resize', img_scale=(1280, 760)),
                dict(
                    type='RandomCrop',
                    crop_size=(512, 512),
                    cat_max_ratio=0.75),
                dict(type='RandomFlip', prob=0.5),
                dict(
                    type='GenPanopLabelsForMaskFormer',
                    sigma=8,
                    mode='train',
                    num_classes=19,
                    gen_instance_classids_from_zero=True),
                dict(
                    type='Normalize',
                    mean=[123.675, 116.28, 103.53],
                    std=[58.395, 57.12, 57.375],
                    to_rgb=True),
                dict(type='DefaultFormatBundleMmdet'),
                dict(
                    type='Collect',
                    keys=[
                        'img', 'gt_bboxes', 'gt_labels', 'gt_masks',
                        'gt_semantic_seg', 'gt_panoptic_only_thing_classes',
                        'max_inst_per_class'
                    ])
            ]),
        target=dict(
            type='CityscapesDataset',
            data_root='data/cityscapes/',
            img_dir='leftImg8bit/train',
            depth_dir='',
            ann_dir='gtFine_panoptic/cityscapes_panoptic_train_trainId',
            pipeline=[
                dict(type='LoadImageFromFile'),
                dict(type='Resize', img_scale=(1024, 512)),
                dict(type='RandomCrop', crop_size=(512, 512)),
                dict(type='RandomFlip', prob=0.5),
                dict(
                    type='Normalize',
                    mean=[123.675, 116.28, 103.53],
                    std=[58.395, 57.12, 57.375],
                    to_rgb=True),
                dict(type='DefaultFormatBundleMmdet'),
                dict(type='Collect', keys=['img'])
            ]),
        rare_class_sampling=dict(
            min_pixels=3000, class_temp=0.01, min_crop_ratio=0.5)),
    val=dict(
        type='CityscapesDataset',
        data_root='data/cityscapes',
        img_dir='leftImg8bit/val',
        depth_dir='',
        ann_dir='gtFine_panoptic/cityscapes_panoptic_val',
        pipeline=[
            dict(type='LoadImageFromFile'),
            dict(
                type='MultiScaleFlipAug',
                img_scale=(2048, 1024),
                flip=False,
                transforms=[
                    dict(type='Resize', keep_ratio=True),
                    dict(type='RandomFlip'),
                    dict(
                        type='Normalize',
                        mean=[123.675, 116.28, 103.53],
                        std=[58.395, 57.12, 57.375],
                        to_rgb=True),
                    dict(type='ImageToTensor', keys=['img']),
                    dict(type='Collect', keys=['img'])
                ])
        ]),
    test=dict(
        type='CityscapesDataset',
        data_root='data/cityscapes/',
        img_dir='leftImg8bit/val',
        depth_dir='',
        ann_dir='gtFine_panoptic/cityscapes_panoptic_val',
        pipeline=[
            dict(type='LoadImageFromFile'),
            dict(
                type='MultiScaleFlipAug',
                img_scale=(2048, 1024),
                flip=False,
                transforms=[
                    dict(type='Resize', keep_ratio=True),
                    dict(type='RandomFlip'),
                    dict(
                        type='Normalize',
                        mean=[123.675, 116.28, 103.53],
                        std=[58.395, 57.12, 57.375],
                        to_rgb=True),
                    dict(type='ImageToTensor', keys=['img']),
                    dict(type='Collect', keys=['img'])
                ])
        ]))
uda = dict(
    type='DACS',
    alpha=0.999,
    pseudo_threshold=0.968,
    pseudo_weight_ignore_top=15,
    pseudo_weight_ignore_bottom=120,
    imnet_feature_dist_lambda=0.005,
    imnet_feature_dist_classes=[6, 7, 11, 12, 13, 14, 15, 16, 17, 18],
    imnet_feature_dist_scale_min_ratio=0.75,
    mix='class',
    blur=True,
    color_jitter_strength=0.2,
    color_jitter_probability=0.2,
    debug_img_interval=1000,
    print_grad_magnitude=False,
    share_src_backward=True,
    disable_mix_masks=False)
use_ddp_wrapper = True
optimizer = dict(
    type='AdamW',
    lr=6e-05,
    betas=(0.9, 0.999),
    weight_decay=0.01,
    paramwise_cfg=dict(
        custom_keys=dict(
            neck=dict(lr_mult=10.0),
            head=dict(lr_mult=10.0),
            pos_block=dict(decay_mult=0.0),
            norm=dict(decay_mult=0.0))))
optimizer_config = None
lr_config = dict(
    policy='poly',
    warmup='linear',
    warmup_iters=1500,
    warmup_ratio=1e-06,
    power=1.0,
    min_lr=0.0,
    by_epoch=False)
debug = False
n_gpus = 1
gpu_mtotal = 23000
total_train_time = '21:00:00'
n_cpus = 16
mem_per_cpu = 16000
machine = 'local'
euler_template_fname = 'euler_template_slurm_syn2city.sh'
only_eval = False
only_train = False
activate_auto_scale_lr = False
auto_scale_lr = dict(enable=False, base_batch_size=16)
print_layer_wise_lr = False
file_sys = 'Slurm'
launcher = None
generate_only_visuals_without_eval = False
seed = 0
evaluation = dict(
    interval=40000,
    metric=['mIoU', 'mPQ', 'mAP'],
    eval_type='maskrcnn_panoptic',
    dataset_name='cityscapes',
    gt_dir='data/cityscapes/gtFine/val',
    gt_dir_panop='data/cityscapes/gtFine_panoptic',
    num_samples_debug=12,
    post_proccess_params=dict(
        num_classes=19,
        ignore_label=255,
        mapillary_dataloading_style='OURS',
        label_divisor=1000,
        train_id_to_eval_id=[
            7, 8, 11, 12, 13, 17, 19, 20, 21, 22, 23, 24, 25, 26, 27, 28, 31,
            32, 33, 0
        ],
        thing_list=[11, 12, 13, 14, 15, 16, 17, 18],
        mask_score_threshold=0.95,
        debug=False,
        dump_semantic_pred_as_numpy_array=False,
        load_semantic_pred_as_numpy_array=False,
        semantic_pred_numpy_array_location=None,
        use_semantic_decoder_for_instance_labeling=False,
        use_semantic_decoder_for_panoptic_labeling=False,
        nms_th=None,
        intersec_th=None,
        upsnet_mask_pruning=False,
        generate_thing_cls_panoptic_from_instance_pred=False),
    visuals_pan_eval=False,
    evalScale='2048x1024',
    panop_eval_folder=
    'edaps_experiments/exp-00001/work_dirs/local-exp00001/230811_1725_syn2cs_dacs_rcs001_cpl_maskrcnn_mitb5_poly10warm_s0_ea32d/panoptic_eval',
    panop_eval_temp_folder=
    'edaps_experiments/exp-00001/work_dirs/local-exp00001/230811_1725_syn2cs_dacs_rcs001_cpl_maskrcnn_mitb5_poly10warm_s0_ea32d/panoptic_eval/panop_eval_11-08-2023_17-25-02-841215',
    debug=False,
    out_dir=
    'edaps_experiments/exp-00001/work_dirs/local-exp00001/230811_1725_syn2cs_dacs_rcs001_cpl_maskrcnn_mitb5_poly10warm_s0_ea32d/panoptic_eval/panop_eval_11-08-2023_17-25-02-841215/visuals'
)
runner = dict(type='IterBasedRunner', max_iters=40000)
name = '230811_1725_syn2cs_dacs_rcs001_cpl_maskrcnn_mitb5_poly10warm_s0_ea32d'
exp = 1
exp_root = 'edaps_experiments'
exp_sub = 'exp-00001'
name_dataset = ('synthia2cityscapes', )
name_architecture = ('maskrcnn_mitb5', )
name_encoder = ('mitb5', )
name_decoder = ('maskrcnn', )
name_uda = ('dacs_rcs0.01_cpl', )
name_opt = ('adamw_6e-05_pmTrue_poly10warm_1x1_40k', )
work_dir = 'edaps_experiments/exp-00001/work_dirs/local-exp00001/230811_1725_syn2cs_dacs_rcs001_cpl_maskrcnn_mitb5_poly10warm_s0_ea32d'
git_rev = '2a2044c49e116d4693884d4a9a6e08b824a9b128'
auto_resume = False
gpu_ids = [0]

2023-08-11 17:25:06,305 - mmdet - INFO - Set random seed to 0, deterministic: False
slurmstepd: error: *** JOB 729911 ON biwirender13 CANCELLED AT 2023-08-11T17:25:08 ***
