Running on node: biwirender14
In directory:    /scratch_net/biwidl202/ppolydorou/project_edaps/edaps
Starting on:     Sun Aug 13 20:20:10 CEST 2023
SLURM_JOB_ID:    730229
/scratch_net/biwidl202/ppolydorou/project_edaps/edaps/mmdet/utils/setup_env.py:38: UserWarning: Setting OMP_NUM_THREADS environment variable for each process to be 1 in default, to avoid your system being overloaded, please further tune the variable for optimal performance in your application as needed.
  warnings.warn(
/scratch_net/biwidl202/ppolydorou/project_edaps/edaps/mmdet/utils/setup_env.py:48: UserWarning: Setting MKL_NUM_THREADS environment variable for each process to be 1 in default, to avoid your system being overloaded, please further tune the variable for optimal performance in your application as needed.
  warnings.warn(
2023-08-13 20:20:39,936 - mmdet - INFO - Environment info:
------------------------------------------------------------
sys.platform: linux
Python: 3.8.5 (default, Sep  4 2020, 07:30:14) [GCC 7.3.0]
CUDA available: True
GPU 0: NVIDIA TITAN Xp COLLECTORS EDITION
CUDA_HOME: /usr
NVCC: Cuda compilation tools, release 11.2, V11.2.152
GCC: gcc (Debian 8.3.0-6) 8.3.0
PyTorch: 1.7.1
PyTorch compiling details: PyTorch built with:
  - GCC 7.3
  - C++ Version: 201402
  - Intel(R) oneAPI Math Kernel Library Version 2021.4-Product Build 20210904 for Intel(R) 64 architecture applications
  - Intel(R) MKL-DNN v1.6.0 (Git Hash 5ef631a030a6f73131c77892041042805a06064f)
  - OpenMP 201511 (a.k.a. OpenMP 4.5)
  - NNPACK is enabled
  - CPU capability usage: AVX2
  - CUDA Runtime 11.0
  - NVCC architecture flags: -gencode;arch=compute_37,code=sm_37;-gencode;arch=compute_50,code=sm_50;-gencode;arch=compute_60,code=sm_60;-gencode;arch=compute_61,code=sm_61;-gencode;arch=compute_70,code=sm_70;-gencode;arch=compute_75,code=sm_75;-gencode;arch=compute_80,code=sm_80;-gencode;arch=compute_37,code=compute_37
  - CuDNN 8.0.5
  - Magma 2.5.2
  - Build settings: BLAS=MKL, BUILD_TYPE=Release, CXX_FLAGS= -Wno-deprecated -fvisibility-inlines-hidden -DUSE_PTHREADPOOL -fopenmp -DNDEBUG -DUSE_FBGEMM -DUSE_QNNPACK -DUSE_PYTORCH_QNNPACK -DUSE_XNNPACK -DUSE_VULKAN_WRAPPER -O2 -fPIC -Wno-narrowing -Wall -Wextra -Werror=return-type -Wno-missing-field-initializers -Wno-type-limits -Wno-array-bounds -Wno-unknown-pragmas -Wno-sign-compare -Wno-unused-parameter -Wno-unused-variable -Wno-unused-function -Wno-unused-result -Wno-unused-local-typedefs -Wno-strict-overflow -Wno-strict-aliasing -Wno-error=deprecated-declarations -Wno-stringop-overflow -Wno-psabi -Wno-error=pedantic -Wno-error=redundant-decls -Wno-error=old-style-cast -fdiagnostics-color=always -faligned-new -Wno-unused-but-set-variable -Wno-maybe-uninitialized -fno-math-errno -fno-trapping-math -Werror=format -Wno-stringop-overflow, PERF_WITH_AVX=1, PERF_WITH_AVX2=1, PERF_WITH_AVX512=1, USE_CUDA=ON, USE_EXCEPTION_PTR=1, USE_GFLAGS=OFF, USE_GLOG=OFF, USE_MKL=ON, USE_MKLDNN=ON, USE_MPI=OFF, USE_NCCL=ON, USE_NNPACK=ON, USE_OPENMP=ON, 

TorchVision: 0.8.2
OpenCV: 4.8.0
MMCV: 1.6.1
MMCV Compiler: GCC 7.3
MMCV CUDA Compiler: 11.0
MMDetection: 2.25.1+2a2044c
------------------------------------------------------------

2023-08-13 20:20:41,426 - mmdet - INFO - Distributed training: False
2023-08-13 20:20:42,946 - mmdet - INFO - Config:
checkpoint_config = dict(interval=40000, by_epoch=False, max_keep_ckpts=1)
log_config = dict(interval=20, hooks=[dict(type='TextLoggerHook')])
custom_hooks = [dict(type='NumClassCheckHook')]
dist_params = dict(backend='nccl')
log_level = 'INFO'
load_from = None
resume_from = None
workflow = [('train', 1)]
opencv_num_threads = 0
mp_start_method = 'fork'
num_instance_classes = 8
norm_cfg = dict(type='BN', requires_grad=True)
find_unused_parameters = True
maskrcnn_losses_weights = 1.0
model = dict(
    type='MaskRCNNPanoptic',
    pretrained='pretrained/mit_b5.pth',
    backbone=dict(type='mit_b5', style='pytorch'),
    use_neck_feat_for_decode_head=False,
    decode_head=dict(
        type='DAFormerHead',
        in_channels=[64, 128, 320, 512],
        in_index=[0, 1, 2, 3],
        channels=256,
        dropout_ratio=0.1,
        num_classes=19,
        norm_cfg=dict(type='BN', requires_grad=True),
        align_corners=False,
        decoder_params=dict(
            embed_dims=256,
            embed_cfg=dict(type='mlp', act_cfg=None, norm_cfg=None),
            embed_neck_cfg=dict(type='mlp', act_cfg=None, norm_cfg=None),
            fusion_cfg=dict(
                type='aspp',
                sep=True,
                dilations=(1, 6, 12, 18),
                pool=False,
                act_cfg=dict(type='ReLU'),
                norm_cfg=dict(type='BN', requires_grad=True))),
        loss_decode=dict(
            type='CrossEntropyLossMmseg', use_sigmoid=False, loss_weight=1.0)),
    neck=dict(
        type='FPN',
        in_channels=[64, 128, 320, 512],
        out_channels=256,
        num_outs=5),
    rpn_head=dict(
        type='RPNHead',
        in_channels=256,
        feat_channels=256,
        anchor_generator=dict(
            type='AnchorGenerator',
            scales=[8],
            ratios=[0.5, 1.0, 2.0],
            strides=[4, 8, 16, 32, 64]),
        bbox_coder=dict(
            type='DeltaXYWHBBoxCoder',
            target_means=[0.0, 0.0, 0.0, 0.0],
            target_stds=[1.0, 1.0, 1.0, 1.0]),
        loss_cls=dict(
            type='CrossEntropyLoss', use_sigmoid=True, loss_weight=1.0),
        loss_bbox=dict(type='L1Loss', loss_weight=1.0)),
    roi_head=dict(
        type='StandardRoIHead',
        bbox_roi_extractor=dict(
            type='SingleRoIExtractor',
            roi_layer=dict(type='RoIAlign', output_size=7, sampling_ratio=0),
            out_channels=256,
            featmap_strides=[4, 8, 16, 32]),
        bbox_head=dict(
            type='Shared2FCBBoxHead',
            in_channels=256,
            fc_out_channels=1024,
            roi_feat_size=7,
            num_classes=8,
            bbox_coder=dict(
                type='DeltaXYWHBBoxCoder',
                target_means=[0.0, 0.0, 0.0, 0.0],
                target_stds=[0.1, 0.1, 0.2, 0.2]),
            reg_class_agnostic=False,
            loss_cls=dict(
                type='CrossEntropyLoss', use_sigmoid=False, loss_weight=1.0),
            loss_bbox=dict(type='L1Loss', loss_weight=1.0)),
        mask_roi_extractor=dict(
            type='SingleRoIExtractor',
            roi_layer=dict(type='RoIAlign', output_size=14, sampling_ratio=0),
            out_channels=256,
            featmap_strides=[4, 8, 16, 32]),
        mask_head=dict(
            type='FCNMaskHead',
            num_convs=4,
            in_channels=256,
            conv_out_channels=256,
            num_classes=8,
            loss_mask=dict(
                type='CrossEntropyLoss', use_mask=True, loss_weight=1.0))),
    train_cfg=dict(
        rpn=dict(
            assigner=dict(
                type='MaxIoUAssigner',
                pos_iou_thr=0.7,
                neg_iou_thr=0.3,
                min_pos_iou=0.3,
                match_low_quality=True,
                ignore_iof_thr=-1),
            sampler=dict(
                type='RandomSampler',
                num=256,
                pos_fraction=0.5,
                neg_pos_ub=-1,
                add_gt_as_proposals=False),
            allowed_border=-1,
            pos_weight=-1,
            debug=False),
        rpn_proposal=dict(
            nms_pre=2000,
            max_per_img=1000,
            nms=dict(type='nms', iou_threshold=0.7),
            min_bbox_size=0),
        rcnn=dict(
            assigner=dict(
                type='MaxIoUAssigner',
                pos_iou_thr=0.5,
                neg_iou_thr=0.5,
                min_pos_iou=0.5,
                match_low_quality=True,
                ignore_iof_thr=-1),
            sampler=dict(
                type='RandomSampler',
                num=512,
                pos_fraction=0.25,
                neg_pos_ub=-1,
                add_gt_as_proposals=True),
            mask_size=28,
            pos_weight=-1,
            debug=False),
        work_dir=
        'edaps_experiments/exp-00001/work_dirs/local-exp00001/230813_2020_syn2cs_dacs_rcs001_cpl_maskrcnn_mitb5_poly10warm_s0_e9d6b'
    ),
    test_cfg=dict(
        mode='whole',
        rpn=dict(
            nms_pre=1000,
            max_per_img=1000,
            nms=dict(type='nms', iou_threshold=0.7),
            min_bbox_size=0),
        rcnn=dict(
            score_thr=0.05,
            nms=dict(type='nms', iou_threshold=0.5),
            max_per_img=100,
            mask_thr_binary=0.5)))
dataset_type = 'CityscapesDataset'
data_root = 'data/cityscapes/'
img_norm_cfg = dict(
    mean=[123.675, 116.28, 103.53], std=[58.395, 57.12, 57.375], to_rgb=True)
crop_size = (512, 512)
num_classes = 19
synthia_train_pipeline = [
    dict(type='LoadImageFromFile'),
    dict(type='LoadPanopticAnnotations'),
    dict(type='Resize', img_scale=(1280, 760)),
    dict(type='RandomCrop', crop_size=(512, 512), cat_max_ratio=0.75),
    dict(type='RandomFlip', prob=0.5),
    dict(
        type='GenPanopLabelsForMaskFormer',
        sigma=8,
        mode='train',
        num_classes=19,
        gen_instance_classids_from_zero=True),
    dict(
        type='Normalize',
        mean=[123.675, 116.28, 103.53],
        std=[58.395, 57.12, 57.375],
        to_rgb=True),
    dict(type='DefaultFormatBundleMmdet'),
    dict(
        type='Collect',
        keys=[
            'img', 'gt_bboxes', 'gt_labels', 'gt_masks', 'gt_semantic_seg',
            'gt_panoptic_only_thing_classes', 'max_inst_per_class'
        ])
]
cityscapes_train_pipeline = [
    dict(type='LoadImageFromFile'),
    dict(type='Resize', img_scale=(1024, 512)),
    dict(type='RandomCrop', crop_size=(512, 512)),
    dict(type='RandomFlip', prob=0.5),
    dict(
        type='Normalize',
        mean=[123.675, 116.28, 103.53],
        std=[58.395, 57.12, 57.375],
        to_rgb=True),
    dict(type='DefaultFormatBundleMmdet'),
    dict(type='Collect', keys=['img'])
]
test_pipeline = [
    dict(type='LoadImageFromFile'),
    dict(
        type='MultiScaleFlipAug',
        img_scale=(2048, 1024),
        flip=False,
        transforms=[
            dict(type='Resize', keep_ratio=True),
            dict(type='RandomFlip'),
            dict(
                type='Normalize',
                mean=[123.675, 116.28, 103.53],
                std=[58.395, 57.12, 57.375],
                to_rgb=True),
            dict(type='ImageToTensor', keys=['img']),
            dict(type='Collect', keys=['img'])
        ])
]
data = dict(
    samples_per_gpu=2,
    workers_per_gpu=4,
    train=dict(
        type='UDADataset',
        source=dict(
            type='SynthiaDataset',
            data_root='data/synthia/',
            img_dir='RGB',
            depth_dir='',
            ann_dir='panoptic-labels-crowdth-0-for-daformer/synthia_panoptic',
            pipeline=[
                dict(type='LoadImageFromFile'),
                dict(type='LoadPanopticAnnotations'),
                dict(type='Resize', img_scale=(1280, 760)),
                dict(
                    type='RandomCrop',
                    crop_size=(512, 512),
                    cat_max_ratio=0.75),
                dict(type='RandomFlip', prob=0.5),
                dict(
                    type='GenPanopLabelsForMaskFormer',
                    sigma=8,
                    mode='train',
                    num_classes=19,
                    gen_instance_classids_from_zero=True),
                dict(
                    type='Normalize',
                    mean=[123.675, 116.28, 103.53],
                    std=[58.395, 57.12, 57.375],
                    to_rgb=True),
                dict(type='DefaultFormatBundleMmdet'),
                dict(
                    type='Collect',
                    keys=[
                        'img', 'gt_bboxes', 'gt_labels', 'gt_masks',
                        'gt_semantic_seg', 'gt_panoptic_only_thing_classes',
                        'max_inst_per_class'
                    ])
            ]),
        target=dict(
            type='CityscapesDataset',
            data_root='data/cityscapes/',
            img_dir='leftImg8bit/train',
            depth_dir='',
            ann_dir='gtFine_panoptic/cityscapes_panoptic_train_trainId',
            pipeline=[
                dict(type='LoadImageFromFile'),
                dict(type='Resize', img_scale=(1024, 512)),
                dict(type='RandomCrop', crop_size=(512, 512)),
                dict(type='RandomFlip', prob=0.5),
                dict(
                    type='Normalize',
                    mean=[123.675, 116.28, 103.53],
                    std=[58.395, 57.12, 57.375],
                    to_rgb=True),
                dict(type='DefaultFormatBundleMmdet'),
                dict(type='Collect', keys=['img'])
            ]),
        rare_class_sampling=dict(
            min_pixels=3000, class_temp=0.01, min_crop_ratio=0.5)),
    val=dict(
        type='CityscapesDataset',
        data_root='data/cityscapes',
        img_dir='leftImg8bit/val',
        depth_dir='',
        ann_dir='gtFine_panoptic/cityscapes_panoptic_val',
        pipeline=[
            dict(type='LoadImageFromFile'),
            dict(
                type='MultiScaleFlipAug',
                img_scale=(2048, 1024),
                flip=False,
                transforms=[
                    dict(type='Resize', keep_ratio=True),
                    dict(type='RandomFlip'),
                    dict(
                        type='Normalize',
                        mean=[123.675, 116.28, 103.53],
                        std=[58.395, 57.12, 57.375],
                        to_rgb=True),
                    dict(type='ImageToTensor', keys=['img']),
                    dict(type='Collect', keys=['img'])
                ])
        ]),
    test=dict(
        type='CityscapesDataset',
        data_root='data/cityscapes/',
        img_dir='leftImg8bit/val',
        depth_dir='',
        ann_dir='gtFine_panoptic/cityscapes_panoptic_val',
        pipeline=[
            dict(type='LoadImageFromFile'),
            dict(
                type='MultiScaleFlipAug',
                img_scale=(2048, 1024),
                flip=False,
                transforms=[
                    dict(type='Resize', keep_ratio=True),
                    dict(type='RandomFlip'),
                    dict(
                        type='Normalize',
                        mean=[123.675, 116.28, 103.53],
                        std=[58.395, 57.12, 57.375],
                        to_rgb=True),
                    dict(type='ImageToTensor', keys=['img']),
                    dict(type='Collect', keys=['img'])
                ])
        ]))
uda = dict(
    type='DACS',
    alpha=0.999,
    pseudo_threshold=0.968,
    pseudo_weight_ignore_top=15,
    pseudo_weight_ignore_bottom=120,
    imnet_feature_dist_lambda=0.005,
    imnet_feature_dist_classes=[6, 7, 11, 12, 13, 14, 15, 16, 17, 18],
    imnet_feature_dist_scale_min_ratio=0.75,
    mix='class',
    blur=True,
    color_jitter_strength=0.2,
    color_jitter_probability=0.2,
    debug_img_interval=1000,
    print_grad_magnitude=False,
    share_src_backward=True,
    disable_mix_masks=False)
use_ddp_wrapper = True
optimizer = dict(
    type='AdamW',
    lr=6e-05,
    betas=(0.9, 0.999),
    weight_decay=0.01,
    paramwise_cfg=dict(
        custom_keys=dict(
            neck=dict(lr_mult=10.0),
            head=dict(lr_mult=10.0),
            pos_block=dict(decay_mult=0.0),
            norm=dict(decay_mult=0.0))))
optimizer_config = None
lr_config = dict(
    policy='poly',
    warmup='linear',
    warmup_iters=1500,
    warmup_ratio=1e-06,
    power=1.0,
    min_lr=0.0,
    by_epoch=False)
debug = False
n_gpus = 1
gpu_mtotal = 23000
total_train_time = '21:00:00'
n_cpus = 16
mem_per_cpu = 16000
machine = 'local'
euler_template_fname = 'euler_template_slurm_syn2city.sh'
only_eval = False
only_train = False
activate_auto_scale_lr = False
auto_scale_lr = dict(enable=False, base_batch_size=16)
print_layer_wise_lr = False
file_sys = 'Slurm'
launcher = None
generate_only_visuals_without_eval = False
seed = 0
evaluation = dict(
    interval=40000,
    metric=['mIoU', 'mPQ', 'mAP'],
    eval_type='maskrcnn_panoptic',
    dataset_name='cityscapes',
    gt_dir='data/cityscapes/gtFine/val',
    gt_dir_panop='data/cityscapes/gtFine_panoptic',
    num_samples_debug=12,
    post_proccess_params=dict(
        num_classes=19,
        ignore_label=255,
        mapillary_dataloading_style='OURS',
        label_divisor=1000,
        train_id_to_eval_id=[
            7, 8, 11, 12, 13, 17, 19, 20, 21, 22, 23, 24, 25, 26, 27, 28, 31,
            32, 33, 0
        ],
        thing_list=[11, 12, 13, 14, 15, 16, 17, 18],
        mask_score_threshold=0.95,
        debug=False,
        dump_semantic_pred_as_numpy_array=False,
        load_semantic_pred_as_numpy_array=False,
        semantic_pred_numpy_array_location=None,
        use_semantic_decoder_for_instance_labeling=False,
        use_semantic_decoder_for_panoptic_labeling=False,
        nms_th=None,
        intersec_th=None,
        upsnet_mask_pruning=False,
        generate_thing_cls_panoptic_from_instance_pred=False),
    visuals_pan_eval=False,
    evalScale='2048x1024',
    panop_eval_folder=
    'edaps_experiments/exp-00001/work_dirs/local-exp00001/230813_2020_syn2cs_dacs_rcs001_cpl_maskrcnn_mitb5_poly10warm_s0_e9d6b/panoptic_eval',
    panop_eval_temp_folder=
    'edaps_experiments/exp-00001/work_dirs/local-exp00001/230813_2020_syn2cs_dacs_rcs001_cpl_maskrcnn_mitb5_poly10warm_s0_e9d6b/panoptic_eval/panop_eval_13-08-2023_20-20-39-800319',
    debug=False,
    out_dir=
    'edaps_experiments/exp-00001/work_dirs/local-exp00001/230813_2020_syn2cs_dacs_rcs001_cpl_maskrcnn_mitb5_poly10warm_s0_e9d6b/panoptic_eval/panop_eval_13-08-2023_20-20-39-800319/visuals'
)
runner = dict(type='IterBasedRunner', max_iters=40000)
name = '230813_2020_syn2cs_dacs_rcs001_cpl_maskrcnn_mitb5_poly10warm_s0_e9d6b'
exp = 1
exp_root = 'edaps_experiments'
exp_sub = 'exp-00001'
name_dataset = ('synthia2cityscapes', )
name_architecture = ('maskrcnn_mitb5', )
name_encoder = ('mitb5', )
name_decoder = ('maskrcnn', )
name_uda = ('dacs_rcs0.01_cpl', )
name_opt = ('adamw_6e-05_pmTrue_poly10warm_1x1_40k', )
work_dir = 'edaps_experiments/exp-00001/work_dirs/local-exp00001/230813_2020_syn2cs_dacs_rcs001_cpl_maskrcnn_mitb5_poly10warm_s0_e9d6b'
git_rev = '2a2044c49e116d4693884d4a9a6e08b824a9b128'
auto_resume = False
gpu_ids = [0]

2023-08-13 20:20:42,946 - mmdet - INFO - Set random seed to 0, deterministic: False
/scratch_net/biwidl202/ppolydorou/project_edaps/edaps/mmdet/models/detectors/two_stage.py:29: UserWarning: DeprecationWarning: pretrained is deprecated, please use "init_cfg" instead
  warnings.warn('DeprecationWarning: pretrained is deprecated, '
/scratch_net/biwidl202/ppolydorou/project_edaps/edaps/mmdet/models/backbones/mix_transformer.py:215: UserWarning: DeprecationWarning: pretrained is a deprecated, please use "init_cfg" instead
  warnings.warn('DeprecationWarning: pretrained is a deprecated, please use "init_cfg" instead')
2023-08-13 20:20:46,995 - mmdet - INFO - Load mit checkpoint.
2023-08-13 20:20:46,996 - mmdet - INFO - load checkpoint from local path: pretrained/mit_b5.pth
2023-08-13 20:20:50,870 - mmdet - INFO - initialize FPN with init_cfg {'type': 'Xavier', 'layer': 'Conv2d', 'distribution': 'uniform'}
2023-08-13 20:20:50,897 - mmdet - INFO - initialize RPNHead with init_cfg {'type': 'Normal', 'layer': 'Conv2d', 'std': 0.01}
2023-08-13 20:20:50,904 - mmdet - INFO - initialize Shared2FCBBoxHead with init_cfg [{'type': 'Normal', 'std': 0.01, 'override': {'name': 'fc_cls'}}, {'type': 'Normal', 'std': 0.001, 'override': {'name': 'fc_reg'}}, {'type': 'Xavier', 'distribution': 'uniform', 'override': [{'name': 'shared_fcs'}, {'name': 'cls_fcs'}, {'name': 'reg_fcs'}]}]
2023-08-13 20:20:51,043 - mmdet - INFO - initialize DAFormerHead with init_cfg {'type': 'Normal', 'std': 0.01, 'override': {'name': 'conv_seg'}}
2023-08-13 20:20:51,112 - mmdet - INFO - Load mit checkpoint.
2023-08-13 20:20:51,112 - mmdet - INFO - load checkpoint from local path: pretrained/mit_b5.pth
2023-08-13 20:20:51,491 - mmdet - INFO - initialize FPN with init_cfg {'type': 'Xavier', 'layer': 'Conv2d', 'distribution': 'uniform'}
2023-08-13 20:20:51,513 - mmdet - INFO - initialize RPNHead with init_cfg {'type': 'Normal', 'layer': 'Conv2d', 'std': 0.01}
2023-08-13 20:20:51,520 - mmdet - INFO - initialize Shared2FCBBoxHead with init_cfg [{'type': 'Normal', 'std': 0.01, 'override': {'name': 'fc_cls'}}, {'type': 'Normal', 'std': 0.001, 'override': {'name': 'fc_reg'}}, {'type': 'Xavier', 'distribution': 'uniform', 'override': [{'name': 'shared_fcs'}, {'name': 'cls_fcs'}, {'name': 'reg_fcs'}]}]
2023-08-13 20:20:51,654 - mmdet - INFO - initialize DAFormerHead with init_cfg {'type': 'Normal', 'std': 0.01, 'override': {'name': 'conv_seg'}}
2023-08-13 20:20:51,722 - mmdet - INFO - Load mit checkpoint.
2023-08-13 20:20:51,722 - mmdet - INFO - load checkpoint from local path: pretrained/mit_b5.pth
2023-08-13 20:20:52,129 - mmdet - INFO - initialize FPN with init_cfg {'type': 'Xavier', 'layer': 'Conv2d', 'distribution': 'uniform'}
2023-08-13 20:20:52,153 - mmdet - INFO - initialize RPNHead with init_cfg {'type': 'Normal', 'layer': 'Conv2d', 'std': 0.01}
2023-08-13 20:20:52,160 - mmdet - INFO - initialize Shared2FCBBoxHead with init_cfg [{'type': 'Normal', 'std': 0.01, 'override': {'name': 'fc_cls'}}, {'type': 'Normal', 'std': 0.001, 'override': {'name': 'fc_reg'}}, {'type': 'Xavier', 'distribution': 'uniform', 'override': [{'name': 'shared_fcs'}, {'name': 'cls_fcs'}, {'name': 'reg_fcs'}]}]
2023-08-13 20:20:52,297 - mmdet - INFO - initialize DAFormerHead with init_cfg {'type': 'Normal', 'std': 0.01, 'override': {'name': 'conv_seg'}}
2023-08-13 20:20:52,408 - mmseg - INFO - Loaded annotations from : data/synthia/panoptic-labels-crowdth-0-for-daformer/synthia_panoptic.json
2023-08-13 20:21:03,210 - mmseg - INFO - Loaded 9400 images from data/synthia/RGB
2023-08-13 20:21:03,215 - mmseg - INFO - Loaded annotations from : data/cityscapes/gtFine_panoptic/cityscapes_panoptic_train_trainId.json
2023-08-13 20:21:03,703 - mmseg - INFO - Loaded 2975 images from data/cityscapes/leftImg8bit/train
2023-08-13 20:21:03,799 - mmseg - INFO - RCS Classes: [6, 7, 17, 18, 4, 3, 12, 5, 15, 13, 11, 10, 8, 0, 1, 2]
2023-08-13 20:21:03,800 - mmseg - INFO - RCS ClassProb: [1.55649453e-01 1.45927146e-01 1.30805254e-01 1.29144296e-01
 1.22819245e-01 1.22646019e-01 9.97279957e-02 5.53424992e-02
 3.33626680e-02 2.43163528e-03 2.00466975e-03 1.35448776e-04
 3.78220921e-06 8.31826052e-10 3.41141226e-10 1.11511794e-14]
2023-08-13 20:21:18,821 - mmdet - INFO - Automatic scaling of learning rate (LR) has been disabled.
2023-08-13 20:21:29,830 - mmseg - INFO - Loaded annotations from : data/cityscapes/gtFine_panoptic/cityscapes_panoptic_val.json
2023-08-13 20:21:29,931 - mmseg - INFO - Loaded 500 images from data/cityscapes/leftImg8bit/val
2023-08-13 20:21:29,932 - mmdet - INFO - Start running, host: ppolydorou@biwirender14, work_dir: /scratch_net/biwidl202/ppolydorou/project_edaps/edaps/edaps_experiments/exp-00001/work_dirs/local-exp00001/230813_2020_syn2cs_dacs_rcs001_cpl_maskrcnn_mitb5_poly10warm_s0_e9d6b
2023-08-13 20:21:29,933 - mmdet - INFO - Hooks will be executed in the following order:
before_run:
(VERY_HIGH   ) PolyLrUpdaterHook                  
(NORMAL      ) CheckpointHook                     
(LOW         ) EvalHookUDA                        
(VERY_LOW    ) TextLoggerHook                     
 -------------------- 
before_train_epoch:
(VERY_HIGH   ) PolyLrUpdaterHook                  
(NORMAL      ) NumClassCheckHook                  
(LOW         ) IterTimerHook                      
(LOW         ) EvalHookUDA                        
(VERY_LOW    ) TextLoggerHook                     
 -------------------- 
before_train_iter:
(VERY_HIGH   ) PolyLrUpdaterHook                  
(LOW         ) IterTimerHook                      
(LOW         ) EvalHookUDA                        
 -------------------- 
after_train_iter:
(NORMAL      ) CheckpointHook                     
(LOW         ) IterTimerHook                      
(LOW         ) EvalHookUDA                        
(VERY_LOW    ) TextLoggerHook                     
 -------------------- 
after_train_epoch:
(NORMAL      ) CheckpointHook                     
(LOW         ) EvalHookUDA                        
(VERY_LOW    ) TextLoggerHook                     
 -------------------- 
before_val_epoch:
(NORMAL      ) NumClassCheckHook                  
(LOW         ) IterTimerHook                      
(VERY_LOW    ) TextLoggerHook                     
 -------------------- 
before_val_iter:
(LOW         ) IterTimerHook                      
 -------------------- 
after_val_iter:
(LOW         ) IterTimerHook                      
 -------------------- 
after_val_epoch:
(VERY_LOW    ) TextLoggerHook                     
 -------------------- 
after_run:
(VERY_LOW    ) TextLoggerHook                     
 -------------------- 
2023-08-13 20:21:29,933 - mmdet - INFO - workflow: [('train', 1)], max: 40000 iters
2023-08-13 20:21:29,934 - mmdet - INFO - Checkpoints will be saved to /scratch_net/biwidl202/ppolydorou/project_edaps/edaps/edaps_experiments/exp-00001/work_dirs/local-exp00001/230813_2020_syn2cs_dacs_rcs001_cpl_maskrcnn_mitb5_poly10warm_s0_e9d6b by HardDiskBackend.
2023-08-13 20:21:29,934 - mmdet - INFO - The best checkpoint will be saved to edaps_experiments/exp-00001/work_dirs/local-exp00001/230813_2020_syn2cs_dacs_rcs001_cpl_maskrcnn_mitb5_poly10warm_s0_e9d6b/panoptic_eval/panop_eval_13-08-2023_20-20-39-800319/visuals/230813_2020_syn2cs_dacs_rcs001_cpl_maskrcnn_mitb5_poly10warm_s0_e9d6b by HardDiskBackend
training with predefined config : configs/edaps/syn2cs_uda_warm_dfthings_rcs_croppl_a999_edaps_s0.py
Run job syn2cs_dacs_rcs001_cpl_maskrcnn_mitb5_poly10warm_s0
2023-08-13 20:23:29,531 - mmdet - INFO - Iter [20/40000]	lr: 7.597e-07, eta: 2 days, 16:58:17, time: 5.850, data_time: 0.260, memory: 9297, decode.loss_seg: 2.8129, decode.acc_seg: 5.4581, rpn.loss_rpn_cls: 0.6924, rpn.loss_rpn_bbox: 0.3348, roi.loss_cls: 2.1454, roi.acc: 19.2480, roi.loss_bbox: 0.0911, roi.loss_mask: 2.3533, src.loss_imnet_feat_dist: 0.0663, mix.decode.loss_seg: 1.5454, mix.decode.acc_seg: 12.2909
2023-08-13 20:25:16,219 - mmdet - INFO - Iter [40/40000]	lr: 1.559e-06, eta: 2 days, 14:04:31, time: 5.334, data_time: 0.016, memory: 9297, decode.loss_seg: 2.7702, decode.acc_seg: 10.9862, rpn.loss_rpn_cls: 0.6836, rpn.loss_rpn_bbox: 0.3115, roi.loss_cls: 0.9725, roi.acc: 82.2803, roi.loss_bbox: 0.1233, roi.loss_mask: 1.6744, src.loss_imnet_feat_dist: 0.0668, mix.decode.loss_seg: 1.4596, mix.decode.acc_seg: 15.2452
2023-08-13 20:27:03,745 - mmdet - INFO - Iter [60/40000]	lr: 2.357e-06, eta: 2 days, 13:14:43, time: 5.376, data_time: 0.017, memory: 9297, decode.loss_seg: 2.7175, decode.acc_seg: 22.0261, rpn.loss_rpn_cls: 0.6696, rpn.loss_rpn_bbox: 0.2901, roi.loss_cls: 0.6639, roi.acc: 84.8926, roi.loss_bbox: 0.1732, roi.loss_mask: 1.2561, src.loss_imnet_feat_dist: 0.0708, mix.decode.loss_seg: 1.3646, mix.decode.acc_seg: 19.8096
2023-08-13 20:28:50,011 - mmdet - INFO - Iter [80/40000]	lr: 3.154e-06, eta: 2 days, 12:38:25, time: 5.313, data_time: 0.016, memory: 9297, decode.loss_seg: 2.6223, decode.acc_seg: 35.4926, rpn.loss_rpn_cls: 0.6556, rpn.loss_rpn_bbox: 0.2999, roi.loss_cls: 0.6064, roi.acc: 82.4658, roi.loss_bbox: 0.2557, roi.loss_mask: 0.9715, src.loss_imnet_feat_dist: 0.0719, mix.decode.loss_seg: 1.5562, mix.decode.acc_seg: 29.7069
2023-08-13 20:30:36,599 - mmdet - INFO - Iter [100/40000]	lr: 3.950e-06, eta: 2 days, 12:18:05, time: 5.329, data_time: 0.016, memory: 9325, decode.loss_seg: 2.4573, decode.acc_seg: 49.1244, rpn.loss_rpn_cls: 0.6264, rpn.loss_rpn_bbox: 0.2657, roi.loss_cls: 0.5228, roi.acc: 84.3311, roi.loss_bbox: 0.2328, roi.loss_mask: 0.8532, src.loss_imnet_feat_dist: 0.0778, mix.decode.loss_seg: 1.3914, mix.decode.acc_seg: 40.5951
2023-08-13 20:32:24,239 - mmdet - INFO - Iter [120/40000]	lr: 4.746e-06, eta: 2 days, 12:09:46, time: 5.382, data_time: 0.016, memory: 9325, decode.loss_seg: 2.3323, decode.acc_seg: 56.8333, rpn.loss_rpn_cls: 0.5894, rpn.loss_rpn_bbox: 0.2655, roi.loss_cls: 0.5130, roi.acc: 84.1406, roi.loss_bbox: 0.2519, roi.loss_mask: 0.7738, src.loss_imnet_feat_dist: 0.0827, mix.decode.loss_seg: 1.2275, mix.decode.acc_seg: 49.0867
2023-08-13 20:34:11,046 - mmdet - INFO - Iter [140/40000]	lr: 5.541e-06, eta: 2 days, 11:59:21, time: 5.340, data_time: 0.016, memory: 9325, decode.loss_seg: 2.1269, decode.acc_seg: 56.4570, rpn.loss_rpn_cls: 0.5370, rpn.loss_rpn_bbox: 0.2514, roi.loss_cls: 0.5611, roi.acc: 83.2129, roi.loss_bbox: 0.3287, roi.loss_mask: 0.7303, src.loss_imnet_feat_dist: 0.0855, mix.decode.loss_seg: 1.0397, mix.decode.acc_seg: 53.7480
2023-08-13 20:35:59,063 - mmdet - INFO - Iter [160/40000]	lr: 6.335e-06, eta: 2 days, 11:56:08, time: 5.401, data_time: 0.016, memory: 9325, decode.loss_seg: 2.0052, decode.acc_seg: 61.4183, rpn.loss_rpn_cls: 0.4318, rpn.loss_rpn_bbox: 0.2368, roi.loss_cls: 0.5659, roi.acc: 82.0117, roi.loss_bbox: 0.4192, roi.loss_mask: 0.7024, src.loss_imnet_feat_dist: 0.0890, mix.decode.loss_seg: 1.0822, mix.decode.acc_seg: 57.9559
2023-08-13 20:37:46,107 - mmdet - INFO - Iter [180/40000]	lr: 7.128e-06, eta: 2 days, 11:49:38, time: 5.352, data_time: 0.017, memory: 9325, decode.loss_seg: 1.8370, decode.acc_seg: 61.0263, rpn.loss_rpn_cls: 0.3347, rpn.loss_rpn_bbox: 0.2407, roi.loss_cls: 0.5942, roi.acc: 79.2627, roi.loss_bbox: 0.4831, roi.loss_mask: 0.6846, src.loss_imnet_feat_dist: 0.0965, mix.decode.loss_seg: 0.9833, mix.decode.acc_seg: 59.7597
2023-08-13 20:39:36,101 - mmdet - INFO - Iter [200/40000]	lr: 7.920e-06, eta: 2 days, 11:53:51, time: 5.500, data_time: 0.017, memory: 9325, decode.loss_seg: 1.6652, decode.acc_seg: 65.3335, rpn.loss_rpn_cls: 0.2765, rpn.loss_rpn_bbox: 0.2412, roi.loss_cls: 0.6413, roi.acc: 77.9688, roi.loss_bbox: 0.5720, roi.loss_mask: 0.6626, src.loss_imnet_feat_dist: 0.0974, mix.decode.loss_seg: 0.7226, mix.decode.acc_seg: 63.7237
2023-08-13 20:41:28,031 - mmdet - INFO - Iter [220/40000]	lr: 8.712e-06, eta: 2 days, 12:02:49, time: 5.597, data_time: 0.018, memory: 9325, decode.loss_seg: 1.5775, decode.acc_seg: 65.1870, rpn.loss_rpn_cls: 0.2497, rpn.loss_rpn_bbox: 0.2303, roi.loss_cls: 0.7103, roi.acc: 75.5371, roi.loss_bbox: 0.6032, roi.loss_mask: 0.6529, src.loss_imnet_feat_dist: 0.1024, mix.decode.loss_seg: 0.7539, mix.decode.acc_seg: 62.4922
2023-08-13 20:43:18,378 - mmdet - INFO - Iter [240/40000]	lr: 9.503e-06, eta: 2 days, 12:05:36, time: 5.517, data_time: 0.017, memory: 9326, decode.loss_seg: 1.4316, decode.acc_seg: 68.6271, rpn.loss_rpn_cls: 0.2236, rpn.loss_rpn_bbox: 0.2569, roi.loss_cls: 0.7023, roi.acc: 75.1270, roi.loss_bbox: 0.6633, roi.loss_mask: 0.6389, src.loss_imnet_feat_dist: 0.1023, mix.decode.loss_seg: 0.6604, mix.decode.acc_seg: 64.7935
2023-08-13 20:45:05,846 - mmdet - INFO - Iter [260/40000]	lr: 1.029e-05, eta: 2 days, 12:00:20, time: 5.373, data_time: 0.017, memory: 9326, decode.loss_seg: 1.3053, decode.acc_seg: 70.0131, rpn.loss_rpn_cls: 0.2190, rpn.loss_rpn_bbox: 0.2033, roi.loss_cls: 0.6089, roi.acc: 78.7891, roi.loss_bbox: 0.6225, roi.loss_mask: 0.6206, src.loss_imnet_feat_dist: 0.1043, mix.decode.loss_seg: 0.6642, mix.decode.acc_seg: 64.9061
2023-08-13 20:46:54,227 - mmdet - INFO - Iter [280/40000]	lr: 1.108e-05, eta: 2 days, 11:57:44, time: 5.419, data_time: 0.016, memory: 9326, decode.loss_seg: 1.2784, decode.acc_seg: 71.1477, rpn.loss_rpn_cls: 0.1949, rpn.loss_rpn_bbox: 0.1919, roi.loss_cls: 0.6505, roi.acc: 77.5635, roi.loss_bbox: 0.6505, roi.loss_mask: 0.6195, src.loss_imnet_feat_dist: 0.1068, mix.decode.loss_seg: 0.6833, mix.decode.acc_seg: 63.7567
2023-08-13 20:48:42,117 - mmdet - INFO - Iter [300/40000]	lr: 1.187e-05, eta: 2 days, 11:54:09, time: 5.395, data_time: 0.017, memory: 9326, decode.loss_seg: 1.0796, decode.acc_seg: 73.4036, rpn.loss_rpn_cls: 0.1569, rpn.loss_rpn_bbox: 0.2005, roi.loss_cls: 0.6325, roi.acc: 77.0996, roi.loss_bbox: 0.6859, roi.loss_mask: 0.5978, src.loss_imnet_feat_dist: 0.1176, mix.decode.loss_seg: 0.5683, mix.decode.acc_seg: 67.1496
2023-08-13 20:50:29,980 - mmdet - INFO - Iter [320/40000]	lr: 1.266e-05, eta: 2 days, 11:50:44, time: 5.393, data_time: 0.017, memory: 9326, decode.loss_seg: 1.0835, decode.acc_seg: 71.8297, rpn.loss_rpn_cls: 0.1634, rpn.loss_rpn_bbox: 0.2050, roi.loss_cls: 0.6410, roi.acc: 77.2705, roi.loss_bbox: 0.7114, roi.loss_mask: 0.5882, src.loss_imnet_feat_dist: 0.1260, mix.decode.loss_seg: 0.5615, mix.decode.acc_seg: 67.8222
2023-08-13 20:52:18,433 - mmdet - INFO - Iter [340/40000]	lr: 1.345e-05, eta: 2 days, 11:48:39, time: 5.423, data_time: 0.017, memory: 9326, decode.loss_seg: 0.9718, decode.acc_seg: 72.9062, rpn.loss_rpn_cls: 0.1778, rpn.loss_rpn_bbox: 0.2138, roi.loss_cls: 0.6539, roi.acc: 76.8799, roi.loss_bbox: 0.6832, roi.loss_mask: 0.5848, src.loss_imnet_feat_dist: 0.1169, mix.decode.loss_seg: 0.5510, mix.decode.acc_seg: 64.6244
2023-08-13 20:54:06,297 - mmdet - INFO - Iter [360/40000]	lr: 1.423e-05, eta: 2 days, 11:45:32, time: 5.393, data_time: 0.017, memory: 9326, decode.loss_seg: 0.9696, decode.acc_seg: 73.9135, rpn.loss_rpn_cls: 0.1576, rpn.loss_rpn_bbox: 0.2040, roi.loss_cls: 0.5813, roi.acc: 78.4326, roi.loss_bbox: 0.7164, roi.loss_mask: 0.5648, src.loss_imnet_feat_dist: 0.1306, mix.decode.loss_seg: 0.4281, mix.decode.acc_seg: 72.7279
2023-08-13 20:55:53,903 - mmdet - INFO - Iter [380/40000]	lr: 1.502e-05, eta: 2 days, 11:42:05, time: 5.380, data_time: 0.017, memory: 9326, decode.loss_seg: 0.8983, decode.acc_seg: 74.6578, rpn.loss_rpn_cls: 0.1564, rpn.loss_rpn_bbox: 0.2147, roi.loss_cls: 0.5808, roi.acc: 77.9346, roi.loss_bbox: 0.7018, roi.loss_mask: 0.5555, src.loss_imnet_feat_dist: 0.1272, mix.decode.loss_seg: 0.4659, mix.decode.acc_seg: 70.0023
2023-08-13 20:57:42,698 - mmdet - INFO - Iter [400/40000]	lr: 1.580e-05, eta: 2 days, 11:40:47, time: 5.440, data_time: 0.017, memory: 9326, decode.loss_seg: 0.9218, decode.acc_seg: 73.1164, rpn.loss_rpn_cls: 0.1849, rpn.loss_rpn_bbox: 0.2088, roi.loss_cls: 0.5960, roi.acc: 78.9062, roi.loss_bbox: 0.6972, roi.loss_mask: 0.5683, src.loss_imnet_feat_dist: 0.1277, mix.decode.loss_seg: 0.4899, mix.decode.acc_seg: 67.1240
2023-08-13 20:59:29,876 - mmdet - INFO - Iter [420/40000]	lr: 1.658e-05, eta: 2 days, 11:36:53, time: 5.359, data_time: 0.017, memory: 9326, decode.loss_seg: 0.8349, decode.acc_seg: 76.3851, rpn.loss_rpn_cls: 0.1889, rpn.loss_rpn_bbox: 0.1825, roi.loss_cls: 0.5786, roi.acc: 79.1699, roi.loss_bbox: 0.6751, roi.loss_mask: 0.5696, src.loss_imnet_feat_dist: 0.1347, mix.decode.loss_seg: 0.4635, mix.decode.acc_seg: 67.8153
2023-08-13 21:01:18,477 - mmdet - INFO - Iter [440/40000]	lr: 1.737e-05, eta: 2 days, 11:35:18, time: 5.430, data_time: 0.017, memory: 9326, decode.loss_seg: 0.8115, decode.acc_seg: 72.8772, rpn.loss_rpn_cls: 0.1592, rpn.loss_rpn_bbox: 0.1927, roi.loss_cls: 0.5706, roi.acc: 79.6973, roi.loss_bbox: 0.6634, roi.loss_mask: 0.5424, src.loss_imnet_feat_dist: 0.1351, mix.decode.loss_seg: 0.4153, mix.decode.acc_seg: 67.7712
2023-08-13 21:03:06,030 - mmdet - INFO - Iter [460/40000]	lr: 1.815e-05, eta: 2 days, 11:32:13, time: 5.378, data_time: 0.017, memory: 9326, decode.loss_seg: 0.7077, decode.acc_seg: 78.7816, rpn.loss_rpn_cls: 0.1453, rpn.loss_rpn_bbox: 0.2121, roi.loss_cls: 0.5390, roi.acc: 79.3945, roi.loss_bbox: 0.7034, roi.loss_mask: 0.5339, src.loss_imnet_feat_dist: 0.1365, mix.decode.loss_seg: 0.3382, mix.decode.acc_seg: 68.6947
2023-08-13 21:04:53,705 - mmdet - INFO - Iter [480/40000]	lr: 1.893e-05, eta: 2 days, 11:29:23, time: 5.384, data_time: 0.017, memory: 9326, decode.loss_seg: 0.7541, decode.acc_seg: 76.7271, rpn.loss_rpn_cls: 0.1357, rpn.loss_rpn_bbox: 0.1977, roi.loss_cls: 0.5563, roi.acc: 79.3359, roi.loss_bbox: 0.6668, roi.loss_mask: 0.5275, src.loss_imnet_feat_dist: 0.1257, mix.decode.loss_seg: 0.4102, mix.decode.acc_seg: 67.7489
2023-08-13 21:06:42,447 - mmdet - INFO - Iter [500/40000]	lr: 1.971e-05, eta: 2 days, 11:28:03, time: 5.437, data_time: 0.017, memory: 9326, decode.loss_seg: 0.6976, decode.acc_seg: 75.8976, rpn.loss_rpn_cls: 0.1415, rpn.loss_rpn_bbox: 0.1966, roi.loss_cls: 0.5615, roi.acc: 79.5361, roi.loss_bbox: 0.6573, roi.loss_mask: 0.5327, src.loss_imnet_feat_dist: 0.1374, mix.decode.loss_seg: 0.3677, mix.decode.acc_seg: 69.1402
2023-08-13 21:08:30,312 - mmdet - INFO - Iter [520/40000]	lr: 2.049e-05, eta: 2 days, 11:25:34, time: 5.393, data_time: 0.017, memory: 9326, decode.loss_seg: 0.6656, decode.acc_seg: 78.1274, rpn.loss_rpn_cls: 0.1496, rpn.loss_rpn_bbox: 0.1923, roi.loss_cls: 0.5542, roi.acc: 79.9561, roi.loss_bbox: 0.6493, roi.loss_mask: 0.5229, src.loss_imnet_feat_dist: 0.1344, mix.decode.loss_seg: 0.3985, mix.decode.acc_seg: 69.4441
2023-08-13 21:10:19,997 - mmdet - INFO - Iter [540/40000]	lr: 2.127e-05, eta: 2 days, 11:25:22, time: 5.484, data_time: 0.017, memory: 9326, decode.loss_seg: 0.6579, decode.acc_seg: 76.8628, rpn.loss_rpn_cls: 0.1637, rpn.loss_rpn_bbox: 0.2052, roi.loss_cls: 0.5509, roi.acc: 79.0967, roi.loss_bbox: 0.6353, roi.loss_mask: 0.5282, src.loss_imnet_feat_dist: 0.1339, mix.decode.loss_seg: 0.3657, mix.decode.acc_seg: 69.2194
2023-08-13 21:12:12,288 - mmdet - INFO - Iter [560/40000]	lr: 2.205e-05, eta: 2 days, 11:28:06, time: 5.615, data_time: 0.019, memory: 9326, decode.loss_seg: 0.7471, decode.acc_seg: 74.6102, rpn.loss_rpn_cls: 0.1860, rpn.loss_rpn_bbox: 0.2145, roi.loss_cls: 0.5965, roi.acc: 78.1934, roi.loss_bbox: 0.6737, roi.loss_mask: 0.5324, src.loss_imnet_feat_dist: 0.1466, mix.decode.loss_seg: 0.3996, mix.decode.acc_seg: 67.7542
2023-08-13 21:14:02,579 - mmdet - INFO - Iter [580/40000]	lr: 2.282e-05, eta: 2 days, 11:28:15, time: 5.515, data_time: 0.018, memory: 9326, decode.loss_seg: 0.6470, decode.acc_seg: 78.5873, rpn.loss_rpn_cls: 0.1416, rpn.loss_rpn_bbox: 0.1894, roi.loss_cls: 0.5435, roi.acc: 79.9072, roi.loss_bbox: 0.6454, roi.loss_mask: 0.5281, src.loss_imnet_feat_dist: 0.1338, mix.decode.loss_seg: 0.3554, mix.decode.acc_seg: 70.6593
2023-08-13 21:15:51,416 - mmdet - INFO - Iter [600/40000]	lr: 2.360e-05, eta: 2 days, 11:26:40, time: 5.442, data_time: 0.018, memory: 9326, decode.loss_seg: 0.5066, decode.acc_seg: 81.4467, rpn.loss_rpn_cls: 0.1091, rpn.loss_rpn_bbox: 0.1955, roi.loss_cls: 0.4881, roi.acc: 81.6895, roi.loss_bbox: 0.6484, roi.loss_mask: 0.5238, src.loss_imnet_feat_dist: 0.1465, mix.decode.loss_seg: 0.2591, mix.decode.acc_seg: 74.0550
2023-08-13 21:17:38,876 - mmdet - INFO - Iter [620/40000]	lr: 2.438e-05, eta: 2 days, 11:23:37, time: 5.373, data_time: 0.017, memory: 9326, decode.loss_seg: 0.5843, decode.acc_seg: 81.1404, rpn.loss_rpn_cls: 0.1557, rpn.loss_rpn_bbox: 0.2147, roi.loss_cls: 0.4977, roi.acc: 81.5723, roi.loss_bbox: 0.5955, roi.loss_mask: 0.5055, src.loss_imnet_feat_dist: 0.1298, mix.decode.loss_seg: 0.3124, mix.decode.acc_seg: 71.5197
2023-08-13 21:19:26,180 - mmdet - INFO - Iter [640/40000]	lr: 2.515e-05, eta: 2 days, 11:20:29, time: 5.365, data_time: 0.018, memory: 9326, decode.loss_seg: 0.5639, decode.acc_seg: 78.8513, rpn.loss_rpn_cls: 0.1269, rpn.loss_rpn_bbox: 0.1787, roi.loss_cls: 0.4837, roi.acc: 81.8604, roi.loss_bbox: 0.6334, roi.loss_mask: 0.5120, src.loss_imnet_feat_dist: 0.1387, mix.decode.loss_seg: 0.2769, mix.decode.acc_seg: 72.5171
2023-08-13 21:21:14,776 - mmdet - INFO - Iter [660/40000]	lr: 2.593e-05, eta: 2 days, 11:18:43, time: 5.430, data_time: 0.017, memory: 9326, decode.loss_seg: 0.5486, decode.acc_seg: 80.2944, rpn.loss_rpn_cls: 0.1430, rpn.loss_rpn_bbox: 0.1810, roi.loss_cls: 0.4781, roi.acc: 81.7773, roi.loss_bbox: 0.6365, roi.loss_mask: 0.5075, src.loss_imnet_feat_dist: 0.1349, mix.decode.loss_seg: 0.3511, mix.decode.acc_seg: 69.9476
2023-08-13 21:23:02,389 - mmdet - INFO - Iter [680/40000]	lr: 2.670e-05, eta: 2 days, 11:16:01, time: 5.381, data_time: 0.018, memory: 9326, decode.loss_seg: 0.5895, decode.acc_seg: 79.4143, rpn.loss_rpn_cls: 0.1279, rpn.loss_rpn_bbox: 0.2062, roi.loss_cls: 0.5159, roi.acc: 81.3037, roi.loss_bbox: 0.6490, roi.loss_mask: 0.5044, src.loss_imnet_feat_dist: 0.1416, mix.decode.loss_seg: 0.2960, mix.decode.acc_seg: 71.9360
2023-08-13 21:24:50,143 - mmdet - INFO - Iter [700/40000]	lr: 2.747e-05, eta: 2 days, 11:13:29, time: 5.388, data_time: 0.017, memory: 9326, decode.loss_seg: 0.4879, decode.acc_seg: 81.7370, rpn.loss_rpn_cls: 0.1204, rpn.loss_rpn_bbox: 0.1927, roi.loss_cls: 0.4649, roi.acc: 82.4170, roi.loss_bbox: 0.6270, roi.loss_mask: 0.4937, src.loss_imnet_feat_dist: 0.1416, mix.decode.loss_seg: 0.2658, mix.decode.acc_seg: 74.1888
2023-08-13 21:26:38,990 - mmdet - INFO - Iter [720/40000]	lr: 2.824e-05, eta: 2 days, 11:11:59, time: 5.442, data_time: 0.018, memory: 9326, decode.loss_seg: 0.4850, decode.acc_seg: 80.8140, rpn.loss_rpn_cls: 0.1284, rpn.loss_rpn_bbox: 0.1889, roi.loss_cls: 0.4832, roi.acc: 82.4658, roi.loss_bbox: 0.6301, roi.loss_mask: 0.4664, src.loss_imnet_feat_dist: 0.1376, mix.decode.loss_seg: 0.2774, mix.decode.acc_seg: 68.9152
2023-08-13 21:28:26,518 - mmdet - INFO - Iter [740/40000]	lr: 2.901e-05, eta: 2 days, 11:09:18, time: 5.376, data_time: 0.017, memory: 9326, decode.loss_seg: 0.4506, decode.acc_seg: 82.1132, rpn.loss_rpn_cls: 0.1159, rpn.loss_rpn_bbox: 0.1705, roi.loss_cls: 0.4771, roi.acc: 82.2461, roi.loss_bbox: 0.6396, roi.loss_mask: 0.4703, src.loss_imnet_feat_dist: 0.1298, mix.decode.loss_seg: 0.2110, mix.decode.acc_seg: 73.5687
2023-08-13 21:30:13,948 - mmdet - INFO - Iter [760/40000]	lr: 2.978e-05, eta: 2 days, 11:06:35, time: 5.371, data_time: 0.018, memory: 9326, decode.loss_seg: 0.4673, decode.acc_seg: 83.4285, rpn.loss_rpn_cls: 0.1163, rpn.loss_rpn_bbox: 0.1918, roi.loss_cls: 0.4943, roi.acc: 81.7432, roi.loss_bbox: 0.6432, roi.loss_mask: 0.4885, src.loss_imnet_feat_dist: 0.1433, mix.decode.loss_seg: 0.2650, mix.decode.acc_seg: 73.3240
2023-08-13 21:32:02,349 - mmdet - INFO - Iter [780/40000]	lr: 3.055e-05, eta: 2 days, 11:04:44, time: 5.420, data_time: 0.017, memory: 9326, decode.loss_seg: 0.4036, decode.acc_seg: 84.0166, rpn.loss_rpn_cls: 0.1010, rpn.loss_rpn_bbox: 0.1706, roi.loss_cls: 0.4703, roi.acc: 81.7627, roi.loss_bbox: 0.6331, roi.loss_mask: 0.4716, src.loss_imnet_feat_dist: 0.1487, mix.decode.loss_seg: 0.2051, mix.decode.acc_seg: 75.2139
2023-08-13 21:33:49,711 - mmdet - INFO - Iter [800/40000]	lr: 3.132e-05, eta: 2 days, 11:02:02, time: 5.368, data_time: 0.017, memory: 9326, decode.loss_seg: 0.4341, decode.acc_seg: 79.3823, rpn.loss_rpn_cls: 0.1187, rpn.loss_rpn_bbox: 0.1951, roi.loss_cls: 0.4796, roi.acc: 81.7920, roi.loss_bbox: 0.6252, roi.loss_mask: 0.4762, src.loss_imnet_feat_dist: 0.1493, mix.decode.loss_seg: 0.2479, mix.decode.acc_seg: 71.2166
2023-08-13 21:35:36,964 - mmdet - INFO - Iter [820/40000]	lr: 3.209e-05, eta: 2 days, 10:59:17, time: 5.363, data_time: 0.017, memory: 9326, decode.loss_seg: 0.4197, decode.acc_seg: 83.4377, rpn.loss_rpn_cls: 0.1282, rpn.loss_rpn_bbox: 0.1866, roi.loss_cls: 0.4572, roi.acc: 82.9443, roi.loss_bbox: 0.6448, roi.loss_mask: 0.4615, src.loss_imnet_feat_dist: 0.1558, mix.decode.loss_seg: 0.2404, mix.decode.acc_seg: 74.6352
2023-08-13 21:37:25,484 - mmdet - INFO - Iter [840/40000]	lr: 3.286e-05, eta: 2 days, 10:57:34, time: 5.426, data_time: 0.017, memory: 9326, decode.loss_seg: 0.4612, decode.acc_seg: 82.2162, rpn.loss_rpn_cls: 0.1102, rpn.loss_rpn_bbox: 0.1837, roi.loss_cls: 0.5137, roi.acc: 80.8838, roi.loss_bbox: 0.6155, roi.loss_mask: 0.4753, src.loss_imnet_feat_dist: 0.1380, mix.decode.loss_seg: 0.2859, mix.decode.acc_seg: 71.2749
2023-08-13 21:39:13,065 - mmdet - INFO - Iter [860/40000]	lr: 3.362e-05, eta: 2 days, 10:55:08, time: 5.379, data_time: 0.017, memory: 9326, decode.loss_seg: 0.5168, decode.acc_seg: 80.5869, rpn.loss_rpn_cls: 0.1119, rpn.loss_rpn_bbox: 0.2207, roi.loss_cls: 0.5145, roi.acc: 80.5420, roi.loss_bbox: 0.6418, roi.loss_mask: 0.4735, src.loss_imnet_feat_dist: 0.1455, mix.decode.loss_seg: 0.2859, mix.decode.acc_seg: 68.3587
2023-08-13 21:41:01,765 - mmdet - INFO - Iter [880/40000]	lr: 3.439e-05, eta: 2 days, 10:53:34, time: 5.435, data_time: 0.017, memory: 9326, decode.loss_seg: 0.5376, decode.acc_seg: 79.2333, rpn.loss_rpn_cls: 0.1163, rpn.loss_rpn_bbox: 0.1856, roi.loss_cls: 0.4753, roi.acc: 82.0850, roi.loss_bbox: 0.5892, roi.loss_mask: 0.4748, src.loss_imnet_feat_dist: 0.1403, mix.decode.loss_seg: 0.2733, mix.decode.acc_seg: 72.2375
2023-08-13 21:42:53,640 - mmdet - INFO - Iter [900/40000]	lr: 3.515e-05, eta: 2 days, 10:54:17, time: 5.594, data_time: 0.018, memory: 9326, decode.loss_seg: 0.4486, decode.acc_seg: 81.5864, rpn.loss_rpn_cls: 0.1087, rpn.loss_rpn_bbox: 0.1768, roi.loss_cls: 0.4473, roi.acc: 83.5449, roi.loss_bbox: 0.5781, roi.loss_mask: 0.4674, src.loss_imnet_feat_dist: 0.1365, mix.decode.loss_seg: 0.2699, mix.decode.acc_seg: 72.5869
2023-08-13 21:44:44,161 - mmdet - INFO - Iter [920/40000]	lr: 3.592e-05, eta: 2 days, 10:53:55, time: 5.526, data_time: 0.018, memory: 9326, decode.loss_seg: 0.4178, decode.acc_seg: 84.3419, rpn.loss_rpn_cls: 0.1003, rpn.loss_rpn_bbox: 0.1643, roi.loss_cls: 0.4592, roi.acc: 82.8418, roi.loss_bbox: 0.5903, roi.loss_mask: 0.4463, src.loss_imnet_feat_dist: 0.1495, mix.decode.loss_seg: 0.2189, mix.decode.acc_seg: 72.3933
2023-08-13 21:46:32,751 - mmdet - INFO - Iter [940/40000]	lr: 3.668e-05, eta: 2 days, 10:52:10, time: 5.430, data_time: 0.017, memory: 9326, decode.loss_seg: 0.3598, decode.acc_seg: 84.6744, rpn.loss_rpn_cls: 0.1024, rpn.loss_rpn_bbox: 0.1594, roi.loss_cls: 0.4425, roi.acc: 83.6865, roi.loss_bbox: 0.5907, roi.loss_mask: 0.4412, src.loss_imnet_feat_dist: 0.1447, mix.decode.loss_seg: 0.2104, mix.decode.acc_seg: 72.9224
2023-08-13 21:48:20,166 - mmdet - INFO - Iter [960/40000]	lr: 3.744e-05, eta: 2 days, 10:49:37, time: 5.371, data_time: 0.018, memory: 9326, decode.loss_seg: 0.3537, decode.acc_seg: 83.6254, rpn.loss_rpn_cls: 0.1034, rpn.loss_rpn_bbox: 0.1646, roi.loss_cls: 0.4398, roi.acc: 83.2422, roi.loss_bbox: 0.5768, roi.loss_mask: 0.4620, src.loss_imnet_feat_dist: 0.1476, mix.decode.loss_seg: 0.2186, mix.decode.acc_seg: 73.7660
2023-08-13 21:50:07,588 - mmdet - INFO - Iter [980/40000]	lr: 3.820e-05, eta: 2 days, 10:47:06, time: 5.371, data_time: 0.017, memory: 9326, decode.loss_seg: 0.3608, decode.acc_seg: 84.7641, rpn.loss_rpn_cls: 0.0966, rpn.loss_rpn_bbox: 0.1642, roi.loss_cls: 0.4232, roi.acc: 84.1504, roi.loss_bbox: 0.5618, roi.loss_mask: 0.4400, src.loss_imnet_feat_dist: 0.1408, mix.decode.loss_seg: 0.2669, mix.decode.acc_seg: 73.7549
2023-08-13 21:51:56,195 - mmdet - INFO - Exp name: 230813_2020_syn2cs_dacs_rcs001_cpl_maskrcnn_mitb5_poly10warm_s0_e9d6b
2023-08-13 21:51:56,195 - mmdet - INFO - Iter [1000/40000]	lr: 3.896e-05, eta: 2 days, 10:45:23, time: 5.430, data_time: 0.017, memory: 9326, decode.loss_seg: 0.3646, decode.acc_seg: 84.1225, rpn.loss_rpn_cls: 0.0880, rpn.loss_rpn_bbox: 0.1628, roi.loss_cls: 0.4363, roi.acc: 83.3350, roi.loss_bbox: 0.6030, roi.loss_mask: 0.4328, src.loss_imnet_feat_dist: 0.1405, mix.decode.loss_seg: 0.1908, mix.decode.acc_seg: 75.7238
2023-08-13 21:53:45,683 - mmdet - INFO - Iter [1020/40000]	lr: 3.972e-05, eta: 2 days, 10:44:13, time: 5.474, data_time: 0.017, memory: 9326, decode.loss_seg: 0.3465, decode.acc_seg: 82.9694, rpn.loss_rpn_cls: 0.1222, rpn.loss_rpn_bbox: 0.1703, roi.loss_cls: 0.4528, roi.acc: 82.7002, roi.loss_bbox: 0.6165, roi.loss_mask: 0.4405, src.loss_imnet_feat_dist: 0.1327, mix.decode.loss_seg: 0.1763, mix.decode.acc_seg: 72.6660
2023-08-13 21:55:33,250 - mmdet - INFO - Iter [1040/40000]	lr: 4.048e-05, eta: 2 days, 10:41:50, time: 5.378, data_time: 0.017, memory: 9326, decode.loss_seg: 0.3703, decode.acc_seg: 83.9974, rpn.loss_rpn_cls: 0.1281, rpn.loss_rpn_bbox: 0.1917, roi.loss_cls: 0.4670, roi.acc: 83.1445, roi.loss_bbox: 0.6012, roi.loss_mask: 0.4394, src.loss_imnet_feat_dist: 0.1353, mix.decode.loss_seg: 0.2248, mix.decode.acc_seg: 76.9310
2023-08-13 21:57:21,637 - mmdet - INFO - Iter [1060/40000]	lr: 4.124e-05, eta: 2 days, 10:39:58, time: 5.419, data_time: 0.016, memory: 9326, decode.loss_seg: 0.3768, decode.acc_seg: 83.0925, rpn.loss_rpn_cls: 0.1316, rpn.loss_rpn_bbox: 0.1856, roi.loss_cls: 0.4428, roi.acc: 83.1738, roi.loss_bbox: 0.5507, roi.loss_mask: 0.4457, src.loss_imnet_feat_dist: 0.1379, mix.decode.loss_seg: 0.1985, mix.decode.acc_seg: 74.2762
2023-08-13 21:59:08,732 - mmdet - INFO - Iter [1080/40000]	lr: 4.200e-05, eta: 2 days, 10:37:20, time: 5.355, data_time: 0.017, memory: 9326, decode.loss_seg: 0.3542, decode.acc_seg: 83.5809, rpn.loss_rpn_cls: 0.1375, rpn.loss_rpn_bbox: 0.1880, roi.loss_cls: 0.4525, roi.acc: 83.0273, roi.loss_bbox: 0.6205, roi.loss_mask: 0.4308, src.loss_imnet_feat_dist: 0.1429, mix.decode.loss_seg: 0.1998, mix.decode.acc_seg: 69.8021
2023-08-13 22:00:56,526 - mmdet - INFO - Iter [1100/40000]	lr: 4.275e-05, eta: 2 days, 10:35:08, time: 5.390, data_time: 0.017, memory: 9326, decode.loss_seg: 0.3313, decode.acc_seg: 85.1157, rpn.loss_rpn_cls: 0.1215, rpn.loss_rpn_bbox: 0.1849, roi.loss_cls: 0.4410, roi.acc: 83.5449, roi.loss_bbox: 0.5943, roi.loss_mask: 0.4375, src.loss_imnet_feat_dist: 0.1460, mix.decode.loss_seg: 0.1895, mix.decode.acc_seg: 71.8911
2023-08-13 22:02:43,869 - mmdet - INFO - Iter [1120/40000]	lr: 4.351e-05, eta: 2 days, 10:32:42, time: 5.367, data_time: 0.017, memory: 9326, decode.loss_seg: 0.3805, decode.acc_seg: 83.3129, rpn.loss_rpn_cls: 0.1112, rpn.loss_rpn_bbox: 0.1663, roi.loss_cls: 0.4450, roi.acc: 83.0713, roi.loss_bbox: 0.5904, roi.loss_mask: 0.4205, src.loss_imnet_feat_dist: 0.1441, mix.decode.loss_seg: 0.2626, mix.decode.acc_seg: 71.0423
2023-08-13 22:04:31,251 - mmdet - INFO - Iter [1140/40000]	lr: 4.426e-05, eta: 2 days, 10:30:18, time: 5.369, data_time: 0.016, memory: 9326, decode.loss_seg: 0.3662, decode.acc_seg: 82.7381, rpn.loss_rpn_cls: 0.1155, rpn.loss_rpn_bbox: 0.1781, roi.loss_cls: 0.4419, roi.acc: 83.2275, roi.loss_bbox: 0.5728, roi.loss_mask: 0.4402, src.loss_imnet_feat_dist: 0.1347, mix.decode.loss_seg: 0.1909, mix.decode.acc_seg: 72.7594
2023-08-13 22:06:19,772 - mmdet - INFO - Iter [1160/40000]	lr: 4.502e-05, eta: 2 days, 10:28:34, time: 5.426, data_time: 0.017, memory: 9326, decode.loss_seg: 0.3768, decode.acc_seg: 84.6430, rpn.loss_rpn_cls: 0.1008, rpn.loss_rpn_bbox: 0.1643, roi.loss_cls: 0.4612, roi.acc: 83.1006, roi.loss_bbox: 0.5669, roi.loss_mask: 0.4341, src.loss_imnet_feat_dist: 0.1504, mix.decode.loss_seg: 0.2543, mix.decode.acc_seg: 72.0550
2023-08-13 22:08:07,316 - mmdet - INFO - Iter [1180/40000]	lr: 4.577e-05, eta: 2 days, 10:26:17, time: 5.377, data_time: 0.017, memory: 9326, decode.loss_seg: 0.3910, decode.acc_seg: 84.5212, rpn.loss_rpn_cls: 0.1194, rpn.loss_rpn_bbox: 0.1995, roi.loss_cls: 0.4569, roi.acc: 82.9248, roi.loss_bbox: 0.6114, roi.loss_mask: 0.4328, src.loss_imnet_feat_dist: 0.1532, mix.decode.loss_seg: 0.1577, mix.decode.acc_seg: 73.1603
2023-08-13 22:09:54,368 - mmdet - INFO - Iter [1200/40000]	lr: 4.652e-05, eta: 2 days, 10:23:46, time: 5.353, data_time: 0.017, memory: 9326, decode.loss_seg: 0.3524, decode.acc_seg: 83.4165, rpn.loss_rpn_cls: 0.1045, rpn.loss_rpn_bbox: 0.1779, roi.loss_cls: 0.4461, roi.acc: 83.2959, roi.loss_bbox: 0.5880, roi.loss_mask: 0.4339, src.loss_imnet_feat_dist: 0.1439, mix.decode.loss_seg: 0.2028, mix.decode.acc_seg: 74.6472
2023-08-13 22:11:43,407 - mmdet - INFO - Iter [1220/40000]	lr: 4.727e-05, eta: 2 days, 10:22:19, time: 5.452, data_time: 0.017, memory: 9326, decode.loss_seg: 0.3418, decode.acc_seg: 84.3403, rpn.loss_rpn_cls: 0.1006, rpn.loss_rpn_bbox: 0.1770, roi.loss_cls: 0.4369, roi.acc: 83.8330, roi.loss_bbox: 0.5779, roi.loss_mask: 0.4256, src.loss_imnet_feat_dist: 0.1437, mix.decode.loss_seg: 0.2389, mix.decode.acc_seg: 71.5531
2023-08-13 22:13:34,113 - mmdet - INFO - Iter [1240/40000]	lr: 4.802e-05, eta: 2 days, 10:21:43, time: 5.535, data_time: 0.018, memory: 9326, decode.loss_seg: 0.3300, decode.acc_seg: 84.1840, rpn.loss_rpn_cls: 0.1028, rpn.loss_rpn_bbox: 0.1693, roi.loss_cls: 0.4501, roi.acc: 83.3594, roi.loss_bbox: 0.6025, roi.loss_mask: 0.4368, src.loss_imnet_feat_dist: 0.1411, mix.decode.loss_seg: 0.1784, mix.decode.acc_seg: 75.1195
2023-08-13 22:15:26,073 - mmdet - INFO - Iter [1260/40000]	lr: 4.877e-05, eta: 2 days, 10:21:44, time: 5.598, data_time: 0.018, memory: 9326, decode.loss_seg: 0.3239, decode.acc_seg: 85.9446, rpn.loss_rpn_cls: 0.0970, rpn.loss_rpn_bbox: 0.1690, roi.loss_cls: 0.4396, roi.acc: 83.9990, roi.loss_bbox: 0.5654, roi.loss_mask: 0.4322, src.loss_imnet_feat_dist: 0.1421, mix.decode.loss_seg: 0.2549, mix.decode.acc_seg: 75.2026
2023-08-13 22:17:13,612 - mmdet - INFO - Iter [1280/40000]	lr: 4.952e-05, eta: 2 days, 10:19:27, time: 5.377, data_time: 0.017, memory: 9326, decode.loss_seg: 0.3113, decode.acc_seg: 86.4030, rpn.loss_rpn_cls: 0.1448, rpn.loss_rpn_bbox: 0.1736, roi.loss_cls: 0.4167, roi.acc: 84.5459, roi.loss_bbox: 0.5750, roi.loss_mask: 0.4250, src.loss_imnet_feat_dist: 0.1482, mix.decode.loss_seg: 0.1670, mix.decode.acc_seg: 73.6762
2023-08-13 22:19:00,720 - mmdet - INFO - Iter [1300/40000]	lr: 5.027e-05, eta: 2 days, 10:16:59, time: 5.355, data_time: 0.017, memory: 9326, decode.loss_seg: 0.3589, decode.acc_seg: 84.4531, rpn.loss_rpn_cls: 0.1198, rpn.loss_rpn_bbox: 0.1865, roi.loss_cls: 0.4387, roi.acc: 83.4619, roi.loss_bbox: 0.5872, roi.loss_mask: 0.4251, src.loss_imnet_feat_dist: 0.1485, mix.decode.loss_seg: 0.2794, mix.decode.acc_seg: 73.2974
2023-08-13 22:20:48,283 - mmdet - INFO - Iter [1320/40000]	lr: 5.102e-05, eta: 2 days, 10:14:45, time: 5.378, data_time: 0.017, memory: 9326, decode.loss_seg: 0.3821, decode.acc_seg: 82.5212, rpn.loss_rpn_cls: 0.1212, rpn.loss_rpn_bbox: 0.1838, roi.loss_cls: 0.4224, roi.acc: 84.5361, roi.loss_bbox: 0.5680, roi.loss_mask: 0.4300, src.loss_imnet_feat_dist: 0.1520, mix.decode.loss_seg: 0.2700, mix.decode.acc_seg: 71.8842
2023-08-13 22:22:35,889 - mmdet - INFO - Iter [1340/40000]	lr: 5.177e-05, eta: 2 days, 10:12:33, time: 5.380, data_time: 0.017, memory: 9326, decode.loss_seg: 0.3424, decode.acc_seg: 85.6103, rpn.loss_rpn_cls: 0.0996, rpn.loss_rpn_bbox: 0.1806, roi.loss_cls: 0.4407, roi.acc: 83.6963, roi.loss_bbox: 0.5628, roi.loss_mask: 0.4106, src.loss_imnet_feat_dist: 0.1357, mix.decode.loss_seg: 0.2380, mix.decode.acc_seg: 75.0040
2023-08-13 22:24:23,294 - mmdet - INFO - Iter [1360/40000]	lr: 5.251e-05, eta: 2 days, 10:10:16, time: 5.370, data_time: 0.017, memory: 9326, decode.loss_seg: 0.3243, decode.acc_seg: 85.4329, rpn.loss_rpn_cls: 0.1124, rpn.loss_rpn_bbox: 0.1884, roi.loss_cls: 0.4340, roi.acc: 84.1602, roi.loss_bbox: 0.5663, roi.loss_mask: 0.4283, src.loss_imnet_feat_dist: 0.1453, mix.decode.loss_seg: 0.2207, mix.decode.acc_seg: 74.8171
2023-08-13 22:26:12,037 - mmdet - INFO - Iter [1380/40000]	lr: 5.326e-05, eta: 2 days, 10:08:37, time: 5.437, data_time: 0.017, memory: 9326, decode.loss_seg: 0.3238, decode.acc_seg: 85.3710, rpn.loss_rpn_cls: 0.1154, rpn.loss_rpn_bbox: 0.1820, roi.loss_cls: 0.3945, roi.acc: 84.9121, roi.loss_bbox: 0.5324, roi.loss_mask: 0.4236, src.loss_imnet_feat_dist: 0.1401, mix.decode.loss_seg: 0.2598, mix.decode.acc_seg: 75.4362
2023-08-13 22:27:58,990 - mmdet - INFO - Iter [1400/40000]	lr: 5.400e-05, eta: 2 days, 10:06:09, time: 5.348, data_time: 0.017, memory: 9326, decode.loss_seg: 0.3180, decode.acc_seg: 85.2905, rpn.loss_rpn_cls: 0.1150, rpn.loss_rpn_bbox: 0.1880, roi.loss_cls: 0.4101, roi.acc: 84.7070, roi.loss_bbox: 0.5431, roi.loss_mask: 0.4145, src.loss_imnet_feat_dist: 0.1492, mix.decode.loss_seg: 0.2400, mix.decode.acc_seg: 74.6875
2023-08-13 22:29:46,203 - mmdet - INFO - Iter [1420/40000]	lr: 5.475e-05, eta: 2 days, 10:03:49, time: 5.361, data_time: 0.017, memory: 9326, decode.loss_seg: 0.2983, decode.acc_seg: 85.4715, rpn.loss_rpn_cls: 0.1005, rpn.loss_rpn_bbox: 0.1619, roi.loss_cls: 0.4058, roi.acc: 84.0186, roi.loss_bbox: 0.5889, roi.loss_mask: 0.3948, src.loss_imnet_feat_dist: 0.1462, mix.decode.loss_seg: 0.1967, mix.decode.acc_seg: 76.3239
2023-08-13 22:31:33,922 - mmdet - INFO - Iter [1440/40000]	lr: 5.549e-05, eta: 2 days, 10:01:44, time: 5.386, data_time: 0.017, memory: 9326, decode.loss_seg: 0.3065, decode.acc_seg: 86.6925, rpn.loss_rpn_cls: 0.0912, rpn.loss_rpn_bbox: 0.1776, roi.loss_cls: 0.4304, roi.acc: 83.8379, roi.loss_bbox: 0.5851, roi.loss_mask: 0.4076, src.loss_imnet_feat_dist: 0.1479, mix.decode.loss_seg: 0.2975, mix.decode.acc_seg: 76.5121
2023-08-13 22:33:21,042 - mmdet - INFO - Iter [1460/40000]	lr: 5.623e-05, eta: 2 days, 9:59:23, time: 5.356, data_time: 0.017, memory: 9326, decode.loss_seg: 0.2964, decode.acc_seg: 84.4844, rpn.loss_rpn_cls: 0.0935, rpn.loss_rpn_bbox: 0.1452, roi.loss_cls: 0.4049, roi.acc: 84.9023, roi.loss_bbox: 0.5612, roi.loss_mask: 0.4146, src.loss_imnet_feat_dist: 0.1439, mix.decode.loss_seg: 0.2019, mix.decode.acc_seg: 76.7141
2023-08-13 22:35:08,466 - mmdet - INFO - Iter [1480/40000]	lr: 5.697e-05, eta: 2 days, 9:57:11, time: 5.371, data_time: 0.017, memory: 9326, decode.loss_seg: 0.2815, decode.acc_seg: 85.9271, rpn.loss_rpn_cls: 0.0961, rpn.loss_rpn_bbox: 0.1786, roi.loss_cls: 0.4327, roi.acc: 84.2383, roi.loss_bbox: 0.5959, roi.loss_mask: 0.4121, src.loss_imnet_feat_dist: 0.1507, mix.decode.loss_seg: 0.1824, mix.decode.acc_seg: 78.3075
2023-08-13 22:36:56,792 - mmdet - INFO - Iter [1500/40000]	lr: 5.771e-05, eta: 2 days, 9:55:22, time: 5.416, data_time: 0.017, memory: 9326, decode.loss_seg: 0.3218, decode.acc_seg: 84.4074, rpn.loss_rpn_cls: 0.1008, rpn.loss_rpn_bbox: 0.1936, roi.loss_cls: 0.4552, roi.acc: 82.9150, roi.loss_bbox: 0.5864, roi.loss_mask: 0.4265, src.loss_imnet_feat_dist: 0.1623, mix.decode.loss_seg: 0.2553, mix.decode.acc_seg: 74.6479
2023-08-13 22:38:43,813 - mmdet - INFO - Iter [1520/40000]	lr: 5.772e-05, eta: 2 days, 9:53:01, time: 5.351, data_time: 0.016, memory: 9326, decode.loss_seg: 0.2830, decode.acc_seg: 87.2461, rpn.loss_rpn_cls: 0.1067, rpn.loss_rpn_bbox: 0.1765, roi.loss_cls: 0.4123, roi.acc: 84.9316, roi.loss_bbox: 0.5595, roi.loss_mask: 0.3953, src.loss_imnet_feat_dist: 0.1431, mix.decode.loss_seg: 0.1764, mix.decode.acc_seg: 78.8770
2023-08-13 22:40:31,493 - mmdet - INFO - Iter [1540/40000]	lr: 5.769e-05, eta: 2 days, 9:50:57, time: 5.384, data_time: 0.016, memory: 9326, decode.loss_seg: 0.2433, decode.acc_seg: 87.7365, rpn.loss_rpn_cls: 0.0832, rpn.loss_rpn_bbox: 0.1768, roi.loss_cls: 0.4273, roi.acc: 83.9600, roi.loss_bbox: 0.5755, roi.loss_mask: 0.4192, src.loss_imnet_feat_dist: 0.1511, mix.decode.loss_seg: 0.1807, mix.decode.acc_seg: 76.3581
2023-08-13 22:42:18,523 - mmdet - INFO - Iter [1560/40000]	lr: 5.766e-05, eta: 2 days, 9:48:37, time: 5.351, data_time: 0.016, memory: 9326, decode.loss_seg: 0.3062, decode.acc_seg: 84.8648, rpn.loss_rpn_cls: 0.1239, rpn.loss_rpn_bbox: 0.1892, roi.loss_cls: 0.4362, roi.acc: 84.2822, roi.loss_bbox: 0.5864, roi.loss_mask: 0.4142, src.loss_imnet_feat_dist: 0.1471, mix.decode.loss_seg: 0.2100, mix.decode.acc_seg: 79.1796
2023-08-13 22:44:09,183 - mmdet - INFO - Iter [1580/40000]	lr: 5.763e-05, eta: 2 days, 9:47:47, time: 5.533, data_time: 0.017, memory: 9326, decode.loss_seg: 0.2500, decode.acc_seg: 88.0226, rpn.loss_rpn_cls: 0.0844, rpn.loss_rpn_bbox: 0.1720, roi.loss_cls: 0.4160, roi.acc: 84.6289, roi.loss_bbox: 0.5566, roi.loss_mask: 0.4214, src.loss_imnet_feat_dist: 0.1473, mix.decode.loss_seg: 0.1689, mix.decode.acc_seg: 80.3733
2023-08-13 22:46:00,220 - mmdet - INFO - Iter [1600/40000]	lr: 5.760e-05, eta: 2 days, 9:47:04, time: 5.552, data_time: 0.017, memory: 9326, decode.loss_seg: 0.2699, decode.acc_seg: 86.5829, rpn.loss_rpn_cls: 0.1036, rpn.loss_rpn_bbox: 0.1908, roi.loss_cls: 0.4311, roi.acc: 84.3115, roi.loss_bbox: 0.5886, roi.loss_mask: 0.4119, src.loss_imnet_feat_dist: 0.1527, mix.decode.loss_seg: 0.1896, mix.decode.acc_seg: 80.3456
2023-08-13 22:47:47,874 - mmdet - INFO - Iter [1620/40000]	lr: 5.757e-05, eta: 2 days, 9:44:59, time: 5.383, data_time: 0.017, memory: 9326, decode.loss_seg: 0.2847, decode.acc_seg: 87.7952, rpn.loss_rpn_cls: 0.0797, rpn.loss_rpn_bbox: 0.1493, roi.loss_cls: 0.4268, roi.acc: 84.3506, roi.loss_bbox: 0.5679, roi.loss_mask: 0.3911, src.loss_imnet_feat_dist: 0.1491, mix.decode.loss_seg: 0.1852, mix.decode.acc_seg: 80.4034
2023-08-13 22:49:34,940 - mmdet - INFO - Iter [1640/40000]	lr: 5.754e-05, eta: 2 days, 9:42:41, time: 5.353, data_time: 0.017, memory: 9326, decode.loss_seg: 0.2680, decode.acc_seg: 86.8028, rpn.loss_rpn_cls: 0.0824, rpn.loss_rpn_bbox: 0.1540, roi.loss_cls: 0.4219, roi.acc: 84.8242, roi.loss_bbox: 0.5588, roi.loss_mask: 0.4000, src.loss_imnet_feat_dist: 0.1534, mix.decode.loss_seg: 0.1739, mix.decode.acc_seg: 81.4920
2023-08-13 22:51:22,968 - mmdet - INFO - Iter [1660/40000]	lr: 5.751e-05, eta: 2 days, 9:40:46, time: 5.401, data_time: 0.017, memory: 9326, decode.loss_seg: 0.2869, decode.acc_seg: 86.7934, rpn.loss_rpn_cls: 0.0788, rpn.loss_rpn_bbox: 0.1515, roi.loss_cls: 0.3914, roi.acc: 85.3809, roi.loss_bbox: 0.5489, roi.loss_mask: 0.3548, src.loss_imnet_feat_dist: 0.1569, mix.decode.loss_seg: 0.1978, mix.decode.acc_seg: 78.8904
slurmstepd: error: *** JOB 730229 ON biwirender14 CANCELLED AT 2023-08-13T22:52:45 ***
