Running on node: bmicgpu04
In directory:    /scratch_net/biwidl202/ppolydorou/project_edaps/edaps
Starting on:     Mon Aug 14 16:37:13 CEST 2023
SLURM_JOB_ID:    730529
2023-08-14 16:37:20,061 - mmdet - INFO - Environment info:
------------------------------------------------------------
sys.platform: linux
Python: 3.8.5 (default, Sep  4 2020, 07:30:14) [GCC 7.3.0]
CUDA available: True
GPU 0: NVIDIA TITAN Xp
CUDA_HOME: /usr
NVCC: Cuda compilation tools, release 11.2, V11.2.152
GCC: gcc (Debian 8.3.0-6) 8.3.0
PyTorch: 1.7.1
PyTorch compiling details: PyTorch built with:
  - GCC 7.3
  - C++ Version: 201402
  - Intel(R) oneAPI Math Kernel Library Version 2021.4-Product Build 20210904 for Intel(R) 64 architecture applications
  - Intel(R) MKL-DNN v1.6.0 (Git Hash 5ef631a030a6f73131c77892041042805a06064f)
  - OpenMP 201511 (a.k.a. OpenMP 4.5)
  - NNPACK is enabled
  - CPU capability usage: AVX2
  - CUDA Runtime 11.0
  - NVCC architecture flags: -gencode;arch=compute_37,code=sm_37;-gencode;arch=compute_50,code=sm_50;-gencode;arch=compute_60,code=sm_60;-gencode;arch=compute_61,code=sm_61;-gencode;arch=compute_70,code=sm_70;-gencode;arch=compute_75,code=sm_75;-gencode;arch=compute_80,code=sm_80;-gencode;arch=compute_37,code=compute_37
  - CuDNN 8.0.5
  - Magma 2.5.2
  - Build settings: BLAS=MKL, BUILD_TYPE=Release, CXX_FLAGS= -Wno-deprecated -fvisibility-inlines-hidden -DUSE_PTHREADPOOL -fopenmp -DNDEBUG -DUSE_FBGEMM -DUSE_QNNPACK -DUSE_PYTORCH_QNNPACK -DUSE_XNNPACK -DUSE_VULKAN_WRAPPER -O2 -fPIC -Wno-narrowing -Wall -Wextra -Werror=return-type -Wno-missing-field-initializers -Wno-type-limits -Wno-array-bounds -Wno-unknown-pragmas -Wno-sign-compare -Wno-unused-parameter -Wno-unused-variable -Wno-unused-function -Wno-unused-result -Wno-unused-local-typedefs -Wno-strict-overflow -Wno-strict-aliasing -Wno-error=deprecated-declarations -Wno-stringop-overflow -Wno-psabi -Wno-error=pedantic -Wno-error=redundant-decls -Wno-error=old-style-cast -fdiagnostics-color=always -faligned-new -Wno-unused-but-set-variable -Wno-maybe-uninitialized -fno-math-errno -fno-trapping-math -Werror=format -Wno-stringop-overflow, PERF_WITH_AVX=1, PERF_WITH_AVX2=1, PERF_WITH_AVX512=1, USE_CUDA=ON, USE_EXCEPTION_PTR=1, USE_GFLAGS=OFF, USE_GLOG=OFF, USE_MKL=ON, USE_MKLDNN=ON, USE_MPI=OFF, USE_NCCL=ON, USE_NNPACK=ON, USE_OPENMP=ON, 

TorchVision: 0.8.2
OpenCV: 4.8.0
MMCV: 1.6.1
MMCV Compiler: GCC 7.3
MMCV CUDA Compiler: 11.0
MMDetection: 2.25.1+2a2044c
------------------------------------------------------------

2023-08-14 16:37:21,806 - mmdet - INFO - Distributed training: False
2023-08-14 16:37:23,625 - mmdet - INFO - Config:
checkpoint_config = dict(interval=5, by_epoch=False, max_keep_ckpts=1)
log_config = dict(interval=1, hooks=[dict(type='TextLoggerHook')])
custom_hooks = [dict(type='NumClassCheckHook')]
dist_params = dict(backend='nccl')
log_level = 'INFO'
load_from = None
resume_from = None
workflow = [('train', 1)]
opencv_num_threads = 0
mp_start_method = 'fork'
num_instance_classes = 8
norm_cfg = dict(type='BN', requires_grad=True)
find_unused_parameters = True
maskrcnn_losses_weights = 1.0
model = dict(
    type='MaskRCNNPanoptic',
    pretrained='pretrained/mit_b5.pth',
    backbone=dict(type='mit_b5', style='pytorch'),
    use_neck_feat_for_decode_head=False,
    decode_head=dict(
        type='DAFormerHead',
        in_channels=[64, 128, 320, 512],
        in_index=[0, 1, 2, 3],
        channels=256,
        dropout_ratio=0.1,
        num_classes=19,
        norm_cfg=dict(type='BN', requires_grad=True),
        align_corners=False,
        decoder_params=dict(
            embed_dims=256,
            embed_cfg=dict(type='mlp', act_cfg=None, norm_cfg=None),
            embed_neck_cfg=dict(type='mlp', act_cfg=None, norm_cfg=None),
            fusion_cfg=dict(
                type='aspp',
                sep=True,
                dilations=(1, 6, 12, 18),
                pool=False,
                act_cfg=dict(type='ReLU'),
                norm_cfg=dict(type='BN', requires_grad=True))),
        loss_decode=dict(
            type='CrossEntropyLossMmseg', use_sigmoid=False, loss_weight=1.0)),
    neck=dict(
        type='FPN',
        in_channels=[64, 128, 320, 512],
        out_channels=256,
        num_outs=5),
    rpn_head=dict(
        type='RPNHead',
        in_channels=256,
        feat_channels=256,
        anchor_generator=dict(
            type='AnchorGenerator',
            scales=[8],
            ratios=[0.5, 1.0, 2.0],
            strides=[4, 8, 16, 32, 64]),
        bbox_coder=dict(
            type='DeltaXYWHBBoxCoder',
            target_means=[0.0, 0.0, 0.0, 0.0],
            target_stds=[1.0, 1.0, 1.0, 1.0]),
        loss_cls=dict(
            type='CrossEntropyLoss', use_sigmoid=True, loss_weight=1.0),
        loss_bbox=dict(type='L1Loss', loss_weight=1.0)),
    roi_head=dict(
        type='StandardRoIHead',
        bbox_roi_extractor=dict(
            type='SingleRoIExtractor',
            roi_layer=dict(type='RoIAlign', output_size=7, sampling_ratio=0),
            out_channels=256,
            featmap_strides=[4, 8, 16, 32]),
        bbox_head=dict(
            type='Shared2FCBBoxHead',
            in_channels=256,
            fc_out_channels=1024,
            roi_feat_size=7,
            num_classes=8,
            bbox_coder=dict(
                type='DeltaXYWHBBoxCoder',
                target_means=[0.0, 0.0, 0.0, 0.0],
                target_stds=[0.1, 0.1, 0.2, 0.2]),
            reg_class_agnostic=False,
            loss_cls=dict(
                type='CrossEntropyLoss', use_sigmoid=False, loss_weight=1.0),
            loss_bbox=dict(type='L1Loss', loss_weight=1.0)),
        mask_roi_extractor=dict(
            type='SingleRoIExtractor',
            roi_layer=dict(type='RoIAlign', output_size=14, sampling_ratio=0),
            out_channels=256,
            featmap_strides=[4, 8, 16, 32]),
        mask_head=dict(
            type='FCNMaskHead',
            num_convs=4,
            in_channels=256,
            conv_out_channels=256,
            num_classes=8,
            loss_mask=dict(
                type='CrossEntropyLoss', use_mask=True, loss_weight=1.0))),
    train_cfg=dict(
        rpn=dict(
            assigner=dict(
                type='MaxIoUAssigner',
                pos_iou_thr=0.7,
                neg_iou_thr=0.3,
                min_pos_iou=0.3,
                match_low_quality=True,
                ignore_iof_thr=-1),
            sampler=dict(
                type='RandomSampler',
                num=256,
                pos_fraction=0.5,
                neg_pos_ub=-1,
                add_gt_as_proposals=False),
            allowed_border=-1,
            pos_weight=-1,
            debug=False),
        rpn_proposal=dict(
            nms_pre=2000,
            max_per_img=1000,
            nms=dict(type='nms', iou_threshold=0.7),
            min_bbox_size=0),
        rcnn=dict(
            assigner=dict(
                type='MaxIoUAssigner',
                pos_iou_thr=0.5,
                neg_iou_thr=0.5,
                min_pos_iou=0.5,
                match_low_quality=True,
                ignore_iof_thr=-1),
            sampler=dict(
                type='RandomSampler',
                num=512,
                pos_fraction=0.25,
                neg_pos_ub=-1,
                add_gt_as_proposals=True),
            mask_size=28,
            pos_weight=-1,
            debug=False),
        work_dir=
        'edaps_experiments/exp-00001/work_dirs/local-exp00001/230814_1637_syn2cs_dacs_rcs001_cpl_maskrcnn_mitb5_poly10warm_s0_a7773'
    ),
    test_cfg=dict(
        mode='whole',
        rpn=dict(
            nms_pre=1000,
            max_per_img=1000,
            nms=dict(type='nms', iou_threshold=0.7),
            min_bbox_size=0),
        rcnn=dict(
            score_thr=0.05,
            nms=dict(type='nms', iou_threshold=0.5),
            max_per_img=100,
            mask_thr_binary=0.5)))
dataset_type = 'CityscapesDataset'
data_root = 'data/cityscapes/'
img_norm_cfg = dict(
    mean=[123.675, 116.28, 103.53], std=[58.395, 57.12, 57.375], to_rgb=True)
crop_size = (512, 512)
num_classes = 19
synthia_train_pipeline = [
    dict(type='LoadImageFromFile'),
    dict(type='LoadPanopticAnnotations'),
    dict(type='Resize', img_scale=(1280, 760)),
    dict(type='RandomCrop', crop_size=(512, 512), cat_max_ratio=0.75),
    dict(type='RandomFlip', prob=0.5),
    dict(
        type='GenPanopLabelsForMaskFormer',
        sigma=8,
        mode='train',
        num_classes=19,
        gen_instance_classids_from_zero=True),
    dict(
        type='Normalize',
        mean=[123.675, 116.28, 103.53],
        std=[58.395, 57.12, 57.375],
        to_rgb=True),
    dict(type='DefaultFormatBundleMmdet'),
    dict(
        type='Collect',
        keys=[
            'img', 'gt_bboxes', 'gt_labels', 'gt_masks', 'gt_semantic_seg',
            'gt_panoptic_only_thing_classes', 'max_inst_per_class'
        ])
]
cityscapes_train_pipeline = [
    dict(type='LoadImageFromFile'),
    dict(type='Resize', img_scale=(1024, 512)),
    dict(type='RandomCrop', crop_size=(512, 512)),
    dict(type='RandomFlip', prob=0.5),
    dict(
        type='Normalize',
        mean=[123.675, 116.28, 103.53],
        std=[58.395, 57.12, 57.375],
        to_rgb=True),
    dict(type='DefaultFormatBundleMmdet'),
    dict(type='Collect', keys=['img'])
]
test_pipeline = [
    dict(type='LoadImageFromFile'),
    dict(
        type='MultiScaleFlipAug',
        img_scale=(1024, 512),
        flip=False,
        transforms=[
            dict(type='Resize', keep_ratio=True),
            dict(type='RandomFlip'),
            dict(
                type='Normalize',
                mean=[123.675, 116.28, 103.53],
                std=[58.395, 57.12, 57.375],
                to_rgb=True),
            dict(type='ImageToTensor', keys=['img']),
            dict(type='Collect', keys=['img'])
        ])
]
data = dict(
    samples_per_gpu=1,
    workers_per_gpu=0,
    train=dict(
        type='UDADataset',
        source=dict(
            type='SynthiaDataset',
            data_root='data/synthia/',
            img_dir='RGB',
            depth_dir='',
            ann_dir='panoptic-labels-crowdth-0-for-daformer/synthia_panoptic',
            pipeline=[
                dict(type='LoadImageFromFile'),
                dict(type='LoadPanopticAnnotations'),
                dict(type='Resize', img_scale=(1280, 760)),
                dict(
                    type='RandomCrop',
                    crop_size=(512, 512),
                    cat_max_ratio=0.75),
                dict(type='RandomFlip', prob=0.5),
                dict(
                    type='GenPanopLabelsForMaskFormer',
                    sigma=8,
                    mode='train',
                    num_classes=19,
                    gen_instance_classids_from_zero=True),
                dict(
                    type='Normalize',
                    mean=[123.675, 116.28, 103.53],
                    std=[58.395, 57.12, 57.375],
                    to_rgb=True),
                dict(type='DefaultFormatBundleMmdet'),
                dict(
                    type='Collect',
                    keys=[
                        'img', 'gt_bboxes', 'gt_labels', 'gt_masks',
                        'gt_semantic_seg', 'gt_panoptic_only_thing_classes',
                        'max_inst_per_class'
                    ])
            ]),
        target=dict(
            type='CityscapesDataset',
            data_root='data/cityscapes/',
            img_dir='leftImg8bit/train',
            depth_dir='',
            ann_dir='gtFine_panoptic/cityscapes_panoptic_train_trainId',
            pipeline=[
                dict(type='LoadImageFromFile'),
                dict(type='Resize', img_scale=(1024, 512)),
                dict(type='RandomCrop', crop_size=(512, 512)),
                dict(type='RandomFlip', prob=0.5),
                dict(
                    type='Normalize',
                    mean=[123.675, 116.28, 103.53],
                    std=[58.395, 57.12, 57.375],
                    to_rgb=True),
                dict(type='DefaultFormatBundleMmdet'),
                dict(type='Collect', keys=['img'])
            ]),
        rare_class_sampling=dict(
            min_pixels=3000, class_temp=0.01, min_crop_ratio=0.5)),
    val=dict(
        type='CityscapesDataset',
        data_root='data/cityscapes',
        img_dir='leftImg8bit/val',
        depth_dir='',
        ann_dir='gtFine_panoptic_debug/cityscapes_panoptic_val',
        pipeline=[
            dict(type='LoadImageFromFile'),
            dict(
                type='MultiScaleFlipAug',
                img_scale=(1024, 512),
                flip=False,
                transforms=[
                    dict(type='Resize', keep_ratio=True),
                    dict(type='RandomFlip'),
                    dict(
                        type='Normalize',
                        mean=[123.675, 116.28, 103.53],
                        std=[58.395, 57.12, 57.375],
                        to_rgb=True),
                    dict(type='ImageToTensor', keys=['img']),
                    dict(type='Collect', keys=['img'])
                ])
        ]),
    test=dict(
        type='CityscapesDataset',
        data_root='data/cityscapes/',
        img_dir='leftImg8bit/val',
        depth_dir='',
        ann_dir='gtFine_panoptic/cityscapes_panoptic_val',
        pipeline=[
            dict(type='LoadImageFromFile'),
            dict(
                type='MultiScaleFlipAug',
                img_scale=(1024, 512),
                flip=False,
                transforms=[
                    dict(type='Resize', keep_ratio=True),
                    dict(type='RandomFlip'),
                    dict(
                        type='Normalize',
                        mean=[123.675, 116.28, 103.53],
                        std=[58.395, 57.12, 57.375],
                        to_rgb=True),
                    dict(type='ImageToTensor', keys=['img']),
                    dict(type='Collect', keys=['img'])
                ])
        ]))
uda = dict(
    type='DACS',
    alpha=0.999,
    pseudo_threshold=0.968,
    pseudo_weight_ignore_top=15,
    pseudo_weight_ignore_bottom=120,
    imnet_feature_dist_lambda=0.005,
    imnet_feature_dist_classes=[6, 7, 11, 12, 13, 14, 15, 16, 17, 18],
    imnet_feature_dist_scale_min_ratio=0.75,
    mix='class',
    blur=True,
    color_jitter_strength=0.2,
    color_jitter_probability=0.2,
    debug_img_interval=1,
    print_grad_magnitude=False,
    share_src_backward=True,
    disable_mix_masks=False)
use_ddp_wrapper = True
optimizer = dict(
    type='AdamW',
    lr=6e-05,
    betas=(0.9, 0.999),
    weight_decay=0.01,
    paramwise_cfg=dict(
        custom_keys=dict(
            neck=dict(lr_mult=10.0),
            head=dict(lr_mult=10.0),
            pos_block=dict(decay_mult=0.0),
            norm=dict(decay_mult=0.0))))
optimizer_config = None
lr_config = dict(
    policy='poly',
    warmup='linear',
    warmup_iters=1500,
    warmup_ratio=1e-06,
    power=1.0,
    min_lr=0.0,
    by_epoch=False)
debug = True
n_gpus = 1
gpu_mtotal = 23000
total_train_time = '21:00:00'
n_cpus = 16
mem_per_cpu = 16000
machine = 'local'
euler_template_fname = 'euler_template_slurm_syn2city.sh'
only_eval = False
only_train = False
activate_auto_scale_lr = False
auto_scale_lr = dict(enable=False, base_batch_size=16)
print_layer_wise_lr = False
file_sys = 'Slurm'
launcher = None
generate_only_visuals_without_eval = False
seed = 0
evaluation = dict(
    interval=10,
    metric=['mIoU', 'mPQ', 'mAP'],
    eval_type='maskrcnn_panoptic',
    dataset_name='cityscapes',
    gt_dir='data/cityscapes/gtFine/val',
    gt_dir_panop='data/cityscapes/gtFine_panoptic',
    num_samples_debug=12,
    post_proccess_params=dict(
        num_classes=19,
        ignore_label=255,
        mapillary_dataloading_style='OURS',
        label_divisor=1000,
        train_id_to_eval_id=[
            7, 8, 11, 12, 13, 17, 19, 20, 21, 22, 23, 24, 25, 26, 27, 28, 31,
            32, 33, 0
        ],
        thing_list=[11, 12, 13, 14, 15, 16, 17, 18],
        mask_score_threshold=0.95,
        debug=True,
        dump_semantic_pred_as_numpy_array=False,
        load_semantic_pred_as_numpy_array=False,
        semantic_pred_numpy_array_location=None,
        use_semantic_decoder_for_instance_labeling=False,
        use_semantic_decoder_for_panoptic_labeling=False,
        nms_th=None,
        intersec_th=None,
        upsnet_mask_pruning=False,
        generate_thing_cls_panoptic_from_instance_pred=False),
    visuals_pan_eval=False,
    evalScale='1024x512',
    panop_eval_folder=
    'edaps_experiments/exp-00001/work_dirs/local-exp00001/230814_1637_syn2cs_dacs_rcs001_cpl_maskrcnn_mitb5_poly10warm_s0_a7773/panoptic_eval',
    panop_eval_temp_folder=
    'edaps_experiments/exp-00001/work_dirs/local-exp00001/230814_1637_syn2cs_dacs_rcs001_cpl_maskrcnn_mitb5_poly10warm_s0_a7773/panoptic_eval/panop_eval_14-08-2023_16-37-19-921844',
    debug=True,
    out_dir=
    'edaps_experiments/exp-00001/work_dirs/local-exp00001/230814_1637_syn2cs_dacs_rcs001_cpl_maskrcnn_mitb5_poly10warm_s0_a7773/panoptic_eval/panop_eval_14-08-2023_16-37-19-921844/visuals'
)
runner = dict(type='IterBasedRunner', max_iters=10)
name = '230814_1637_syn2cs_dacs_rcs001_cpl_maskrcnn_mitb5_poly10warm_s0_a7773'
exp = 1
exp_root = 'edaps_experiments'
exp_sub = 'exp-00001'
name_dataset = ('synthia2cityscapes', )
name_architecture = ('maskrcnn_mitb5', )
name_encoder = ('mitb5', )
name_decoder = ('maskrcnn', )
name_uda = ('dacs_rcs0.01_cpl', )
name_opt = ('adamw_6e-05_pmTrue_poly10warm_1x1_40k', )
work_dir = 'edaps_experiments/exp-00001/work_dirs/local-exp00001/230814_1637_syn2cs_dacs_rcs001_cpl_maskrcnn_mitb5_poly10warm_s0_a7773'
git_rev = '2a2044c49e116d4693884d4a9a6e08b824a9b128'
auto_resume = False
gpu_ids = [0]

2023-08-14 16:37:23,625 - mmdet - INFO - Set random seed to 0, deterministic: False
2023-08-14 16:37:23,625 - mmdet - INFO - DEBUG - PETROS 14-08-2023 - BEFORE MODEL BUILD
/scratch_net/biwidl202/ppolydorou/project_edaps/edaps/mmdet/models/detectors/two_stage.py:29: UserWarning: DeprecationWarning: pretrained is deprecated, please use "init_cfg" instead
  warnings.warn('DeprecationWarning: pretrained is deprecated, '
/scratch_net/biwidl202/ppolydorou/project_edaps/edaps/mmdet/models/backbones/mix_transformer.py:215: UserWarning: DeprecationWarning: pretrained is a deprecated, please use "init_cfg" instead
  warnings.warn('DeprecationWarning: pretrained is a deprecated, please use "init_cfg" instead')
2023-08-14 16:37:28,128 - mmdet - INFO - Load mit checkpoint.
2023-08-14 16:37:28,129 - mmdet - INFO - load checkpoint from local path: pretrained/mit_b5.pth
2023-08-14 16:37:28,615 - mmdet - INFO - initialize FPN with init_cfg {'type': 'Xavier', 'layer': 'Conv2d', 'distribution': 'uniform'}
2023-08-14 16:37:28,640 - mmdet - INFO - initialize RPNHead with init_cfg {'type': 'Normal', 'layer': 'Conv2d', 'std': 0.01}
2023-08-14 16:37:28,649 - mmdet - INFO - initialize Shared2FCBBoxHead with init_cfg [{'type': 'Normal', 'std': 0.01, 'override': {'name': 'fc_cls'}}, {'type': 'Normal', 'std': 0.001, 'override': {'name': 'fc_reg'}}, {'type': 'Xavier', 'distribution': 'uniform', 'override': [{'name': 'shared_fcs'}, {'name': 'cls_fcs'}, {'name': 'reg_fcs'}]}]
2023-08-14 16:37:28,794 - mmdet - INFO - initialize DAFormerHead with init_cfg {'type': 'Normal', 'std': 0.01, 'override': {'name': 'conv_seg'}}
2023-08-14 16:37:28,875 - mmdet - INFO - Load mit checkpoint.
2023-08-14 16:37:28,875 - mmdet - INFO - load checkpoint from local path: pretrained/mit_b5.pth
2023-08-14 16:37:29,275 - mmdet - INFO - initialize FPN with init_cfg {'type': 'Xavier', 'layer': 'Conv2d', 'distribution': 'uniform'}
2023-08-14 16:37:29,299 - mmdet - INFO - initialize RPNHead with init_cfg {'type': 'Normal', 'layer': 'Conv2d', 'std': 0.01}
2023-08-14 16:37:29,307 - mmdet - INFO - initialize Shared2FCBBoxHead with init_cfg [{'type': 'Normal', 'std': 0.01, 'override': {'name': 'fc_cls'}}, {'type': 'Normal', 'std': 0.001, 'override': {'name': 'fc_reg'}}, {'type': 'Xavier', 'distribution': 'uniform', 'override': [{'name': 'shared_fcs'}, {'name': 'cls_fcs'}, {'name': 'reg_fcs'}]}]
2023-08-14 16:37:29,449 - mmdet - INFO - initialize DAFormerHead with init_cfg {'type': 'Normal', 'std': 0.01, 'override': {'name': 'conv_seg'}}
2023-08-14 16:37:29,528 - mmdet - INFO - Load mit checkpoint.
2023-08-14 16:37:29,528 - mmdet - INFO - load checkpoint from local path: pretrained/mit_b5.pth
2023-08-14 16:37:29,956 - mmdet - INFO - initialize FPN with init_cfg {'type': 'Xavier', 'layer': 'Conv2d', 'distribution': 'uniform'}
2023-08-14 16:37:29,981 - mmdet - INFO - initialize RPNHead with init_cfg {'type': 'Normal', 'layer': 'Conv2d', 'std': 0.01}
2023-08-14 16:37:29,989 - mmdet - INFO - initialize Shared2FCBBoxHead with init_cfg [{'type': 'Normal', 'std': 0.01, 'override': {'name': 'fc_cls'}}, {'type': 'Normal', 'std': 0.001, 'override': {'name': 'fc_reg'}}, {'type': 'Xavier', 'distribution': 'uniform', 'override': [{'name': 'shared_fcs'}, {'name': 'cls_fcs'}, {'name': 'reg_fcs'}]}]
2023-08-14 16:37:30,137 - mmdet - INFO - initialize DAFormerHead with init_cfg {'type': 'Normal', 'std': 0.01, 'override': {'name': 'conv_seg'}}
2023-08-14 16:37:30,265 - mmdet - INFO - DEBUG - PETROS 14-08-2023 - AFTER MODEL BUILD
2023-08-14 16:37:30,267 - mmseg - INFO - Loaded annotations from : data/synthia/panoptic-labels-crowdth-0-for-daformer/synthia_panoptic.json
2023-08-14 16:37:36,338 - mmseg - INFO - Loaded 9400 images from data/synthia/RGB
2023-08-14 16:37:36,343 - mmseg - INFO - Loaded annotations from : data/cityscapes/gtFine_panoptic/cityscapes_panoptic_train_trainId.json
2023-08-14 16:37:36,580 - mmseg - INFO - Loaded 2975 images from data/cityscapes/leftImg8bit/train
2023-08-14 16:37:36,662 - mmseg - INFO - RCS Classes: [6, 7, 17, 18, 4, 3, 12, 5, 15, 13, 11, 10, 8, 0, 1, 2]
2023-08-14 16:37:36,663 - mmseg - INFO - RCS ClassProb: [1.55649453e-01 1.45927146e-01 1.30805254e-01 1.29144296e-01
 1.22819245e-01 1.22646019e-01 9.97279957e-02 5.53424992e-02
 3.33626680e-02 2.43163528e-03 2.00466975e-03 1.35448776e-04
 3.78220921e-06 8.31826052e-10 3.41141226e-10 1.11511794e-14]
2023-08-14 16:37:39,958 - mmdet - INFO - Automatic scaling of learning rate (LR) has been disabled.
2023-08-14 16:37:52,000 - mmseg - INFO - Loaded annotations from : data/cityscapes/gtFine_panoptic_debug/cityscapes_panoptic_val.json
2023-08-14 16:37:52,002 - mmseg - INFO - Loaded 12 images from data/cityscapes/leftImg8bit/val
2023-08-14 16:37:52,002 - mmdet - INFO - Start running, host: ppolydorou@bmicgpu04, work_dir: /scratch_net/biwidl202/ppolydorou/project_edaps/edaps/edaps_experiments/exp-00001/work_dirs/local-exp00001/230814_1637_syn2cs_dacs_rcs001_cpl_maskrcnn_mitb5_poly10warm_s0_a7773
2023-08-14 16:37:52,003 - mmdet - INFO - Hooks will be executed in the following order:
before_run:
(VERY_HIGH   ) PolyLrUpdaterHook                  
(NORMAL      ) CheckpointHook                     
(LOW         ) EvalHookUDA                        
(VERY_LOW    ) TextLoggerHook                     
 -------------------- 
before_train_epoch:
(VERY_HIGH   ) PolyLrUpdaterHook                  
(NORMAL      ) NumClassCheckHook                  
(LOW         ) IterTimerHook                      
(LOW         ) EvalHookUDA                        
(VERY_LOW    ) TextLoggerHook                     
 -------------------- 
before_train_iter:
(VERY_HIGH   ) PolyLrUpdaterHook                  
(LOW         ) IterTimerHook                      
(LOW         ) EvalHookUDA                        
 -------------------- 
after_train_iter:
(NORMAL      ) CheckpointHook                     
(LOW         ) IterTimerHook                      
(LOW         ) EvalHookUDA                        
(VERY_LOW    ) TextLoggerHook                     
 -------------------- 
after_train_epoch:
(NORMAL      ) CheckpointHook                     
(LOW         ) EvalHookUDA                        
(VERY_LOW    ) TextLoggerHook                     
 -------------------- 
before_val_epoch:
(NORMAL      ) NumClassCheckHook                  
(LOW         ) IterTimerHook                      
(VERY_LOW    ) TextLoggerHook                     
 -------------------- 
before_val_iter:
(LOW         ) IterTimerHook                      
 -------------------- 
after_val_iter:
(LOW         ) IterTimerHook                      
 -------------------- 
after_val_epoch:
(VERY_LOW    ) TextLoggerHook                     
 -------------------- 
after_run:
(VERY_LOW    ) TextLoggerHook                     
 -------------------- 
2023-08-14 16:37:52,003 - mmdet - INFO - workflow: [('train', 1)], max: 10 iters
2023-08-14 16:37:52,004 - mmdet - INFO - Checkpoints will be saved to /scratch_net/biwidl202/ppolydorou/project_edaps/edaps/edaps_experiments/exp-00001/work_dirs/local-exp00001/230814_1637_syn2cs_dacs_rcs001_cpl_maskrcnn_mitb5_poly10warm_s0_a7773 by HardDiskBackend.
2023-08-14 16:37:52,004 - mmdet - INFO - The best checkpoint will be saved to edaps_experiments/exp-00001/work_dirs/local-exp00001/230814_1637_syn2cs_dacs_rcs001_cpl_maskrcnn_mitb5_poly10warm_s0_a7773/panoptic_eval/panop_eval_14-08-2023_16-37-19-921844/visuals/230814_1637_syn2cs_dacs_rcs001_cpl_maskrcnn_mitb5_poly10warm_s0_a7773 by HardDiskBackend
2023-08-14 16:38:00,870 - mmdet - INFO - Iter [1/10]	lr: 6.000e-11, eta: 0:01:19, time: 8.862, data_time: 2.975, memory: 4795, decode.loss_seg: 2.7407, decode.acc_seg: 8.6605, rpn.loss_rpn_cls: 0.6844, rpn.loss_rpn_bbox: 0.3225, roi.loss_cls: 2.3669, roi.acc: 2.1484, roi.loss_bbox: 0.1437, roi.loss_mask: 2.5602, src.loss_imnet_feat_dist: 0.0631, mix.decode.loss_seg: 1.9370, mix.decode.acc_seg: 9.9823
2023-08-14 16:38:07,004 - mmdet - INFO - Iter [2/10]	lr: 3.605e-08, eta: 0:00:59, time: 6.131, data_time: 0.288, memory: 5625, decode.loss_seg: 2.8196, decode.acc_seg: 6.4285, rpn.loss_rpn_cls: 0.6866, rpn.loss_rpn_bbox: 0.2265, roi.loss_cls: 2.5359, roi.acc: 1.5625, roi.loss_bbox: 0.0931, roi.loss_mask: 2.6037, src.loss_imnet_feat_dist: 0.0544, mix.decode.loss_seg: 0.9099, mix.decode.acc_seg: 12.1742
2023-08-14 16:38:13,562 - mmdet - INFO - Iter [3/10]	lr: 6.405e-08, eta: 0:00:50, time: 6.558, data_time: 0.242, memory: 5628, decode.loss_seg: 2.8381, decode.acc_seg: 11.2621, rpn.loss_rpn_cls: 0.7005, rpn.loss_rpn_bbox: 0.3301, roi.loss_cls: 2.4662, roi.acc: 2.1484, roi.loss_bbox: 0.1147, roi.loss_mask: 2.5757, src.loss_imnet_feat_dist: 0.1026, mix.decode.loss_seg: 1.4452, mix.decode.acc_seg: 12.3291
2023-08-14 16:38:22,161 - mmdet - INFO - Iter [4/10]	lr: 8.404e-08, eta: 0:00:45, time: 8.599, data_time: 0.699, memory: 5677, decode.loss_seg: 2.7808, decode.acc_seg: 5.7003, rpn.loss_rpn_cls: 0.6825, rpn.loss_rpn_bbox: 0.1843, roi.loss_cls: 2.3219, roi.acc: 12.5000, roi.loss_bbox: 0.0558, roi.loss_mask: 2.3871, src.loss_imnet_feat_dist: 0.0623, mix.decode.loss_seg: 2.4074, mix.decode.acc_seg: 7.5581
2023-08-14 16:38:29,287 - mmdet - INFO - Saving checkpoint at 5 iterations
2023-08-14 16:38:56,546 - mmdet - INFO - Iter [5/10]	lr: 9.604e-08, eta: 0:01:04, time: 34.360, data_time: 0.546, memory: 5677, decode.loss_seg: 2.4979, decode.acc_seg: 3.8292, rpn.loss_rpn_cls: 0.6793, rpn.loss_rpn_bbox: 0.1917, roi.loss_cls: 2.4826, roi.acc: 1.1719, roi.loss_bbox: 0.0225, roi.loss_mask: 2.4353, src.loss_imnet_feat_dist: 0.0819, mix.decode.loss_seg: 0.9353, mix.decode.acc_seg: 13.1088
2023-08-14 16:39:02,634 - mmdet - INFO - Iter [6/10]	lr: 1.000e-07, eta: 0:00:47, time: 6.112, data_time: 0.297, memory: 5677, decode.loss_seg: 2.8670, decode.acc_seg: 5.0842, rpn.loss_rpn_cls: 0.6885, rpn.loss_rpn_bbox: 0.2861, roi.loss_cls: 2.4206, roi.acc: 1.9531, roi.loss_bbox: 0.0271, roi.loss_mask: 3.0162, src.loss_imnet_feat_dist: 0.0677, mix.decode.loss_seg: 1.6038, mix.decode.acc_seg: 13.4464
2023-08-14 16:39:09,796 - mmdet - INFO - Iter [7/10]	lr: 9.602e-08, eta: 0:00:33, time: 7.161, data_time: 1.332, memory: 5697, decode.loss_seg: 2.7813, decode.acc_seg: 3.9528, rpn.loss_rpn_cls: 0.6901, rpn.loss_rpn_bbox: 0.4971, roi.loss_cls: 2.3638, roi.acc: 6.8359, roi.loss_bbox: 0.0647, roi.loss_mask: 2.7849, src.loss_imnet_feat_dist: 0.0684, mix.decode.loss_seg: 0.8028, mix.decode.acc_seg: 18.1812
2023-08-14 16:39:16,437 - mmdet - INFO - Iter [8/10]	lr: 8.402e-08, eta: 0:00:21, time: 6.641, data_time: 0.604, memory: 5697, decode.loss_seg: 2.7915, decode.acc_seg: 11.0474, rpn.loss_rpn_cls: 0.6828, rpn.loss_rpn_bbox: 0.2869, roi.loss_cls: 2.2891, roi.acc: 6.6406, roi.loss_bbox: 0.0981, roi.loss_mask: 2.8283, src.loss_imnet_feat_dist: nan, mix.decode.loss_seg: 1.1657, mix.decode.acc_seg: 13.3194
2023-08-14 16:39:24,807 - mmdet - INFO - Iter [9/10]	lr: 6.401e-08, eta: 0:00:10, time: 8.371, data_time: 0.641, memory: 5726, decode.loss_seg: 2.9592, decode.acc_seg: 1.7090, rpn.loss_rpn_cls: 0.6888, rpn.loss_rpn_bbox: 0.1323, roi.loss_cls: 2.4430, roi.acc: 3.7109, roi.loss_bbox: 0.1367, roi.loss_mask: 2.2333, src.loss_imnet_feat_dist: 0.0566, mix.decode.loss_seg: 1.9833, mix.decode.acc_seg: 7.1621
2023-08-14 16:39:31,283 - mmdet - INFO - Saving checkpoint at 10 iterations
2023-08-14 16:39:58,633 - mmdet - INFO - Iter [10/10]	lr: 3.601e-08, eta: 0:00:00, time: 33.806, data_time: 0.646, memory: 5726, decode.loss_seg: 2.8694, decode.acc_seg: 6.8119, rpn.loss_rpn_cls: 0.6840, rpn.loss_rpn_bbox: 0.0954, roi.loss_cls: 2.4021, roi.acc: 2.1484, roi.loss_bbox: 0.0651, roi.loss_mask: 1.5813, src.loss_imnet_feat_dist: 0.0584, mix.decode.loss_seg: 0.8089, mix.decode.acc_seg: 19.3539
training with predefined config : configs/edaps/syn2cs_uda_warm_dfthings_rcs_croppl_a999_edaps_s0_debug.py
Run job syn2cs_dacs_rcs001_cpl_maskrcnn_mitb5_poly10warm_s0
[                                                  ] 0/12, elapsed: 0s, ETA:[>>                                ] 1/12, 1.9 task/s, elapsed: 1s, ETA:     6s[>>>>>                             ] 2/12, 2.1 task/s, elapsed: 1s, ETA:     5s[>>>>>>>>                          ] 3/12, 2.2 task/s, elapsed: 1s, ETA:     4s[>>>>>>>>>>>                       ] 4/12, 2.2 task/s, elapsed: 2s, ETA:     4s[>>>>>>>>>>>>>>                    ] 5/12, 2.2 task/s, elapsed: 2s, ETA:     3s[>>>>>>>>>>>>>>>>>                 ] 6/12, 2.2 task/s, elapsed: 3s, ETA:     3s[>>>>>>>>>>>>>>>>>>>               ] 7/12, 2.2 task/s, elapsed: 3s, ETA:     2s[>>>>>>>>>>>>>>>>>>>>>>            ] 8/12, 2.2 task/s, elapsed: 4s, ETA:     2s[>>>>>>>>>>>>>>>>>>>>>>>>>         ] 9/12, 2.2 task/s, elapsed: 4s, ETA:     1s[>>>>>>>>>>>>>>>>>>>>>>>>>>>      ] 10/12, 2.2 task/s, elapsed: 5s, ETA:     1s[>>>>>>>>>>>>>>>>>>>>>>>>>>>>>>   ] 11/12, 2.2 task/s, elapsed: 5s, ETA:     0s[>>>>>>>>>>>>>>>>>>>>>>>>>>>>>>>>>] 12/12, 2.2 task/s, elapsed: 5s, ETA:     0s2023-08-14 16:40:04,080 - mmdet - INFO - 
2023-08-14 16:40:04,143 - mmdet - INFO - generating panoptic labels for imgid:  1
2023-08-14 16:40:04,240 - mmdet - INFO - generating panoptic labels for imgid:  2
2023-08-14 16:40:04,302 - mmdet - INFO - generating panoptic labels for imgid:  3
2023-08-14 16:40:04,416 - mmdet - INFO - generating panoptic labels for imgid:  4
2023-08-14 16:40:04,515 - mmdet - INFO - generating panoptic labels for imgid:  5
2023-08-14 16:40:04,605 - mmdet - INFO - generating panoptic labels for imgid:  6
2023-08-14 16:40:04,690 - mmdet - INFO - generating panoptic labels for imgid:  7
2023-08-14 16:40:04,780 - mmdet - INFO - generating panoptic labels for imgid:  8
2023-08-14 16:40:04,863 - mmdet - INFO - generating panoptic labels for imgid:  9
2023-08-14 16:40:04,927 - mmdet - INFO - generating panoptic labels for imgid:  10
2023-08-14 16:40:04,995 - mmdet - INFO - generating panoptic labels for imgid:  11
2023-08-14 16:40:05,077 - mmdet - INFO - generating panoptic labels for imgid:  12
2023-08-14 16:40:05,080 - mmdet - INFO - tools/panoptic_deeplab/eval/instance.py --> class CityscapesInstanceEvaluator: --> def __init__() --> self.logger : <Logger mmdet (INFO)>
2023-08-14 16:40:05,081 - mmdet - INFO - tools/panoptic_deeplab/eval/semantic.py -->  def __init__() --> self._logger : <Logger mmdet (INFO)>
2023-08-14 16:40:05,083 - mmdet - INFO - tools/panoptic_deeplab/eval/panoptic.py --> class CityscapesPanopticEvaluator: --> def __init__() --> self._logger : <Logger mmdet (INFO)>
2023-08-14 16:40:05,818 - mmdet - INFO - File saved at: edaps_experiments/exp-00001/work_dirs/local-exp00001/230814_1637_syn2cs_dacs_rcs001_cpl_maskrcnn_mitb5_poly10warm_s0_a7773/panoptic_eval/panop_eval_14-08-2023_16-37-19-921844/semantic/frankfurt_000000_000294_gtFine_panoptic.png
2023-08-14 16:40:05,896 - mmdet - INFO - File saved at: edaps_experiments/exp-00001/work_dirs/local-exp00001/230814_1637_syn2cs_dacs_rcs001_cpl_maskrcnn_mitb5_poly10warm_s0_a7773/panoptic_eval/panop_eval_14-08-2023_16-37-19-921844/panoptic/predictions/frankfurt_000000_000294_gtFine_panoptic.png
2023-08-14 16:40:05,898 - mmdet - INFO - [0/12]	Post-processing Time: 0.815s (0.815s)	
2023-08-14 16:40:06,627 - mmdet - INFO - File saved at: edaps_experiments/exp-00001/work_dirs/local-exp00001/230814_1637_syn2cs_dacs_rcs001_cpl_maskrcnn_mitb5_poly10warm_s0_a7773/panoptic_eval/panop_eval_14-08-2023_16-37-19-921844/semantic/frankfurt_000000_000576_gtFine_panoptic.png
2023-08-14 16:40:06,703 - mmdet - INFO - File saved at: edaps_experiments/exp-00001/work_dirs/local-exp00001/230814_1637_syn2cs_dacs_rcs001_cpl_maskrcnn_mitb5_poly10warm_s0_a7773/panoptic_eval/panop_eval_14-08-2023_16-37-19-921844/panoptic/predictions/frankfurt_000000_000576_gtFine_panoptic.png
2023-08-14 16:40:06,705 - mmdet - INFO - [1/12]	Post-processing Time: 0.807s (0.811s)	
2023-08-14 16:40:07,446 - mmdet - INFO - File saved at: edaps_experiments/exp-00001/work_dirs/local-exp00001/230814_1637_syn2cs_dacs_rcs001_cpl_maskrcnn_mitb5_poly10warm_s0_a7773/panoptic_eval/panop_eval_14-08-2023_16-37-19-921844/semantic/frankfurt_000000_001016_gtFine_panoptic.png
2023-08-14 16:40:07,520 - mmdet - INFO - File saved at: edaps_experiments/exp-00001/work_dirs/local-exp00001/230814_1637_syn2cs_dacs_rcs001_cpl_maskrcnn_mitb5_poly10warm_s0_a7773/panoptic_eval/panop_eval_14-08-2023_16-37-19-921844/panoptic/predictions/frankfurt_000000_001016_gtFine_panoptic.png
2023-08-14 16:40:07,522 - mmdet - INFO - [2/12]	Post-processing Time: 0.817s (0.813s)	
2023-08-14 16:40:08,308 - mmdet - INFO - File saved at: edaps_experiments/exp-00001/work_dirs/local-exp00001/230814_1637_syn2cs_dacs_rcs001_cpl_maskrcnn_mitb5_poly10warm_s0_a7773/panoptic_eval/panop_eval_14-08-2023_16-37-19-921844/semantic/frankfurt_000000_001236_gtFine_panoptic.png
2023-08-14 16:40:08,383 - mmdet - INFO - File saved at: edaps_experiments/exp-00001/work_dirs/local-exp00001/230814_1637_syn2cs_dacs_rcs001_cpl_maskrcnn_mitb5_poly10warm_s0_a7773/panoptic_eval/panop_eval_14-08-2023_16-37-19-921844/panoptic/predictions/frankfurt_000000_001236_gtFine_panoptic.png
2023-08-14 16:40:08,385 - mmdet - INFO - [3/12]	Post-processing Time: 0.864s (0.826s)	
2023-08-14 16:40:09,178 - mmdet - INFO - File saved at: edaps_experiments/exp-00001/work_dirs/local-exp00001/230814_1637_syn2cs_dacs_rcs001_cpl_maskrcnn_mitb5_poly10warm_s0_a7773/panoptic_eval/panop_eval_14-08-2023_16-37-19-921844/semantic/frankfurt_000000_001751_gtFine_panoptic.png
2023-08-14 16:40:09,254 - mmdet - INFO - File saved at: edaps_experiments/exp-00001/work_dirs/local-exp00001/230814_1637_syn2cs_dacs_rcs001_cpl_maskrcnn_mitb5_poly10warm_s0_a7773/panoptic_eval/panop_eval_14-08-2023_16-37-19-921844/panoptic/predictions/frankfurt_000000_001751_gtFine_panoptic.png
2023-08-14 16:40:09,256 - mmdet - INFO - [4/12]	Post-processing Time: 0.871s (0.835s)	
2023-08-14 16:40:10,052 - mmdet - INFO - File saved at: edaps_experiments/exp-00001/work_dirs/local-exp00001/230814_1637_syn2cs_dacs_rcs001_cpl_maskrcnn_mitb5_poly10warm_s0_a7773/panoptic_eval/panop_eval_14-08-2023_16-37-19-921844/semantic/frankfurt_000000_002196_gtFine_panoptic.png
2023-08-14 16:40:10,131 - mmdet - INFO - File saved at: edaps_experiments/exp-00001/work_dirs/local-exp00001/230814_1637_syn2cs_dacs_rcs001_cpl_maskrcnn_mitb5_poly10warm_s0_a7773/panoptic_eval/panop_eval_14-08-2023_16-37-19-921844/panoptic/predictions/frankfurt_000000_002196_gtFine_panoptic.png
2023-08-14 16:40:10,134 - mmdet - INFO - [5/12]	Post-processing Time: 0.878s (0.842s)	
2023-08-14 16:40:10,933 - mmdet - INFO - File saved at: edaps_experiments/exp-00001/work_dirs/local-exp00001/230814_1637_syn2cs_dacs_rcs001_cpl_maskrcnn_mitb5_poly10warm_s0_a7773/panoptic_eval/panop_eval_14-08-2023_16-37-19-921844/semantic/frankfurt_000000_002963_gtFine_panoptic.png
2023-08-14 16:40:11,005 - mmdet - INFO - File saved at: edaps_experiments/exp-00001/work_dirs/local-exp00001/230814_1637_syn2cs_dacs_rcs001_cpl_maskrcnn_mitb5_poly10warm_s0_a7773/panoptic_eval/panop_eval_14-08-2023_16-37-19-921844/panoptic/predictions/frankfurt_000000_002963_gtFine_panoptic.png
2023-08-14 16:40:11,007 - mmdet - INFO - [6/12]	Post-processing Time: 0.873s (0.846s)	
2023-08-14 16:40:11,809 - mmdet - INFO - File saved at: edaps_experiments/exp-00001/work_dirs/local-exp00001/230814_1637_syn2cs_dacs_rcs001_cpl_maskrcnn_mitb5_poly10warm_s0_a7773/panoptic_eval/panop_eval_14-08-2023_16-37-19-921844/semantic/frankfurt_000000_003025_gtFine_panoptic.png
2023-08-14 16:40:11,884 - mmdet - INFO - File saved at: edaps_experiments/exp-00001/work_dirs/local-exp00001/230814_1637_syn2cs_dacs_rcs001_cpl_maskrcnn_mitb5_poly10warm_s0_a7773/panoptic_eval/panop_eval_14-08-2023_16-37-19-921844/panoptic/predictions/frankfurt_000000_003025_gtFine_panoptic.png
2023-08-14 16:40:11,886 - mmdet - INFO - [7/12]	Post-processing Time: 0.879s (0.850s)	
2023-08-14 16:40:12,667 - mmdet - INFO - File saved at: edaps_experiments/exp-00001/work_dirs/local-exp00001/230814_1637_syn2cs_dacs_rcs001_cpl_maskrcnn_mitb5_poly10warm_s0_a7773/panoptic_eval/panop_eval_14-08-2023_16-37-19-921844/semantic/frankfurt_000000_003357_gtFine_panoptic.png
2023-08-14 16:40:12,743 - mmdet - INFO - File saved at: edaps_experiments/exp-00001/work_dirs/local-exp00001/230814_1637_syn2cs_dacs_rcs001_cpl_maskrcnn_mitb5_poly10warm_s0_a7773/panoptic_eval/panop_eval_14-08-2023_16-37-19-921844/panoptic/predictions/frankfurt_000000_003357_gtFine_panoptic.png
2023-08-14 16:40:12,745 - mmdet - INFO - [8/12]	Post-processing Time: 0.859s (0.851s)	
2023-08-14 16:40:13,550 - mmdet - INFO - File saved at: edaps_experiments/exp-00001/work_dirs/local-exp00001/230814_1637_syn2cs_dacs_rcs001_cpl_maskrcnn_mitb5_poly10warm_s0_a7773/panoptic_eval/panop_eval_14-08-2023_16-37-19-921844/semantic/frankfurt_000000_003920_gtFine_panoptic.png
2023-08-14 16:40:13,624 - mmdet - INFO - File saved at: edaps_experiments/exp-00001/work_dirs/local-exp00001/230814_1637_syn2cs_dacs_rcs001_cpl_maskrcnn_mitb5_poly10warm_s0_a7773/panoptic_eval/panop_eval_14-08-2023_16-37-19-921844/panoptic/predictions/frankfurt_000000_003920_gtFine_panoptic.png
2023-08-14 16:40:13,627 - mmdet - INFO - [9/12]	Post-processing Time: 0.881s (0.854s)	
2023-08-14 16:40:14,471 - mmdet - INFO - File saved at: edaps_experiments/exp-00001/work_dirs/local-exp00001/230814_1637_syn2cs_dacs_rcs001_cpl_maskrcnn_mitb5_poly10warm_s0_a7773/panoptic_eval/panop_eval_14-08-2023_16-37-19-921844/semantic/frankfurt_000000_004617_gtFine_panoptic.png
2023-08-14 16:40:14,545 - mmdet - INFO - File saved at: edaps_experiments/exp-00001/work_dirs/local-exp00001/230814_1637_syn2cs_dacs_rcs001_cpl_maskrcnn_mitb5_poly10warm_s0_a7773/panoptic_eval/panop_eval_14-08-2023_16-37-19-921844/panoptic/predictions/frankfurt_000000_004617_gtFine_panoptic.png
2023-08-14 16:40:14,548 - mmdet - INFO - [10/12]	Post-processing Time: 0.921s (0.921s)	
2023-08-14 16:40:15,282 - mmdet - INFO - File saved at: edaps_experiments/exp-00001/work_dirs/local-exp00001/230814_1637_syn2cs_dacs_rcs001_cpl_maskrcnn_mitb5_poly10warm_s0_a7773/panoptic_eval/panop_eval_14-08-2023_16-37-19-921844/semantic/frankfurt_000000_005543_gtFine_panoptic.png
2023-08-14 16:40:15,358 - mmdet - INFO - File saved at: edaps_experiments/exp-00001/work_dirs/local-exp00001/230814_1637_syn2cs_dacs_rcs001_cpl_maskrcnn_mitb5_poly10warm_s0_a7773/panoptic_eval/panop_eval_14-08-2023_16-37-19-921844/panoptic/predictions/frankfurt_000000_005543_gtFine_panoptic.png
2023-08-14 16:40:15,360 - mmdet - INFO - [11/12]	Post-processing Time: 0.812s (0.866s)	
2023-08-14 16:40:15,360 - mmdet - INFO - Inference finished.
2023-08-14 16:40:15,360 - mmdet - INFO - Evaluating ...
2023-08-14 16:40:15,360 - mmdet - INFO - Evaluating results under edaps_experiments/exp-00001/work_dirs/local-exp00001/230814_1637_syn2cs_dacs_rcs001_cpl_maskrcnn_mitb5_poly10warm_s0_a7773/panoptic_eval/panop_eval_14-08-2023_16-37-19-921844/instance ...
2023-08-14 16:40:15,360 - mmdet - INFO - tools/panoptic_deeplab/eval/instance.py --> class CityscapesInstanceEvaluator: --> def evaluate()
2023-08-14 16:40:15,360 - mmdet - INFO - gt_dir: data/cityscapes/gtFine/val
2023-08-14 16:40:15,360 - mmdet - INFO - self.dataset_name: cityscapes
2023-08-14 16:40:15,366 - mmdet - INFO - len(groundTruthImgList)=500
2023-08-14 16:40:15,366 - mmdet - INFO - groundTruthImgList:
2023-08-14 16:40:15,491 - mmdet - INFO - predictionImgList:
2023-08-14 16:40:15,491 - mmdet - INFO - groundTruthImg: data/cityscapes/gtFine/val/frankfurt/frankfurt_000000_003025_gtFine_instanceIds.png
2023-08-14 16:40:15,491 - mmdet - INFO - predictionImg: /scratch_net/biwidl202/ppolydorou/project_edaps/edaps/edaps_experiments/exp-00001/work_dirs/local-exp00001/230814_1637_syn2cs_dacs_rcs001_cpl_maskrcnn_mitb5_poly10warm_s0_a7773/panoptic_eval/panop_eval_14-08-2023_16-37-19-921844/instance/frankfurt_000000_003025_gtFine_panoptic_pred.txt
2023-08-14 16:40:15,491 - mmdet - INFO - groundTruthImg: data/cityscapes/gtFine/val/frankfurt/frankfurt_000000_003357_gtFine_instanceIds.png
2023-08-14 16:40:15,492 - mmdet - INFO - predictionImg: /scratch_net/biwidl202/ppolydorou/project_edaps/edaps/edaps_experiments/exp-00001/work_dirs/local-exp00001/230814_1637_syn2cs_dacs_rcs001_cpl_maskrcnn_mitb5_poly10warm_s0_a7773/panoptic_eval/panop_eval_14-08-2023_16-37-19-921844/instance/frankfurt_000000_003357_gtFine_panoptic_pred.txt
2023-08-14 16:40:15,492 - mmdet - INFO - groundTruthImg: data/cityscapes/gtFine/val/frankfurt/frankfurt_000000_004617_gtFine_instanceIds.png
2023-08-14 16:40:15,492 - mmdet - INFO - predictionImg: /scratch_net/biwidl202/ppolydorou/project_edaps/edaps/edaps_experiments/exp-00001/work_dirs/local-exp00001/230814_1637_syn2cs_dacs_rcs001_cpl_maskrcnn_mitb5_poly10warm_s0_a7773/panoptic_eval/panop_eval_14-08-2023_16-37-19-921844/instance/frankfurt_000000_004617_gtFine_panoptic_pred.txt
2023-08-14 16:40:15,492 - mmdet - INFO - groundTruthImg: data/cityscapes/gtFine/val/frankfurt/frankfurt_000000_003920_gtFine_instanceIds.png
2023-08-14 16:40:15,492 - mmdet - INFO - predictionImg: /scratch_net/biwidl202/ppolydorou/project_edaps/edaps/edaps_experiments/exp-00001/work_dirs/local-exp00001/230814_1637_syn2cs_dacs_rcs001_cpl_maskrcnn_mitb5_poly10warm_s0_a7773/panoptic_eval/panop_eval_14-08-2023_16-37-19-921844/instance/frankfurt_000000_003920_gtFine_panoptic_pred.txt
2023-08-14 16:40:15,492 - mmdet - INFO - groundTruthImg: data/cityscapes/gtFine/val/frankfurt/frankfurt_000000_000294_gtFine_instanceIds.png
2023-08-14 16:40:15,492 - mmdet - INFO - predictionImg: /scratch_net/biwidl202/ppolydorou/project_edaps/edaps/edaps_experiments/exp-00001/work_dirs/local-exp00001/230814_1637_syn2cs_dacs_rcs001_cpl_maskrcnn_mitb5_poly10warm_s0_a7773/panoptic_eval/panop_eval_14-08-2023_16-37-19-921844/instance/frankfurt_000000_000294_gtFine_panoptic_pred.txt
2023-08-14 16:40:15,492 - mmdet - INFO - groundTruthImg: data/cityscapes/gtFine/val/frankfurt/frankfurt_000000_001236_gtFine_instanceIds.png
2023-08-14 16:40:15,492 - mmdet - INFO - predictionImg: /scratch_net/biwidl202/ppolydorou/project_edaps/edaps/edaps_experiments/exp-00001/work_dirs/local-exp00001/230814_1637_syn2cs_dacs_rcs001_cpl_maskrcnn_mitb5_poly10warm_s0_a7773/panoptic_eval/panop_eval_14-08-2023_16-37-19-921844/instance/frankfurt_000000_001236_gtFine_panoptic_pred.txt
2023-08-14 16:40:15,492 - mmdet - INFO - groundTruthImg: data/cityscapes/gtFine/val/frankfurt/frankfurt_000000_002196_gtFine_instanceIds.png
2023-08-14 16:40:15,492 - mmdet - INFO - predictionImg: /scratch_net/biwidl202/ppolydorou/project_edaps/edaps/edaps_experiments/exp-00001/work_dirs/local-exp00001/230814_1637_syn2cs_dacs_rcs001_cpl_maskrcnn_mitb5_poly10warm_s0_a7773/panoptic_eval/panop_eval_14-08-2023_16-37-19-921844/instance/frankfurt_000000_002196_gtFine_panoptic_pred.txt
2023-08-14 16:40:15,492 - mmdet - INFO - groundTruthImg: data/cityscapes/gtFine/val/frankfurt/frankfurt_000000_000576_gtFine_instanceIds.png
2023-08-14 16:40:15,492 - mmdet - INFO - predictionImg: /scratch_net/biwidl202/ppolydorou/project_edaps/edaps/edaps_experiments/exp-00001/work_dirs/local-exp00001/230814_1637_syn2cs_dacs_rcs001_cpl_maskrcnn_mitb5_poly10warm_s0_a7773/panoptic_eval/panop_eval_14-08-2023_16-37-19-921844/instance/frankfurt_000000_000576_gtFine_panoptic_pred.txt
2023-08-14 16:40:15,492 - mmdet - INFO - groundTruthImg: data/cityscapes/gtFine/val/frankfurt/frankfurt_000000_005543_gtFine_instanceIds.png
2023-08-14 16:40:15,492 - mmdet - INFO - predictionImg: /scratch_net/biwidl202/ppolydorou/project_edaps/edaps/edaps_experiments/exp-00001/work_dirs/local-exp00001/230814_1637_syn2cs_dacs_rcs001_cpl_maskrcnn_mitb5_poly10warm_s0_a7773/panoptic_eval/panop_eval_14-08-2023_16-37-19-921844/instance/frankfurt_000000_005543_gtFine_panoptic_pred.txt
2023-08-14 16:40:15,492 - mmdet - INFO - groundTruthImg: data/cityscapes/gtFine/val/frankfurt/frankfurt_000000_001016_gtFine_instanceIds.png
2023-08-14 16:40:15,492 - mmdet - INFO - predictionImg: /scratch_net/biwidl202/ppolydorou/project_edaps/edaps/edaps_experiments/exp-00001/work_dirs/local-exp00001/230814_1637_syn2cs_dacs_rcs001_cpl_maskrcnn_mitb5_poly10warm_s0_a7773/panoptic_eval/panop_eval_14-08-2023_16-37-19-921844/instance/frankfurt_000000_001016_gtFine_panoptic_pred.txt
2023-08-14 16:40:15,492 - mmdet - INFO - groundTruthImg: data/cityscapes/gtFine/val/frankfurt/frankfurt_000000_002963_gtFine_instanceIds.png
2023-08-14 16:40:15,492 - mmdet - INFO - predictionImg: /scratch_net/biwidl202/ppolydorou/project_edaps/edaps/edaps_experiments/exp-00001/work_dirs/local-exp00001/230814_1637_syn2cs_dacs_rcs001_cpl_maskrcnn_mitb5_poly10warm_s0_a7773/panoptic_eval/panop_eval_14-08-2023_16-37-19-921844/instance/frankfurt_000000_002963_gtFine_panoptic_pred.txt
2023-08-14 16:40:15,492 - mmdet - INFO - groundTruthImg: data/cityscapes/gtFine/val/frankfurt/frankfurt_000000_001751_gtFine_instanceIds.png
2023-08-14 16:40:15,492 - mmdet - INFO - predictionImg: /scratch_net/biwidl202/ppolydorou/project_edaps/edaps/edaps_experiments/exp-00001/work_dirs/local-exp00001/230814_1637_syn2cs_dacs_rcs001_cpl_maskrcnn_mitb5_poly10warm_s0_a7773/panoptic_eval/panop_eval_14-08-2023_16-37-19-921844/instance/frankfurt_000000_001751_gtFine_panoptic_pred.txt
2023-08-14 16:40:15,492 - mmdet - INFO - From def setInstanceLabels(args): --> cityscapesscripts/evaluation/evalInstanceLevelSemanticLabeling.py
2023-08-14 16:40:15,493 - mmdet - INFO - args.instLabels: ['person', 'rider', 'car', 'truck', 'bus', 'train', 'motorcycle', 'bicycle']
2023-08-14 16:40:15,493 - mmdet - INFO - Creating ground truth instances from png files.
####### eval_type=maskrcnn_panoptic #######
Processing 12 images...
Images Processed: 1 Images Processed: 2 Images Processed: 3 Images Processed: 4 Images Processed: 5 Images Processed: 6 Images Processed: 7 Images Processed: 8 Images Processed: 9 Images Processed: 10 Images Processed: 11 Images Processed: 12 2023-08-14 16:40:16,051 - mmdet - INFO - gtInstances key : /scratch_net/biwidl202/ppolydorou/project_edaps/edaps/data/cityscapes/gtFine/val/frankfurt/frankfurt_000000_003025_gtFine_instanceIds.png
2023-08-14 16:40:16,051 - mmdet - INFO - gtInstances key : /scratch_net/biwidl202/ppolydorou/project_edaps/edaps/data/cityscapes/gtFine/val/frankfurt/frankfurt_000000_003357_gtFine_instanceIds.png
2023-08-14 16:40:16,051 - mmdet - INFO - gtInstances key : /scratch_net/biwidl202/ppolydorou/project_edaps/edaps/data/cityscapes/gtFine/val/frankfurt/frankfurt_000000_004617_gtFine_instanceIds.png
2023-08-14 16:40:16,051 - mmdet - INFO - gtInstances key : /scratch_net/biwidl202/ppolydorou/project_edaps/edaps/data/cityscapes/gtFine/val/frankfurt/frankfurt_000000_003920_gtFine_instanceIds.png
2023-08-14 16:40:16,051 - mmdet - INFO - gtInstances key : /scratch_net/biwidl202/ppolydorou/project_edaps/edaps/data/cityscapes/gtFine/val/frankfurt/frankfurt_000000_000294_gtFine_instanceIds.png
2023-08-14 16:40:16,051 - mmdet - INFO - gtInstances key : /scratch_net/biwidl202/ppolydorou/project_edaps/edaps/data/cityscapes/gtFine/val/frankfurt/frankfurt_000000_001236_gtFine_instanceIds.png
2023-08-14 16:40:16,051 - mmdet - INFO - gtInstances key : /scratch_net/biwidl202/ppolydorou/project_edaps/edaps/data/cityscapes/gtFine/val/frankfurt/frankfurt_000000_002196_gtFine_instanceIds.png
2023-08-14 16:40:16,051 - mmdet - INFO - gtInstances key : /scratch_net/biwidl202/ppolydorou/project_edaps/edaps/data/cityscapes/gtFine/val/frankfurt/frankfurt_000000_000576_gtFine_instanceIds.png
2023-08-14 16:40:16,051 - mmdet - INFO - gtInstances key : /scratch_net/biwidl202/ppolydorou/project_edaps/edaps/data/cityscapes/gtFine/val/frankfurt/frankfurt_000000_005543_gtFine_instanceIds.png
2023-08-14 16:40:16,051 - mmdet - INFO - gtInstances key : /scratch_net/biwidl202/ppolydorou/project_edaps/edaps/data/cityscapes/gtFine/val/frankfurt/frankfurt_000000_001016_gtFine_instanceIds.png
2023-08-14 16:40:16,051 - mmdet - INFO - gtInstances key : /scratch_net/biwidl202/ppolydorou/project_edaps/edaps/data/cityscapes/gtFine/val/frankfurt/frankfurt_000000_002963_gtFine_instanceIds.png
2023-08-14 16:40:16,051 - mmdet - INFO - gtInstances key : /scratch_net/biwidl202/ppolydorou/project_edaps/edaps/data/cityscapes/gtFine/val/frankfurt/frankfurt_000000_001751_gtFine_instanceIds.png
2023-08-14 16:40:16,051 - mmdet - INFO - in def matchGtWithPreds() --> cityscapesscripts/evaluation/evalInstanceLevelSemanticLabeling.py : Matching 12 pairs of images...
2023-08-14 16:40:16,052 - mmdet - INFO - in debug mode downsample the Cityscapes GT labels to 512 x 1024 : From def readGTImage() --> cityscapesscripts/evaluation/evalInstanceLevelSemanticLabeling.py
2023-08-14 16:40:16,377 - mmdet - INFO - Images Processed: 1

2023-08-14 16:40:16,378 - mmdet - INFO - in debug mode downsample the Cityscapes GT labels to 512 x 1024 : From def readGTImage() --> cityscapesscripts/evaluation/evalInstanceLevelSemanticLabeling.py
2023-08-14 16:40:16,685 - mmdet - INFO - Images Processed: 2
2023-08-14 16:40:16,686 - mmdet - INFO - in debug mode downsample the Cityscapes GT labels to 512 x 1024 : From def readGTImage() --> cityscapesscripts/evaluation/evalInstanceLevelSemanticLabeling.py
2023-08-14 16:40:17,028 - mmdet - INFO - Images Processed: 3
2023-08-14 16:40:17,029 - mmdet - INFO - in debug mode downsample the Cityscapes GT labels to 512 x 1024 : From def readGTImage() --> cityscapesscripts/evaluation/evalInstanceLevelSemanticLabeling.py
2023-08-14 16:40:17,358 - mmdet - INFO - Images Processed: 4
2023-08-14 16:40:17,359 - mmdet - INFO - in debug mode downsample the Cityscapes GT labels to 512 x 1024 : From def readGTImage() --> cityscapesscripts/evaluation/evalInstanceLevelSemanticLabeling.py
2023-08-14 16:40:17,686 - mmdet - INFO - Images Processed: 5
2023-08-14 16:40:17,687 - mmdet - INFO - in debug mode downsample the Cityscapes GT labels to 512 x 1024 : From def readGTImage() --> cityscapesscripts/evaluation/evalInstanceLevelSemanticLabeling.py
2023-08-14 16:40:18,061 - mmdet - INFO - Images Processed: 6
2023-08-14 16:40:18,062 - mmdet - INFO - in debug mode downsample the Cityscapes GT labels to 512 x 1024 : From def readGTImage() --> cityscapesscripts/evaluation/evalInstanceLevelSemanticLabeling.py
2023-08-14 16:40:18,391 - mmdet - INFO - Images Processed: 7
2023-08-14 16:40:18,392 - mmdet - INFO - in debug mode downsample the Cityscapes GT labels to 512 x 1024 : From def readGTImage() --> cityscapesscripts/evaluation/evalInstanceLevelSemanticLabeling.py
2023-08-14 16:40:18,732 - mmdet - INFO - Images Processed: 8
2023-08-14 16:40:18,733 - mmdet - INFO - in debug mode downsample the Cityscapes GT labels to 512 x 1024 : From def readGTImage() --> cityscapesscripts/evaluation/evalInstanceLevelSemanticLabeling.py
2023-08-14 16:40:19,048 - mmdet - INFO - Images Processed: 9
2023-08-14 16:40:19,049 - mmdet - INFO - in debug mode downsample the Cityscapes GT labels to 512 x 1024 : From def readGTImage() --> cityscapesscripts/evaluation/evalInstanceLevelSemanticLabeling.py
2023-08-14 16:40:19,380 - mmdet - INFO - Images Processed: 10
2023-08-14 16:40:19,381 - mmdet - INFO - in debug mode downsample the Cityscapes GT labels to 512 x 1024 : From def readGTImage() --> cityscapesscripts/evaluation/evalInstanceLevelSemanticLabeling.py
2023-08-14 16:40:19,730 - mmdet - INFO - Images Processed: 11
2023-08-14 16:40:19,731 - mmdet - INFO - in debug mode downsample the Cityscapes GT labels to 512 x 1024 : From def readGTImage() --> cityscapesscripts/evaluation/evalInstanceLevelSemanticLabeling.py
2023-08-14 16:40:20,080 - mmdet - INFO - Images Processed: 12
2023-08-14 16:40:20,080 - mmdet - INFO - 
2023-08-14 16:40:20,124 - mmdet - INFO - From def evaluateMatches(matches, args): --> cityscapesscripts/evaluation/evalInstanceLevelSemanticLabeling.py
2023-08-14 16:40:20,125 - mmdet - INFO - args.instLabels: ['person', 'rider', 'car', 'truck', 'bus', 'train', 'motorcycle', 'bicycle']
2023-08-14 16:40:20,275 - mmdet - INFO - From def computeAverages(aps,args): --> cityscapesscripts/evaluation/evalInstanceLevelSemanticLabeling.py
2023-08-14 16:40:20,275 - mmdet - INFO - args.instLabels: ['person', 'rider', 'car', 'truck', 'bus', 'train', 'motorcycle', 'bicycle']
2023-08-14 16:40:20,276 - mmdet - INFO - From def prepareJSONDataForResults(avgDict, aps, args): --> cityscapesscripts/evaluation/evalInstanceLevelSemanticLabeling.py
2023-08-14 16:40:20,277 - mmdet - INFO - args.instLabels: ['person', 'rider', 'car', 'truck', 'bus', 'train', 'motorcycle', 'bicycle']
2023-08-14 16:40:20,277 - mmdet - INFO - From def printResults(avgDict, args): --> cityscapesscripts/evaluation/evalInstanceLevelSemanticLabeling.py
2023-08-14 16:40:20,277 - mmdet - INFO - args.instLabels: ['person', 'rider', 'car', 'truck', 'bus', 'train', 'motorcycle', 'bicycle']
2023-08-14 16:40:20,277 - mmdet - INFO - 
2023-08-14 16:40:20,277 - mmdet - INFO - ##################################################
2023-08-14 16:40:20,277 - mmdet - INFO - what           :             AP         AP_50%
2023-08-14 16:40:20,277 - mmdet - INFO - ##################################################
2023-08-14 16:40:20,277 - mmdet - INFO - person         :          0.000          0.000
2023-08-14 16:40:20,277 - mmdet - INFO - rider          :          0.000          0.000
2023-08-14 16:40:20,277 - mmdet - INFO - car            :          0.000          0.000
2023-08-14 16:40:20,277 - mmdet - INFO - truck          :          0.000          0.000
2023-08-14 16:40:20,277 - mmdet - INFO - bus            :          0.000          0.000
2023-08-14 16:40:20,277 - mmdet - INFO - train          :          0.000          0.000
2023-08-14 16:40:20,277 - mmdet - INFO - motorcycle     :          0.000          0.000
2023-08-14 16:40:20,277 - mmdet - INFO - bicycle        :          0.000          0.000
2023-08-14 16:40:20,277 - mmdet - INFO - --------------------------------------------------
2023-08-14 16:40:20,277 - mmdet - INFO - average        :          0.000          0.000
2023-08-14 16:40:20,277 - mmdet - INFO - 
2023-08-14 16:40:20,278 - mmdet - INFO - OrderedDict([('segm', {'AP': 0.0, 'AP50': 0.0})])
2023-08-14 16:40:20,368 - mmdet - INFO - Evaluation panoptic segmentation metrics:
2023-08-14 16:40:20,368 - mmdet - INFO - Ground truth:
2023-08-14 16:40:20,368 - mmdet - INFO - 	Segmentation folder: data/cityscapes/gtFine_panoptic/cityscapes_panoptic_val
2023-08-14 16:40:20,368 - mmdet - INFO - 	JSON file: data/cityscapes/gtFine_panoptic/cityscapes_panoptic_val.json
2023-08-14 16:40:20,368 - mmdet - INFO - Prediction:
2023-08-14 16:40:20,368 - mmdet - INFO - 	Segmentation folder: edaps_experiments/exp-00001/work_dirs/local-exp00001/230814_1637_syn2cs_dacs_rcs001_cpl_maskrcnn_mitb5_poly10warm_s0_a7773/panoptic_eval/panop_eval_14-08-2023_16-37-19-921844/panoptic/predictions
2023-08-14 16:40:20,368 - mmdet - INFO - 	JSON file: edaps_experiments/exp-00001/work_dirs/local-exp00001/230814_1637_syn2cs_dacs_rcs001_cpl_maskrcnn_mitb5_poly10warm_s0_a7773/panoptic_eval/panop_eval_14-08-2023_16-37-19-921844/panoptic/predictions.json
2023-08-14 16:40:21,096 - mmdet - INFO - Saving computed results in edaps_experiments/exp-00001/work_dirs/local-exp00001/230814_1637_syn2cs_dacs_rcs001_cpl_maskrcnn_mitb5_poly10warm_s0_a7773/panoptic_eval/panop_eval_14-08-2023_16-37-19-921844/panoptic/resultPanopticSemanticLabeling.json
2023-08-14 16:40:21,098 - mmdet - INFO - Category      |    PQ     SQ     RQ
2023-08-14 16:40:21,098 - mmdet - INFO - road          |   0.0    0.0    0.0
2023-08-14 16:40:21,098 - mmdet - INFO - sidewalk      |   0.0    0.0    0.0
2023-08-14 16:40:21,098 - mmdet - INFO - building      |   0.0    0.0    0.0
2023-08-14 16:40:21,098 - mmdet - INFO - wall          |   0.0    0.0    0.0
2023-08-14 16:40:21,098 - mmdet - INFO - fence         |   0.0    0.0    0.0
2023-08-14 16:40:21,098 - mmdet - INFO - pole          |   0.0    0.0    0.0
2023-08-14 16:40:21,098 - mmdet - INFO - traffic light |   0.0    0.0    0.0
2023-08-14 16:40:21,098 - mmdet - INFO - traffic sign  |   0.0    0.0    0.0
2023-08-14 16:40:21,098 - mmdet - INFO - vegetation    |   0.0    0.0    0.0
2023-08-14 16:40:21,098 - mmdet - INFO - terrain       |   0.0    0.0    0.0
2023-08-14 16:40:21,098 - mmdet - INFO - sky           |   0.0    0.0    0.0
2023-08-14 16:40:21,098 - mmdet - INFO - person        |   0.0    0.0    0.0
2023-08-14 16:40:21,098 - mmdet - INFO - rider         |   0.0    0.0    0.0
2023-08-14 16:40:21,099 - mmdet - INFO - car           |   0.0    0.0    0.0
2023-08-14 16:40:21,099 - mmdet - INFO - truck         |   0.0    0.0    0.0
2023-08-14 16:40:21,099 - mmdet - INFO - bus           |   0.0    0.0    0.0
2023-08-14 16:40:21,099 - mmdet - INFO - train         |   0.0    0.0    0.0
2023-08-14 16:40:21,099 - mmdet - INFO - motorcycle    |   0.0    0.0    0.0
2023-08-14 16:40:21,099 - mmdet - INFO - bicycle       |   0.0    0.0    0.0
2023-08-14 16:40:21,099 - mmdet - INFO - -----------------------------------------
2023-08-14 16:40:21,099 - mmdet - INFO -               |    PQ     SQ     RQ     N
2023-08-14 16:40:21,099 - mmdet - INFO - All           |   0.0    0.0    0.0    19
2023-08-14 16:40:21,099 - mmdet - INFO - Things        |   0.0    0.0    0.0     8
2023-08-14 16:40:21,099 - mmdet - INFO - Stuff         |   0.0    0.0    0.0    11
2023-08-14 16:40:21,099 - mmdet - INFO - Time elapsed: 0.77 seconds
2023-08-14 16:40:21,102 - mmdet - INFO - {'All': {'pq': 0.0, 'sq': 0.0, 'rq': 0.0, 'n': 19}, 'per_class': {7: {'pq': 0.0, 'sq': 0, 'rq': 0.0}, 8: {'pq': 0.0, 'sq': 0, 'rq': 0.0}, 11: {'pq': 0.0, 'sq': 0, 'rq': 0.0}, 12: {'pq': 0.0, 'sq': 0, 'rq': 0.0}, 13: {'pq': 0.0, 'sq': 0, 'rq': 0.0}, 17: {'pq': 0.0, 'sq': 0, 'rq': 0.0}, 19: {'pq': 0.0, 'sq': 0, 'rq': 0.0}, 20: {'pq': 0.0, 'sq': 0, 'rq': 0.0}, 21: {'pq': 0.0, 'sq': 0, 'rq': 0.0}, 22: {'pq': 0.0, 'sq': 0, 'rq': 0.0}, 23: {'pq': 0.0, 'sq': 0, 'rq': 0.0}, 24: {'pq': 0.0, 'sq': 0, 'rq': 0.0}, 25: {'pq': 0.0, 'sq': 0, 'rq': 0.0}, 26: {'pq': 0.0, 'sq': 0, 'rq': 0.0}, 27: {'pq': 0.0, 'sq': 0, 'rq': 0.0}, 28: {'pq': 0.0, 'sq': 0, 'rq': 0.0}, 31: {'pq': 0.0, 'sq': 0, 'rq': 0.0}, 32: {'pq': 0.0, 'sq': 0, 'rq': 0.0}, 33: {'pq': 0.0, 'sq': 0, 'rq': 0.0}}, 'Things': {'pq': 0.0, 'sq': 0.0, 'rq': 0.0, 'n': 8}, 'Stuff': {'pq': 0.0, 'sq': 0.0, 'rq': 0.0, 'n': 11}}
2023-08-14 16:40:21,102 - mmdet - INFO - {'All': {'pq': 0.0, 'sq': 0.0, 'rq': 0.0, 'n': 19}, 'per_class': {7: {'pq': 0.0, 'sq': 0, 'rq': 0.0}, 8: {'pq': 0.0, 'sq': 0, 'rq': 0.0}, 11: {'pq': 0.0, 'sq': 0, 'rq': 0.0}, 12: {'pq': 0.0, 'sq': 0, 'rq': 0.0}, 13: {'pq': 0.0, 'sq': 0, 'rq': 0.0}, 17: {'pq': 0.0, 'sq': 0, 'rq': 0.0}, 19: {'pq': 0.0, 'sq': 0, 'rq': 0.0}, 20: {'pq': 0.0, 'sq': 0, 'rq': 0.0}, 21: {'pq': 0.0, 'sq': 0, 'rq': 0.0}, 22: {'pq': 0.0, 'sq': 0, 'rq': 0.0}, 23: {'pq': 0.0, 'sq': 0, 'rq': 0.0}, 24: {'pq': 0.0, 'sq': 0, 'rq': 0.0}, 25: {'pq': 0.0, 'sq': 0, 'rq': 0.0}, 26: {'pq': 0.0, 'sq': 0, 'rq': 0.0}, 27: {'pq': 0.0, 'sq': 0, 'rq': 0.0}, 28: {'pq': 0.0, 'sq': 0, 'rq': 0.0}, 31: {'pq': 0.0, 'sq': 0, 'rq': 0.0}, 32: {'pq': 0.0, 'sq': 0, 'rq': 0.0}, 33: {'pq': 0.0, 'sq': 0, 'rq': 0.0}}, 'Things': {'pq': 0.0, 'sq': 0.0, 'rq': 0.0, 'n': 8}, 'Stuff': {'pq': 0.0, 'sq': 0.0, 'rq': 0.0, 'n': 11}}
2023-08-14 16:40:21,103 - mmdet - INFO - OrderedDict([('sem_seg', {'classIoU': array([0.        , 0.18757327, 2.96791464, 0.        , 0.39624198,
       0.02147987, 0.        , 0.15952079, 0.        , 0.        ,
       0.53598794, 0.        , 0.        , 0.        , 0.33528033,
       0.34897305, 2.38056055, 0.        , 0.        ]), 'mIoU': 0.38597538972874046, 'fwIoU': 0.6495702489191024, 'mACC': 7.122262567072328, 'pACC': 1.1789033425587274})])
2023-08-14 16:40:21,103 - mmdet - INFO - END: panoptic evaluation !
2023-08-14 16:40:21,103 - mmdet - INFO - *** BEST mIoU: 0.38597538972874046 ***
2023-08-14 16:40:21,103 - mmdet - INFO - *** Corresponding PQ: 0.0 ***
2023-08-14 16:40:21,859 - mmdet - INFO - executing : rm -r edaps_experiments/exp-00001/work_dirs/local-exp00001/230814_1637_syn2cs_dacs_rcs001_cpl_maskrcnn_mitb5_poly10warm_s0_a7773/panoptic_eval/panop_eval_14-08-2023_16-37-19-921844/instance
2023-08-14 16:40:21,988 - mmdet - INFO - executing : rm -r edaps_experiments/exp-00001/work_dirs/local-exp00001/230814_1637_syn2cs_dacs_rcs001_cpl_maskrcnn_mitb5_poly10warm_s0_a7773/panoptic_eval/panop_eval_14-08-2023_16-37-19-921844/semantic
2023-08-14 16:40:22,119 - mmdet - INFO - executing : rm -r edaps_experiments/exp-00001/work_dirs/local-exp00001/230814_1637_syn2cs_dacs_rcs001_cpl_maskrcnn_mitb5_poly10warm_s0_a7773/panoptic_eval/panop_eval_14-08-2023_16-37-19-921844/panoptic/predictions
2023-08-14 16:40:22,120 - mmdet - INFO - mask_score_th:
2023-08-14 16:40:22,120 - mmdet - INFO - 0.95
2023-08-14 16:40:22,120 - mmdet - INFO - Removing the intermediate results and keeping the final eval json files ...
2023-08-14 16:40:22,135 - mmdet - INFO - Iter(val) [12]	instance_eval: OrderedDict([('segm', {'AP': 0.0, 'AP50': 0.0})]), panoptic_eval: {'All': {'pq': 0.0, 'sq': 0.0, 'rq': 0.0, 'n': 19}, 'per_class': {7: {'pq': 0.0, 'sq': 0, 'rq': 0.0}, 8: {'pq': 0.0, 'sq': 0, 'rq': 0.0}, 11: {'pq': 0.0, 'sq': 0, 'rq': 0.0}, 12: {'pq': 0.0, 'sq': 0, 'rq': 0.0}, 13: {'pq': 0.0, 'sq': 0, 'rq': 0.0}, 17: {'pq': 0.0, 'sq': 0, 'rq': 0.0}, 19: {'pq': 0.0, 'sq': 0, 'rq': 0.0}, 20: {'pq': 0.0, 'sq': 0, 'rq': 0.0}, 21: {'pq': 0.0, 'sq': 0, 'rq': 0.0}, 22: {'pq': 0.0, 'sq': 0, 'rq': 0.0}, 23: {'pq': 0.0, 'sq': 0, 'rq': 0.0}, 24: {'pq': 0.0, 'sq': 0, 'rq': 0.0}, 25: {'pq': 0.0, 'sq': 0, 'rq': 0.0}, 26: {'pq': 0.0, 'sq': 0, 'rq': 0.0}, 27: {'pq': 0.0, 'sq': 0, 'rq': 0.0}, 28: {'pq': 0.0, 'sq': 0, 'rq': 0.0}, 31: {'pq': 0.0, 'sq': 0, 'rq': 0.0}, 32: {'pq': 0.0, 'sq': 0, 'rq': 0.0}, 33: {'pq': 0.0, 'sq': 0, 'rq': 0.0}}, 'Things': {'pq': 0.0, 'sq': 0.0, 'rq': 0.0, 'n': 8}, 'Stuff': {'pq': 0.0, 'sq': 0.0, 'rq': 0.0, 'n': 11}}, semantic_eval: OrderedDict([('sem_seg', {'classIoU': array([0.        , 0.18757327, 2.96791464, 0.        , 0.39624198,
       0.02147987, 0.        , 0.15952079, 0.        , 0.        ,
       0.53598794, 0.        , 0.        , 0.        , 0.33528033,
       0.34897305, 2.38056055, 0.        , 0.        ]), 'mIoU': 0.38597538972874046, 'fwIoU': 0.6495702489191024, 'mACC': 7.122262567072328, 'pACC': 1.1789033425587274})])
