Running on node: biwirender13
In directory: /scratch_net/biwidl202/ppolydorou/project_edaps/edaps
Starting on: Wed Nov 22 01:33:27 CET 2023
Number of CPUs available: 5
SLURM_JOB_ID: 765538
CUDA_VISIBLE_DEVICES: 0
/scratch_net/biwidl202/ppolydorou/project_edaps/edaps/mmdet/utils/setup_env.py:48: UserWarning: Setting MKL_NUM_THREADS environment variable for each process to be 1 in default, to avoid your system being overloaded, please further tune the variable for optimal performance in your application as needed.
  warnings.warn(
2023-11-22 01:33:32,830 - mmdet - INFO - Environment info:
------------------------------------------------------------
sys.platform: linux
Python: 3.8.5 (default, Sep  4 2020, 07:30:14) [GCC 7.3.0]
CUDA available: True
GPU 0: NVIDIA TITAN Xp COLLECTORS EDITION
CUDA_HOME: /usr
NVCC: Cuda compilation tools, release 11.2, V11.2.152
GCC: gcc (Debian 8.3.0-6) 8.3.0
PyTorch: 1.7.1
PyTorch compiling details: PyTorch built with:
  - GCC 7.3
  - C++ Version: 201402
  - Intel(R) oneAPI Math Kernel Library Version 2021.4-Product Build 20210904 for Intel(R) 64 architecture applications
  - Intel(R) MKL-DNN v1.6.0 (Git Hash 5ef631a030a6f73131c77892041042805a06064f)
  - OpenMP 201511 (a.k.a. OpenMP 4.5)
  - NNPACK is enabled
  - CPU capability usage: AVX2
  - CUDA Runtime 11.0
  - NVCC architecture flags: -gencode;arch=compute_37,code=sm_37;-gencode;arch=compute_50,code=sm_50;-gencode;arch=compute_60,code=sm_60;-gencode;arch=compute_61,code=sm_61;-gencode;arch=compute_70,code=sm_70;-gencode;arch=compute_75,code=sm_75;-gencode;arch=compute_80,code=sm_80;-gencode;arch=compute_37,code=compute_37
  - CuDNN 8.0.5
  - Magma 2.5.2
  - Build settings: BLAS=MKL, BUILD_TYPE=Release, CXX_FLAGS= -Wno-deprecated -fvisibility-inlines-hidden -DUSE_PTHREADPOOL -fopenmp -DNDEBUG -DUSE_FBGEMM -DUSE_QNNPACK -DUSE_PYTORCH_QNNPACK -DUSE_XNNPACK -DUSE_VULKAN_WRAPPER -O2 -fPIC -Wno-narrowing -Wall -Wextra -Werror=return-type -Wno-missing-field-initializers -Wno-type-limits -Wno-array-bounds -Wno-unknown-pragmas -Wno-sign-compare -Wno-unused-parameter -Wno-unused-variable -Wno-unused-function -Wno-unused-result -Wno-unused-local-typedefs -Wno-strict-overflow -Wno-strict-aliasing -Wno-error=deprecated-declarations -Wno-stringop-overflow -Wno-psabi -Wno-error=pedantic -Wno-error=redundant-decls -Wno-error=old-style-cast -fdiagnostics-color=always -faligned-new -Wno-unused-but-set-variable -Wno-maybe-uninitialized -fno-math-errno -fno-trapping-math -Werror=format -Wno-stringop-overflow, PERF_WITH_AVX=1, PERF_WITH_AVX2=1, PERF_WITH_AVX512=1, USE_CUDA=ON, USE_EXCEPTION_PTR=1, USE_GFLAGS=OFF, USE_GLOG=OFF, USE_MKL=ON, USE_MKLDNN=ON, USE_MPI=OFF, USE_NCCL=ON, USE_NNPACK=ON, USE_OPENMP=ON, 

TorchVision: 0.8.2
OpenCV: 4.8.0
MMCV: 1.6.1
MMCV Compiler: GCC 7.3
MMCV CUDA Compiler: 11.0
MMDetection: 2.25.1+ef53aeb
------------------------------------------------------------

2023-11-22 01:33:34,401 - mmdet - INFO - Distributed training: False
2023-11-22 01:33:35,972 - mmdet - INFO - Config:
checkpoint_config = dict(interval=5000, by_epoch=False, max_keep_ckpts=1)
log_config = dict(interval=50, hooks=[dict(type='TextLoggerHook')])
custom_hooks = [dict(type='NumClassCheckHook')]
dist_params = dict(backend='nccl')
log_level = 'INFO'
load_from = None
resume_from = None
workflow = [('train', 1)]
opencv_num_threads = 0
mp_start_method = 'fork'
num_instance_classes = 8
norm_cfg = dict(type='BN', requires_grad=True)
find_unused_parameters = True
maskrcnn_losses_weights = 1.0
model = dict(
    type='MaskRCNNPanoptic',
    pretrained='pretrained/mit_b5.pth',
    backbone=dict(type='mit_b5', style='pytorch'),
    use_neck_feat_for_decode_head=False,
    decode_head=dict(
        type='DAFormerHead',
        in_channels=[64, 128, 320, 512],
        in_index=[0, 1, 2, 3],
        channels=256,
        dropout_ratio=0.1,
        num_classes=19,
        norm_cfg=dict(type='BN', requires_grad=True),
        align_corners=False,
        decoder_params=dict(
            embed_dims=256,
            embed_cfg=dict(type='mlp', act_cfg=None, norm_cfg=None),
            embed_neck_cfg=dict(type='mlp', act_cfg=None, norm_cfg=None),
            fusion_cfg=dict(
                type='aspp',
                sep=True,
                dilations=(1, 6, 12, 18),
                pool=False,
                act_cfg=dict(type='ReLU'),
                norm_cfg=dict(type='BN', requires_grad=True))),
        loss_decode=dict(
            type='CrossEntropyLossMmseg', use_sigmoid=False, loss_weight=1.0)),
    neck=dict(
        type='FPN',
        in_channels=[64, 128, 320, 512],
        out_channels=256,
        num_outs=5),
    rpn_head=dict(
        type='RPNHead',
        in_channels=256,
        feat_channels=256,
        anchor_generator=dict(
            type='AnchorGenerator',
            scales=[8],
            ratios=[0.5, 1.0, 2.0],
            strides=[4, 8, 16, 32, 64]),
        bbox_coder=dict(
            type='DeltaXYWHBBoxCoder',
            target_means=[0.0, 0.0, 0.0, 0.0],
            target_stds=[1.0, 1.0, 1.0, 1.0]),
        loss_cls=dict(
            type='CrossEntropyLoss', use_sigmoid=True, loss_weight=1.0),
        loss_bbox=dict(type='L1Loss', loss_weight=1.0)),
    roi_head=dict(
        type='StandardRoIHead',
        bbox_roi_extractor=dict(
            type='SingleRoIExtractor',
            roi_layer=dict(type='RoIAlign', output_size=7, sampling_ratio=0),
            out_channels=256,
            featmap_strides=[4, 8, 16, 32]),
        bbox_head=dict(
            type='Shared2FCBBoxHead',
            in_channels=256,
            fc_out_channels=1024,
            roi_feat_size=7,
            num_classes=8,
            bbox_coder=dict(
                type='DeltaXYWHBBoxCoder',
                target_means=[0.0, 0.0, 0.0, 0.0],
                target_stds=[0.1, 0.1, 0.2, 0.2]),
            reg_class_agnostic=False,
            loss_cls=dict(
                type='CrossEntropyLoss', use_sigmoid=False, loss_weight=1.0),
            loss_bbox=dict(type='L1Loss', loss_weight=1.0)),
        mask_roi_extractor=dict(
            type='SingleRoIExtractor',
            roi_layer=dict(type='RoIAlign', output_size=14, sampling_ratio=0),
            out_channels=256,
            featmap_strides=[4, 8, 16, 32]),
        mask_head=dict(
            type='FCNMaskHead',
            num_convs=4,
            in_channels=256,
            conv_out_channels=256,
            num_classes=8,
            loss_mask=dict(
                type='CrossEntropyLoss', use_mask=True, loss_weight=1.0))),
    train_cfg=dict(
        rpn=dict(
            assigner=dict(
                type='MaxIoUAssigner',
                pos_iou_thr=0.7,
                neg_iou_thr=0.3,
                min_pos_iou=0.3,
                match_low_quality=True,
                ignore_iof_thr=-1),
            sampler=dict(
                type='RandomSampler',
                num=256,
                pos_fraction=0.5,
                neg_pos_ub=-1,
                add_gt_as_proposals=False),
            allowed_border=-1,
            pos_weight=-1,
            debug=False),
        rpn_proposal=dict(
            nms_pre=2000,
            max_per_img=1000,
            nms=dict(type='nms', iou_threshold=0.7),
            min_bbox_size=0),
        rcnn=dict(
            assigner=dict(
                type='MaxIoUAssigner',
                pos_iou_thr=0.5,
                neg_iou_thr=0.5,
                min_pos_iou=0.5,
                match_low_quality=True,
                ignore_iof_thr=-1),
            sampler=dict(
                type='RandomSampler',
                num=512,
                pos_fraction=0.25,
                neg_pos_ub=-1,
                add_gt_as_proposals=True),
            mask_size=28,
            pos_weight=-1,
            debug=False),
        work_dir=
        'edaps_experiments/exp-00001/work_dirs/local-exp00001/231122_0133_syn2cs_dacs_rcs001_cpl_maskrcnn_mitb5_poly10warm_s0_18c2e'
    ),
    test_cfg=dict(
        mode='whole',
        rpn=dict(
            nms_pre=1000,
            max_per_img=1000,
            nms=dict(type='nms', iou_threshold=0.7),
            min_bbox_size=0),
        rcnn=dict(
            score_thr=0.05,
            nms=dict(type='nms', iou_threshold=0.5),
            max_per_img=100,
            mask_thr_binary=0.5)))
dataset_type = 'CityscapesDataset'
data_root = 'data/cityscapes/'
img_norm_cfg = dict(
    mean=[123.675, 116.28, 103.53], std=[58.395, 57.12, 57.375], to_rgb=True)
crop_size = (256, 256)
num_classes = 19
synthia_train_pipeline = [
    dict(type='LoadImageFromFile'),
    dict(type='LoadPanopticAnnotations'),
    dict(type='Resize', img_scale=(1280, 760)),
    dict(type='RandomCrop', crop_size=(256, 256), cat_max_ratio=0.75),
    dict(type='RandomFlip', prob=0.5),
    dict(
        type='GenPanopLabelsForMaskFormer',
        sigma=8,
        mode='train',
        num_classes=19,
        gen_instance_classids_from_zero=True),
    dict(
        type='Normalize',
        mean=[123.675, 116.28, 103.53],
        std=[58.395, 57.12, 57.375],
        to_rgb=True),
    dict(type='DefaultFormatBundleMmdet'),
    dict(
        type='Collect',
        keys=[
            'img', 'gt_bboxes', 'gt_labels', 'gt_masks', 'gt_semantic_seg',
            'gt_panoptic_only_thing_classes', 'max_inst_per_class',
            'panoptic_labels_list', 'unique_labels_list', 'indices_list'
        ])
]
cityscapes_train_pipeline = [
    dict(type='LoadImageFromFile'),
    dict(type='Resize', img_scale=(1024, 512)),
    dict(type='RandomCrop', crop_size=(256, 256)),
    dict(type='RandomFlip', prob=0.5),
    dict(
        type='Normalize',
        mean=[123.675, 116.28, 103.53],
        std=[58.395, 57.12, 57.375],
        to_rgb=True),
    dict(type='DefaultFormatBundleMmdet'),
    dict(type='Collect', keys=['img'])
]
test_pipeline = [
    dict(type='LoadImageFromFile'),
    dict(
        type='MultiScaleFlipAug',
        img_scale=(2048, 1024),
        flip=False,
        transforms=[
            dict(type='Resize', keep_ratio=True),
            dict(type='RandomFlip'),
            dict(
                type='Normalize',
                mean=[123.675, 116.28, 103.53],
                std=[58.395, 57.12, 57.375],
                to_rgb=True),
            dict(type='ImageToTensor', keys=['img']),
            dict(type='Collect', keys=['img'])
        ])
]
data = dict(
    samples_per_gpu=1,
    workers_per_gpu=4,
    train=dict(
        type='UDADataset',
        source=dict(
            type='SynthiaDataset',
            data_root='data/synthia/',
            img_dir='RGB',
            depth_dir='',
            ann_dir='panoptic-labels-crowdth-0-for-daformer/synthia_panoptic',
            pipeline=[
                dict(type='LoadImageFromFile'),
                dict(type='LoadPanopticAnnotations'),
                dict(type='Resize', img_scale=(1280, 760)),
                dict(
                    type='RandomCrop',
                    crop_size=(256, 256),
                    cat_max_ratio=0.75),
                dict(type='RandomFlip', prob=0.5),
                dict(
                    type='GenPanopLabelsForMaskFormer',
                    sigma=8,
                    mode='train',
                    num_classes=19,
                    gen_instance_classids_from_zero=True),
                dict(
                    type='Normalize',
                    mean=[123.675, 116.28, 103.53],
                    std=[58.395, 57.12, 57.375],
                    to_rgb=True),
                dict(type='DefaultFormatBundleMmdet'),
                dict(
                    type='Collect',
                    keys=[
                        'img', 'gt_bboxes', 'gt_labels', 'gt_masks',
                        'gt_semantic_seg', 'gt_panoptic_only_thing_classes',
                        'max_inst_per_class', 'panoptic_labels_list',
                        'unique_labels_list', 'indices_list'
                    ])
            ]),
        target=dict(
            type='CityscapesDataset',
            data_root='data/cityscapes/',
            img_dir='leftImg8bit/train',
            depth_dir='',
            ann_dir='gtFine_panoptic/cityscapes_panoptic_train_trainId',
            pipeline=[
                dict(type='LoadImageFromFile'),
                dict(type='Resize', img_scale=(1024, 512)),
                dict(type='RandomCrop', crop_size=(256, 256)),
                dict(type='RandomFlip', prob=0.5),
                dict(
                    type='Normalize',
                    mean=[123.675, 116.28, 103.53],
                    std=[58.395, 57.12, 57.375],
                    to_rgb=True),
                dict(type='DefaultFormatBundleMmdet'),
                dict(type='Collect', keys=['img'])
            ]),
        rare_class_sampling=dict(
            min_pixels=3000, class_temp=0.01, min_crop_ratio=0.5)),
    val=dict(
        type='CityscapesDataset',
        data_root='data/cityscapes',
        img_dir='leftImg8bit/val',
        depth_dir='',
        ann_dir='gtFine_panoptic/cityscapes_panoptic_val',
        pipeline=[
            dict(type='LoadImageFromFile'),
            dict(
                type='MultiScaleFlipAug',
                img_scale=(2048, 1024),
                flip=False,
                transforms=[
                    dict(type='Resize', keep_ratio=True),
                    dict(type='RandomFlip'),
                    dict(
                        type='Normalize',
                        mean=[123.675, 116.28, 103.53],
                        std=[58.395, 57.12, 57.375],
                        to_rgb=True),
                    dict(type='ImageToTensor', keys=['img']),
                    dict(type='Collect', keys=['img'])
                ])
        ]),
    test=dict(
        type='CityscapesDataset',
        data_root='data/cityscapes/',
        img_dir='leftImg8bit/val',
        depth_dir='',
        ann_dir='gtFine_panoptic/cityscapes_panoptic_val',
        pipeline=[
            dict(type='LoadImageFromFile'),
            dict(
                type='MultiScaleFlipAug',
                img_scale=(2048, 1024),
                flip=False,
                transforms=[
                    dict(type='Resize', keep_ratio=True),
                    dict(type='RandomFlip'),
                    dict(
                        type='Normalize',
                        mean=[123.675, 116.28, 103.53],
                        std=[58.395, 57.12, 57.375],
                        to_rgb=True),
                    dict(type='ImageToTensor', keys=['img']),
                    dict(type='Collect', keys=['img'])
                ])
        ]))
uda = dict(
    type='DACS',
    alpha=0.999,
    pseudo_threshold=0.968,
    pseudo_weight_ignore_top=15,
    pseudo_weight_ignore_bottom=120,
    imnet_feature_dist_lambda=0.005,
    imnet_feature_dist_classes=[6, 7, 11, 12, 13, 14, 15, 16, 17, 18],
    imnet_feature_dist_scale_min_ratio=0.75,
    mix='class',
    blur=True,
    color_jitter_strength=0.2,
    color_jitter_probability=0.2,
    debug_img_interval=5000,
    print_grad_magnitude=False,
    share_src_backward=True,
    disable_mix_masks=False)
use_ddp_wrapper = True
optimizer = dict(
    type='AdamW',
    lr=6e-05,
    betas=(0.9, 0.999),
    weight_decay=0.01,
    paramwise_cfg=dict(
        custom_keys=dict(
            neck=dict(lr_mult=10.0),
            head=dict(lr_mult=10.0),
            pos_block=dict(decay_mult=0.0),
            norm=dict(decay_mult=0.0))))
optimizer_config = None
lr_config = dict(
    policy='poly',
    warmup='linear',
    warmup_iters=1500,
    warmup_ratio=1e-06,
    power=1.0,
    min_lr=0.0,
    by_epoch=False)
debug = False
n_gpus = 1
gpu_mtotal = 23000
total_train_time = '24:00:00'
n_cpus = 16
mem_per_cpu = 16000
machine = 'local'
only_eval = False
only_train = False
activate_auto_scale_lr = False
auto_scale_lr = dict(enable=False, base_batch_size=16)
print_layer_wise_lr = False
file_sys = 'Slurm'
launcher = None
generate_only_visuals_without_eval = False
dump_predictions_to_disk = False
evaluate_from_saved_png_predictions = False
panop_eval_temp_folder_previous = None
exp_sub = 'exp-00001'
exp_root = 'edaps_experiments'
seed = 0
evaluation = dict(
    interval=20000,
    metric=['mIoU', 'mPQ', 'mAP'],
    eval_type='maskrcnn_panoptic',
    dataset_name='cityscapes',
    gt_dir='data/cityscapes/gtFine/val',
    gt_dir_panop='data/cityscapes/gtFine_panoptic',
    num_samples_debug=12,
    post_proccess_params=dict(
        num_classes=19,
        ignore_label=255,
        mapillary_dataloading_style='OURS',
        label_divisor=1000,
        train_id_to_eval_id=[
            7, 8, 11, 12, 13, 17, 19, 20, 21, 22, 23, 24, 25, 26, 27, 28, 31,
            32, 33, 0
        ],
        thing_list=[11, 12, 13, 14, 15, 16, 17, 18],
        mask_score_threshold=0.95,
        debug=False,
        dump_semantic_pred_as_numpy_array=False,
        load_semantic_pred_as_numpy_array=False,
        semantic_pred_numpy_array_location=None,
        use_semantic_decoder_for_instance_labeling=False,
        use_semantic_decoder_for_panoptic_labeling=False,
        nms_th=None,
        intersec_th=None,
        upsnet_mask_pruning=False,
        generate_thing_cls_panoptic_from_instance_pred=False),
    visuals_pan_eval=False,
    evalScale=None,
    evaluate_from_saved_numpy_predictions=False,
    evaluate_from_saved_png_predictions=False,
    panop_eval_folder=
    'edaps_experiments/exp-00001/work_dirs/local-exp00001/231122_0133_syn2cs_dacs_rcs001_cpl_maskrcnn_mitb5_poly10warm_s0_18c2e/panoptic_eval',
    panop_eval_temp_folder=
    'edaps_experiments/exp-00001/work_dirs/local-exp00001/231122_0133_syn2cs_dacs_rcs001_cpl_maskrcnn_mitb5_poly10warm_s0_18c2e/panoptic_eval/panop_eval_22-11-2023_01-33-32-734082',
    debug=False,
    out_dir=
    'edaps_experiments/exp-00001/work_dirs/local-exp00001/231122_0133_syn2cs_dacs_rcs001_cpl_maskrcnn_mitb5_poly10warm_s0_18c2e/panoptic_eval/panop_eval_22-11-2023_01-33-32-734082/visuals'
)
runner = dict(type='IterBasedRunner', max_iters=20000)
name = '231122_0133_syn2cs_dacs_rcs001_cpl_maskrcnn_mitb5_poly10warm_s0_18c2e'
exp = 1
name_dataset = 'synthia2cityscapes'
name_architecture = 'maskrcnn_mitb5'
name_encoder = 'mitb5'
name_decoder = 'maskrcnn'
name_uda = 'dacs_rcs0.01_cpl'
name_opt = 'adamw_6e-05_pmTrue_poly10warm_1x1_20k'
work_dir = 'edaps_experiments/exp-00001/work_dirs/local-exp00001/231122_0133_syn2cs_dacs_rcs001_cpl_maskrcnn_mitb5_poly10warm_s0_18c2e'
git_rev = 'ef53aebcba7f5c80ce917f39a0715d6ac5260c7c'
auto_resume = False
gpu_ids = [0]

2023-11-22 01:33:35,973 - mmdet - INFO - Set random seed to 0, deterministic: False
2023-11-22 01:33:35,973 - mmdet - INFO - DEBUG - PETROS 14-08-2023 - BEFORE MODEL BUILD
/scratch_net/biwidl202/ppolydorou/project_edaps/edaps/mmdet/models/detectors/two_stage.py:29: UserWarning: DeprecationWarning: pretrained is deprecated, please use "init_cfg" instead
  warnings.warn('DeprecationWarning: pretrained is deprecated, '
/scratch_net/biwidl202/ppolydorou/project_edaps/edaps/mmdet/models/backbones/mix_transformer.py:215: UserWarning: DeprecationWarning: pretrained is a deprecated, please use "init_cfg" instead
  warnings.warn('DeprecationWarning: pretrained is a deprecated, please use "init_cfg" instead')
2023-11-22 01:33:39,896 - mmdet - INFO - Load mit checkpoint.
2023-11-22 01:33:39,897 - mmdet - INFO - load checkpoint from local path: pretrained/mit_b5.pth
2023-11-22 01:33:40,332 - mmdet - INFO - initialize FPN with init_cfg {'type': 'Xavier', 'layer': 'Conv2d', 'distribution': 'uniform'}
2023-11-22 01:33:40,355 - mmdet - INFO - initialize RPNHead with init_cfg {'type': 'Normal', 'layer': 'Conv2d', 'std': 0.01}
2023-11-22 01:33:40,363 - mmdet - INFO - initialize Shared2FCBBoxHead with init_cfg [{'type': 'Normal', 'std': 0.01, 'override': {'name': 'fc_cls'}}, {'type': 'Normal', 'std': 0.001, 'override': {'name': 'fc_reg'}}, {'type': 'Xavier', 'distribution': 'uniform', 'override': [{'name': 'shared_fcs'}, {'name': 'cls_fcs'}, {'name': 'reg_fcs'}]}]
2023-11-22 01:33:40,490 - mmdet - INFO - initialize DAFormerHead with init_cfg {'type': 'Normal', 'std': 0.01, 'override': {'name': 'conv_seg'}}
2023-11-22 01:33:40,561 - mmdet - INFO - Load mit checkpoint.
2023-11-22 01:33:40,562 - mmdet - INFO - load checkpoint from local path: pretrained/mit_b5.pth
2023-11-22 01:33:40,933 - mmdet - INFO - initialize FPN with init_cfg {'type': 'Xavier', 'layer': 'Conv2d', 'distribution': 'uniform'}
2023-11-22 01:33:40,958 - mmdet - INFO - initialize RPNHead with init_cfg {'type': 'Normal', 'layer': 'Conv2d', 'std': 0.01}
2023-11-22 01:33:40,966 - mmdet - INFO - initialize Shared2FCBBoxHead with init_cfg [{'type': 'Normal', 'std': 0.01, 'override': {'name': 'fc_cls'}}, {'type': 'Normal', 'std': 0.001, 'override': {'name': 'fc_reg'}}, {'type': 'Xavier', 'distribution': 'uniform', 'override': [{'name': 'shared_fcs'}, {'name': 'cls_fcs'}, {'name': 'reg_fcs'}]}]
2023-11-22 01:33:41,106 - mmdet - INFO - initialize DAFormerHead with init_cfg {'type': 'Normal', 'std': 0.01, 'override': {'name': 'conv_seg'}}
2023-11-22 01:33:41,179 - mmdet - INFO - Load mit checkpoint.
2023-11-22 01:33:41,179 - mmdet - INFO - load checkpoint from local path: pretrained/mit_b5.pth
2023-11-22 01:33:41,550 - mmdet - INFO - initialize FPN with init_cfg {'type': 'Xavier', 'layer': 'Conv2d', 'distribution': 'uniform'}
2023-11-22 01:33:41,573 - mmdet - INFO - initialize RPNHead with init_cfg {'type': 'Normal', 'layer': 'Conv2d', 'std': 0.01}
2023-11-22 01:33:41,581 - mmdet - INFO - initialize Shared2FCBBoxHead with init_cfg [{'type': 'Normal', 'std': 0.01, 'override': {'name': 'fc_cls'}}, {'type': 'Normal', 'std': 0.001, 'override': {'name': 'fc_reg'}}, {'type': 'Xavier', 'distribution': 'uniform', 'override': [{'name': 'shared_fcs'}, {'name': 'cls_fcs'}, {'name': 'reg_fcs'}]}]
2023-11-22 01:33:41,718 - mmdet - INFO - initialize DAFormerHead with init_cfg {'type': 'Normal', 'std': 0.01, 'override': {'name': 'conv_seg'}}
2023-11-22 01:33:41,833 - mmdet - INFO - DEBUG - PETROS 14-08-2023 - MODEL IS READY
2023-11-22 01:33:41,835 - mmseg - INFO - Loaded annotations from : data/synthia/panoptic-labels-crowdth-0-for-daformer/synthia_panoptic.json
2023-11-22 01:33:47,667 - mmseg - INFO - Loaded 9400 images from data/synthia/RGB
2023-11-22 01:33:47,671 - mmseg - INFO - Loaded annotations from : data/cityscapes/gtFine_panoptic/cityscapes_panoptic_train_trainId.json
2023-11-22 01:33:47,903 - mmseg - INFO - Loaded 2975 images from data/cityscapes/leftImg8bit/train
2023-11-22 01:33:47,971 - mmseg - INFO - RCS Classes: [6, 7, 17, 18, 4, 3, 12, 5, 15, 13, 11, 10, 8, 0, 1, 2]
2023-11-22 01:33:47,971 - mmseg - INFO - RCS ClassProb: [1.55649453e-01 1.45927146e-01 1.30805254e-01 1.29144296e-01
 1.22819245e-01 1.22646019e-01 9.97279957e-02 5.53424992e-02
 3.33626680e-02 2.43163528e-03 2.00466975e-03 1.35448776e-04
 3.78220921e-06 8.31826052e-10 3.41141226e-10 1.11511794e-14]
2023-11-22 01:33:50,265 - mmdet - INFO - Automatic scaling of learning rate (LR) has been disabled.
2023-11-22 01:34:00,925 - mmseg - INFO - Loaded annotations from : data/cityscapes/gtFine_panoptic/cityscapes_panoptic_val.json
2023-11-22 01:34:00,938 - mmseg - INFO - Loaded 150 images from data/cityscapes/leftImg8bit/val
2023-11-22 01:34:00,939 - mmdet - INFO - Start running, host: ppolydorou@biwirender13, work_dir: /scratch_net/biwidl202/ppolydorou/project_edaps/edaps/edaps_experiments/exp-00001/work_dirs/local-exp00001/231122_0133_syn2cs_dacs_rcs001_cpl_maskrcnn_mitb5_poly10warm_s0_18c2e
2023-11-22 01:34:00,939 - mmdet - INFO - Hooks will be executed in the following order:
before_run:
(VERY_HIGH   ) PolyLrUpdaterHook                  
(NORMAL      ) CheckpointHook                     
(LOW         ) EvalHookUDA                        
(VERY_LOW    ) TextLoggerHook                     
 -------------------- 
before_train_epoch:
(VERY_HIGH   ) PolyLrUpdaterHook                  
(NORMAL      ) NumClassCheckHook                  
(LOW         ) IterTimerHook                      
(LOW         ) EvalHookUDA                        
(VERY_LOW    ) TextLoggerHook                     
 -------------------- 
before_train_iter:
(VERY_HIGH   ) PolyLrUpdaterHook                  
(LOW         ) IterTimerHook                      
(LOW         ) EvalHookUDA                        
 -------------------- 
after_train_iter:
(NORMAL      ) CheckpointHook                     
(LOW         ) IterTimerHook                      
(LOW         ) EvalHookUDA                        
(VERY_LOW    ) TextLoggerHook                     
 -------------------- 
after_train_epoch:
(NORMAL      ) CheckpointHook                     
(LOW         ) EvalHookUDA                        
(VERY_LOW    ) TextLoggerHook                     
 -------------------- 
before_val_epoch:
(NORMAL      ) NumClassCheckHook                  
(LOW         ) IterTimerHook                      
(VERY_LOW    ) TextLoggerHook                     
 -------------------- 
before_val_iter:
(LOW         ) IterTimerHook                      
 -------------------- 
after_val_iter:
(LOW         ) IterTimerHook                      
 -------------------- 
after_val_epoch:
(VERY_LOW    ) TextLoggerHook                     
 -------------------- 
after_run:
(VERY_LOW    ) TextLoggerHook                     
 -------------------- 
2023-11-22 01:34:00,940 - mmdet - INFO - workflow: [('train', 1)], max: 20000 iters
2023-11-22 01:34:00,940 - mmdet - INFO - Checkpoints will be saved to /scratch_net/biwidl202/ppolydorou/project_edaps/edaps/edaps_experiments/exp-00001/work_dirs/local-exp00001/231122_0133_syn2cs_dacs_rcs001_cpl_maskrcnn_mitb5_poly10warm_s0_18c2e by HardDiskBackend.
2023-11-22 01:34:00,941 - mmdet - INFO - The best checkpoint will be saved to edaps_experiments/exp-00001/work_dirs/local-exp00001/231122_0133_syn2cs_dacs_rcs001_cpl_maskrcnn_mitb5_poly10warm_s0_18c2e/panoptic_eval/panop_eval_22-11-2023_01-33-32-734082/visuals/231122_0133_syn2cs_dacs_rcs001_cpl_maskrcnn_mitb5_poly10warm_s0_18c2e by HardDiskBackend
_base_/default_runtime_mmdet_mr.py
_base_/models/maskrcnn_sepaspp_mitb5.py
_base_/datasets/uda_synthia_to_cityscapes_maskrcnn_panoptic.py
_base_/uda/dacs_a999_fdthings.py
_base_/schedules/adamw.py
_base_/schedules/poly10warm.py
Run job 231122_0133_syn2cs_dacs_rcs001_cpl_maskrcnn_mitb5_poly10warm_s0_18c2e
DEBUG - PETROS 20-08-2023 - data root is : data/synthia/
DEBUG - PETROS 19-08-2023 - MMSEG/CUSTOMDATASET - LOAD ANNOTATIONS PANOPTIC - DATASET TYPE:<class 'dict'>
DEBUG - PETROS 20-08-2023 - data root is : data/cityscapes/
DEBUG - PETROS 19-08-2023 - MMSEG/CUSTOMDATASET - LOAD ANNOTATIONS PANOPTIC - DATASET TYPE:<class 'dict'>
DEBUG - PETROS 20-08-2023 - data root is : data/cityscapes
DEBUG - PETROS 19-08-2023 - MMSEG/CUSTOMDATASET - LOAD ANNOTATIONS PANOPTIC - DATASET TYPE:<class 'dict'>
DEBUG_PETROS 31/10/2023 - MMDET/APIS/TRAIN.PY - Number of gpus for training is: 1
DEBUG_PETROS 31/10/2023 - MMDET/APIS/TRAIN.PY - Samples per gpu is: 1
DEBUG_PETROS 31/10/2023 - MMDET/APIS/TRAIN.PY - Workers per gpu is: 4
DEBUG_PETROS 31/10/2023 - MMDET/APIS/TRAIN.PY - Batch_size: 1
2023-11-22 01:38:19,809 - mmdet - INFO - Iter [50/20000]	lr: 1.955e-06, eta: 1 day, 4:25:35, time: 5.130, data_time: 0.034, memory: 3514, decode.loss_seg: 2.7762, decode.acc_seg: 7.7926, contrastive_loss: 1.4633, rpn.loss_rpn_cls: 0.6749, rpn.loss_rpn_bbox: 0.1309, roi.loss_cls: 1.5638, roi.acc: 57.4884, roi.loss_bbox: 0.1154, roi.loss_mask: 1.9615, src.loss_imnet_feat_dist: nan, mix.decode.loss_seg: 1.3180, mix.decode.acc_seg: 14.0279
2023-11-22 01:42:30,289 - mmdet - INFO - Iter [100/20000]	lr: 3.940e-06, eta: 1 day, 4:01:24, time: 5.010, data_time: 0.014, memory: 3514, decode.loss_seg: 2.7117, decode.acc_seg: 22.0460, contrastive_loss: 1.4489, rpn.loss_rpn_cls: 0.6215, rpn.loss_rpn_bbox: 0.1225, roi.loss_cls: 0.4548, roi.acc: 93.6562, roi.loss_bbox: 0.1501, roi.loss_mask: 1.2070, src.loss_imnet_feat_dist: nan, mix.decode.loss_seg: 1.5701, mix.decode.acc_seg: 21.1145
2023-11-22 01:46:31,111 - mmdet - INFO - Iter [150/20000]	lr: 5.916e-06, eta: 1 day, 3:29:16, time: 4.816, data_time: 0.013, memory: 3514, decode.loss_seg: 2.4864, decode.acc_seg: 31.4809, contrastive_loss: 1.2827, rpn.loss_rpn_cls: 0.4933, rpn.loss_rpn_bbox: 0.0928, roi.loss_cls: 0.3055, roi.acc: 94.2148, roi.loss_bbox: 0.1567, roi.loss_mask: 0.9245, src.loss_imnet_feat_dist: nan, mix.decode.loss_seg: 1.1925, mix.decode.acc_seg: 35.8020
2023-11-22 01:50:51,793 - mmdet - INFO - Iter [200/20000]	lr: 7.881e-06, eta: 1 day, 3:43:57, time: 5.214, data_time: 0.014, memory: 3707, decode.loss_seg: 2.3573, decode.acc_seg: 37.6674, contrastive_loss: 1.3406, rpn.loss_rpn_cls: 0.4249, rpn.loss_rpn_bbox: 0.1358, roi.loss_cls: 0.3730, roi.acc: 90.8711, roi.loss_bbox: 0.2222, roi.loss_mask: 0.7765, src.loss_imnet_feat_dist: nan, mix.decode.loss_seg: 1.0687, mix.decode.acc_seg: 43.0414
2023-11-22 01:55:10,612 - mmdet - INFO - Iter [250/20000]	lr: 9.836e-06, eta: 1 day, 3:48:35, time: 5.176, data_time: 0.014, memory: 3707, decode.loss_seg: 2.0595, decode.acc_seg: 47.8091, contrastive_loss: 1.2595, rpn.loss_rpn_cls: 0.3400, rpn.loss_rpn_bbox: 0.1358, roi.loss_cls: 0.4215, roi.acc: 88.7305, roi.loss_bbox: 0.2872, roi.loss_mask: 0.7112, src.loss_imnet_feat_dist: nan, mix.decode.loss_seg: 1.0586, mix.decode.acc_seg: 47.3021
2023-11-22 01:59:27,576 - mmdet - INFO - Iter [300/20000]	lr: 1.178e-05, eta: 1 day, 3:48:12, time: 5.139, data_time: 0.014, memory: 3707, decode.loss_seg: 1.7920, decode.acc_seg: 49.6641, contrastive_loss: 1.3052, rpn.loss_rpn_cls: 0.2404, rpn.loss_rpn_bbox: 0.1176, roi.loss_cls: 0.4691, roi.acc: 87.8164, roi.loss_bbox: 0.4015, roi.loss_mask: 0.6705, src.loss_imnet_feat_dist: nan, mix.decode.loss_seg: 1.0026, mix.decode.acc_seg: 48.7581
2023-11-22 02:03:41,393 - mmdet - INFO - Iter [350/20000]	lr: 1.372e-05, eta: 1 day, 3:43:45, time: 5.076, data_time: 0.014, memory: 3707, decode.loss_seg: 1.7084, decode.acc_seg: 50.6845, contrastive_loss: 1.2474, rpn.loss_rpn_cls: 0.2120, rpn.loss_rpn_bbox: 0.0993, roi.loss_cls: 0.4935, roi.acc: 86.9531, roi.loss_bbox: 0.4024, roi.loss_mask: 0.6385, src.loss_imnet_feat_dist: nan, mix.decode.loss_seg: 0.9766, mix.decode.acc_seg: 52.3568
2023-11-22 02:07:51,942 - mmdet - INFO - Iter [400/20000]	lr: 1.564e-05, eta: 1 day, 3:36:41, time: 5.011, data_time: 0.014, memory: 3707, decode.loss_seg: 1.5785, decode.acc_seg: 50.3853, contrastive_loss: 1.1186, rpn.loss_rpn_cls: 0.2009, rpn.loss_rpn_bbox: 0.0876, roi.loss_cls: 0.4624, roi.acc: 88.9766, roi.loss_bbox: 0.3482, roi.loss_mask: 0.6464, src.loss_imnet_feat_dist: nan, mix.decode.loss_seg: 0.8926, mix.decode.acc_seg: 50.7469
2023-11-22 02:12:22,716 - mmdet - INFO - Iter [450/20000]	lr: 1.756e-05, eta: 1 day, 3:44:55, time: 5.415, data_time: 0.014, memory: 3795, decode.loss_seg: 1.4150, decode.acc_seg: 55.8945, contrastive_loss: 1.4080, rpn.loss_rpn_cls: 0.1818, rpn.loss_rpn_bbox: 0.1178, roi.loss_cls: 0.5037, roi.acc: 84.9141, roi.loss_bbox: 0.4732, roi.loss_mask: 0.6164, src.loss_imnet_feat_dist: nan, mix.decode.loss_seg: 0.7923, mix.decode.acc_seg: 57.4797
2023-11-22 02:16:40,166 - mmdet - INFO - Iter [500/20000]	lr: 1.946e-05, eta: 1 day, 3:41:56, time: 5.149, data_time: 0.014, memory: 3795, decode.loss_seg: 1.3291, decode.acc_seg: 58.3862, contrastive_loss: 1.2615, rpn.loss_rpn_cls: 0.1719, rpn.loss_rpn_bbox: 0.1041, roi.loss_cls: 0.4896, roi.acc: 85.0781, roi.loss_bbox: 0.5062, roi.loss_mask: 0.5853, src.loss_imnet_feat_dist: nan, mix.decode.loss_seg: 0.6648, mix.decode.acc_seg: 55.4589
2023-11-22 02:20:55,566 - mmdet - INFO - Iter [550/20000]	lr: 2.136e-05, eta: 1 day, 3:37:30, time: 5.108, data_time: 0.014, memory: 3795, decode.loss_seg: 1.3340, decode.acc_seg: 58.8354, contrastive_loss: 1.3164, rpn.loss_rpn_cls: 0.1662, rpn.loss_rpn_bbox: 0.0994, roi.loss_cls: 0.4702, roi.acc: 85.6992, roi.loss_bbox: 0.4751, roi.loss_mask: 0.5776, src.loss_imnet_feat_dist: nan, mix.decode.loss_seg: 0.7093, mix.decode.acc_seg: 54.8093
2023-11-22 02:25:11,323 - mmdet - INFO - Iter [600/20000]	lr: 2.324e-05, eta: 1 day, 3:33:18, time: 5.115, data_time: 0.014, memory: 3795, decode.loss_seg: 1.2375, decode.acc_seg: 59.8925, contrastive_loss: 1.2391, rpn.loss_rpn_cls: 0.1534, rpn.loss_rpn_bbox: 0.1049, roi.loss_cls: 0.4832, roi.acc: 84.6562, roi.loss_bbox: 0.5317, roi.loss_mask: 0.5572, src.loss_imnet_feat_dist: nan, mix.decode.loss_seg: 0.6286, mix.decode.acc_seg: 56.2113
2023-11-22 02:29:26,496 - mmdet - INFO - Iter [650/20000]	lr: 2.512e-05, eta: 1 day, 3:28:48, time: 5.103, data_time: 0.014, memory: 3795, decode.loss_seg: 1.2943, decode.acc_seg: 60.8902, contrastive_loss: 1.4618, rpn.loss_rpn_cls: 0.1912, rpn.loss_rpn_bbox: 0.1086, roi.loss_cls: 0.4830, roi.acc: 84.6094, roi.loss_bbox: 0.5276, roi.loss_mask: 0.5679, src.loss_imnet_feat_dist: nan, mix.decode.loss_seg: 0.7363, mix.decode.acc_seg: 53.2410
2023-11-22 02:33:44,562 - mmdet - INFO - Iter [700/20000]	lr: 2.698e-05, eta: 1 day, 3:25:39, time: 5.161, data_time: 0.014, memory: 3795, decode.loss_seg: 1.1234, decode.acc_seg: 63.7288, contrastive_loss: 1.3522, rpn.loss_rpn_cls: 0.1666, rpn.loss_rpn_bbox: 0.0876, roi.loss_cls: 0.4366, roi.acc: 85.9727, roi.loss_bbox: 0.4719, roi.loss_mask: 0.5539, src.loss_imnet_feat_dist: nan, mix.decode.loss_seg: 0.6502, mix.decode.acc_seg: 59.0120
2023-11-22 02:37:59,106 - mmdet - INFO - Iter [750/20000]	lr: 2.884e-05, eta: 1 day, 3:20:51, time: 5.091, data_time: 0.014, memory: 3795, decode.loss_seg: 1.0852, decode.acc_seg: 66.0569, contrastive_loss: 1.3228, rpn.loss_rpn_cls: 0.1634, rpn.loss_rpn_bbox: 0.1115, roi.loss_cls: 0.4637, roi.acc: 85.2891, roi.loss_bbox: 0.4890, roi.loss_mask: 0.6092, src.loss_imnet_feat_dist: nan, mix.decode.loss_seg: 0.6223, mix.decode.acc_seg: 58.2626
2023-11-22 02:42:25,807 - mmdet - INFO - Iter [800/20000]	lr: 3.068e-05, eta: 1 day, 3:20:59, time: 5.334, data_time: 0.014, memory: 3795, decode.loss_seg: 1.0273, decode.acc_seg: 67.6625, contrastive_loss: 1.3209, rpn.loss_rpn_cls: 0.1940, rpn.loss_rpn_bbox: 0.1306, roi.loss_cls: 0.5256, roi.acc: 82.7812, roi.loss_bbox: 0.5865, roi.loss_mask: 0.5480, src.loss_imnet_feat_dist: nan, mix.decode.loss_seg: 0.5791, mix.decode.acc_seg: 61.4397
2023-11-22 02:46:54,929 - mmdet - INFO - Iter [850/20000]	lr: 3.252e-05, eta: 1 day, 3:21:29, time: 5.382, data_time: 0.014, memory: 3795, decode.loss_seg: 1.0035, decode.acc_seg: 68.2774, contrastive_loss: 1.2212, rpn.loss_rpn_cls: 0.1783, rpn.loss_rpn_bbox: 0.1023, roi.loss_cls: 0.4737, roi.acc: 84.7812, roi.loss_bbox: 0.4804, roi.loss_mask: 0.5527, src.loss_imnet_feat_dist: nan, mix.decode.loss_seg: 0.5395, mix.decode.acc_seg: 63.9244
2023-11-22 02:51:11,696 - mmdet - INFO - Iter [900/20000]	lr: 3.434e-05, eta: 1 day, 3:17:04, time: 5.135, data_time: 0.014, memory: 3795, decode.loss_seg: 0.9859, decode.acc_seg: 69.5028, contrastive_loss: 1.3827, rpn.loss_rpn_cls: 0.1577, rpn.loss_rpn_bbox: 0.0943, roi.loss_cls: 0.4695, roi.acc: 85.3594, roi.loss_bbox: 0.5136, roi.loss_mask: 0.5339, src.loss_imnet_feat_dist: nan, mix.decode.loss_seg: 0.4833, mix.decode.acc_seg: 62.5985
2023-11-22 02:55:32,623 - mmdet - INFO - Iter [950/20000]	lr: 3.616e-05, eta: 1 day, 3:14:03, time: 5.219, data_time: 0.014, memory: 3802, decode.loss_seg: 1.0339, decode.acc_seg: 66.4512, contrastive_loss: 1.1947, rpn.loss_rpn_cls: 0.1504, rpn.loss_rpn_bbox: 0.0969, roi.loss_cls: 0.4655, roi.acc: 84.7461, roi.loss_bbox: 0.4975, roi.loss_mask: 0.5379, src.loss_imnet_feat_dist: nan, mix.decode.loss_seg: 0.6160, mix.decode.acc_seg: 59.0036
2023-11-22 02:59:39,320 - mmdet - INFO - Exp name: 231122_0133_syn2cs_dacs_rcs001_cpl_maskrcnn_mitb5_poly10warm_s0_18c2e
2023-11-22 02:59:39,321 - mmdet - INFO - Iter [1000/20000]	lr: 3.796e-05, eta: 1 day, 3:06:23, time: 4.934, data_time: 0.013, memory: 3802, decode.loss_seg: 0.9332, decode.acc_seg: 70.7817, contrastive_loss: 1.1448, rpn.loss_rpn_cls: 0.1389, rpn.loss_rpn_bbox: 0.0846, roi.loss_cls: 0.4110, roi.acc: 87.1211, roi.loss_bbox: 0.4152, roi.loss_mask: 0.5488, src.loss_imnet_feat_dist: nan, mix.decode.loss_seg: 0.5972, mix.decode.acc_seg: 57.9766
2023-11-22 03:04:04,538 - mmdet - INFO - Iter [1050/20000]	lr: 3.976e-05, eta: 1 day, 3:04:38, time: 5.304, data_time: 0.014, memory: 3802, decode.loss_seg: 0.7919, decode.acc_seg: 73.7052, contrastive_loss: 1.2199, rpn.loss_rpn_cls: 0.1337, rpn.loss_rpn_bbox: 0.0899, roi.loss_cls: 0.4323, roi.acc: 85.5781, roi.loss_bbox: 0.4705, roi.loss_mask: 0.5377, src.loss_imnet_feat_dist: nan, mix.decode.loss_seg: 0.4708, mix.decode.acc_seg: 64.7498
2023-11-22 03:08:22,931 - mmdet - INFO - Iter [1100/20000]	lr: 4.154e-05, eta: 1 day, 3:00:42, time: 5.168, data_time: 0.014, memory: 3802, decode.loss_seg: 0.8181, decode.acc_seg: 72.8523, contrastive_loss: 1.2195, rpn.loss_rpn_cls: 0.1367, rpn.loss_rpn_bbox: 0.1074, roi.loss_cls: 0.4438, roi.acc: 85.1328, roi.loss_bbox: 0.5220, roi.loss_mask: 0.5187, src.loss_imnet_feat_dist: nan, mix.decode.loss_seg: 0.4773, mix.decode.acc_seg: 60.5316
2023-11-22 03:12:40,707 - mmdet - INFO - Iter [1150/20000]	lr: 4.332e-05, eta: 1 day, 2:56:33, time: 5.156, data_time: 0.014, memory: 3802, decode.loss_seg: 0.8588, decode.acc_seg: 72.9990, contrastive_loss: 1.3128, rpn.loss_rpn_cls: 0.1203, rpn.loss_rpn_bbox: 0.0883, roi.loss_cls: 0.4175, roi.acc: 86.0781, roi.loss_bbox: 0.4878, roi.loss_mask: 0.5161, src.loss_imnet_feat_dist: nan, mix.decode.loss_seg: 0.4809, mix.decode.acc_seg: 60.4093
2023-11-22 03:17:09,079 - mmdet - INFO - Iter [1200/20000]	lr: 4.508e-05, eta: 1 day, 2:55:09, time: 5.367, data_time: 0.014, memory: 3802, decode.loss_seg: 0.7853, decode.acc_seg: 75.0788, contrastive_loss: 1.3751, rpn.loss_rpn_cls: 0.1397, rpn.loss_rpn_bbox: 0.0869, roi.loss_cls: 0.4213, roi.acc: 86.5156, roi.loss_bbox: 0.4637, roi.loss_mask: 0.5229, src.loss_imnet_feat_dist: nan, mix.decode.loss_seg: 0.4736, mix.decode.acc_seg: 63.6372
2023-11-22 03:21:27,591 - mmdet - INFO - Iter [1250/20000]	lr: 4.684e-05, eta: 1 day, 2:51:03, time: 5.170, data_time: 0.014, memory: 3802, decode.loss_seg: 0.8883, decode.acc_seg: 70.9218, contrastive_loss: 1.2949, rpn.loss_rpn_cls: 0.1462, rpn.loss_rpn_bbox: 0.1043, roi.loss_cls: 0.4394, roi.acc: 85.8828, roi.loss_bbox: 0.4999, roi.loss_mask: 0.5466, src.loss_imnet_feat_dist: nan, mix.decode.loss_seg: 0.4975, mix.decode.acc_seg: 62.3079
2023-11-22 03:25:39,994 - mmdet - INFO - Iter [1300/20000]	lr: 4.859e-05, eta: 1 day, 2:45:28, time: 5.048, data_time: 0.014, memory: 3802, decode.loss_seg: 0.7142, decode.acc_seg: 75.3524, contrastive_loss: 1.2375, rpn.loss_rpn_cls: 0.1984, rpn.loss_rpn_bbox: 0.1043, roi.loss_cls: 0.3690, roi.acc: 88.1484, roi.loss_bbox: 0.4002, roi.loss_mask: 0.5493, src.loss_imnet_feat_dist: nan, mix.decode.loss_seg: 0.4625, mix.decode.acc_seg: 58.4602
2023-11-22 03:29:44,063 - mmdet - INFO - Iter [1350/20000]	lr: 5.032e-05, eta: 1 day, 2:38:04, time: 4.881, data_time: 0.013, memory: 3802, decode.loss_seg: 0.8314, decode.acc_seg: 72.9035, contrastive_loss: 1.2198, rpn.loss_rpn_cls: 0.1178, rpn.loss_rpn_bbox: 0.0804, roi.loss_cls: 0.3633, roi.acc: 88.3672, roi.loss_bbox: 0.4253, roi.loss_mask: 0.5182, src.loss_imnet_feat_dist: nan, mix.decode.loss_seg: 0.5847, mix.decode.acc_seg: 59.5204
2023-11-22 03:34:02,615 - mmdet - INFO - Iter [1400/20000]	lr: 5.205e-05, eta: 1 day, 2:34:07, time: 5.171, data_time: 0.014, memory: 3802, decode.loss_seg: 0.6836, decode.acc_seg: 76.3763, contrastive_loss: 1.2685, rpn.loss_rpn_cls: 0.1485, rpn.loss_rpn_bbox: 0.1085, roi.loss_cls: 0.4469, roi.acc: 85.0234, roi.loss_bbox: 0.5119, roi.loss_mask: 0.5298, src.loss_imnet_feat_dist: nan, mix.decode.loss_seg: 0.4102, mix.decode.acc_seg: 64.4025
2023-11-22 03:38:21,092 - mmdet - INFO - Iter [1450/20000]	lr: 5.376e-05, eta: 1 day, 2:30:07, time: 5.170, data_time: 0.014, memory: 3802, decode.loss_seg: 0.7438, decode.acc_seg: 76.5188, contrastive_loss: 1.1342, rpn.loss_rpn_cls: 0.1727, rpn.loss_rpn_bbox: 0.1290, roi.loss_cls: 0.4361, roi.acc: 85.2422, roi.loss_bbox: 0.5150, roi.loss_mask: 0.5148, src.loss_imnet_feat_dist: nan, mix.decode.loss_seg: 0.4740, mix.decode.acc_seg: 60.3441
2023-11-22 03:42:42,379 - mmdet - INFO - Iter [1500/20000]	lr: 5.547e-05, eta: 1 day, 2:26:41, time: 5.226, data_time: 0.014, memory: 3802, decode.loss_seg: 0.6887, decode.acc_seg: 74.7289, contrastive_loss: 1.2668, rpn.loss_rpn_cls: 0.1438, rpn.loss_rpn_bbox: 0.1240, roi.loss_cls: 0.4504, roi.acc: 85.0117, roi.loss_bbox: 0.5028, roi.loss_mask: 0.4716, src.loss_imnet_feat_dist: nan, mix.decode.loss_seg: 0.4590, mix.decode.acc_seg: 60.6649
2023-11-22 03:46:57,651 - mmdet - INFO - Iter [1550/20000]	lr: 5.535e-05, eta: 1 day, 2:22:00, time: 5.105, data_time: 0.013, memory: 3802, decode.loss_seg: 0.6726, decode.acc_seg: 74.6531, contrastive_loss: 1.1925, rpn.loss_rpn_cls: 0.1595, rpn.loss_rpn_bbox: 0.1099, roi.loss_cls: 0.4569, roi.acc: 85.7305, roi.loss_bbox: 0.5077, roi.loss_mask: 0.4910, src.loss_imnet_feat_dist: nan, mix.decode.loss_seg: 0.3702, mix.decode.acc_seg: 63.0712
2023-11-22 03:51:17,340 - mmdet - INFO - Iter [1600/20000]	lr: 5.520e-05, eta: 1 day, 2:18:11, time: 5.194, data_time: 0.014, memory: 3802, decode.loss_seg: 0.6086, decode.acc_seg: 74.1483, contrastive_loss: 1.2430, rpn.loss_rpn_cls: 0.1400, rpn.loss_rpn_bbox: 0.0997, roi.loss_cls: 0.4229, roi.acc: 86.8984, roi.loss_bbox: 0.4847, roi.loss_mask: 0.4989, src.loss_imnet_feat_dist: nan, mix.decode.loss_seg: 0.4137, mix.decode.acc_seg: 64.1231
2023-11-22 03:55:27,594 - mmdet - INFO - Iter [1650/20000]	lr: 5.505e-05, eta: 1 day, 2:12:35, time: 5.005, data_time: 0.013, memory: 3802, decode.loss_seg: 0.7532, decode.acc_seg: 73.5671, contrastive_loss: 1.0487, rpn.loss_rpn_cls: 0.1539, rpn.loss_rpn_bbox: 0.1076, roi.loss_cls: 0.4104, roi.acc: 87.1602, roi.loss_bbox: 0.4519, roi.loss_mask: 0.5248, src.loss_imnet_feat_dist: nan, mix.decode.loss_seg: 0.5674, mix.decode.acc_seg: 58.6331
2023-11-22 03:59:44,945 - mmdet - INFO - Iter [1700/20000]	lr: 5.490e-05, eta: 1 day, 2:08:20, time: 5.147, data_time: 0.013, memory: 3802, decode.loss_seg: 0.6579, decode.acc_seg: 77.8674, contrastive_loss: 1.1979, rpn.loss_rpn_cls: 0.1275, rpn.loss_rpn_bbox: 0.1035, roi.loss_cls: 0.4021, roi.acc: 85.8906, roi.loss_bbox: 0.5033, roi.loss_mask: 0.4864, src.loss_imnet_feat_dist: nan, mix.decode.loss_seg: 0.3807, mix.decode.acc_seg: 63.6593
2023-11-22 04:04:02,843 - mmdet - INFO - Iter [1750/20000]	lr: 5.475e-05, eta: 1 day, 2:04:11, time: 5.158, data_time: 0.013, memory: 3802, decode.loss_seg: 0.7320, decode.acc_seg: 74.5442, contrastive_loss: 1.1990, rpn.loss_rpn_cls: 0.1588, rpn.loss_rpn_bbox: 0.1183, roi.loss_cls: 0.4258, roi.acc: 85.5391, roi.loss_bbox: 0.4968, roi.loss_mask: 0.4758, src.loss_imnet_feat_dist: nan, mix.decode.loss_seg: 0.4780, mix.decode.acc_seg: 61.0193
2023-11-22 04:08:30,469 - mmdet - INFO - Iter [1800/20000]	lr: 5.460e-05, eta: 1 day, 2:01:40, time: 5.353, data_time: 0.014, memory: 3802, decode.loss_seg: 0.6242, decode.acc_seg: 76.5409, contrastive_loss: 1.4310, rpn.loss_rpn_cls: 0.1338, rpn.loss_rpn_bbox: 0.1045, roi.loss_cls: 0.4356, roi.acc: 84.6445, roi.loss_bbox: 0.5291, roi.loss_mask: 0.4874, src.loss_imnet_feat_dist: nan, mix.decode.loss_seg: 0.3892, mix.decode.acc_seg: 63.4367
2023-11-22 04:12:47,037 - mmdet - INFO - Iter [1850/20000]	lr: 5.445e-05, eta: 1 day, 1:57:15, time: 5.131, data_time: 0.013, memory: 3802, decode.loss_seg: 0.5866, decode.acc_seg: 78.7682, contrastive_loss: 1.1454, rpn.loss_rpn_cls: 0.1236, rpn.loss_rpn_bbox: 0.1050, roi.loss_cls: 0.3825, roi.acc: 87.3086, roi.loss_bbox: 0.4728, roi.loss_mask: 0.4730, src.loss_imnet_feat_dist: nan, mix.decode.loss_seg: 0.4454, mix.decode.acc_seg: 62.5997
2023-11-22 04:17:04,985 - mmdet - INFO - Iter [1900/20000]	lr: 5.430e-05, eta: 1 day, 1:53:03, time: 5.159, data_time: 0.013, memory: 3802, decode.loss_seg: 0.6022, decode.acc_seg: 78.2597, contrastive_loss: 1.3273, rpn.loss_rpn_cls: 0.1328, rpn.loss_rpn_bbox: 0.0993, roi.loss_cls: 0.4343, roi.acc: 85.4023, roi.loss_bbox: 0.5288, roi.loss_mask: 0.4729, src.loss_imnet_feat_dist: nan, mix.decode.loss_seg: 0.4075, mix.decode.acc_seg: 63.1065
2023-11-22 04:21:15,305 - mmdet - INFO - Iter [1950/20000]	lr: 5.415e-05, eta: 1 day, 1:47:40, time: 5.006, data_time: 0.013, memory: 3802, decode.loss_seg: 0.5333, decode.acc_seg: 80.0469, contrastive_loss: 1.1730, rpn.loss_rpn_cls: 0.1435, rpn.loss_rpn_bbox: 0.1016, roi.loss_cls: 0.4385, roi.acc: 85.5781, roi.loss_bbox: 0.5141, roi.loss_mask: 0.4550, src.loss_imnet_feat_dist: nan, mix.decode.loss_seg: 0.3641, mix.decode.acc_seg: 62.4765
2023-11-22 04:25:32,833 - mmdet - INFO - Exp name: 231122_0133_syn2cs_dacs_rcs001_cpl_maskrcnn_mitb5_poly10warm_s0_18c2e
2023-11-22 04:25:32,834 - mmdet - INFO - Iter [2000/20000]	lr: 5.400e-05, eta: 1 day, 1:43:25, time: 5.151, data_time: 0.014, memory: 3802, decode.loss_seg: 0.5608, decode.acc_seg: 79.1415, contrastive_loss: 1.2207, rpn.loss_rpn_cls: 0.1362, rpn.loss_rpn_bbox: 0.1022, roi.loss_cls: 0.4395, roi.acc: 85.9180, roi.loss_bbox: 0.5091, roi.loss_mask: 0.4784, src.loss_imnet_feat_dist: nan, mix.decode.loss_seg: 0.3490, mix.decode.acc_seg: 65.3806
2023-11-22 04:29:52,571 - mmdet - INFO - Iter [2050/20000]	lr: 5.385e-05, eta: 1 day, 1:39:30, time: 5.195, data_time: 0.013, memory: 3802, decode.loss_seg: 0.5778, decode.acc_seg: 80.2131, contrastive_loss: 1.1675, rpn.loss_rpn_cls: 0.1104, rpn.loss_rpn_bbox: 0.1041, roi.loss_cls: 0.4251, roi.acc: 85.7031, roi.loss_bbox: 0.5291, roi.loss_mask: 0.4584, src.loss_imnet_feat_dist: nan, mix.decode.loss_seg: 0.2873, mix.decode.acc_seg: 64.9794
2023-11-22 04:33:59,458 - mmdet - INFO - Iter [2100/20000]	lr: 5.370e-05, eta: 1 day, 1:33:44, time: 4.938, data_time: 0.013, memory: 3802, decode.loss_seg: 0.5360, decode.acc_seg: 77.0493, contrastive_loss: 1.1029, rpn.loss_rpn_cls: 0.1058, rpn.loss_rpn_bbox: 0.0897, roi.loss_cls: 0.3599, roi.acc: 88.0312, roi.loss_bbox: 0.4472, roi.loss_mask: 0.4313, src.loss_imnet_feat_dist: nan, mix.decode.loss_seg: 0.2638, mix.decode.acc_seg: 67.0910
2023-11-22 04:38:17,453 - mmdet - INFO - Iter [2150/20000]	lr: 5.355e-05, eta: 1 day, 1:29:34, time: 5.160, data_time: 0.013, memory: 3802, decode.loss_seg: 0.5225, decode.acc_seg: 81.6717, contrastive_loss: 1.1614, rpn.loss_rpn_cls: 0.1175, rpn.loss_rpn_bbox: 0.0932, roi.loss_cls: 0.3413, roi.acc: 88.4609, roi.loss_bbox: 0.4215, roi.loss_mask: 0.5152, src.loss_imnet_feat_dist: nan, mix.decode.loss_seg: 0.3567, mix.decode.acc_seg: 66.0234
2023-11-22 04:42:40,284 - mmdet - INFO - Iter [2200/20000]	lr: 5.340e-05, eta: 1 day, 1:26:04, time: 5.257, data_time: 0.014, memory: 3802, decode.loss_seg: 0.5050, decode.acc_seg: 81.4979, contrastive_loss: 1.2672, rpn.loss_rpn_cls: 0.1395, rpn.loss_rpn_bbox: 0.0954, roi.loss_cls: 0.4149, roi.acc: 86.5469, roi.loss_bbox: 0.4728, roi.loss_mask: 0.4844, src.loss_imnet_feat_dist: nan, mix.decode.loss_seg: 0.2658, mix.decode.acc_seg: 65.4882
2023-11-22 04:46:55,028 - mmdet - INFO - Iter [2250/20000]	lr: 5.325e-05, eta: 1 day, 1:21:27, time: 5.095, data_time: 0.014, memory: 3802, decode.loss_seg: 0.4767, decode.acc_seg: 80.8309, contrastive_loss: 1.1856, rpn.loss_rpn_cls: 0.1131, rpn.loss_rpn_bbox: 0.0978, roi.loss_cls: 0.3954, roi.acc: 87.1055, roi.loss_bbox: 0.4778, roi.loss_mask: 0.4713, src.loss_imnet_feat_dist: nan, mix.decode.loss_seg: 0.3512, mix.decode.acc_seg: 63.8488
2023-11-22 04:51:23,738 - mmdet - INFO - Iter [2300/20000]	lr: 5.310e-05, eta: 1 day, 1:18:39, time: 5.374, data_time: 0.014, memory: 3802, decode.loss_seg: 0.5012, decode.acc_seg: 79.0732, contrastive_loss: 1.3323, rpn.loss_rpn_cls: 0.1344, rpn.loss_rpn_bbox: 0.1045, roi.loss_cls: 0.4278, roi.acc: 85.5508, roi.loss_bbox: 0.5154, roi.loss_mask: 0.4957, src.loss_imnet_feat_dist: nan, mix.decode.loss_seg: 0.3377, mix.decode.acc_seg: 66.2636
2023-11-22 04:55:41,836 - mmdet - INFO - Iter [2350/20000]	lr: 5.295e-05, eta: 1 day, 1:14:27, time: 5.162, data_time: 0.013, memory: 3802, decode.loss_seg: 0.4893, decode.acc_seg: 82.9682, contrastive_loss: 1.1885, rpn.loss_rpn_cls: 0.1001, rpn.loss_rpn_bbox: 0.0898, roi.loss_cls: 0.4030, roi.acc: 86.1445, roi.loss_bbox: 0.5325, roi.loss_mask: 0.4716, src.loss_imnet_feat_dist: nan, mix.decode.loss_seg: 0.3359, mix.decode.acc_seg: 66.8695
2023-11-22 05:00:02,745 - mmdet - INFO - Iter [2400/20000]	lr: 5.280e-05, eta: 1 day, 1:10:35, time: 5.218, data_time: 0.014, memory: 3802, decode.loss_seg: 0.5536, decode.acc_seg: 77.9663, contrastive_loss: 1.0825, rpn.loss_rpn_cls: 0.1137, rpn.loss_rpn_bbox: 0.0829, roi.loss_cls: 0.3741, roi.acc: 86.8125, roi.loss_bbox: 0.4821, roi.loss_mask: 0.4226, src.loss_imnet_feat_dist: nan, mix.decode.loss_seg: 0.3513, mix.decode.acc_seg: 65.8826
2023-11-22 05:04:16,849 - mmdet - INFO - Iter [2450/20000]	lr: 5.265e-05, eta: 1 day, 1:05:53, time: 5.082, data_time: 0.013, memory: 3802, decode.loss_seg: 0.4831, decode.acc_seg: 81.9689, contrastive_loss: 1.1188, rpn.loss_rpn_cls: 0.0937, rpn.loss_rpn_bbox: 0.0746, roi.loss_cls: 0.3935, roi.acc: 86.9609, roi.loss_bbox: 0.5004, roi.loss_mask: 0.4343, src.loss_imnet_feat_dist: nan, mix.decode.loss_seg: 0.3446, mix.decode.acc_seg: 65.4287
2023-11-22 05:08:35,094 - mmdet - INFO - Iter [2500/20000]	lr: 5.250e-05, eta: 1 day, 1:01:42, time: 5.165, data_time: 0.013, memory: 3802, decode.loss_seg: 0.4975, decode.acc_seg: 81.0569, contrastive_loss: 1.1740, rpn.loss_rpn_cls: 0.1044, rpn.loss_rpn_bbox: 0.0956, roi.loss_cls: 0.3705, roi.acc: 87.4180, roi.loss_bbox: 0.4645, roi.loss_mask: 0.4485, src.loss_imnet_feat_dist: nan, mix.decode.loss_seg: 0.3442, mix.decode.acc_seg: 67.6492
2023-11-22 05:12:57,332 - mmdet - INFO - Iter [2550/20000]	lr: 5.235e-05, eta: 1 day, 0:57:57, time: 5.245, data_time: 0.014, memory: 3802, decode.loss_seg: 0.5399, decode.acc_seg: 80.6607, contrastive_loss: 1.3179, rpn.loss_rpn_cls: 0.1107, rpn.loss_rpn_bbox: 0.0998, roi.loss_cls: 0.4313, roi.acc: 85.1523, roi.loss_bbox: 0.5474, roi.loss_mask: 0.4665, src.loss_imnet_feat_dist: nan, mix.decode.loss_seg: 0.3259, mix.decode.acc_seg: 69.4325
2023-11-22 05:17:18,422 - mmdet - INFO - Iter [2600/20000]	lr: 5.220e-05, eta: 1 day, 0:54:04, time: 5.222, data_time: 0.014, memory: 3802, decode.loss_seg: 0.5993, decode.acc_seg: 79.2251, contrastive_loss: 1.1673, rpn.loss_rpn_cls: 0.1073, rpn.loss_rpn_bbox: 0.1011, roi.loss_cls: 0.3984, roi.acc: 85.8516, roi.loss_bbox: 0.5175, roi.loss_mask: 0.4388, src.loss_imnet_feat_dist: nan, mix.decode.loss_seg: 0.3864, mix.decode.acc_seg: 66.0677
2023-11-22 05:21:37,125 - mmdet - INFO - Iter [2650/20000]	lr: 5.205e-05, eta: 1 day, 0:49:53, time: 5.174, data_time: 0.014, memory: 3802, decode.loss_seg: 0.5477, decode.acc_seg: 80.1739, contrastive_loss: 1.1799, rpn.loss_rpn_cls: 0.1195, rpn.loss_rpn_bbox: 0.1022, roi.loss_cls: 0.4100, roi.acc: 85.4648, roi.loss_bbox: 0.5403, roi.loss_mask: 0.4603, src.loss_imnet_feat_dist: nan, mix.decode.loss_seg: 0.2747, mix.decode.acc_seg: 63.5210
2023-11-22 05:25:58,051 - mmdet - INFO - Iter [2700/20000]	lr: 5.190e-05, eta: 1 day, 0:45:57, time: 5.219, data_time: 0.014, memory: 3802, decode.loss_seg: 0.4598, decode.acc_seg: 81.2320, contrastive_loss: 1.1190, rpn.loss_rpn_cls: 0.0995, rpn.loss_rpn_bbox: 0.0785, roi.loss_cls: 0.3607, roi.acc: 87.8203, roi.loss_bbox: 0.4570, roi.loss_mask: 0.4353, src.loss_imnet_feat_dist: nan, mix.decode.loss_seg: 0.2941, mix.decode.acc_seg: 69.7863
2023-11-22 05:30:06,234 - mmdet - INFO - Iter [2750/20000]	lr: 5.175e-05, eta: 1 day, 0:40:39, time: 4.964, data_time: 0.013, memory: 3802, decode.loss_seg: 0.4648, decode.acc_seg: 82.0283, contrastive_loss: 1.1415, rpn.loss_rpn_cls: 0.0975, rpn.loss_rpn_bbox: 0.0837, roi.loss_cls: 0.3479, roi.acc: 88.0234, roi.loss_bbox: 0.4367, roi.loss_mask: 0.4358, src.loss_imnet_feat_dist: nan, mix.decode.loss_seg: 0.3089, mix.decode.acc_seg: 67.1748
2023-11-22 05:34:20,671 - mmdet - INFO - Iter [2800/20000]	lr: 5.160e-05, eta: 1 day, 0:36:03, time: 5.089, data_time: 0.013, memory: 3802, decode.loss_seg: 0.4875, decode.acc_seg: 79.4485, contrastive_loss: 0.9609, rpn.loss_rpn_cls: 0.1089, rpn.loss_rpn_bbox: 0.1058, roi.loss_cls: 0.3599, roi.acc: 87.7070, roi.loss_bbox: 0.4669, roi.loss_mask: 0.4183, src.loss_imnet_feat_dist: nan, mix.decode.loss_seg: 0.3156, mix.decode.acc_seg: 65.7787
2023-11-22 05:38:32,488 - mmdet - INFO - Iter [2850/20000]	lr: 5.145e-05, eta: 1 day, 0:31:12, time: 5.036, data_time: 0.013, memory: 3802, decode.loss_seg: 0.4278, decode.acc_seg: 82.6045, contrastive_loss: 1.1167, rpn.loss_rpn_cls: 0.0962, rpn.loss_rpn_bbox: 0.1038, roi.loss_cls: 0.3845, roi.acc: 86.8164, roi.loss_bbox: 0.5180, roi.loss_mask: 0.4269, src.loss_imnet_feat_dist: nan, mix.decode.loss_seg: 0.3652, mix.decode.acc_seg: 66.3686
2023-11-22 05:42:48,193 - mmdet - INFO - Iter [2900/20000]	lr: 5.130e-05, eta: 1 day, 0:26:45, time: 5.114, data_time: 0.014, memory: 3847, decode.loss_seg: 0.4943, decode.acc_seg: 80.4144, contrastive_loss: 1.0226, rpn.loss_rpn_cls: 0.1198, rpn.loss_rpn_bbox: 0.0942, roi.loss_cls: 0.3836, roi.acc: 86.9219, roi.loss_bbox: 0.5076, roi.loss_mask: 0.4227, src.loss_imnet_feat_dist: nan, mix.decode.loss_seg: 0.3691, mix.decode.acc_seg: 65.4839
2023-11-22 05:47:08,498 - mmdet - INFO - Iter [2950/20000]	lr: 5.115e-05, eta: 1 day, 0:22:45, time: 5.206, data_time: 0.014, memory: 3847, decode.loss_seg: 0.4359, decode.acc_seg: 84.4148, contrastive_loss: 1.1784, rpn.loss_rpn_cls: 0.1101, rpn.loss_rpn_bbox: 0.0957, roi.loss_cls: 0.4277, roi.acc: 85.3594, roi.loss_bbox: 0.5242, roi.loss_mask: 0.4709, src.loss_imnet_feat_dist: nan, mix.decode.loss_seg: 0.2586, mix.decode.acc_seg: 69.0553
2023-11-22 05:51:26,941 - mmdet - INFO - Exp name: 231122_0133_syn2cs_dacs_rcs001_cpl_maskrcnn_mitb5_poly10warm_s0_18c2e
2023-11-22 05:51:26,942 - mmdet - INFO - Iter [3000/20000]	lr: 5.100e-05, eta: 1 day, 0:18:33, time: 5.169, data_time: 0.013, memory: 3847, decode.loss_seg: 0.5632, decode.acc_seg: 82.3346, contrastive_loss: 1.1477, rpn.loss_rpn_cls: 0.0905, rpn.loss_rpn_bbox: 0.0936, roi.loss_cls: 0.4156, roi.acc: 85.8086, roi.loss_bbox: 0.5284, roi.loss_mask: 0.4471, src.loss_imnet_feat_dist: nan, mix.decode.loss_seg: 0.3374, mix.decode.acc_seg: 71.6919
2023-11-22 05:55:44,058 - mmdet - INFO - Iter [3050/20000]	lr: 5.085e-05, eta: 1 day, 0:14:14, time: 5.142, data_time: 0.013, memory: 3847, decode.loss_seg: 0.4422, decode.acc_seg: 81.8848, contrastive_loss: 1.0535, rpn.loss_rpn_cls: 0.0985, rpn.loss_rpn_bbox: 0.0929, roi.loss_cls: 0.3480, roi.acc: 87.7969, roi.loss_bbox: 0.4542, roi.loss_mask: 0.4902, src.loss_imnet_feat_dist: nan, mix.decode.loss_seg: 0.2701, mix.decode.acc_seg: 69.1953
2023-11-22 06:00:03,866 - mmdet - INFO - Iter [3100/20000]	lr: 5.070e-05, eta: 1 day, 0:10:10, time: 5.196, data_time: 0.014, memory: 3847, decode.loss_seg: 0.4739, decode.acc_seg: 83.1390, contrastive_loss: 1.3079, rpn.loss_rpn_cls: 0.1112, rpn.loss_rpn_bbox: 0.1000, roi.loss_cls: 0.3703, roi.acc: 87.1055, roi.loss_bbox: 0.4843, roi.loss_mask: 0.4558, src.loss_imnet_feat_dist: nan, mix.decode.loss_seg: 0.2462, mix.decode.acc_seg: 71.6149
2023-11-22 06:04:21,501 - mmdet - INFO - Iter [3150/20000]	lr: 5.055e-05, eta: 1 day, 0:05:54, time: 5.153, data_time: 0.014, memory: 3847, decode.loss_seg: 0.4821, decode.acc_seg: 80.9407, contrastive_loss: 1.2156, rpn.loss_rpn_cls: 0.1263, rpn.loss_rpn_bbox: 0.0939, roi.loss_cls: 0.3689, roi.acc: 87.1797, roi.loss_bbox: 0.4678, roi.loss_mask: 0.4862, src.loss_imnet_feat_dist: nan, mix.decode.loss_seg: 0.3121, mix.decode.acc_seg: 67.7978
2023-11-22 06:08:43,547 - mmdet - INFO - Iter [3200/20000]	lr: 5.040e-05, eta: 1 day, 0:02:01, time: 5.241, data_time: 0.013, memory: 3847, decode.loss_seg: 0.4357, decode.acc_seg: 82.3344, contrastive_loss: 1.2648, rpn.loss_rpn_cls: 0.1152, rpn.loss_rpn_bbox: 0.1041, roi.loss_cls: 0.4235, roi.acc: 85.5898, roi.loss_bbox: 0.5420, roi.loss_mask: 0.4954, src.loss_imnet_feat_dist: nan, mix.decode.loss_seg: 0.3081, mix.decode.acc_seg: 65.3921
2023-11-22 06:12:55,590 - mmdet - INFO - Iter [3250/20000]	lr: 5.025e-05, eta: 23:57:15, time: 5.041, data_time: 0.013, memory: 3847, decode.loss_seg: 0.4202, decode.acc_seg: 84.4767, contrastive_loss: 1.0752, rpn.loss_rpn_cls: 0.0994, rpn.loss_rpn_bbox: 0.0816, roi.loss_cls: 0.3520, roi.acc: 87.9609, roi.loss_bbox: 0.4716, roi.loss_mask: 0.4553, src.loss_imnet_feat_dist: nan, mix.decode.loss_seg: 0.2855, mix.decode.acc_seg: 73.3230
2023-11-22 06:17:16,265 - mmdet - INFO - Iter [3300/20000]	lr: 5.010e-05, eta: 23:53:14, time: 5.214, data_time: 0.013, memory: 3847, decode.loss_seg: 0.4574, decode.acc_seg: 84.1376, contrastive_loss: 1.2691, rpn.loss_rpn_cls: 0.1063, rpn.loss_rpn_bbox: 0.0961, roi.loss_cls: 0.3928, roi.acc: 86.6016, roi.loss_bbox: 0.5192, roi.loss_mask: 0.4673, src.loss_imnet_feat_dist: nan, mix.decode.loss_seg: 0.2931, mix.decode.acc_seg: 69.9228
2023-11-22 06:21:37,166 - mmdet - INFO - Iter [3350/20000]	lr: 4.995e-05, eta: 23:49:14, time: 5.218, data_time: 0.014, memory: 3847, decode.loss_seg: 0.3891, decode.acc_seg: 84.1327, contrastive_loss: 1.2780, rpn.loss_rpn_cls: 0.0928, rpn.loss_rpn_bbox: 0.0795, roi.loss_cls: 0.3808, roi.acc: 86.8867, roi.loss_bbox: 0.4968, roi.loss_mask: 0.4409, src.loss_imnet_feat_dist: nan, mix.decode.loss_seg: 0.3034, mix.decode.acc_seg: 69.5896
2023-11-22 06:26:01,549 - mmdet - INFO - Iter [3400/20000]	lr: 4.980e-05, eta: 23:45:30, time: 5.288, data_time: 0.014, memory: 3847, decode.loss_seg: 0.4250, decode.acc_seg: 81.1183, contrastive_loss: 1.3051, rpn.loss_rpn_cls: 0.1250, rpn.loss_rpn_bbox: 0.1034, roi.loss_cls: 0.3904, roi.acc: 86.2266, roi.loss_bbox: 0.5271, roi.loss_mask: 0.4326, src.loss_imnet_feat_dist: nan, mix.decode.loss_seg: 0.3127, mix.decode.acc_seg: 68.5396
2023-11-22 06:30:24,142 - mmdet - INFO - Iter [3450/20000]	lr: 4.965e-05, eta: 23:41:36, time: 5.252, data_time: 0.013, memory: 3847, decode.loss_seg: 0.3690, decode.acc_seg: 86.2496, contrastive_loss: 1.2975, rpn.loss_rpn_cls: 0.1019, rpn.loss_rpn_bbox: 0.0830, roi.loss_cls: 0.3231, roi.acc: 88.7617, roi.loss_bbox: 0.4357, roi.loss_mask: 0.4445, src.loss_imnet_feat_dist: nan, mix.decode.loss_seg: 0.2739, mix.decode.acc_seg: 74.9391
2023-11-22 06:34:52,192 - mmdet - INFO - Iter [3500/20000]	lr: 4.950e-05, eta: 23:38:07, time: 5.361, data_time: 0.014, memory: 3847, decode.loss_seg: 0.4562, decode.acc_seg: 80.6454, contrastive_loss: 1.2086, rpn.loss_rpn_cls: 0.1057, rpn.loss_rpn_bbox: 0.1030, roi.loss_cls: 0.4013, roi.acc: 86.3477, roi.loss_bbox: 0.5091, roi.loss_mask: 0.4514, src.loss_imnet_feat_dist: nan, mix.decode.loss_seg: 0.2796, mix.decode.acc_seg: 67.9870
2023-11-22 06:39:00,970 - mmdet - INFO - Iter [3550/20000]	lr: 4.935e-05, eta: 23:33:07, time: 4.976, data_time: 0.013, memory: 3847, decode.loss_seg: 0.4164, decode.acc_seg: 85.2729, contrastive_loss: 0.9443, rpn.loss_rpn_cls: 0.0918, rpn.loss_rpn_bbox: 0.0827, roi.loss_cls: 0.3543, roi.acc: 87.9766, roi.loss_bbox: 0.4790, roi.loss_mask: 0.3887, src.loss_imnet_feat_dist: nan, mix.decode.loss_seg: 0.4496, mix.decode.acc_seg: 65.6323
2023-11-22 06:43:10,495 - mmdet - INFO - Iter [3600/20000]	lr: 4.920e-05, eta: 23:28:12, time: 4.991, data_time: 0.013, memory: 3847, decode.loss_seg: 0.4413, decode.acc_seg: 81.9933, contrastive_loss: 1.0498, rpn.loss_rpn_cls: 0.1000, rpn.loss_rpn_bbox: 0.0791, roi.loss_cls: 0.3630, roi.acc: 87.9492, roi.loss_bbox: 0.4756, roi.loss_mask: 0.4421, src.loss_imnet_feat_dist: nan, mix.decode.loss_seg: 0.3458, mix.decode.acc_seg: 65.7702
2023-11-22 06:47:36,295 - mmdet - INFO - Iter [3650/20000]	lr: 4.905e-05, eta: 23:24:31, time: 5.316, data_time: 0.013, memory: 3847, decode.loss_seg: 0.4452, decode.acc_seg: 83.4358, contrastive_loss: 1.2407, rpn.loss_rpn_cls: 0.1096, rpn.loss_rpn_bbox: 0.1004, roi.loss_cls: 0.3811, roi.acc: 86.6836, roi.loss_bbox: 0.4961, roi.loss_mask: 0.4416, src.loss_imnet_feat_dist: nan, mix.decode.loss_seg: 0.3398, mix.decode.acc_seg: 67.5197
2023-11-22 06:51:48,477 - mmdet - INFO - Iter [3700/20000]	lr: 4.890e-05, eta: 23:19:49, time: 5.044, data_time: 0.013, memory: 3847, decode.loss_seg: 0.3949, decode.acc_seg: 81.3908, contrastive_loss: 1.2452, rpn.loss_rpn_cls: 0.1237, rpn.loss_rpn_bbox: 0.1017, roi.loss_cls: 0.3922, roi.acc: 86.6133, roi.loss_bbox: 0.5101, roi.loss_mask: 0.4209, src.loss_imnet_feat_dist: nan, mix.decode.loss_seg: 0.3487, mix.decode.acc_seg: 68.6097
2023-11-22 06:56:02,633 - mmdet - INFO - Iter [3750/20000]	lr: 4.875e-05, eta: 23:15:16, time: 5.083, data_time: 0.013, memory: 3847, decode.loss_seg: 0.4560, decode.acc_seg: 81.3601, contrastive_loss: 0.9968, rpn.loss_rpn_cls: 0.0873, rpn.loss_rpn_bbox: 0.0623, roi.loss_cls: 0.3081, roi.acc: 89.3594, roi.loss_bbox: 0.3962, roi.loss_mask: 0.4278, src.loss_imnet_feat_dist: nan, mix.decode.loss_seg: 0.3092, mix.decode.acc_seg: 70.7584
2023-11-22 07:00:12,625 - mmdet - INFO - Iter [3800/20000]	lr: 4.860e-05, eta: 23:10:26, time: 5.000, data_time: 0.013, memory: 3847, decode.loss_seg: 0.4297, decode.acc_seg: 83.6696, contrastive_loss: 0.9658, rpn.loss_rpn_cls: 0.0878, rpn.loss_rpn_bbox: 0.0760, roi.loss_cls: 0.3521, roi.acc: 87.5234, roi.loss_bbox: 0.4645, roi.loss_mask: 0.4269, src.loss_imnet_feat_dist: nan, mix.decode.loss_seg: 0.3089, mix.decode.acc_seg: 71.9612
2023-11-22 07:04:28,924 - mmdet - INFO - Iter [3850/20000]	lr: 4.845e-05, eta: 23:06:04, time: 5.126, data_time: 0.013, memory: 3847, decode.loss_seg: 0.4769, decode.acc_seg: 82.1294, contrastive_loss: 1.0405, rpn.loss_rpn_cls: 0.0871, rpn.loss_rpn_bbox: 0.0829, roi.loss_cls: 0.3116, roi.acc: 89.2344, roi.loss_bbox: 0.4232, roi.loss_mask: 0.4010, src.loss_imnet_feat_dist: nan, mix.decode.loss_seg: 0.3225, mix.decode.acc_seg: 65.8613
2023-11-22 07:08:45,134 - mmdet - INFO - Iter [3900/20000]	lr: 4.830e-05, eta: 23:01:41, time: 5.124, data_time: 0.013, memory: 3847, decode.loss_seg: 0.4822, decode.acc_seg: 81.4202, contrastive_loss: 1.1954, rpn.loss_rpn_cls: 0.0916, rpn.loss_rpn_bbox: 0.0776, roi.loss_cls: 0.3542, roi.acc: 87.7031, roi.loss_bbox: 0.4516, roi.loss_mask: 0.4449, src.loss_imnet_feat_dist: nan, mix.decode.loss_seg: 0.3282, mix.decode.acc_seg: 68.1727
2023-11-22 07:13:00,247 - mmdet - INFO - Iter [3950/20000]	lr: 4.815e-05, eta: 22:57:14, time: 5.102, data_time: 0.013, memory: 3847, decode.loss_seg: 0.4583, decode.acc_seg: 80.6319, contrastive_loss: 1.0955, rpn.loss_rpn_cls: 0.1114, rpn.loss_rpn_bbox: 0.0977, roi.loss_cls: 0.3277, roi.acc: 88.2656, roi.loss_bbox: 0.4736, roi.loss_mask: 0.4087, src.loss_imnet_feat_dist: nan, mix.decode.loss_seg: 0.3292, mix.decode.acc_seg: 70.4266
2023-11-22 07:17:15,266 - mmdet - INFO - Exp name: 231122_0133_syn2cs_dacs_rcs001_cpl_maskrcnn_mitb5_poly10warm_s0_18c2e
2023-11-22 07:17:15,267 - mmdet - INFO - Iter [4000/20000]	lr: 4.800e-05, eta: 22:52:47, time: 5.100, data_time: 0.013, memory: 3847, decode.loss_seg: 0.3883, decode.acc_seg: 86.2229, contrastive_loss: 1.0290, rpn.loss_rpn_cls: 0.1104, rpn.loss_rpn_bbox: 0.0938, roi.loss_cls: 0.3625, roi.acc: 87.2695, roi.loss_bbox: 0.4887, roi.loss_mask: 0.4140, src.loss_imnet_feat_dist: nan, mix.decode.loss_seg: 0.2564, mix.decode.acc_seg: 74.5803
2023-11-22 07:21:14,523 - mmdet - INFO - Iter [4050/20000]	lr: 4.785e-05, eta: 22:47:18, time: 4.785, data_time: 0.013, memory: 3847, decode.loss_seg: 0.4039, decode.acc_seg: 83.8595, contrastive_loss: 1.0098, rpn.loss_rpn_cls: 0.0642, rpn.loss_rpn_bbox: 0.0720, roi.loss_cls: 0.3135, roi.acc: 88.9648, roi.loss_bbox: 0.4542, roi.loss_mask: 0.3753, src.loss_imnet_feat_dist: nan, mix.decode.loss_seg: 0.2841, mix.decode.acc_seg: 72.6435
2023-11-22 07:25:19,497 - mmdet - INFO - Iter [4100/20000]	lr: 4.770e-05, eta: 22:42:14, time: 4.899, data_time: 0.013, memory: 3847, decode.loss_seg: 0.3885, decode.acc_seg: 84.3773, contrastive_loss: 1.0136, rpn.loss_rpn_cls: 0.0753, rpn.loss_rpn_bbox: 0.0726, roi.loss_cls: 0.3232, roi.acc: 88.3320, roi.loss_bbox: 0.4786, roi.loss_mask: 0.4211, src.loss_imnet_feat_dist: nan, mix.decode.loss_seg: 0.2455, mix.decode.acc_seg: 73.6980
2023-11-22 07:29:46,018 - mmdet - INFO - Iter [4150/20000]	lr: 4.755e-05, eta: 22:38:33, time: 5.330, data_time: 0.014, memory: 3847, decode.loss_seg: 0.5364, decode.acc_seg: 80.3994, contrastive_loss: 1.1922, rpn.loss_rpn_cls: 0.0769, rpn.loss_rpn_bbox: 0.0863, roi.loss_cls: 0.3663, roi.acc: 87.2617, roi.loss_bbox: 0.4936, roi.loss_mask: 0.4256, src.loss_imnet_feat_dist: nan, mix.decode.loss_seg: 0.3801, mix.decode.acc_seg: 69.0428
2023-11-22 07:34:03,071 - mmdet - INFO - Iter [4200/20000]	lr: 4.740e-05, eta: 22:34:16, time: 5.141, data_time: 0.014, memory: 3847, decode.loss_seg: 0.3607, decode.acc_seg: 82.2559, contrastive_loss: 0.9908, rpn.loss_rpn_cls: 0.1022, rpn.loss_rpn_bbox: 0.0864, roi.loss_cls: 0.3361, roi.acc: 88.2422, roi.loss_bbox: 0.4664, roi.loss_mask: 0.3998, src.loss_imnet_feat_dist: nan, mix.decode.loss_seg: 0.3863, mix.decode.acc_seg: 66.0211
2023-11-22 07:38:20,543 - mmdet - INFO - Iter [4250/20000]	lr: 4.725e-05, eta: 22:30:00, time: 5.149, data_time: 0.014, memory: 3847, decode.loss_seg: 0.4602, decode.acc_seg: 80.5583, contrastive_loss: 0.9707, rpn.loss_rpn_cls: 0.0871, rpn.loss_rpn_bbox: 0.0811, roi.loss_cls: 0.3493, roi.acc: 87.8555, roi.loss_bbox: 0.4666, roi.loss_mask: 0.4178, src.loss_imnet_feat_dist: nan, mix.decode.loss_seg: 0.5078, mix.decode.acc_seg: 62.0733
2023-11-22 07:42:38,915 - mmdet - INFO - Iter [4300/20000]	lr: 4.710e-05, eta: 22:25:47, time: 5.167, data_time: 0.013, memory: 3847, decode.loss_seg: 0.4174, decode.acc_seg: 81.1112, contrastive_loss: 0.9794, rpn.loss_rpn_cls: 0.1074, rpn.loss_rpn_bbox: 0.0838, roi.loss_cls: 0.3297, roi.acc: 88.6172, roi.loss_bbox: 0.4566, roi.loss_mask: 0.3965, src.loss_imnet_feat_dist: nan, mix.decode.loss_seg: 0.3138, mix.decode.acc_seg: 63.2932
2023-11-22 07:47:05,302 - mmdet - INFO - Iter [4350/20000]	lr: 4.695e-05, eta: 22:22:03, time: 5.328, data_time: 0.014, memory: 3847, decode.loss_seg: 0.3974, decode.acc_seg: 83.0638, contrastive_loss: 1.0835, rpn.loss_rpn_cls: 0.1082, rpn.loss_rpn_bbox: 0.0862, roi.loss_cls: 0.3499, roi.acc: 87.5938, roi.loss_bbox: 0.4705, roi.loss_mask: 0.3798, src.loss_imnet_feat_dist: nan, mix.decode.loss_seg: 0.2871, mix.decode.acc_seg: 70.8444
2023-11-22 07:51:30,895 - mmdet - INFO - Iter [4400/20000]	lr: 4.680e-05, eta: 22:18:15, time: 5.312, data_time: 0.014, memory: 3847, decode.loss_seg: 0.3964, decode.acc_seg: 82.2768, contrastive_loss: 1.0913, rpn.loss_rpn_cls: 0.0996, rpn.loss_rpn_bbox: 0.0863, roi.loss_cls: 0.3540, roi.acc: 87.7227, roi.loss_bbox: 0.4728, roi.loss_mask: 0.3918, src.loss_imnet_feat_dist: nan, mix.decode.loss_seg: 0.3820, mix.decode.acc_seg: 69.2515
2023-11-22 07:55:48,136 - mmdet - INFO - Iter [4450/20000]	lr: 4.665e-05, eta: 22:13:58, time: 5.145, data_time: 0.014, memory: 3847, decode.loss_seg: 0.4242, decode.acc_seg: 83.0170, contrastive_loss: 1.0619, rpn.loss_rpn_cls: 0.0871, rpn.loss_rpn_bbox: 0.0807, roi.loss_cls: 0.3506, roi.acc: 87.2031, roi.loss_bbox: 0.5099, roi.loss_mask: 0.4059, src.loss_imnet_feat_dist: nan, mix.decode.loss_seg: 0.3064, mix.decode.acc_seg: 68.7610
2023-11-22 08:00:04,172 - mmdet - INFO - Iter [4500/20000]	lr: 4.650e-05, eta: 22:09:36, time: 5.121, data_time: 0.013, memory: 3847, decode.loss_seg: 0.3523, decode.acc_seg: 82.3147, contrastive_loss: 1.1027, rpn.loss_rpn_cls: 0.0919, rpn.loss_rpn_bbox: 0.0946, roi.loss_cls: 0.3349, roi.acc: 87.9766, roi.loss_bbox: 0.4693, roi.loss_mask: 0.3976, src.loss_imnet_feat_dist: nan, mix.decode.loss_seg: 0.3116, mix.decode.acc_seg: 70.6687
2023-11-22 08:04:20,607 - mmdet - INFO - Iter [4550/20000]	lr: 4.635e-05, eta: 22:05:15, time: 5.129, data_time: 0.013, memory: 3847, decode.loss_seg: 0.3374, decode.acc_seg: 85.2675, contrastive_loss: 1.1167, rpn.loss_rpn_cls: 0.0932, rpn.loss_rpn_bbox: 0.0900, roi.loss_cls: 0.3431, roi.acc: 87.8203, roi.loss_bbox: 0.4508, roi.loss_mask: 0.4064, src.loss_imnet_feat_dist: nan, mix.decode.loss_seg: 0.2532, mix.decode.acc_seg: 75.6311
2023-11-22 08:08:38,907 - mmdet - INFO - Iter [4600/20000]	lr: 4.620e-05, eta: 22:01:01, time: 5.166, data_time: 0.014, memory: 3847, decode.loss_seg: 0.4341, decode.acc_seg: 84.0194, contrastive_loss: 1.1695, rpn.loss_rpn_cls: 0.1020, rpn.loss_rpn_bbox: 0.0941, roi.loss_cls: 0.3690, roi.acc: 86.9102, roi.loss_bbox: 0.4737, roi.loss_mask: 0.4194, src.loss_imnet_feat_dist: nan, mix.decode.loss_seg: 0.3154, mix.decode.acc_seg: 72.4761
2023-11-22 08:12:59,747 - mmdet - INFO - Iter [4650/20000]	lr: 4.605e-05, eta: 21:56:55, time: 5.217, data_time: 0.014, memory: 3847, decode.loss_seg: 0.4180, decode.acc_seg: 83.2053, contrastive_loss: 1.1281, rpn.loss_rpn_cls: 0.1092, rpn.loss_rpn_bbox: 0.0883, roi.loss_cls: 0.3380, roi.acc: 88.4414, roi.loss_bbox: 0.4360, roi.loss_mask: 0.4036, src.loss_imnet_feat_dist: nan, mix.decode.loss_seg: 0.3280, mix.decode.acc_seg: 68.9811
2023-11-22 08:17:09,547 - mmdet - INFO - Iter [4700/20000]	lr: 4.590e-05, eta: 21:52:13, time: 4.996, data_time: 0.013, memory: 3847, decode.loss_seg: 0.3361, decode.acc_seg: 87.3392, contrastive_loss: 1.1109, rpn.loss_rpn_cls: 0.1305, rpn.loss_rpn_bbox: 0.0793, roi.loss_cls: 0.3229, roi.acc: 88.6914, roi.loss_bbox: 0.4394, roi.loss_mask: 0.3986, src.loss_imnet_feat_dist: nan, mix.decode.loss_seg: 0.2563, mix.decode.acc_seg: 74.1207
2023-11-22 08:21:34,877 - mmdet - INFO - Iter [4750/20000]	lr: 4.575e-05, eta: 21:48:22, time: 5.307, data_time: 0.014, memory: 3847, decode.loss_seg: 0.3453, decode.acc_seg: 86.3189, contrastive_loss: 1.0544, rpn.loss_rpn_cls: 0.0970, rpn.loss_rpn_bbox: 0.0908, roi.loss_cls: 0.3244, roi.acc: 88.4570, roi.loss_bbox: 0.4405, roi.loss_mask: 0.3940, src.loss_imnet_feat_dist: nan, mix.decode.loss_seg: 0.2621, mix.decode.acc_seg: 73.5232
2023-11-22 08:25:55,839 - mmdet - INFO - Iter [4800/20000]	lr: 4.560e-05, eta: 21:44:16, time: 5.219, data_time: 0.014, memory: 3847, decode.loss_seg: 0.3859, decode.acc_seg: 83.5720, contrastive_loss: 1.0457, rpn.loss_rpn_cls: 0.0813, rpn.loss_rpn_bbox: 0.0803, roi.loss_cls: 0.3204, roi.acc: 88.6797, roi.loss_bbox: 0.4579, roi.loss_mask: 0.3816, src.loss_imnet_feat_dist: nan, mix.decode.loss_seg: 0.2853, mix.decode.acc_seg: 73.7174
2023-11-22 08:30:05,241 - mmdet - INFO - Iter [4850/20000]	lr: 4.545e-05, eta: 21:39:33, time: 4.988, data_time: 0.013, memory: 3847, decode.loss_seg: 0.3870, decode.acc_seg: 84.6910, contrastive_loss: 1.0266, rpn.loss_rpn_cls: 0.0750, rpn.loss_rpn_bbox: 0.0668, roi.loss_cls: 0.3258, roi.acc: 88.2227, roi.loss_bbox: 0.4834, roi.loss_mask: 0.3505, src.loss_imnet_feat_dist: nan, mix.decode.loss_seg: 0.2726, mix.decode.acc_seg: 74.1153
2023-11-22 08:34:23,828 - mmdet - INFO - Iter [4900/20000]	lr: 4.530e-05, eta: 21:35:20, time: 5.172, data_time: 0.013, memory: 3847, decode.loss_seg: 0.3484, decode.acc_seg: 85.1991, contrastive_loss: 1.1747, rpn.loss_rpn_cls: 0.0732, rpn.loss_rpn_bbox: 0.0765, roi.loss_cls: 0.3212, roi.acc: 88.6211, roi.loss_bbox: 0.4472, roi.loss_mask: 0.3936, src.loss_imnet_feat_dist: nan, mix.decode.loss_seg: 0.2508, mix.decode.acc_seg: 71.6294
2023-11-22 08:38:44,088 - mmdet - INFO - Iter [4950/20000]	lr: 4.515e-05, eta: 21:31:11, time: 5.205, data_time: 0.014, memory: 3847, decode.loss_seg: 0.4298, decode.acc_seg: 82.4542, contrastive_loss: 1.0881, rpn.loss_rpn_cls: 0.0925, rpn.loss_rpn_bbox: 0.0973, roi.loss_cls: 0.3458, roi.acc: 87.5703, roi.loss_bbox: 0.4681, roi.loss_mask: 0.3862, src.loss_imnet_feat_dist: nan, mix.decode.loss_seg: 0.3303, mix.decode.acc_seg: 69.5053
2023-11-22 08:42:52,861 - mmdet - INFO - Saving checkpoint at 5000 iterations
2023-11-22 08:43:19,825 - mmdet - INFO - Exp name: 231122_0133_syn2cs_dacs_rcs001_cpl_maskrcnn_mitb5_poly10warm_s0_18c2e
2023-11-22 08:43:19,825 - mmdet - INFO - Iter [5000/20000]	lr: 4.500e-05, eta: 21:27:49, time: 5.515, data_time: 0.013, memory: 3847, decode.loss_seg: 0.2625, decode.acc_seg: 86.3400, contrastive_loss: 0.7674, rpn.loss_rpn_cls: 0.0579, rpn.loss_rpn_bbox: 0.0704, roi.loss_cls: 0.2553, roi.acc: 90.6719, roi.loss_bbox: 0.3851, roi.loss_mask: 0.3571, src.loss_imnet_feat_dist: nan, mix.decode.loss_seg: 0.2466, mix.decode.acc_seg: 76.9895
2023-11-22 08:47:41,550 - mmdet - INFO - Iter [5050/20000]	lr: 4.485e-05, eta: 21:23:44, time: 5.235, data_time: 0.014, memory: 3847, decode.loss_seg: 0.4248, decode.acc_seg: 82.7159, contrastive_loss: 1.0480, rpn.loss_rpn_cls: 0.0934, rpn.loss_rpn_bbox: 0.0899, roi.loss_cls: 0.3410, roi.acc: 87.9688, roi.loss_bbox: 0.4773, roi.loss_mask: 0.3851, src.loss_imnet_feat_dist: nan, mix.decode.loss_seg: 0.3412, mix.decode.acc_seg: 72.5639
2023-11-22 08:52:08,265 - mmdet - INFO - Iter [5100/20000]	lr: 4.470e-05, eta: 21:19:53, time: 5.334, data_time: 0.014, memory: 3847, decode.loss_seg: 0.4329, decode.acc_seg: 84.1941, contrastive_loss: 1.1140, rpn.loss_rpn_cls: 0.0943, rpn.loss_rpn_bbox: 0.0849, roi.loss_cls: 0.3756, roi.acc: 87.1602, roi.loss_bbox: 0.4676, roi.loss_mask: 0.3843, src.loss_imnet_feat_dist: nan, mix.decode.loss_seg: 0.4644, mix.decode.acc_seg: 69.7869
2023-11-22 08:56:17,929 - mmdet - INFO - Iter [5150/20000]	lr: 4.455e-05, eta: 21:15:12, time: 4.993, data_time: 0.014, memory: 3847, decode.loss_seg: 0.3604, decode.acc_seg: 85.7565, contrastive_loss: 1.0708, rpn.loss_rpn_cls: 0.0961, rpn.loss_rpn_bbox: 0.0821, roi.loss_cls: 0.3536, roi.acc: 87.9492, roi.loss_bbox: 0.4634, roi.loss_mask: 0.4044, src.loss_imnet_feat_dist: nan, mix.decode.loss_seg: 0.2421, mix.decode.acc_seg: 76.4134
2023-11-22 09:00:38,578 - mmdet - INFO - Iter [5200/20000]	lr: 4.440e-05, eta: 21:11:03, time: 5.213, data_time: 0.014, memory: 3847, decode.loss_seg: 0.3457, decode.acc_seg: 83.7256, contrastive_loss: 1.1304, rpn.loss_rpn_cls: 0.0730, rpn.loss_rpn_bbox: 0.0760, roi.loss_cls: 0.3269, roi.acc: 88.1289, roi.loss_bbox: 0.4680, roi.loss_mask: 0.3744, src.loss_imnet_feat_dist: nan, mix.decode.loss_seg: 0.2972, mix.decode.acc_seg: 71.4307
2023-11-22 09:04:55,553 - mmdet - INFO - Iter [5250/20000]	lr: 4.425e-05, eta: 21:06:43, time: 5.140, data_time: 0.013, memory: 3847, decode.loss_seg: 0.3578, decode.acc_seg: 86.0901, contrastive_loss: 1.1122, rpn.loss_rpn_cls: 0.1188, rpn.loss_rpn_bbox: 0.1125, roi.loss_cls: 0.3421, roi.acc: 87.5664, roi.loss_bbox: 0.4919, roi.loss_mask: 0.4331, src.loss_imnet_feat_dist: nan, mix.decode.loss_seg: 0.3308, mix.decode.acc_seg: 72.5275
2023-11-22 09:09:14,511 - mmdet - INFO - Iter [5300/20000]	lr: 4.410e-05, eta: 21:02:29, time: 5.179, data_time: 0.014, memory: 3847, decode.loss_seg: 0.3366, decode.acc_seg: 83.7759, contrastive_loss: 1.1558, rpn.loss_rpn_cls: 0.1082, rpn.loss_rpn_bbox: 0.0953, roi.loss_cls: 0.3603, roi.acc: 87.1836, roi.loss_bbox: 0.4759, roi.loss_mask: 0.4017, src.loss_imnet_feat_dist: nan, mix.decode.loss_seg: 0.3361, mix.decode.acc_seg: 73.4496
2023-11-22 09:13:31,040 - mmdet - INFO - Iter [5350/20000]	lr: 4.395e-05, eta: 20:58:09, time: 5.131, data_time: 0.014, memory: 3847, decode.loss_seg: 0.3219, decode.acc_seg: 83.5309, contrastive_loss: 0.9716, rpn.loss_rpn_cls: 0.0876, rpn.loss_rpn_bbox: 0.0904, roi.loss_cls: 0.3234, roi.acc: 88.8477, roi.loss_bbox: 0.4285, roi.loss_mask: 0.3687, src.loss_imnet_feat_dist: nan, mix.decode.loss_seg: 0.2581, mix.decode.acc_seg: 75.7810
2023-11-22 09:17:41,164 - mmdet - INFO - Iter [5400/20000]	lr: 4.380e-05, eta: 20:53:31, time: 5.002, data_time: 0.013, memory: 3847, decode.loss_seg: 0.3334, decode.acc_seg: 85.2912, contrastive_loss: 1.0175, rpn.loss_rpn_cls: 0.0793, rpn.loss_rpn_bbox: 0.0797, roi.loss_cls: 0.3361, roi.acc: 88.7812, roi.loss_bbox: 0.4267, roi.loss_mask: 0.3913, src.loss_imnet_feat_dist: nan, mix.decode.loss_seg: 0.2770, mix.decode.acc_seg: 74.9088
2023-11-22 09:22:02,985 - mmdet - INFO - Iter [5450/20000]	lr: 4.365e-05, eta: 20:49:24, time: 5.236, data_time: 0.014, memory: 3847, decode.loss_seg: 0.2810, decode.acc_seg: 87.4942, contrastive_loss: 1.0917, rpn.loss_rpn_cls: 0.0808, rpn.loss_rpn_bbox: 0.0822, roi.loss_cls: 0.3265, roi.acc: 88.2656, roi.loss_bbox: 0.4551, roi.loss_mask: 0.3903, src.loss_imnet_feat_dist: nan, mix.decode.loss_seg: 0.2217, mix.decode.acc_seg: 78.2892
2023-11-22 09:26:18,480 - mmdet - INFO - Iter [5500/20000]	lr: 4.350e-05, eta: 20:45:01, time: 5.110, data_time: 0.014, memory: 3847, decode.loss_seg: 0.3397, decode.acc_seg: 85.1696, contrastive_loss: 1.2262, rpn.loss_rpn_cls: 0.0942, rpn.loss_rpn_bbox: 0.0783, roi.loss_cls: 0.3313, roi.acc: 88.2656, roi.loss_bbox: 0.4659, roi.loss_mask: 0.3717, src.loss_imnet_feat_dist: nan, mix.decode.loss_seg: 0.2889, mix.decode.acc_seg: 76.0411
2023-11-22 09:30:39,205 - mmdet - INFO - Iter [5550/20000]	lr: 4.335e-05, eta: 20:40:52, time: 5.214, data_time: 0.013, memory: 3847, decode.loss_seg: 0.3932, decode.acc_seg: 84.4007, contrastive_loss: 1.1989, rpn.loss_rpn_cls: 0.0987, rpn.loss_rpn_bbox: 0.0926, roi.loss_cls: 0.3273, roi.acc: 88.1250, roi.loss_bbox: 0.4698, roi.loss_mask: 0.3823, src.loss_imnet_feat_dist: nan, mix.decode.loss_seg: 0.3199, mix.decode.acc_seg: 75.4981
2023-11-22 09:35:00,561 - mmdet - INFO - Iter [5600/20000]	lr: 4.320e-05, eta: 20:36:44, time: 5.227, data_time: 0.014, memory: 3847, decode.loss_seg: 0.3005, decode.acc_seg: 85.1532, contrastive_loss: 1.0619, rpn.loss_rpn_cls: 0.0999, rpn.loss_rpn_bbox: 0.0927, roi.loss_cls: 0.3196, roi.acc: 88.4023, roi.loss_bbox: 0.4747, roi.loss_mask: 0.3634, src.loss_imnet_feat_dist: nan, mix.decode.loss_seg: 0.3334, mix.decode.acc_seg: 71.6322
2023-11-22 09:39:17,830 - mmdet - INFO - Iter [5650/20000]	lr: 4.305e-05, eta: 20:32:25, time: 5.145, data_time: 0.014, memory: 3847, decode.loss_seg: 0.3414, decode.acc_seg: 83.8763, contrastive_loss: 0.9383, rpn.loss_rpn_cls: 0.0867, rpn.loss_rpn_bbox: 0.0665, roi.loss_cls: 0.2849, roi.acc: 89.8906, roi.loss_bbox: 0.3900, roi.loss_mask: 0.4347, src.loss_imnet_feat_dist: nan, mix.decode.loss_seg: 0.3835, mix.decode.acc_seg: 69.1827
2023-11-22 09:43:33,670 - mmdet - INFO - Iter [5700/20000]	lr: 4.290e-05, eta: 20:28:03, time: 5.117, data_time: 0.014, memory: 3847, decode.loss_seg: 0.2948, decode.acc_seg: 87.0908, contrastive_loss: 1.1859, rpn.loss_rpn_cls: 0.0863, rpn.loss_rpn_bbox: 0.0770, roi.loss_cls: 0.3321, roi.acc: 88.2461, roi.loss_bbox: 0.4705, roi.loss_mask: 0.4154, src.loss_imnet_feat_dist: nan, mix.decode.loss_seg: 0.2357, mix.decode.acc_seg: 79.5984
2023-11-22 09:47:47,273 - mmdet - INFO - Iter [5750/20000]	lr: 4.275e-05, eta: 20:23:35, time: 5.072, data_time: 0.013, memory: 3847, decode.loss_seg: 0.2694, decode.acc_seg: 84.5472, contrastive_loss: 1.0042, rpn.loss_rpn_cls: 0.0819, rpn.loss_rpn_bbox: 0.0788, roi.loss_cls: 0.3053, roi.acc: 88.7344, roi.loss_bbox: 0.4592, roi.loss_mask: 0.3487, src.loss_imnet_feat_dist: nan, mix.decode.loss_seg: 0.2661, mix.decode.acc_seg: 75.3444
2023-11-22 09:52:07,040 - mmdet - INFO - Iter [5800/20000]	lr: 4.260e-05, eta: 20:19:23, time: 5.195, data_time: 0.013, memory: 3847, decode.loss_seg: 0.3288, decode.acc_seg: 85.5460, contrastive_loss: 1.0211, rpn.loss_rpn_cls: 0.0750, rpn.loss_rpn_bbox: 0.0899, roi.loss_cls: 0.3163, roi.acc: 88.4336, roi.loss_bbox: 0.4544, roi.loss_mask: 0.3820, src.loss_imnet_feat_dist: nan, mix.decode.loss_seg: 0.2423, mix.decode.acc_seg: 78.8456
2023-11-22 09:56:27,480 - mmdet - INFO - Iter [5850/20000]	lr: 4.245e-05, eta: 20:15:12, time: 5.209, data_time: 0.013, memory: 3847, decode.loss_seg: 0.2997, decode.acc_seg: 86.2153, contrastive_loss: 1.1014, rpn.loss_rpn_cls: 0.0960, rpn.loss_rpn_bbox: 0.0899, roi.loss_cls: 0.3333, roi.acc: 88.0977, roi.loss_bbox: 0.4590, roi.loss_mask: 0.3837, src.loss_imnet_feat_dist: nan, mix.decode.loss_seg: 0.2575, mix.decode.acc_seg: 76.8291
2023-11-22 10:00:55,697 - mmdet - INFO - Iter [5900/20000]	lr: 4.230e-05, eta: 20:11:20, time: 5.364, data_time: 0.014, memory: 3847, decode.loss_seg: 0.3098, decode.acc_seg: 86.9511, contrastive_loss: 1.1581, rpn.loss_rpn_cls: 0.0860, rpn.loss_rpn_bbox: 0.0963, roi.loss_cls: 0.3615, roi.acc: 87.5391, roi.loss_bbox: 0.4780, roi.loss_mask: 0.3999, src.loss_imnet_feat_dist: nan, mix.decode.loss_seg: 0.3001, mix.decode.acc_seg: 76.7948
2023-11-22 10:05:18,237 - mmdet - INFO - Iter [5950/20000]	lr: 4.215e-05, eta: 20:07:13, time: 5.251, data_time: 0.014, memory: 3847, decode.loss_seg: 0.3118, decode.acc_seg: 87.4064, contrastive_loss: 1.0030, rpn.loss_rpn_cls: 0.0766, rpn.loss_rpn_bbox: 0.0897, roi.loss_cls: 0.3179, roi.acc: 88.4883, roi.loss_bbox: 0.4570, roi.loss_mask: 0.3612, src.loss_imnet_feat_dist: nan, mix.decode.loss_seg: 0.2670, mix.decode.acc_seg: 79.4507
2023-11-22 10:09:38,424 - mmdet - INFO - Exp name: 231122_0133_syn2cs_dacs_rcs001_cpl_maskrcnn_mitb5_poly10warm_s0_18c2e
2023-11-22 10:09:38,425 - mmdet - INFO - Iter [6000/20000]	lr: 4.200e-05, eta: 20:03:01, time: 5.204, data_time: 0.014, memory: 3847, decode.loss_seg: 0.3316, decode.acc_seg: 85.3977, contrastive_loss: 1.1202, rpn.loss_rpn_cls: 0.0790, rpn.loss_rpn_bbox: 0.0766, roi.loss_cls: 0.3515, roi.acc: 87.5742, roi.loss_bbox: 0.4986, roi.loss_mask: 0.3839, src.loss_imnet_feat_dist: nan, mix.decode.loss_seg: 0.2608, mix.decode.acc_seg: 76.0047
2023-11-22 10:14:00,917 - mmdet - INFO - Iter [6050/20000]	lr: 4.185e-05, eta: 19:58:54, time: 5.250, data_time: 0.014, memory: 3847, decode.loss_seg: 0.3837, decode.acc_seg: 84.4735, contrastive_loss: 1.0886, rpn.loss_rpn_cls: 0.0851, rpn.loss_rpn_bbox: 0.0827, roi.loss_cls: 0.3353, roi.acc: 88.1719, roi.loss_bbox: 0.4503, roi.loss_mask: 0.4022, src.loss_imnet_feat_dist: nan, mix.decode.loss_seg: 0.3097, mix.decode.acc_seg: 73.2409
2023-11-22 10:18:19,201 - mmdet - INFO - Iter [6100/20000]	lr: 4.170e-05, eta: 19:54:38, time: 5.166, data_time: 0.013, memory: 3847, decode.loss_seg: 0.5277, decode.acc_seg: 79.7737, contrastive_loss: 0.9459, rpn.loss_rpn_cls: 0.0900, rpn.loss_rpn_bbox: 0.0829, roi.loss_cls: 0.3086, roi.acc: 89.3711, roi.loss_bbox: 0.4145, roi.loss_mask: 0.3661, src.loss_imnet_feat_dist: nan, mix.decode.loss_seg: 0.3790, mix.decode.acc_seg: 70.7979
2023-11-22 10:22:32,489 - mmdet - INFO - Iter [6150/20000]	lr: 4.155e-05, eta: 19:50:09, time: 5.066, data_time: 0.013, memory: 3847, decode.loss_seg: 0.3429, decode.acc_seg: 85.0824, contrastive_loss: 1.0771, rpn.loss_rpn_cls: 0.0880, rpn.loss_rpn_bbox: 0.0928, roi.loss_cls: 0.3396, roi.acc: 87.8359, roi.loss_bbox: 0.5039, roi.loss_mask: 0.3854, src.loss_imnet_feat_dist: nan, mix.decode.loss_seg: 0.2916, mix.decode.acc_seg: 74.0909
2023-11-22 10:26:40,243 - mmdet - INFO - Iter [6200/20000]	lr: 4.140e-05, eta: 19:45:29, time: 4.955, data_time: 0.013, memory: 3847, decode.loss_seg: 0.3541, decode.acc_seg: 82.9685, contrastive_loss: 0.9658, rpn.loss_rpn_cls: 0.0634, rpn.loss_rpn_bbox: 0.0784, roi.loss_cls: 0.2779, roi.acc: 89.7188, roi.loss_bbox: 0.4267, roi.loss_mask: 0.3344, src.loss_imnet_feat_dist: nan, mix.decode.loss_seg: 0.3471, mix.decode.acc_seg: 70.2152
2023-11-22 10:31:05,868 - mmdet - INFO - Iter [6250/20000]	lr: 4.125e-05, eta: 19:41:29, time: 5.313, data_time: 0.014, memory: 3847, decode.loss_seg: 0.3575, decode.acc_seg: 82.8474, contrastive_loss: 1.0978, rpn.loss_rpn_cls: 0.0927, rpn.loss_rpn_bbox: 0.0820, roi.loss_cls: 0.3225, roi.acc: 88.5391, roi.loss_bbox: 0.4588, roi.loss_mask: 0.3876, src.loss_imnet_feat_dist: nan, mix.decode.loss_seg: 0.3362, mix.decode.acc_seg: 72.9065
2023-11-22 10:35:28,450 - mmdet - INFO - Iter [6300/20000]	lr: 4.110e-05, eta: 19:37:22, time: 5.252, data_time: 0.014, memory: 3847, decode.loss_seg: 0.4312, decode.acc_seg: 82.4271, contrastive_loss: 0.9254, rpn.loss_rpn_cls: 0.0905, rpn.loss_rpn_bbox: 0.0890, roi.loss_cls: 0.3309, roi.acc: 88.1680, roi.loss_bbox: 0.4723, roi.loss_mask: 0.3802, src.loss_imnet_feat_dist: nan, mix.decode.loss_seg: 0.3390, mix.decode.acc_seg: 72.8659
2023-11-22 10:39:39,880 - mmdet - INFO - Iter [6350/20000]	lr: 4.095e-05, eta: 19:32:50, time: 5.029, data_time: 0.014, memory: 3847, decode.loss_seg: 0.2991, decode.acc_seg: 87.3535, contrastive_loss: 1.1485, rpn.loss_rpn_cls: 0.0818, rpn.loss_rpn_bbox: 0.0937, roi.loss_cls: 0.3301, roi.acc: 88.0625, roi.loss_bbox: 0.4409, roi.loss_mask: 0.3738, src.loss_imnet_feat_dist: nan, mix.decode.loss_seg: 0.2499, mix.decode.acc_seg: 77.9041
2023-11-22 10:44:03,271 - mmdet - INFO - Iter [6400/20000]	lr: 4.080e-05, eta: 19:28:44, time: 5.268, data_time: 0.014, memory: 3847, decode.loss_seg: 0.3704, decode.acc_seg: 83.6306, contrastive_loss: 1.1201, rpn.loss_rpn_cls: 0.0919, rpn.loss_rpn_bbox: 0.0984, roi.loss_cls: 0.3390, roi.acc: 87.4492, roi.loss_bbox: 0.5024, roi.loss_mask: 0.3747, src.loss_imnet_feat_dist: nan, mix.decode.loss_seg: 0.2917, mix.decode.acc_seg: 74.5276
2023-11-22 10:48:21,420 - mmdet - INFO - Iter [6450/20000]	lr: 4.065e-05, eta: 19:24:27, time: 5.163, data_time: 0.014, memory: 3847, decode.loss_seg: 0.3818, decode.acc_seg: 84.4567, contrastive_loss: 1.0253, rpn.loss_rpn_cls: 0.0877, rpn.loss_rpn_bbox: 0.0759, roi.loss_cls: 0.3243, roi.acc: 88.5625, roi.loss_bbox: 0.4587, roi.loss_mask: 0.3626, src.loss_imnet_feat_dist: nan, mix.decode.loss_seg: 0.3270, mix.decode.acc_seg: 75.3842
2023-11-22 10:52:37,374 - mmdet - INFO - Iter [6500/20000]	lr: 4.050e-05, eta: 19:20:06, time: 5.119, data_time: 0.013, memory: 3847, decode.loss_seg: 0.3212, decode.acc_seg: 84.7352, contrastive_loss: 1.0899, rpn.loss_rpn_cls: 0.0748, rpn.loss_rpn_bbox: 0.0714, roi.loss_cls: 0.2877, roi.acc: 89.8164, roi.loss_bbox: 0.4080, roi.loss_mask: 0.3790, src.loss_imnet_feat_dist: nan, mix.decode.loss_seg: 0.2963, mix.decode.acc_seg: 75.6833
2023-11-22 10:56:56,894 - mmdet - INFO - Iter [6550/20000]	lr: 4.035e-05, eta: 19:15:51, time: 5.190, data_time: 0.014, memory: 3847, decode.loss_seg: 0.3497, decode.acc_seg: 85.0877, contrastive_loss: 1.1841, rpn.loss_rpn_cls: 0.1020, rpn.loss_rpn_bbox: 0.0871, roi.loss_cls: 0.3326, roi.acc: 88.0625, roi.loss_bbox: 0.4839, roi.loss_mask: 0.3828, src.loss_imnet_feat_dist: nan, mix.decode.loss_seg: 0.3088, mix.decode.acc_seg: 75.0718
2023-11-22 11:01:20,773 - mmdet - INFO - Iter [6600/20000]	lr: 4.020e-05, eta: 19:11:46, time: 5.278, data_time: 0.014, memory: 3847, decode.loss_seg: 0.3359, decode.acc_seg: 83.9185, contrastive_loss: 1.2090, rpn.loss_rpn_cls: 0.0814, rpn.loss_rpn_bbox: 0.0903, roi.loss_cls: 0.3371, roi.acc: 87.8242, roi.loss_bbox: 0.4888, roi.loss_mask: 0.3928, src.loss_imnet_feat_dist: nan, mix.decode.loss_seg: 0.2985, mix.decode.acc_seg: 76.5390
2023-11-22 11:05:47,972 - mmdet - INFO - Iter [6650/20000]	lr: 4.005e-05, eta: 19:07:47, time: 5.344, data_time: 0.014, memory: 3847, decode.loss_seg: 0.3612, decode.acc_seg: 85.4517, contrastive_loss: 1.0905, rpn.loss_rpn_cls: 0.0738, rpn.loss_rpn_bbox: 0.0852, roi.loss_cls: 0.3496, roi.acc: 87.0820, roi.loss_bbox: 0.5036, roi.loss_mask: 0.3818, src.loss_imnet_feat_dist: nan, mix.decode.loss_seg: 0.3017, mix.decode.acc_seg: 75.4788
2023-11-22 11:10:02,456 - mmdet - INFO - Iter [6700/20000]	lr: 3.990e-05, eta: 19:03:22, time: 5.090, data_time: 0.013, memory: 3847, decode.loss_seg: 0.3189, decode.acc_seg: 84.6805, contrastive_loss: 0.8772, rpn.loss_rpn_cls: 0.0804, rpn.loss_rpn_bbox: 0.0765, roi.loss_cls: 0.3250, roi.acc: 88.4961, roi.loss_bbox: 0.4766, roi.loss_mask: 0.3391, src.loss_imnet_feat_dist: nan, mix.decode.loss_seg: 0.3049, mix.decode.acc_seg: 76.9145
2023-11-22 11:14:36,198 - mmdet - INFO - Iter [6750/20000]	lr: 3.975e-05, eta: 18:59:35, time: 5.475, data_time: 0.014, memory: 3847, decode.loss_seg: 0.3206, decode.acc_seg: 85.0528, contrastive_loss: 1.1797, rpn.loss_rpn_cls: 0.0789, rpn.loss_rpn_bbox: 0.0785, roi.loss_cls: 0.3341, roi.acc: 87.6406, roi.loss_bbox: 0.4704, roi.loss_mask: 0.3821, src.loss_imnet_feat_dist: nan, mix.decode.loss_seg: 0.3352, mix.decode.acc_seg: 72.8766
2023-11-22 11:18:55,616 - mmdet - INFO - Iter [6800/20000]	lr: 3.960e-05, eta: 18:55:20, time: 5.188, data_time: 0.014, memory: 3847, decode.loss_seg: 0.3038, decode.acc_seg: 86.8155, contrastive_loss: 1.0679, rpn.loss_rpn_cls: 0.0688, rpn.loss_rpn_bbox: 0.0843, roi.loss_cls: 0.3274, roi.acc: 87.6602, roi.loss_bbox: 0.4899, roi.loss_mask: 0.3688, src.loss_imnet_feat_dist: nan, mix.decode.loss_seg: 0.2669, mix.decode.acc_seg: 77.1000
2023-11-22 11:23:10,275 - mmdet - INFO - Iter [6850/20000]	lr: 3.945e-05, eta: 18:50:55, time: 5.093, data_time: 0.014, memory: 3847, decode.loss_seg: 0.2762, decode.acc_seg: 86.9027, contrastive_loss: 1.0531, rpn.loss_rpn_cls: 0.0642, rpn.loss_rpn_bbox: 0.0659, roi.loss_cls: 0.3092, roi.acc: 89.1445, roi.loss_bbox: 0.4592, roi.loss_mask: 0.3650, src.loss_imnet_feat_dist: nan, mix.decode.loss_seg: 0.2565, mix.decode.acc_seg: 76.4878
2023-11-22 11:27:37,473 - mmdet - INFO - Iter [6900/20000]	lr: 3.930e-05, eta: 18:46:55, time: 5.344, data_time: 0.014, memory: 3847, decode.loss_seg: 0.3042, decode.acc_seg: 82.9624, contrastive_loss: 0.9617, rpn.loss_rpn_cls: 0.0829, rpn.loss_rpn_bbox: 0.0844, roi.loss_cls: 0.3224, roi.acc: 88.8125, roi.loss_bbox: 0.4480, roi.loss_mask: 0.3534, src.loss_imnet_feat_dist: nan, mix.decode.loss_seg: 0.2619, mix.decode.acc_seg: 74.3816
2023-11-22 11:31:53,018 - mmdet - INFO - Iter [6950/20000]	lr: 3.915e-05, eta: 18:42:32, time: 5.111, data_time: 0.013, memory: 3847, decode.loss_seg: 0.2961, decode.acc_seg: 86.6932, contrastive_loss: 0.9010, rpn.loss_rpn_cls: 0.0606, rpn.loss_rpn_bbox: 0.0620, roi.loss_cls: 0.2824, roi.acc: 90.0703, roi.loss_bbox: 0.3960, roi.loss_mask: 0.3604, src.loss_imnet_feat_dist: nan, mix.decode.loss_seg: 0.2526, mix.decode.acc_seg: 78.3690
2023-11-22 11:36:13,122 - mmdet - INFO - Exp name: 231122_0133_syn2cs_dacs_rcs001_cpl_maskrcnn_mitb5_poly10warm_s0_18c2e
2023-11-22 11:36:13,122 - mmdet - INFO - Iter [7000/20000]	lr: 3.900e-05, eta: 18:38:18, time: 5.202, data_time: 0.014, memory: 3847, decode.loss_seg: 0.3248, decode.acc_seg: 83.1038, contrastive_loss: 0.9732, rpn.loss_rpn_cls: 0.0924, rpn.loss_rpn_bbox: 0.0759, roi.loss_cls: 0.3071, roi.acc: 89.0039, roi.loss_bbox: 0.4364, roi.loss_mask: 0.3531, src.loss_imnet_feat_dist: nan, mix.decode.loss_seg: 0.2671, mix.decode.acc_seg: 76.7497
slurmstepd: error: *** JOB 765538 ON biwirender13 CANCELLED AT 2023-11-22T11:40:23 ***
