Running on node: biwirender13
In directory: /scratch_net/biwidl202/ppolydorou/project_edaps/edaps
Starting on: Wed Nov 22 01:25:00 CET 2023
Number of CPUs available: 5
SLURM_JOB_ID: 765535
CUDA_VISIBLE_DEVICES: 0
/scratch_net/biwidl202/ppolydorou/project_edaps/edaps/mmdet/utils/setup_env.py:48: UserWarning: Setting MKL_NUM_THREADS environment variable for each process to be 1 in default, to avoid your system being overloaded, please further tune the variable for optimal performance in your application as needed.
  warnings.warn(
2023-11-22 01:25:24,375 - mmdet - INFO - Environment info:
------------------------------------------------------------
sys.platform: linux
Python: 3.8.5 (default, Sep  4 2020, 07:30:14) [GCC 7.3.0]
CUDA available: True
GPU 0: NVIDIA TITAN Xp
CUDA_HOME: /usr
NVCC: Cuda compilation tools, release 11.2, V11.2.152
GCC: gcc (Debian 8.3.0-6) 8.3.0
PyTorch: 1.7.1
PyTorch compiling details: PyTorch built with:
  - GCC 7.3
  - C++ Version: 201402
  - Intel(R) oneAPI Math Kernel Library Version 2021.4-Product Build 20210904 for Intel(R) 64 architecture applications
  - Intel(R) MKL-DNN v1.6.0 (Git Hash 5ef631a030a6f73131c77892041042805a06064f)
  - OpenMP 201511 (a.k.a. OpenMP 4.5)
  - NNPACK is enabled
  - CPU capability usage: AVX2
  - CUDA Runtime 11.0
  - NVCC architecture flags: -gencode;arch=compute_37,code=sm_37;-gencode;arch=compute_50,code=sm_50;-gencode;arch=compute_60,code=sm_60;-gencode;arch=compute_61,code=sm_61;-gencode;arch=compute_70,code=sm_70;-gencode;arch=compute_75,code=sm_75;-gencode;arch=compute_80,code=sm_80;-gencode;arch=compute_37,code=compute_37
  - CuDNN 8.0.5
  - Magma 2.5.2
  - Build settings: BLAS=MKL, BUILD_TYPE=Release, CXX_FLAGS= -Wno-deprecated -fvisibility-inlines-hidden -DUSE_PTHREADPOOL -fopenmp -DNDEBUG -DUSE_FBGEMM -DUSE_QNNPACK -DUSE_PYTORCH_QNNPACK -DUSE_XNNPACK -DUSE_VULKAN_WRAPPER -O2 -fPIC -Wno-narrowing -Wall -Wextra -Werror=return-type -Wno-missing-field-initializers -Wno-type-limits -Wno-array-bounds -Wno-unknown-pragmas -Wno-sign-compare -Wno-unused-parameter -Wno-unused-variable -Wno-unused-function -Wno-unused-result -Wno-unused-local-typedefs -Wno-strict-overflow -Wno-strict-aliasing -Wno-error=deprecated-declarations -Wno-stringop-overflow -Wno-psabi -Wno-error=pedantic -Wno-error=redundant-decls -Wno-error=old-style-cast -fdiagnostics-color=always -faligned-new -Wno-unused-but-set-variable -Wno-maybe-uninitialized -fno-math-errno -fno-trapping-math -Werror=format -Wno-stringop-overflow, PERF_WITH_AVX=1, PERF_WITH_AVX2=1, PERF_WITH_AVX512=1, USE_CUDA=ON, USE_EXCEPTION_PTR=1, USE_GFLAGS=OFF, USE_GLOG=OFF, USE_MKL=ON, USE_MKLDNN=ON, USE_MPI=OFF, USE_NCCL=ON, USE_NNPACK=ON, USE_OPENMP=ON, 

TorchVision: 0.8.2
OpenCV: 4.8.0
MMCV: 1.6.1
MMCV Compiler: GCC 7.3
MMCV CUDA Compiler: 11.0
MMDetection: 2.25.1+ef53aeb
------------------------------------------------------------

2023-11-22 01:25:25,822 - mmdet - INFO - Distributed training: False
2023-11-22 01:25:27,322 - mmdet - INFO - Config:
checkpoint_config = dict(interval=5000, by_epoch=False, max_keep_ckpts=1)
log_config = dict(interval=50, hooks=[dict(type='TextLoggerHook')])
custom_hooks = [dict(type='NumClassCheckHook')]
dist_params = dict(backend='nccl')
log_level = 'INFO'
load_from = None
resume_from = None
workflow = [('train', 1)]
opencv_num_threads = 0
mp_start_method = 'fork'
num_instance_classes = 8
norm_cfg = dict(type='BN', requires_grad=True)
find_unused_parameters = True
maskrcnn_losses_weights = 1.0
model = dict(
    type='MaskRCNNPanoptic',
    pretrained='pretrained/mit_b5.pth',
    backbone=dict(type='mit_b5', style='pytorch'),
    use_neck_feat_for_decode_head=False,
    decode_head=dict(
        type='DAFormerHead',
        in_channels=[64, 128, 320, 512],
        in_index=[0, 1, 2, 3],
        channels=256,
        dropout_ratio=0.1,
        num_classes=19,
        norm_cfg=dict(type='BN', requires_grad=True),
        align_corners=False,
        decoder_params=dict(
            embed_dims=256,
            embed_cfg=dict(type='mlp', act_cfg=None, norm_cfg=None),
            embed_neck_cfg=dict(type='mlp', act_cfg=None, norm_cfg=None),
            fusion_cfg=dict(
                type='aspp',
                sep=True,
                dilations=(1, 6, 12, 18),
                pool=False,
                act_cfg=dict(type='ReLU'),
                norm_cfg=dict(type='BN', requires_grad=True))),
        loss_decode=dict(
            type='CrossEntropyLossMmseg', use_sigmoid=False, loss_weight=1.0)),
    neck=dict(
        type='FPN',
        in_channels=[64, 128, 320, 512],
        out_channels=256,
        num_outs=5),
    rpn_head=dict(
        type='RPNHead',
        in_channels=256,
        feat_channels=256,
        anchor_generator=dict(
            type='AnchorGenerator',
            scales=[8],
            ratios=[0.5, 1.0, 2.0],
            strides=[4, 8, 16, 32, 64]),
        bbox_coder=dict(
            type='DeltaXYWHBBoxCoder',
            target_means=[0.0, 0.0, 0.0, 0.0],
            target_stds=[1.0, 1.0, 1.0, 1.0]),
        loss_cls=dict(
            type='CrossEntropyLoss', use_sigmoid=True, loss_weight=1.0),
        loss_bbox=dict(type='L1Loss', loss_weight=1.0)),
    roi_head=dict(
        type='StandardRoIHead',
        bbox_roi_extractor=dict(
            type='SingleRoIExtractor',
            roi_layer=dict(type='RoIAlign', output_size=7, sampling_ratio=0),
            out_channels=256,
            featmap_strides=[4, 8, 16, 32]),
        bbox_head=dict(
            type='Shared2FCBBoxHead',
            in_channels=256,
            fc_out_channels=1024,
            roi_feat_size=7,
            num_classes=8,
            bbox_coder=dict(
                type='DeltaXYWHBBoxCoder',
                target_means=[0.0, 0.0, 0.0, 0.0],
                target_stds=[0.1, 0.1, 0.2, 0.2]),
            reg_class_agnostic=False,
            loss_cls=dict(
                type='CrossEntropyLoss', use_sigmoid=False, loss_weight=1.0),
            loss_bbox=dict(type='L1Loss', loss_weight=1.0)),
        mask_roi_extractor=dict(
            type='SingleRoIExtractor',
            roi_layer=dict(type='RoIAlign', output_size=14, sampling_ratio=0),
            out_channels=256,
            featmap_strides=[4, 8, 16, 32]),
        mask_head=dict(
            type='FCNMaskHead',
            num_convs=4,
            in_channels=256,
            conv_out_channels=256,
            num_classes=8,
            loss_mask=dict(
                type='CrossEntropyLoss', use_mask=True, loss_weight=1.0))),
    train_cfg=dict(
        rpn=dict(
            assigner=dict(
                type='MaxIoUAssigner',
                pos_iou_thr=0.7,
                neg_iou_thr=0.3,
                min_pos_iou=0.3,
                match_low_quality=True,
                ignore_iof_thr=-1),
            sampler=dict(
                type='RandomSampler',
                num=256,
                pos_fraction=0.5,
                neg_pos_ub=-1,
                add_gt_as_proposals=False),
            allowed_border=-1,
            pos_weight=-1,
            debug=False),
        rpn_proposal=dict(
            nms_pre=2000,
            max_per_img=1000,
            nms=dict(type='nms', iou_threshold=0.7),
            min_bbox_size=0),
        rcnn=dict(
            assigner=dict(
                type='MaxIoUAssigner',
                pos_iou_thr=0.5,
                neg_iou_thr=0.5,
                min_pos_iou=0.5,
                match_low_quality=True,
                ignore_iof_thr=-1),
            sampler=dict(
                type='RandomSampler',
                num=512,
                pos_fraction=0.25,
                neg_pos_ub=-1,
                add_gt_as_proposals=True),
            mask_size=28,
            pos_weight=-1,
            debug=False),
        work_dir=
        'edaps_experiments/exp-00001/work_dirs/local-exp00001/231122_0125_syn2cs_dacs_rcs001_cpl_maskrcnn_mitb5_poly10warm_s0_acf97'
    ),
    test_cfg=dict(
        mode='whole',
        rpn=dict(
            nms_pre=1000,
            max_per_img=1000,
            nms=dict(type='nms', iou_threshold=0.7),
            min_bbox_size=0),
        rcnn=dict(
            score_thr=0.05,
            nms=dict(type='nms', iou_threshold=0.5),
            max_per_img=100,
            mask_thr_binary=0.5)))
dataset_type = 'CityscapesDataset'
data_root = 'data/cityscapes/'
img_norm_cfg = dict(
    mean=[123.675, 116.28, 103.53], std=[58.395, 57.12, 57.375], to_rgb=True)
crop_size = (256, 256)
num_classes = 19
synthia_train_pipeline = [
    dict(type='LoadImageFromFile'),
    dict(type='LoadPanopticAnnotations'),
    dict(type='Resize', img_scale=(1280, 760)),
    dict(type='RandomCrop', crop_size=(256, 256), cat_max_ratio=0.75),
    dict(type='RandomFlip', prob=0.5),
    dict(
        type='GenPanopLabelsForMaskFormer',
        sigma=8,
        mode='train',
        num_classes=19,
        gen_instance_classids_from_zero=True),
    dict(
        type='Normalize',
        mean=[123.675, 116.28, 103.53],
        std=[58.395, 57.12, 57.375],
        to_rgb=True),
    dict(type='DefaultFormatBundleMmdet'),
    dict(
        type='Collect',
        keys=[
            'img', 'gt_bboxes', 'gt_labels', 'gt_masks', 'gt_semantic_seg',
            'gt_panoptic_only_thing_classes', 'max_inst_per_class',
            'panoptic_labels_list', 'unique_labels_list', 'indices_list'
        ])
]
cityscapes_train_pipeline = [
    dict(type='LoadImageFromFile'),
    dict(type='Resize', img_scale=(1024, 512)),
    dict(type='RandomCrop', crop_size=(256, 256)),
    dict(type='RandomFlip', prob=0.5),
    dict(
        type='Normalize',
        mean=[123.675, 116.28, 103.53],
        std=[58.395, 57.12, 57.375],
        to_rgb=True),
    dict(type='DefaultFormatBundleMmdet'),
    dict(type='Collect', keys=['img'])
]
test_pipeline = [
    dict(type='LoadImageFromFile'),
    dict(
        type='MultiScaleFlipAug',
        img_scale=(2048, 1024),
        flip=False,
        transforms=[
            dict(type='Resize', keep_ratio=True),
            dict(type='RandomFlip'),
            dict(
                type='Normalize',
                mean=[123.675, 116.28, 103.53],
                std=[58.395, 57.12, 57.375],
                to_rgb=True),
            dict(type='ImageToTensor', keys=['img']),
            dict(type='Collect', keys=['img'])
        ])
]
data = dict(
    samples_per_gpu=1,
    workers_per_gpu=4,
    train=dict(
        type='UDADataset',
        source=dict(
            type='SynthiaDataset',
            data_root='data/synthia/',
            img_dir='RGB',
            depth_dir='',
            ann_dir='panoptic-labels-crowdth-0-for-daformer/synthia_panoptic',
            pipeline=[
                dict(type='LoadImageFromFile'),
                dict(type='LoadPanopticAnnotations'),
                dict(type='Resize', img_scale=(1280, 760)),
                dict(
                    type='RandomCrop',
                    crop_size=(256, 256),
                    cat_max_ratio=0.75),
                dict(type='RandomFlip', prob=0.5),
                dict(
                    type='GenPanopLabelsForMaskFormer',
                    sigma=8,
                    mode='train',
                    num_classes=19,
                    gen_instance_classids_from_zero=True),
                dict(
                    type='Normalize',
                    mean=[123.675, 116.28, 103.53],
                    std=[58.395, 57.12, 57.375],
                    to_rgb=True),
                dict(type='DefaultFormatBundleMmdet'),
                dict(
                    type='Collect',
                    keys=[
                        'img', 'gt_bboxes', 'gt_labels', 'gt_masks',
                        'gt_semantic_seg', 'gt_panoptic_only_thing_classes',
                        'max_inst_per_class', 'panoptic_labels_list',
                        'unique_labels_list', 'indices_list'
                    ])
            ]),
        target=dict(
            type='CityscapesDataset',
            data_root='data/cityscapes/',
            img_dir='leftImg8bit/train',
            depth_dir='',
            ann_dir='gtFine_panoptic/cityscapes_panoptic_train_trainId',
            pipeline=[
                dict(type='LoadImageFromFile'),
                dict(type='Resize', img_scale=(1024, 512)),
                dict(type='RandomCrop', crop_size=(256, 256)),
                dict(type='RandomFlip', prob=0.5),
                dict(
                    type='Normalize',
                    mean=[123.675, 116.28, 103.53],
                    std=[58.395, 57.12, 57.375],
                    to_rgb=True),
                dict(type='DefaultFormatBundleMmdet'),
                dict(type='Collect', keys=['img'])
            ]),
        rare_class_sampling=dict(
            min_pixels=3000, class_temp=0.01, min_crop_ratio=0.5)),
    val=dict(
        type='CityscapesDataset',
        data_root='data/cityscapes',
        img_dir='leftImg8bit/val',
        depth_dir='',
        ann_dir='gtFine_panoptic/cityscapes_panoptic_val',
        pipeline=[
            dict(type='LoadImageFromFile'),
            dict(
                type='MultiScaleFlipAug',
                img_scale=(2048, 1024),
                flip=False,
                transforms=[
                    dict(type='Resize', keep_ratio=True),
                    dict(type='RandomFlip'),
                    dict(
                        type='Normalize',
                        mean=[123.675, 116.28, 103.53],
                        std=[58.395, 57.12, 57.375],
                        to_rgb=True),
                    dict(type='ImageToTensor', keys=['img']),
                    dict(type='Collect', keys=['img'])
                ])
        ]),
    test=dict(
        type='CityscapesDataset',
        data_root='data/cityscapes/',
        img_dir='leftImg8bit/val',
        depth_dir='',
        ann_dir='gtFine_panoptic/cityscapes_panoptic_val',
        pipeline=[
            dict(type='LoadImageFromFile'),
            dict(
                type='MultiScaleFlipAug',
                img_scale=(2048, 1024),
                flip=False,
                transforms=[
                    dict(type='Resize', keep_ratio=True),
                    dict(type='RandomFlip'),
                    dict(
                        type='Normalize',
                        mean=[123.675, 116.28, 103.53],
                        std=[58.395, 57.12, 57.375],
                        to_rgb=True),
                    dict(type='ImageToTensor', keys=['img']),
                    dict(type='Collect', keys=['img'])
                ])
        ]))
uda = dict(
    type='DACS',
    alpha=0.999,
    pseudo_threshold=0.968,
    pseudo_weight_ignore_top=15,
    pseudo_weight_ignore_bottom=120,
    imnet_feature_dist_lambda=0.005,
    imnet_feature_dist_classes=[6, 7, 11, 12, 13, 14, 15, 16, 17, 18],
    imnet_feature_dist_scale_min_ratio=0.75,
    mix='class',
    blur=True,
    color_jitter_strength=0.2,
    color_jitter_probability=0.2,
    debug_img_interval=5000,
    print_grad_magnitude=False,
    share_src_backward=True,
    disable_mix_masks=False)
use_ddp_wrapper = True
optimizer = dict(
    type='AdamW',
    lr=6e-05,
    betas=(0.9, 0.999),
    weight_decay=0.01,
    paramwise_cfg=dict(
        custom_keys=dict(
            neck=dict(lr_mult=10.0),
            head=dict(lr_mult=10.0),
            pos_block=dict(decay_mult=0.0),
            norm=dict(decay_mult=0.0))))
optimizer_config = None
lr_config = dict(
    policy='poly',
    warmup='linear',
    warmup_iters=1500,
    warmup_ratio=1e-06,
    power=1.0,
    min_lr=0.0,
    by_epoch=False)
debug = False
n_gpus = 1
gpu_mtotal = 23000
total_train_time = '24:00:00'
n_cpus = 16
mem_per_cpu = 16000
machine = 'local'
only_eval = False
only_train = False
activate_auto_scale_lr = False
auto_scale_lr = dict(enable=False, base_batch_size=16)
print_layer_wise_lr = False
file_sys = 'Slurm'
launcher = None
generate_only_visuals_without_eval = False
dump_predictions_to_disk = False
evaluate_from_saved_png_predictions = False
panop_eval_temp_folder_previous = None
exp_sub = 'exp-00001'
exp_root = 'edaps_experiments'
seed = 0
evaluation = dict(
    interval=20000,
    metric=['mIoU'],
    eval_type='maskrcnn_panoptic',
    dataset_name='cityscapes',
    gt_dir='data/cityscapes/gtFine/val',
    gt_dir_panop='data/cityscapes/gtFine_panoptic',
    num_samples_debug=12,
    post_proccess_params=dict(
        num_classes=19,
        ignore_label=255,
        mapillary_dataloading_style='OURS',
        label_divisor=1000,
        train_id_to_eval_id=[
            7, 8, 11, 12, 13, 17, 19, 20, 21, 22, 23, 24, 25, 26, 27, 28, 31,
            32, 33, 0
        ],
        thing_list=[11, 12, 13, 14, 15, 16, 17, 18],
        mask_score_threshold=0.95,
        debug=False,
        dump_semantic_pred_as_numpy_array=False,
        load_semantic_pred_as_numpy_array=False,
        semantic_pred_numpy_array_location=None,
        use_semantic_decoder_for_instance_labeling=False,
        use_semantic_decoder_for_panoptic_labeling=False,
        nms_th=None,
        intersec_th=None,
        upsnet_mask_pruning=False,
        generate_thing_cls_panoptic_from_instance_pred=False),
    visuals_pan_eval=False,
    evalScale=None,
    evaluate_from_saved_numpy_predictions=False,
    evaluate_from_saved_png_predictions=False,
    panop_eval_folder=
    'edaps_experiments/exp-00001/work_dirs/local-exp00001/231122_0125_syn2cs_dacs_rcs001_cpl_maskrcnn_mitb5_poly10warm_s0_acf97/panoptic_eval',
    panop_eval_temp_folder=
    'edaps_experiments/exp-00001/work_dirs/local-exp00001/231122_0125_syn2cs_dacs_rcs001_cpl_maskrcnn_mitb5_poly10warm_s0_acf97/panoptic_eval/panop_eval_22-11-2023_01-25-24-266617',
    debug=False,
    out_dir=
    'edaps_experiments/exp-00001/work_dirs/local-exp00001/231122_0125_syn2cs_dacs_rcs001_cpl_maskrcnn_mitb5_poly10warm_s0_acf97/panoptic_eval/panop_eval_22-11-2023_01-25-24-266617/visuals'
)
runner = dict(type='IterBasedRunner', max_iters=20000)
name = '231122_0125_syn2cs_dacs_rcs001_cpl_maskrcnn_mitb5_poly10warm_s0_acf97'
exp = 1
name_dataset = 'synthia2cityscapes'
name_architecture = 'maskrcnn_mitb5'
name_encoder = 'mitb5'
name_decoder = 'maskrcnn'
name_uda = 'dacs_rcs0.01_cpl'
name_opt = 'adamw_6e-05_pmTrue_poly10warm_1x1_20k'
work_dir = 'edaps_experiments/exp-00001/work_dirs/local-exp00001/231122_0125_syn2cs_dacs_rcs001_cpl_maskrcnn_mitb5_poly10warm_s0_acf97'
git_rev = 'ef53aebcba7f5c80ce917f39a0715d6ac5260c7c'
auto_resume = False
gpu_ids = [0]

2023-11-22 01:25:27,323 - mmdet - INFO - Set random seed to 0, deterministic: False
2023-11-22 01:25:27,323 - mmdet - INFO - DEBUG - PETROS 14-08-2023 - BEFORE MODEL BUILD
/scratch_net/biwidl202/ppolydorou/project_edaps/edaps/mmdet/models/detectors/two_stage.py:29: UserWarning: DeprecationWarning: pretrained is deprecated, please use "init_cfg" instead
  warnings.warn('DeprecationWarning: pretrained is deprecated, '
/scratch_net/biwidl202/ppolydorou/project_edaps/edaps/mmdet/models/backbones/mix_transformer.py:215: UserWarning: DeprecationWarning: pretrained is a deprecated, please use "init_cfg" instead
  warnings.warn('DeprecationWarning: pretrained is a deprecated, please use "init_cfg" instead')
2023-11-22 01:25:31,231 - mmdet - INFO - Load mit checkpoint.
2023-11-22 01:25:31,232 - mmdet - INFO - load checkpoint from local path: pretrained/mit_b5.pth
2023-11-22 01:25:34,319 - mmdet - INFO - initialize FPN with init_cfg {'type': 'Xavier', 'layer': 'Conv2d', 'distribution': 'uniform'}
2023-11-22 01:25:34,347 - mmdet - INFO - initialize RPNHead with init_cfg {'type': 'Normal', 'layer': 'Conv2d', 'std': 0.01}
2023-11-22 01:25:34,354 - mmdet - INFO - initialize Shared2FCBBoxHead with init_cfg [{'type': 'Normal', 'std': 0.01, 'override': {'name': 'fc_cls'}}, {'type': 'Normal', 'std': 0.001, 'override': {'name': 'fc_reg'}}, {'type': 'Xavier', 'distribution': 'uniform', 'override': [{'name': 'shared_fcs'}, {'name': 'cls_fcs'}, {'name': 'reg_fcs'}]}]
2023-11-22 01:25:34,484 - mmdet - INFO - initialize DAFormerHead with init_cfg {'type': 'Normal', 'std': 0.01, 'override': {'name': 'conv_seg'}}
2023-11-22 01:25:34,555 - mmdet - INFO - Load mit checkpoint.
2023-11-22 01:25:34,555 - mmdet - INFO - load checkpoint from local path: pretrained/mit_b5.pth
2023-11-22 01:25:34,950 - mmdet - INFO - initialize FPN with init_cfg {'type': 'Xavier', 'layer': 'Conv2d', 'distribution': 'uniform'}
2023-11-22 01:25:34,972 - mmdet - INFO - initialize RPNHead with init_cfg {'type': 'Normal', 'layer': 'Conv2d', 'std': 0.01}
2023-11-22 01:25:34,979 - mmdet - INFO - initialize Shared2FCBBoxHead with init_cfg [{'type': 'Normal', 'std': 0.01, 'override': {'name': 'fc_cls'}}, {'type': 'Normal', 'std': 0.001, 'override': {'name': 'fc_reg'}}, {'type': 'Xavier', 'distribution': 'uniform', 'override': [{'name': 'shared_fcs'}, {'name': 'cls_fcs'}, {'name': 'reg_fcs'}]}]
2023-11-22 01:25:35,110 - mmdet - INFO - initialize DAFormerHead with init_cfg {'type': 'Normal', 'std': 0.01, 'override': {'name': 'conv_seg'}}
2023-11-22 01:25:35,181 - mmdet - INFO - Load mit checkpoint.
2023-11-22 01:25:35,181 - mmdet - INFO - load checkpoint from local path: pretrained/mit_b5.pth
2023-11-22 01:25:35,649 - mmdet - INFO - initialize FPN with init_cfg {'type': 'Xavier', 'layer': 'Conv2d', 'distribution': 'uniform'}
2023-11-22 01:25:35,672 - mmdet - INFO - initialize RPNHead with init_cfg {'type': 'Normal', 'layer': 'Conv2d', 'std': 0.01}
2023-11-22 01:25:35,680 - mmdet - INFO - initialize Shared2FCBBoxHead with init_cfg [{'type': 'Normal', 'std': 0.01, 'override': {'name': 'fc_cls'}}, {'type': 'Normal', 'std': 0.001, 'override': {'name': 'fc_reg'}}, {'type': 'Xavier', 'distribution': 'uniform', 'override': [{'name': 'shared_fcs'}, {'name': 'cls_fcs'}, {'name': 'reg_fcs'}]}]
2023-11-22 01:25:35,812 - mmdet - INFO - initialize DAFormerHead with init_cfg {'type': 'Normal', 'std': 0.01, 'override': {'name': 'conv_seg'}}
2023-11-22 01:25:35,925 - mmdet - INFO - DEBUG - PETROS 14-08-2023 - MODEL IS READY
2023-11-22 01:25:35,926 - mmseg - INFO - Loaded annotations from : data/synthia/panoptic-labels-crowdth-0-for-daformer/synthia_panoptic.json
2023-11-22 01:25:45,465 - mmseg - INFO - Loaded 9400 images from data/synthia/RGB
2023-11-22 01:25:45,469 - mmseg - INFO - Loaded annotations from : data/cityscapes/gtFine_panoptic/cityscapes_panoptic_train_trainId.json
2023-11-22 01:25:45,915 - mmseg - INFO - Loaded 2975 images from data/cityscapes/leftImg8bit/train
2023-11-22 01:25:46,007 - mmseg - INFO - RCS Classes: [6, 7, 17, 18, 4, 3, 12, 5, 15, 13, 11, 10, 8, 0, 1, 2]
2023-11-22 01:25:46,008 - mmseg - INFO - RCS ClassProb: [1.55649453e-01 1.45927146e-01 1.30805254e-01 1.29144296e-01
 1.22819245e-01 1.22646019e-01 9.97279957e-02 5.53424992e-02
 3.33626680e-02 2.43163528e-03 2.00466975e-03 1.35448776e-04
 3.78220921e-06 8.31826052e-10 3.41141226e-10 1.11511794e-14]
2023-11-22 01:25:57,044 - mmdet - INFO - Automatic scaling of learning rate (LR) has been disabled.
2023-11-22 01:26:07,859 - mmseg - INFO - Loaded annotations from : data/cityscapes/gtFine_panoptic/cityscapes_panoptic_val.json
2023-11-22 01:26:07,887 - mmseg - INFO - Loaded 150 images from data/cityscapes/leftImg8bit/val
2023-11-22 01:26:07,888 - mmdet - INFO - Start running, host: ppolydorou@biwirender13, work_dir: /scratch_net/biwidl202/ppolydorou/project_edaps/edaps/edaps_experiments/exp-00001/work_dirs/local-exp00001/231122_0125_syn2cs_dacs_rcs001_cpl_maskrcnn_mitb5_poly10warm_s0_acf97
2023-11-22 01:26:07,888 - mmdet - INFO - Hooks will be executed in the following order:
before_run:
(VERY_HIGH   ) PolyLrUpdaterHook                  
(NORMAL      ) CheckpointHook                     
(LOW         ) EvalHookUDA                        
(VERY_LOW    ) TextLoggerHook                     
 -------------------- 
before_train_epoch:
(VERY_HIGH   ) PolyLrUpdaterHook                  
(NORMAL      ) NumClassCheckHook                  
(LOW         ) IterTimerHook                      
(LOW         ) EvalHookUDA                        
(VERY_LOW    ) TextLoggerHook                     
 -------------------- 
before_train_iter:
(VERY_HIGH   ) PolyLrUpdaterHook                  
(LOW         ) IterTimerHook                      
(LOW         ) EvalHookUDA                        
 -------------------- 
after_train_iter:
(NORMAL      ) CheckpointHook                     
(LOW         ) IterTimerHook                      
(LOW         ) EvalHookUDA                        
(VERY_LOW    ) TextLoggerHook                     
 -------------------- 
after_train_epoch:
(NORMAL      ) CheckpointHook                     
(LOW         ) EvalHookUDA                        
(VERY_LOW    ) TextLoggerHook                     
 -------------------- 
before_val_epoch:
(NORMAL      ) NumClassCheckHook                  
(LOW         ) IterTimerHook                      
(VERY_LOW    ) TextLoggerHook                     
 -------------------- 
before_val_iter:
(LOW         ) IterTimerHook                      
 -------------------- 
after_val_iter:
(LOW         ) IterTimerHook                      
 -------------------- 
after_val_epoch:
(VERY_LOW    ) TextLoggerHook                     
 -------------------- 
after_run:
(VERY_LOW    ) TextLoggerHook                     
 -------------------- 
2023-11-22 01:26:07,888 - mmdet - INFO - workflow: [('train', 1)], max: 20000 iters
2023-11-22 01:26:07,889 - mmdet - INFO - Checkpoints will be saved to /scratch_net/biwidl202/ppolydorou/project_edaps/edaps/edaps_experiments/exp-00001/work_dirs/local-exp00001/231122_0125_syn2cs_dacs_rcs001_cpl_maskrcnn_mitb5_poly10warm_s0_acf97 by HardDiskBackend.
2023-11-22 01:26:07,889 - mmdet - INFO - The best checkpoint will be saved to edaps_experiments/exp-00001/work_dirs/local-exp00001/231122_0125_syn2cs_dacs_rcs001_cpl_maskrcnn_mitb5_poly10warm_s0_acf97/panoptic_eval/panop_eval_22-11-2023_01-25-24-266617/visuals/231122_0125_syn2cs_dacs_rcs001_cpl_maskrcnn_mitb5_poly10warm_s0_acf97 by HardDiskBackend
_base_/default_runtime_mmdet_mr.py
_base_/models/maskrcnn_sepaspp_mitb5.py
_base_/datasets/uda_synthia_to_cityscapes_maskrcnn_panoptic.py
_base_/uda/dacs_a999_fdthings.py
_base_/schedules/adamw.py
_base_/schedules/poly10warm.py
Run job 231122_0125_syn2cs_dacs_rcs001_cpl_maskrcnn_mitb5_poly10warm_s0_acf97
DEBUG - PETROS 20-08-2023 - data root is : data/synthia/
DEBUG - PETROS 19-08-2023 - MMSEG/CUSTOMDATASET - LOAD ANNOTATIONS PANOPTIC - DATASET TYPE:<class 'dict'>
DEBUG - PETROS 20-08-2023 - data root is : data/cityscapes/
DEBUG - PETROS 19-08-2023 - MMSEG/CUSTOMDATASET - LOAD ANNOTATIONS PANOPTIC - DATASET TYPE:<class 'dict'>
DEBUG - PETROS 20-08-2023 - data root is : data/cityscapes
DEBUG - PETROS 19-08-2023 - MMSEG/CUSTOMDATASET - LOAD ANNOTATIONS PANOPTIC - DATASET TYPE:<class 'dict'>
DEBUG_PETROS 31/10/2023 - MMDET/APIS/TRAIN.PY - Number of gpus for training is: 1
DEBUG_PETROS 31/10/2023 - MMDET/APIS/TRAIN.PY - Samples per gpu is: 1
DEBUG_PETROS 31/10/2023 - MMDET/APIS/TRAIN.PY - Workers per gpu is: 4
DEBUG_PETROS 31/10/2023 - MMDET/APIS/TRAIN.PY - Batch_size: 1
2023-11-22 01:30:25,501 - mmdet - INFO - Iter [50/20000]	lr: 1.955e-06, eta: 1 day, 4:17:57, time: 5.107, data_time: 0.038, memory: 3514, decode.loss_seg: 2.7762, decode.acc_seg: 7.7928, contrastive_loss: 1.4633, rpn.loss_rpn_cls: 0.6749, rpn.loss_rpn_bbox: 0.1309, roi.loss_cls: 1.5615, roi.acc: 57.4634, roi.loss_bbox: 0.1154, roi.loss_mask: 1.9615, src.loss_imnet_feat_dist: nan, mix.decode.loss_seg: 1.3180, mix.decode.acc_seg: 14.0278
2023-11-22 01:34:34,671 - mmdet - INFO - Iter [100/20000]	lr: 3.940e-06, eta: 1 day, 3:53:15, time: 4.983, data_time: 0.013, memory: 3514, decode.loss_seg: 2.7116, decode.acc_seg: 22.0417, contrastive_loss: 1.4607, rpn.loss_rpn_cls: 0.6216, rpn.loss_rpn_bbox: 0.1225, roi.loss_cls: 0.4539, roi.acc: 93.6797, roi.loss_bbox: 0.1487, roi.loss_mask: 1.2069, src.loss_imnet_feat_dist: nan, mix.decode.loss_seg: 1.5698, mix.decode.acc_seg: 20.8764
2023-11-22 01:38:38,994 - mmdet - INFO - Iter [150/20000]	lr: 5.916e-06, eta: 1 day, 3:31:34, time: 4.886, data_time: 0.014, memory: 3514, decode.loss_seg: 2.4858, decode.acc_seg: 31.5631, contrastive_loss: 1.2628, rpn.loss_rpn_cls: 0.4889, rpn.loss_rpn_bbox: 0.0928, roi.loss_cls: 0.3058, roi.acc: 94.1641, roi.loss_bbox: 0.1582, roi.loss_mask: 0.9237, src.loss_imnet_feat_dist: nan, mix.decode.loss_seg: 1.1929, mix.decode.acc_seg: 36.0496
2023-11-22 01:43:01,214 - mmdet - INFO - Iter [200/20000]	lr: 7.881e-06, eta: 1 day, 3:48:13, time: 5.244, data_time: 0.014, memory: 3707, decode.loss_seg: 2.3570, decode.acc_seg: 37.9133, contrastive_loss: 1.3222, rpn.loss_rpn_cls: 0.4245, rpn.loss_rpn_bbox: 0.1365, roi.loss_cls: 0.3756, roi.acc: 90.8047, roi.loss_bbox: 0.2248, roi.loss_mask: 0.7780, src.loss_imnet_feat_dist: nan, mix.decode.loss_seg: 1.0685, mix.decode.acc_seg: 43.0228
2023-11-22 01:47:21,311 - mmdet - INFO - Iter [250/20000]	lr: 9.836e-06, eta: 1 day, 3:53:40, time: 5.202, data_time: 0.014, memory: 3707, decode.loss_seg: 2.0557, decode.acc_seg: 47.9937, contrastive_loss: 1.3043, rpn.loss_rpn_cls: 0.3434, rpn.loss_rpn_bbox: 0.1348, roi.loss_cls: 0.4191, roi.acc: 88.7383, roi.loss_bbox: 0.2877, roi.loss_mask: 0.7113, src.loss_imnet_feat_dist: nan, mix.decode.loss_seg: 1.0581, mix.decode.acc_seg: 47.3537
2023-11-22 01:51:40,250 - mmdet - INFO - Iter [300/20000]	lr: 1.178e-05, eta: 1 day, 3:54:35, time: 5.179, data_time: 0.014, memory: 3707, decode.loss_seg: 1.7908, decode.acc_seg: 49.5906, contrastive_loss: 1.2967, rpn.loss_rpn_cls: 0.2420, rpn.loss_rpn_bbox: 0.1178, roi.loss_cls: 0.4704, roi.acc: 87.6758, roi.loss_bbox: 0.4072, roi.loss_mask: 0.6708, src.loss_imnet_feat_dist: nan, mix.decode.loss_seg: 1.0034, mix.decode.acc_seg: 48.3173
2023-11-22 01:55:58,543 - mmdet - INFO - Iter [350/20000]	lr: 1.372e-05, eta: 1 day, 3:53:24, time: 5.166, data_time: 0.014, memory: 3707, decode.loss_seg: 1.7105, decode.acc_seg: 50.4120, contrastive_loss: 1.2485, rpn.loss_rpn_cls: 0.2140, rpn.loss_rpn_bbox: 0.1000, roi.loss_cls: 0.4873, roi.acc: 87.2930, roi.loss_bbox: 0.4015, roi.loss_mask: 0.6385, src.loss_imnet_feat_dist: nan, mix.decode.loss_seg: 0.9795, mix.decode.acc_seg: 52.3893
2023-11-22 02:00:25,574 - mmdet - INFO - Iter [400/20000]	lr: 1.564e-05, eta: 1 day, 3:58:34, time: 5.341, data_time: 0.014, memory: 3707, decode.loss_seg: 1.5798, decode.acc_seg: 50.3621, contrastive_loss: 1.1222, rpn.loss_rpn_cls: 0.2039, rpn.loss_rpn_bbox: 0.0869, roi.loss_cls: 0.4750, roi.acc: 88.4922, roi.loss_bbox: 0.3618, roi.loss_mask: 0.6491, src.loss_imnet_feat_dist: nan, mix.decode.loss_seg: 0.8877, mix.decode.acc_seg: 51.2579
2023-11-22 02:05:05,427 - mmdet - INFO - Iter [450/20000]	lr: 1.756e-05, eta: 1 day, 4:10:53, time: 5.597, data_time: 0.014, memory: 3796, decode.loss_seg: 1.4153, decode.acc_seg: 55.7634, contrastive_loss: 1.4175, rpn.loss_rpn_cls: 0.1836, rpn.loss_rpn_bbox: 0.1162, roi.loss_cls: 0.4859, roi.acc: 85.5508, roi.loss_bbox: 0.4468, roi.loss_mask: 0.6195, src.loss_imnet_feat_dist: nan, mix.decode.loss_seg: 0.7680, mix.decode.acc_seg: 57.9524
2023-11-22 02:09:25,874 - mmdet - INFO - Iter [500/20000]	lr: 1.946e-05, eta: 1 day, 4:07:12, time: 5.209, data_time: 0.014, memory: 3796, decode.loss_seg: 1.3285, decode.acc_seg: 58.6508, contrastive_loss: 1.2873, rpn.loss_rpn_cls: 0.1713, rpn.loss_rpn_bbox: 0.1042, roi.loss_cls: 0.4927, roi.acc: 84.9453, roi.loss_bbox: 0.5062, roi.loss_mask: 0.5838, src.loss_imnet_feat_dist: nan, mix.decode.loss_seg: 0.6566, mix.decode.acc_seg: 56.1909
2023-11-22 02:13:55,228 - mmdet - INFO - Iter [550/20000]	lr: 2.136e-05, eta: 1 day, 4:08:38, time: 5.387, data_time: 0.014, memory: 3796, decode.loss_seg: 1.3314, decode.acc_seg: 59.0116, contrastive_loss: 1.2870, rpn.loss_rpn_cls: 0.1624, rpn.loss_rpn_bbox: 0.0992, roi.loss_cls: 0.4643, roi.acc: 86.0469, roi.loss_bbox: 0.4669, roi.loss_mask: 0.5716, src.loss_imnet_feat_dist: nan, mix.decode.loss_seg: 0.7113, mix.decode.acc_seg: 54.9468
2023-11-22 02:18:27,078 - mmdet - INFO - Iter [600/20000]	lr: 2.324e-05, eta: 1 day, 4:10:26, time: 5.437, data_time: 0.014, memory: 3796, decode.loss_seg: 1.2360, decode.acc_seg: 59.9075, contrastive_loss: 1.1927, rpn.loss_rpn_cls: 0.1583, rpn.loss_rpn_bbox: 0.1060, roi.loss_cls: 0.4776, roi.acc: 84.7461, roi.loss_bbox: 0.5084, roi.loss_mask: 0.5845, src.loss_imnet_feat_dist: nan, mix.decode.loss_seg: 0.6199, mix.decode.acc_seg: 56.6052
2023-11-22 02:22:57,396 - mmdet - INFO - Iter [650/20000]	lr: 2.512e-05, eta: 1 day, 4:10:30, time: 5.406, data_time: 0.014, memory: 3796, decode.loss_seg: 1.2975, decode.acc_seg: 60.8610, contrastive_loss: 1.4589, rpn.loss_rpn_cls: 0.2037, rpn.loss_rpn_bbox: 0.1113, roi.loss_cls: 0.4978, roi.acc: 84.6953, roi.loss_bbox: 0.5103, roi.loss_mask: 0.5870, src.loss_imnet_feat_dist: nan, mix.decode.loss_seg: 0.7212, mix.decode.acc_seg: 53.9465
2023-11-22 02:27:30,370 - mmdet - INFO - Iter [700/20000]	lr: 2.698e-05, eta: 1 day, 4:11:08, time: 5.459, data_time: 0.014, memory: 3796, decode.loss_seg: 1.1114, decode.acc_seg: 64.2217, contrastive_loss: 1.3991, rpn.loss_rpn_cls: 0.1703, rpn.loss_rpn_bbox: 0.0857, roi.loss_cls: 0.4579, roi.acc: 85.5664, roi.loss_bbox: 0.4736, roi.loss_mask: 0.5703, src.loss_imnet_feat_dist: nan, mix.decode.loss_seg: 0.6627, mix.decode.acc_seg: 59.4846
2023-11-22 02:32:00,045 - mmdet - INFO - Iter [750/20000]	lr: 2.884e-05, eta: 1 day, 4:09:40, time: 5.393, data_time: 0.014, memory: 3796, decode.loss_seg: 1.0857, decode.acc_seg: 65.7949, contrastive_loss: 1.3131, rpn.loss_rpn_cls: 0.1575, rpn.loss_rpn_bbox: 0.1124, roi.loss_cls: 0.4776, roi.acc: 85.2344, roi.loss_bbox: 0.4914, roi.loss_mask: 0.6152, src.loss_imnet_feat_dist: nan, mix.decode.loss_seg: 0.6555, mix.decode.acc_seg: 56.4554
2023-11-22 02:36:42,686 - mmdet - INFO - Iter [800/20000]	lr: 3.068e-05, eta: 1 day, 4:13:00, time: 5.653, data_time: 0.014, memory: 3796, decode.loss_seg: 1.0359, decode.acc_seg: 67.2896, contrastive_loss: 1.3260, rpn.loss_rpn_cls: 0.1930, rpn.loss_rpn_bbox: 0.1299, roi.loss_cls: 0.5171, roi.acc: 83.0156, roi.loss_bbox: 0.5876, roi.loss_mask: 0.5562, src.loss_imnet_feat_dist: nan, mix.decode.loss_seg: 0.5791, mix.decode.acc_seg: 60.9868
2023-11-22 02:41:28,380 - mmdet - INFO - Iter [850/20000]	lr: 3.252e-05, eta: 1 day, 4:16:32, time: 5.714, data_time: 0.014, memory: 3796, decode.loss_seg: 1.0030, decode.acc_seg: 68.4344, contrastive_loss: 1.2119, rpn.loss_rpn_cls: 0.1780, rpn.loss_rpn_bbox: 0.1040, roi.loss_cls: 0.4633, roi.acc: 84.9219, roi.loss_bbox: 0.4939, roi.loss_mask: 0.5644, src.loss_imnet_feat_dist: nan, mix.decode.loss_seg: 0.5433, mix.decode.acc_seg: 63.4929
2023-11-22 02:45:57,263 - mmdet - INFO - Iter [900/20000]	lr: 3.434e-05, eta: 1 day, 4:13:12, time: 5.378, data_time: 0.014, memory: 3796, decode.loss_seg: 0.9862, decode.acc_seg: 69.5719, contrastive_loss: 1.3445, rpn.loss_rpn_cls: 0.1564, rpn.loss_rpn_bbox: 0.0952, roi.loss_cls: 0.4417, roi.acc: 85.6797, roi.loss_bbox: 0.5092, roi.loss_mask: 0.5473, src.loss_imnet_feat_dist: nan, mix.decode.loss_seg: 0.4872, mix.decode.acc_seg: 62.0976
2023-11-22 02:50:18,829 - mmdet - INFO - Iter [950/20000]	lr: 3.616e-05, eta: 1 day, 4:07:18, time: 5.231, data_time: 0.014, memory: 3802, decode.loss_seg: 1.0343, decode.acc_seg: 66.7792, contrastive_loss: 1.1729, rpn.loss_rpn_cls: 0.1450, rpn.loss_rpn_bbox: 0.0977, roi.loss_cls: 0.4782, roi.acc: 84.5703, roi.loss_bbox: 0.4943, roi.loss_mask: 0.5282, src.loss_imnet_feat_dist: nan, mix.decode.loss_seg: 0.5999, mix.decode.acc_seg: 59.6960
2023-11-22 02:54:39,885 - mmdet - INFO - Exp name: 231122_0125_syn2cs_dacs_rcs001_cpl_maskrcnn_mitb5_poly10warm_s0_acf97
2023-11-22 02:54:39,885 - mmdet - INFO - Iter [1000/20000]	lr: 3.796e-05, eta: 1 day, 4:01:24, time: 5.221, data_time: 0.014, memory: 3802, decode.loss_seg: 0.9369, decode.acc_seg: 70.4560, contrastive_loss: 1.1152, rpn.loss_rpn_cls: 0.1383, rpn.loss_rpn_bbox: 0.0850, roi.loss_cls: 0.3904, roi.acc: 87.4961, roi.loss_bbox: 0.4199, roi.loss_mask: 0.5371, src.loss_imnet_feat_dist: nan, mix.decode.loss_seg: 0.5845, mix.decode.acc_seg: 58.2455
2023-11-22 02:59:07,962 - mmdet - INFO - Iter [1050/20000]	lr: 3.976e-05, eta: 1 day, 3:57:45, time: 5.362, data_time: 0.014, memory: 3802, decode.loss_seg: 0.7851, decode.acc_seg: 74.1036, contrastive_loss: 1.2532, rpn.loss_rpn_cls: 0.1241, rpn.loss_rpn_bbox: 0.0894, roi.loss_cls: 0.4404, roi.acc: 85.7344, roi.loss_bbox: 0.4653, roi.loss_mask: 0.5295, src.loss_imnet_feat_dist: nan, mix.decode.loss_seg: 0.4650, mix.decode.acc_seg: 64.4935
2023-11-22 03:03:33,017 - mmdet - INFO - Iter [1100/20000]	lr: 4.154e-05, eta: 1 day, 3:53:10, time: 5.301, data_time: 0.014, memory: 3802, decode.loss_seg: 0.8145, decode.acc_seg: 72.8654, contrastive_loss: 1.2372, rpn.loss_rpn_cls: 0.1431, rpn.loss_rpn_bbox: 0.1086, roi.loss_cls: 0.4554, roi.acc: 84.9453, roi.loss_bbox: 0.5047, roi.loss_mask: 0.5171, src.loss_imnet_feat_dist: nan, mix.decode.loss_seg: 0.4660, mix.decode.acc_seg: 60.2358
2023-11-22 03:07:49,868 - mmdet - INFO - Iter [1150/20000]	lr: 4.332e-05, eta: 1 day, 3:46:21, time: 5.137, data_time: 0.014, memory: 3802, decode.loss_seg: 0.8744, decode.acc_seg: 71.8497, contrastive_loss: 1.3245, rpn.loss_rpn_cls: 0.1273, rpn.loss_rpn_bbox: 0.0916, roi.loss_cls: 0.4080, roi.acc: 86.5234, roi.loss_bbox: 0.4659, roi.loss_mask: 0.5058, src.loss_imnet_feat_dist: nan, mix.decode.loss_seg: 0.5005, mix.decode.acc_seg: 58.3518
2023-11-22 03:12:16,616 - mmdet - INFO - Iter [1200/20000]	lr: 4.508e-05, eta: 1 day, 3:42:20, time: 5.335, data_time: 0.014, memory: 3802, decode.loss_seg: 0.7776, decode.acc_seg: 75.2908, contrastive_loss: 1.3938, rpn.loss_rpn_cls: 0.1404, rpn.loss_rpn_bbox: 0.0902, roi.loss_cls: 0.4155, roi.acc: 86.0820, roi.loss_bbox: 0.4638, roi.loss_mask: 0.5204, src.loss_imnet_feat_dist: nan, mix.decode.loss_seg: 0.4433, mix.decode.acc_seg: 63.7918
2023-11-22 03:16:33,297 - mmdet - INFO - Iter [1250/20000]	lr: 4.684e-05, eta: 1 day, 3:35:46, time: 5.134, data_time: 0.014, memory: 3802, decode.loss_seg: 0.8761, decode.acc_seg: 70.9231, contrastive_loss: 1.2826, rpn.loss_rpn_cls: 0.1485, rpn.loss_rpn_bbox: 0.1080, roi.loss_cls: 0.4139, roi.acc: 86.3164, roi.loss_bbox: 0.4769, roi.loss_mask: 0.5018, src.loss_imnet_feat_dist: nan, mix.decode.loss_seg: 0.4585, mix.decode.acc_seg: 62.7410
2023-11-22 03:20:45,556 - mmdet - INFO - Iter [1300/20000]	lr: 4.859e-05, eta: 1 day, 3:28:19, time: 5.045, data_time: 0.013, memory: 3802, decode.loss_seg: 0.7313, decode.acc_seg: 74.5325, contrastive_loss: 1.2334, rpn.loss_rpn_cls: 0.2309, rpn.loss_rpn_bbox: 0.1061, roi.loss_cls: 0.3501, roi.acc: 88.6758, roi.loss_bbox: 0.3804, roi.loss_mask: 0.5195, src.loss_imnet_feat_dist: nan, mix.decode.loss_seg: 0.4815, mix.decode.acc_seg: 58.1042
2023-11-22 03:24:52,734 - mmdet - INFO - Iter [1350/20000]	lr: 5.032e-05, eta: 1 day, 3:19:56, time: 4.944, data_time: 0.013, memory: 3802, decode.loss_seg: 0.8443, decode.acc_seg: 72.1414, contrastive_loss: 1.2524, rpn.loss_rpn_cls: 0.1279, rpn.loss_rpn_bbox: 0.0871, roi.loss_cls: 0.3582, roi.acc: 88.3750, roi.loss_bbox: 0.4282, roi.loss_mask: 0.4911, src.loss_imnet_feat_dist: nan, mix.decode.loss_seg: 0.6265, mix.decode.acc_seg: 57.1998
2023-11-22 03:29:12,893 - mmdet - INFO - Iter [1400/20000]	lr: 5.205e-05, eta: 1 day, 3:14:44, time: 5.203, data_time: 0.014, memory: 3802, decode.loss_seg: 0.6792, decode.acc_seg: 76.1890, contrastive_loss: 1.2660, rpn.loss_rpn_cls: 0.1402, rpn.loss_rpn_bbox: 0.1044, roi.loss_cls: 0.4403, roi.acc: 85.3867, roi.loss_bbox: 0.5026, roi.loss_mask: 0.4955, src.loss_imnet_feat_dist: nan, mix.decode.loss_seg: 0.4041, mix.decode.acc_seg: 65.1761
2023-11-22 03:33:33,766 - mmdet - INFO - Iter [1450/20000]	lr: 5.376e-05, eta: 1 day, 3:09:45, time: 5.217, data_time: 0.014, memory: 3802, decode.loss_seg: 0.7473, decode.acc_seg: 76.5431, contrastive_loss: 1.0806, rpn.loss_rpn_cls: 0.1757, rpn.loss_rpn_bbox: 0.1261, roi.loss_cls: 0.4241, roi.acc: 85.7266, roi.loss_bbox: 0.5136, roi.loss_mask: 0.4926, src.loss_imnet_feat_dist: nan, mix.decode.loss_seg: 0.4410, mix.decode.acc_seg: 60.4167
2023-11-22 03:37:57,999 - mmdet - INFO - Iter [1500/20000]	lr: 5.547e-05, eta: 1 day, 3:05:29, time: 5.285, data_time: 0.014, memory: 3802, decode.loss_seg: 0.6833, decode.acc_seg: 74.7826, contrastive_loss: 1.2116, rpn.loss_rpn_cls: 0.1536, rpn.loss_rpn_bbox: 0.1225, roi.loss_cls: 0.4231, roi.acc: 85.2188, roi.loss_bbox: 0.5195, roi.loss_mask: 0.4763, src.loss_imnet_feat_dist: nan, mix.decode.loss_seg: 0.3789, mix.decode.acc_seg: 64.5803
2023-11-22 03:42:16,566 - mmdet - INFO - Iter [1550/20000]	lr: 5.535e-05, eta: 1 day, 3:00:06, time: 5.171, data_time: 0.013, memory: 3802, decode.loss_seg: 0.6648, decode.acc_seg: 75.0719, contrastive_loss: 1.1517, rpn.loss_rpn_cls: 0.1605, rpn.loss_rpn_bbox: 0.1102, roi.loss_cls: 0.4441, roi.acc: 85.6016, roi.loss_bbox: 0.5038, roi.loss_mask: 0.4918, src.loss_imnet_feat_dist: nan, mix.decode.loss_seg: 0.3923, mix.decode.acc_seg: 62.4689
2023-11-22 03:46:40,315 - mmdet - INFO - Iter [1600/20000]	lr: 5.520e-05, eta: 1 day, 2:55:46, time: 5.275, data_time: 0.014, memory: 3802, decode.loss_seg: 0.5884, decode.acc_seg: 74.7347, contrastive_loss: 1.2762, rpn.loss_rpn_cls: 0.1371, rpn.loss_rpn_bbox: 0.0973, roi.loss_cls: 0.4608, roi.acc: 85.6562, roi.loss_bbox: 0.5103, roi.loss_mask: 0.5035, src.loss_imnet_feat_dist: nan, mix.decode.loss_seg: 0.3803, mix.decode.acc_seg: 65.5506
2023-11-22 03:50:50,576 - mmdet - INFO - Iter [1650/20000]	lr: 5.505e-05, eta: 1 day, 2:48:56, time: 5.005, data_time: 0.013, memory: 3802, decode.loss_seg: 0.7151, decode.acc_seg: 74.8115, contrastive_loss: 1.0108, rpn.loss_rpn_cls: 0.1610, rpn.loss_rpn_bbox: 0.1061, roi.loss_cls: 0.4557, roi.acc: 86.7930, roi.loss_bbox: 0.4712, roi.loss_mask: 0.5187, src.loss_imnet_feat_dist: nan, mix.decode.loss_seg: 0.4897, mix.decode.acc_seg: 61.0175
2023-11-22 03:55:10,846 - mmdet - INFO - Iter [1700/20000]	lr: 5.490e-05, eta: 1 day, 2:44:03, time: 5.205, data_time: 0.014, memory: 3802, decode.loss_seg: 0.6697, decode.acc_seg: 77.3627, contrastive_loss: 1.1989, rpn.loss_rpn_cls: 0.1248, rpn.loss_rpn_bbox: 0.0983, roi.loss_cls: 0.4404, roi.acc: 85.4336, roi.loss_bbox: 0.5093, roi.loss_mask: 0.5097, src.loss_imnet_feat_dist: nan, mix.decode.loss_seg: 0.4369, mix.decode.acc_seg: 61.7285
2023-11-22 03:59:31,182 - mmdet - INFO - Iter [1750/20000]	lr: 5.475e-05, eta: 1 day, 2:39:13, time: 5.207, data_time: 0.013, memory: 3802, decode.loss_seg: 0.7182, decode.acc_seg: 74.6503, contrastive_loss: 1.1942, rpn.loss_rpn_cls: 0.1467, rpn.loss_rpn_bbox: 0.1135, roi.loss_cls: 0.4175, roi.acc: 85.7109, roi.loss_bbox: 0.5075, roi.loss_mask: 0.4616, src.loss_imnet_feat_dist: nan, mix.decode.loss_seg: 0.4421, mix.decode.acc_seg: 63.6062
2023-11-22 04:03:57,990 - mmdet - INFO - Iter [1800/20000]	lr: 5.460e-05, eta: 1 day, 2:35:30, time: 5.336, data_time: 0.014, memory: 3802, decode.loss_seg: 0.6075, decode.acc_seg: 76.9406, contrastive_loss: 1.3934, rpn.loss_rpn_cls: 0.1315, rpn.loss_rpn_bbox: 0.1019, roi.loss_cls: 0.4250, roi.acc: 85.1406, roi.loss_bbox: 0.5188, roi.loss_mask: 0.4940, src.loss_imnet_feat_dist: nan, mix.decode.loss_seg: 0.4082, mix.decode.acc_seg: 62.6877
2023-11-22 04:08:16,257 - mmdet - INFO - Iter [1850/20000]	lr: 5.445e-05, eta: 1 day, 2:30:20, time: 5.165, data_time: 0.013, memory: 3802, decode.loss_seg: 0.5723, decode.acc_seg: 79.2502, contrastive_loss: 1.1748, rpn.loss_rpn_cls: 0.1216, rpn.loss_rpn_bbox: 0.1011, roi.loss_cls: 0.3790, roi.acc: 87.1953, roi.loss_bbox: 0.4758, roi.loss_mask: 0.4805, src.loss_imnet_feat_dist: nan, mix.decode.loss_seg: 0.4210, mix.decode.acc_seg: 64.0827
2023-11-22 04:12:36,889 - mmdet - INFO - Iter [1900/20000]	lr: 5.430e-05, eta: 1 day, 2:25:36, time: 5.213, data_time: 0.013, memory: 3802, decode.loss_seg: 0.5983, decode.acc_seg: 78.6529, contrastive_loss: 1.3209, rpn.loss_rpn_cls: 0.1330, rpn.loss_rpn_bbox: 0.1001, roi.loss_cls: 0.4347, roi.acc: 85.4648, roi.loss_bbox: 0.5317, roi.loss_mask: 0.4846, src.loss_imnet_feat_dist: nan, mix.decode.loss_seg: 0.3824, mix.decode.acc_seg: 64.4349
2023-11-22 04:16:49,329 - mmdet - INFO - Iter [1950/20000]	lr: 5.415e-05, eta: 1 day, 2:19:37, time: 5.049, data_time: 0.013, memory: 3802, decode.loss_seg: 0.5221, decode.acc_seg: 80.3004, contrastive_loss: 1.1751, rpn.loss_rpn_cls: 0.1211, rpn.loss_rpn_bbox: 0.0974, roi.loss_cls: 0.4267, roi.acc: 85.8125, roi.loss_bbox: 0.5242, roi.loss_mask: 0.4592, src.loss_imnet_feat_dist: nan, mix.decode.loss_seg: 0.3111, mix.decode.acc_seg: 63.8061
2023-11-22 04:21:08,707 - mmdet - INFO - Exp name: 231122_0125_syn2cs_dacs_rcs001_cpl_maskrcnn_mitb5_poly10warm_s0_acf97
2023-11-22 04:21:08,707 - mmdet - INFO - Iter [2000/20000]	lr: 5.400e-05, eta: 1 day, 2:14:46, time: 5.188, data_time: 0.013, memory: 3802, decode.loss_seg: 0.5483, decode.acc_seg: 79.7979, contrastive_loss: 1.2419, rpn.loss_rpn_cls: 0.1289, rpn.loss_rpn_bbox: 0.1046, roi.loss_cls: 0.4223, roi.acc: 86.1523, roi.loss_bbox: 0.4945, roi.loss_mask: 0.4708, src.loss_imnet_feat_dist: nan, mix.decode.loss_seg: 0.3819, mix.decode.acc_seg: 64.7744
2023-11-22 04:25:27,519 - mmdet - INFO - Iter [2050/20000]	lr: 5.385e-05, eta: 1 day, 2:09:52, time: 5.176, data_time: 0.013, memory: 3802, decode.loss_seg: 0.5684, decode.acc_seg: 80.3538, contrastive_loss: 1.1913, rpn.loss_rpn_cls: 0.1108, rpn.loss_rpn_bbox: 0.1131, roi.loss_cls: 0.4010, roi.acc: 86.6836, roi.loss_bbox: 0.4927, roi.loss_mask: 0.4519, src.loss_imnet_feat_dist: nan, mix.decode.loss_seg: 0.3440, mix.decode.acc_seg: 65.3234
2023-11-22 04:29:34,067 - mmdet - INFO - Iter [2100/20000]	lr: 5.370e-05, eta: 1 day, 2:03:15, time: 4.931, data_time: 0.013, memory: 3802, decode.loss_seg: 0.5593, decode.acc_seg: 75.7549, contrastive_loss: 1.0985, rpn.loss_rpn_cls: 0.1047, rpn.loss_rpn_bbox: 0.0913, roi.loss_cls: 0.3431, roi.acc: 88.7500, roi.loss_bbox: 0.4194, roi.loss_mask: 0.4484, src.loss_imnet_feat_dist: nan, mix.decode.loss_seg: 0.2544, mix.decode.acc_seg: 68.0702
2023-11-22 04:33:58,760 - mmdet - INFO - Iter [2150/20000]	lr: 5.355e-05, eta: 1 day, 1:59:15, time: 5.294, data_time: 0.013, memory: 3802, decode.loss_seg: 0.4917, decode.acc_seg: 82.8570, contrastive_loss: 1.1953, rpn.loss_rpn_cls: 0.1102, rpn.loss_rpn_bbox: 0.0873, roi.loss_cls: 0.3769, roi.acc: 87.8711, roi.loss_bbox: 0.4249, roi.loss_mask: 0.4838, src.loss_imnet_feat_dist: nan, mix.decode.loss_seg: 0.2981, mix.decode.acc_seg: 69.4031
2023-11-22 04:38:22,994 - mmdet - INFO - Iter [2200/20000]	lr: 5.340e-05, eta: 1 day, 1:55:10, time: 5.285, data_time: 0.014, memory: 3802, decode.loss_seg: 0.4845, decode.acc_seg: 81.9041, contrastive_loss: 1.2303, rpn.loss_rpn_cls: 0.1328, rpn.loss_rpn_bbox: 0.0917, roi.loss_cls: 0.3984, roi.acc: 86.8516, roi.loss_bbox: 0.4777, roi.loss_mask: 0.4736, src.loss_imnet_feat_dist: nan, mix.decode.loss_seg: 0.2705, mix.decode.acc_seg: 66.5696
2023-11-22 04:42:35,206 - mmdet - INFO - Iter [2250/20000]	lr: 5.325e-05, eta: 1 day, 1:49:30, time: 5.044, data_time: 0.013, memory: 3802, decode.loss_seg: 0.4690, decode.acc_seg: 81.0339, contrastive_loss: 1.1412, rpn.loss_rpn_cls: 0.1115, rpn.loss_rpn_bbox: 0.0988, roi.loss_cls: 0.3856, roi.acc: 87.3281, roi.loss_bbox: 0.4804, roi.loss_mask: 0.4599, src.loss_imnet_feat_dist: nan, mix.decode.loss_seg: 0.3039, mix.decode.acc_seg: 65.3652
2023-11-22 04:47:03,800 - mmdet - INFO - Iter [2300/20000]	lr: 5.310e-05, eta: 1 day, 1:46:00, time: 5.372, data_time: 0.014, memory: 3802, decode.loss_seg: 0.5028, decode.acc_seg: 78.7407, contrastive_loss: 1.3264, rpn.loss_rpn_cls: 0.1271, rpn.loss_rpn_bbox: 0.1059, roi.loss_cls: 0.4270, roi.acc: 85.5938, roi.loss_bbox: 0.5215, roi.loss_mask: 0.4830, src.loss_imnet_feat_dist: nan, mix.decode.loss_seg: 0.3173, mix.decode.acc_seg: 66.8317
2023-11-22 04:51:29,295 - mmdet - INFO - Iter [2350/20000]	lr: 5.295e-05, eta: 1 day, 1:42:04, time: 5.310, data_time: 0.013, memory: 3802, decode.loss_seg: 0.4723, decode.acc_seg: 83.8105, contrastive_loss: 1.1828, rpn.loss_rpn_cls: 0.0936, rpn.loss_rpn_bbox: 0.0922, roi.loss_cls: 0.4099, roi.acc: 85.8047, roi.loss_bbox: 0.5439, roi.loss_mask: 0.4659, src.loss_imnet_feat_dist: nan, mix.decode.loss_seg: 0.3371, mix.decode.acc_seg: 67.6358
2023-11-22 04:56:05,374 - mmdet - INFO - Iter [2400/20000]	lr: 5.280e-05, eta: 1 day, 1:39:24, time: 5.522, data_time: 0.014, memory: 3802, decode.loss_seg: 0.5755, decode.acc_seg: 77.7446, contrastive_loss: 1.1196, rpn.loss_rpn_cls: 0.1100, rpn.loss_rpn_bbox: 0.0872, roi.loss_cls: 0.3794, roi.acc: 86.6875, roi.loss_bbox: 0.4870, roi.loss_mask: 0.4170, src.loss_imnet_feat_dist: nan, mix.decode.loss_seg: 0.4029, mix.decode.acc_seg: 63.6159
2023-11-22 05:00:35,968 - mmdet - INFO - Iter [2450/20000]	lr: 5.265e-05, eta: 1 day, 1:36:01, time: 5.412, data_time: 0.013, memory: 3802, decode.loss_seg: 0.4891, decode.acc_seg: 81.6183, contrastive_loss: 1.1178, rpn.loss_rpn_cls: 0.0912, rpn.loss_rpn_bbox: 0.0758, roi.loss_cls: 0.4064, roi.acc: 86.7461, roi.loss_bbox: 0.5003, roi.loss_mask: 0.4352, src.loss_imnet_feat_dist: nan, mix.decode.loss_seg: 0.3533, mix.decode.acc_seg: 65.0933
2023-11-22 05:05:10,401 - mmdet - INFO - Iter [2500/20000]	lr: 5.250e-05, eta: 1 day, 1:33:01, time: 5.489, data_time: 0.013, memory: 3802, decode.loss_seg: 0.5071, decode.acc_seg: 80.1712, contrastive_loss: 1.1171, rpn.loss_rpn_cls: 0.1079, rpn.loss_rpn_bbox: 0.0974, roi.loss_cls: 0.3523, roi.acc: 87.7891, roi.loss_bbox: 0.4765, roi.loss_mask: 0.4432, src.loss_imnet_feat_dist: nan, mix.decode.loss_seg: 0.3164, mix.decode.acc_seg: 66.4192
2023-11-22 05:09:46,289 - mmdet - INFO - Iter [2550/20000]	lr: 5.235e-05, eta: 1 day, 1:30:08, time: 5.518, data_time: 0.014, memory: 3802, decode.loss_seg: 0.5381, decode.acc_seg: 80.3611, contrastive_loss: 1.3055, rpn.loss_rpn_cls: 0.1133, rpn.loss_rpn_bbox: 0.0958, roi.loss_cls: 0.4255, roi.acc: 85.3398, roi.loss_bbox: 0.5343, roi.loss_mask: 0.4610, src.loss_imnet_feat_dist: nan, mix.decode.loss_seg: 0.4173, mix.decode.acc_seg: 66.4808
2023-11-22 05:14:23,798 - mmdet - INFO - Iter [2600/20000]	lr: 5.220e-05, eta: 1 day, 1:27:21, time: 5.550, data_time: 0.013, memory: 3802, decode.loss_seg: 0.5543, decode.acc_seg: 79.9214, contrastive_loss: 1.2027, rpn.loss_rpn_cls: 0.1194, rpn.loss_rpn_bbox: 0.1024, roi.loss_cls: 0.4084, roi.acc: 85.1172, roi.loss_bbox: 0.5248, roi.loss_mask: 0.4522, src.loss_imnet_feat_dist: nan, mix.decode.loss_seg: 0.3268, mix.decode.acc_seg: 66.4713
2023-11-22 05:18:58,920 - mmdet - INFO - Iter [2650/20000]	lr: 5.205e-05, eta: 1 day, 1:24:15, time: 5.502, data_time: 0.013, memory: 3802, decode.loss_seg: 0.5123, decode.acc_seg: 81.2203, contrastive_loss: 1.1390, rpn.loss_rpn_cls: 0.1216, rpn.loss_rpn_bbox: 0.1032, roi.loss_cls: 0.4486, roi.acc: 84.7188, roi.loss_bbox: 0.5813, roi.loss_mask: 0.4467, src.loss_imnet_feat_dist: nan, mix.decode.loss_seg: 0.2670, mix.decode.acc_seg: 64.4813
2023-11-22 05:23:24,182 - mmdet - INFO - Iter [2700/20000]	lr: 5.190e-05, eta: 1 day, 1:20:03, time: 5.305, data_time: 0.013, memory: 3802, decode.loss_seg: 0.4379, decode.acc_seg: 81.4885, contrastive_loss: 1.1620, rpn.loss_rpn_cls: 0.0976, rpn.loss_rpn_bbox: 0.0797, roi.loss_cls: 0.3726, roi.acc: 87.5938, roi.loss_bbox: 0.4467, roi.loss_mask: 0.4303, src.loss_imnet_feat_dist: nan, mix.decode.loss_seg: 0.3029, mix.decode.acc_seg: 68.8018
2023-11-22 05:27:32,280 - mmdet - INFO - Iter [2750/20000]	lr: 5.175e-05, eta: 1 day, 1:14:02, time: 4.962, data_time: 0.013, memory: 3802, decode.loss_seg: 0.4538, decode.acc_seg: 82.2663, contrastive_loss: 1.1911, rpn.loss_rpn_cls: 0.0954, rpn.loss_rpn_bbox: 0.0828, roi.loss_cls: 0.3629, roi.acc: 87.2812, roi.loss_bbox: 0.4500, roi.loss_mask: 0.4669, src.loss_imnet_feat_dist: nan, mix.decode.loss_seg: 0.3022, mix.decode.acc_seg: 68.7497
2023-11-22 05:31:45,928 - mmdet - INFO - Iter [2800/20000]	lr: 5.160e-05, eta: 1 day, 1:08:39, time: 5.073, data_time: 0.013, memory: 3802, decode.loss_seg: 0.4784, decode.acc_seg: 79.2961, contrastive_loss: 0.9641, rpn.loss_rpn_cls: 0.1102, rpn.loss_rpn_bbox: 0.1055, roi.loss_cls: 0.3909, roi.acc: 86.3047, roi.loss_bbox: 0.4860, roi.loss_mask: 0.4166, src.loss_imnet_feat_dist: nan, mix.decode.loss_seg: 0.3267, mix.decode.acc_seg: 66.8420
2023-11-22 05:35:57,426 - mmdet - INFO - Iter [2850/20000]	lr: 5.145e-05, eta: 1 day, 1:03:06, time: 5.030, data_time: 0.013, memory: 3802, decode.loss_seg: 0.4361, decode.acc_seg: 82.3441, contrastive_loss: 1.1158, rpn.loss_rpn_cls: 0.0989, rpn.loss_rpn_bbox: 0.1024, roi.loss_cls: 0.4078, roi.acc: 86.1211, roi.loss_bbox: 0.5192, roi.loss_mask: 0.4188, src.loss_imnet_feat_dist: nan, mix.decode.loss_seg: 0.3357, mix.decode.acc_seg: 67.3544
2023-11-22 05:40:11,799 - mmdet - INFO - Iter [2900/20000]	lr: 5.130e-05, eta: 1 day, 0:57:52, time: 5.087, data_time: 0.013, memory: 3847, decode.loss_seg: 0.5075, decode.acc_seg: 80.5308, contrastive_loss: 1.0224, rpn.loss_rpn_cls: 0.1114, rpn.loss_rpn_bbox: 0.0950, roi.loss_cls: 0.3943, roi.acc: 86.6172, roi.loss_bbox: 0.5248, roi.loss_mask: 0.4216, src.loss_imnet_feat_dist: nan, mix.decode.loss_seg: 0.3355, mix.decode.acc_seg: 66.7274
2023-11-22 05:44:31,345 - mmdet - INFO - Iter [2950/20000]	lr: 5.115e-05, eta: 1 day, 0:53:11, time: 5.191, data_time: 0.013, memory: 3847, decode.loss_seg: 0.4443, decode.acc_seg: 84.0315, contrastive_loss: 1.1810, rpn.loss_rpn_cls: 0.1077, rpn.loss_rpn_bbox: 0.1002, roi.loss_cls: 0.4138, roi.acc: 85.4219, roi.loss_bbox: 0.5210, roi.loss_mask: 0.4841, src.loss_imnet_feat_dist: nan, mix.decode.loss_seg: 0.2559, mix.decode.acc_seg: 69.1268
2023-11-22 05:48:49,740 - mmdet - INFO - Exp name: 231122_0125_syn2cs_dacs_rcs001_cpl_maskrcnn_mitb5_poly10warm_s0_acf97
2023-11-22 05:48:49,741 - mmdet - INFO - Iter [3000/20000]	lr: 5.100e-05, eta: 1 day, 0:48:24, time: 5.168, data_time: 0.013, memory: 3847, decode.loss_seg: 0.5506, decode.acc_seg: 82.3434, contrastive_loss: 1.1477, rpn.loss_rpn_cls: 0.0902, rpn.loss_rpn_bbox: 0.0958, roi.loss_cls: 0.3963, roi.acc: 86.3086, roi.loss_bbox: 0.5060, roi.loss_mask: 0.4649, src.loss_imnet_feat_dist: nan, mix.decode.loss_seg: 0.3653, mix.decode.acc_seg: 71.0916
2023-11-22 05:53:15,377 - mmdet - INFO - Iter [3050/20000]	lr: 5.085e-05, eta: 1 day, 0:44:18, time: 5.313, data_time: 0.013, memory: 3847, decode.loss_seg: 0.4487, decode.acc_seg: 81.4030, contrastive_loss: 1.0000, rpn.loss_rpn_cls: 0.0999, rpn.loss_rpn_bbox: 0.0924, roi.loss_cls: 0.3438, roi.acc: 88.1289, roi.loss_bbox: 0.4591, roi.loss_mask: 0.4830, src.loss_imnet_feat_dist: nan, mix.decode.loss_seg: 0.2837, mix.decode.acc_seg: 69.2743
2023-11-22 05:57:48,782 - mmdet - INFO - Iter [3100/20000]	lr: 5.070e-05, eta: 1 day, 0:40:53, time: 5.468, data_time: 0.014, memory: 3847, decode.loss_seg: 0.4721, decode.acc_seg: 83.2297, contrastive_loss: 1.2638, rpn.loss_rpn_cls: 0.1134, rpn.loss_rpn_bbox: 0.0968, roi.loss_cls: 0.3674, roi.acc: 86.8555, roi.loss_bbox: 0.5037, roi.loss_mask: 0.4533, src.loss_imnet_feat_dist: nan, mix.decode.loss_seg: 0.2705, mix.decode.acc_seg: 71.4012
2023-11-22 06:02:21,141 - mmdet - INFO - Iter [3150/20000]	lr: 5.055e-05, eta: 1 day, 0:37:21, time: 5.447, data_time: 0.013, memory: 3847, decode.loss_seg: 0.4651, decode.acc_seg: 81.6486, contrastive_loss: 1.1391, rpn.loss_rpn_cls: 0.1196, rpn.loss_rpn_bbox: 0.0952, roi.loss_cls: 0.3537, roi.acc: 87.6250, roi.loss_bbox: 0.4599, roi.loss_mask: 0.4571, src.loss_imnet_feat_dist: nan, mix.decode.loss_seg: 0.2992, mix.decode.acc_seg: 67.7145
2023-11-22 06:06:55,365 - mmdet - INFO - Iter [3200/20000]	lr: 5.040e-05, eta: 1 day, 0:33:57, time: 5.484, data_time: 0.014, memory: 3847, decode.loss_seg: 0.4134, decode.acc_seg: 82.8004, contrastive_loss: 1.2805, rpn.loss_rpn_cls: 0.1125, rpn.loss_rpn_bbox: 0.1025, roi.loss_cls: 0.4251, roi.acc: 85.2227, roi.loss_bbox: 0.5408, roi.loss_mask: 0.4526, src.loss_imnet_feat_dist: nan, mix.decode.loss_seg: 0.2283, mix.decode.acc_seg: 67.8623
2023-11-22 06:11:19,259 - mmdet - INFO - Iter [3250/20000]	lr: 5.025e-05, eta: 1 day, 0:29:37, time: 5.278, data_time: 0.013, memory: 3847, decode.loss_seg: 0.4166, decode.acc_seg: 84.6616, contrastive_loss: 1.0788, rpn.loss_rpn_cls: 0.0996, rpn.loss_rpn_bbox: 0.0830, roi.loss_cls: 0.3633, roi.acc: 87.0156, roi.loss_bbox: 0.4812, roi.loss_mask: 0.4352, src.loss_imnet_feat_dist: nan, mix.decode.loss_seg: 0.2737, mix.decode.acc_seg: 72.3530
2023-11-22 06:15:55,111 - mmdet - INFO - Iter [3300/20000]	lr: 5.010e-05, eta: 1 day, 0:26:18, time: 5.517, data_time: 0.014, memory: 3847, decode.loss_seg: 0.4764, decode.acc_seg: 83.4495, contrastive_loss: 1.2787, rpn.loss_rpn_cls: 0.1017, rpn.loss_rpn_bbox: 0.0942, roi.loss_cls: 0.4078, roi.acc: 86.0742, roi.loss_bbox: 0.5338, roi.loss_mask: 0.4532, src.loss_imnet_feat_dist: nan, mix.decode.loss_seg: 0.3213, mix.decode.acc_seg: 70.3574
2023-11-22 06:20:31,861 - mmdet - INFO - Iter [3350/20000]	lr: 4.995e-05, eta: 1 day, 0:23:01, time: 5.535, data_time: 0.014, memory: 3847, decode.loss_seg: 0.3904, decode.acc_seg: 84.1131, contrastive_loss: 1.2899, rpn.loss_rpn_cls: 0.0873, rpn.loss_rpn_bbox: 0.0791, roi.loss_cls: 0.3833, roi.acc: 86.5352, roi.loss_bbox: 0.4992, roi.loss_mask: 0.4178, src.loss_imnet_feat_dist: nan, mix.decode.loss_seg: 0.2669, mix.decode.acc_seg: 71.0415
2023-11-22 06:25:12,281 - mmdet - INFO - Iter [3400/20000]	lr: 4.980e-05, eta: 1 day, 0:19:59, time: 5.608, data_time: 0.014, memory: 3847, decode.loss_seg: 0.3972, decode.acc_seg: 81.9103, contrastive_loss: 1.3284, rpn.loss_rpn_cls: 0.1199, rpn.loss_rpn_bbox: 0.1067, roi.loss_cls: 0.3761, roi.acc: 86.2578, roi.loss_bbox: 0.5195, roi.loss_mask: 0.4423, src.loss_imnet_feat_dist: nan, mix.decode.loss_seg: 0.2809, mix.decode.acc_seg: 68.7254
2023-11-22 06:29:50,478 - mmdet - INFO - Iter [3450/20000]	lr: 4.965e-05, eta: 1 day, 0:16:44, time: 5.564, data_time: 0.014, memory: 3847, decode.loss_seg: 0.3816, decode.acc_seg: 85.7879, contrastive_loss: 1.2976, rpn.loss_rpn_cls: 0.1048, rpn.loss_rpn_bbox: 0.0839, roi.loss_cls: 0.3245, roi.acc: 88.7422, roi.loss_bbox: 0.4296, roi.loss_mask: 0.4457, src.loss_imnet_feat_dist: nan, mix.decode.loss_seg: 0.3102, mix.decode.acc_seg: 73.8071
2023-11-22 06:34:34,718 - mmdet - INFO - Iter [3500/20000]	lr: 4.950e-05, eta: 1 day, 0:13:55, time: 5.685, data_time: 0.014, memory: 3847, decode.loss_seg: 0.4791, decode.acc_seg: 80.0320, contrastive_loss: 1.2051, rpn.loss_rpn_cls: 0.1205, rpn.loss_rpn_bbox: 0.1026, roi.loss_cls: 0.3893, roi.acc: 86.5000, roi.loss_bbox: 0.4970, roi.loss_mask: 0.4457, src.loss_imnet_feat_dist: nan, mix.decode.loss_seg: 0.3308, mix.decode.acc_seg: 66.4502
2023-11-22 06:38:53,146 - mmdet - INFO - Iter [3550/20000]	lr: 4.935e-05, eta: 1 day, 0:09:03, time: 5.169, data_time: 0.013, memory: 3847, decode.loss_seg: 0.4020, decode.acc_seg: 84.8016, contrastive_loss: 0.9099, rpn.loss_rpn_cls: 0.0967, rpn.loss_rpn_bbox: 0.0821, roi.loss_cls: 0.3579, roi.acc: 87.9883, roi.loss_bbox: 0.4823, roi.loss_mask: 0.3990, src.loss_imnet_feat_dist: nan, mix.decode.loss_seg: 0.3406, mix.decode.acc_seg: 69.4520
2023-11-22 06:43:07,316 - mmdet - INFO - Iter [3600/20000]	lr: 4.920e-05, eta: 1 day, 0:03:53, time: 5.083, data_time: 0.013, memory: 3847, decode.loss_seg: 0.4429, decode.acc_seg: 81.9781, contrastive_loss: 1.0461, rpn.loss_rpn_cls: 0.1107, rpn.loss_rpn_bbox: 0.0795, roi.loss_cls: 0.3489, roi.acc: 87.9062, roi.loss_bbox: 0.4655, roi.loss_mask: 0.4328, src.loss_imnet_feat_dist: nan, mix.decode.loss_seg: 0.3121, mix.decode.acc_seg: 67.4541
2023-11-22 06:47:34,214 - mmdet - INFO - Iter [3650/20000]	lr: 4.905e-05, eta: 23:59:41, time: 5.338, data_time: 0.013, memory: 3847, decode.loss_seg: 0.4240, decode.acc_seg: 84.0280, contrastive_loss: 1.2535, rpn.loss_rpn_cls: 0.1155, rpn.loss_rpn_bbox: 0.1007, roi.loss_cls: 0.3948, roi.acc: 86.3516, roi.loss_bbox: 0.4956, roi.loss_mask: 0.4340, src.loss_imnet_feat_dist: nan, mix.decode.loss_seg: 0.3008, mix.decode.acc_seg: 69.7904
2023-11-22 06:51:45,980 - mmdet - INFO - Iter [3700/20000]	lr: 4.890e-05, eta: 23:54:23, time: 5.035, data_time: 0.013, memory: 3847, decode.loss_seg: 0.3999, decode.acc_seg: 81.5919, contrastive_loss: 1.2507, rpn.loss_rpn_cls: 0.1149, rpn.loss_rpn_bbox: 0.1025, roi.loss_cls: 0.3965, roi.acc: 86.3477, roi.loss_bbox: 0.5275, roi.loss_mask: 0.4223, src.loss_imnet_feat_dist: nan, mix.decode.loss_seg: 0.3463, mix.decode.acc_seg: 68.1811
2023-11-22 06:55:59,923 - mmdet - INFO - Iter [3750/20000]	lr: 4.875e-05, eta: 23:49:15, time: 5.079, data_time: 0.013, memory: 3847, decode.loss_seg: 0.4523, decode.acc_seg: 81.0377, contrastive_loss: 0.9856, rpn.loss_rpn_cls: 0.0948, rpn.loss_rpn_bbox: 0.0666, roi.loss_cls: 0.3250, roi.acc: 88.8203, roi.loss_bbox: 0.4081, roi.loss_mask: 0.4319, src.loss_imnet_feat_dist: nan, mix.decode.loss_seg: 0.3090, mix.decode.acc_seg: 68.1970
2023-11-22 07:00:09,826 - mmdet - INFO - Iter [3800/20000]	lr: 4.860e-05, eta: 23:43:52, time: 4.998, data_time: 0.013, memory: 3847, decode.loss_seg: 0.4284, decode.acc_seg: 83.9279, contrastive_loss: 0.9583, rpn.loss_rpn_cls: 0.0920, rpn.loss_rpn_bbox: 0.0777, roi.loss_cls: 0.3490, roi.acc: 87.7031, roi.loss_bbox: 0.4672, roi.loss_mask: 0.4477, src.loss_imnet_feat_dist: nan, mix.decode.loss_seg: 0.2629, mix.decode.acc_seg: 73.9208
2023-11-22 07:04:25,779 - mmdet - INFO - Iter [3850/20000]	lr: 4.845e-05, eta: 23:38:56, time: 5.119, data_time: 0.013, memory: 3847, decode.loss_seg: 0.4563, decode.acc_seg: 81.7822, contrastive_loss: 1.0826, rpn.loss_rpn_cls: 0.1009, rpn.loss_rpn_bbox: 0.0871, roi.loss_cls: 0.3081, roi.acc: 89.2656, roi.loss_bbox: 0.4373, roi.loss_mask: 0.4535, src.loss_imnet_feat_dist: nan, mix.decode.loss_seg: 0.3271, mix.decode.acc_seg: 68.1348
2023-11-22 07:08:42,343 - mmdet - INFO - Iter [3900/20000]	lr: 4.830e-05, eta: 23:34:03, time: 5.131, data_time: 0.013, memory: 3847, decode.loss_seg: 0.4831, decode.acc_seg: 81.0420, contrastive_loss: 1.2486, rpn.loss_rpn_cls: 0.1022, rpn.loss_rpn_bbox: 0.0802, roi.loss_cls: 0.3738, roi.acc: 87.0820, roi.loss_bbox: 0.4725, roi.loss_mask: 0.5228, src.loss_imnet_feat_dist: nan, mix.decode.loss_seg: 0.3815, mix.decode.acc_seg: 63.4768
2023-11-22 07:12:57,296 - mmdet - INFO - Iter [3950/20000]	lr: 4.815e-05, eta: 23:29:05, time: 5.099, data_time: 0.013, memory: 3847, decode.loss_seg: 0.4770, decode.acc_seg: 80.6476, contrastive_loss: 1.0955, rpn.loss_rpn_cls: 0.1263, rpn.loss_rpn_bbox: 0.1002, roi.loss_cls: 0.3527, roi.acc: 87.4570, roi.loss_bbox: 0.4899, roi.loss_mask: 0.4460, src.loss_imnet_feat_dist: nan, mix.decode.loss_seg: 0.3756, mix.decode.acc_seg: 68.9403
2023-11-22 07:17:14,165 - mmdet - INFO - Exp name: 231122_0125_syn2cs_dacs_rcs001_cpl_maskrcnn_mitb5_poly10warm_s0_acf97
2023-11-22 07:17:14,165 - mmdet - INFO - Iter [4000/20000]	lr: 4.800e-05, eta: 23:24:15, time: 5.137, data_time: 0.013, memory: 3847, decode.loss_seg: 0.3931, decode.acc_seg: 86.1628, contrastive_loss: 1.0564, rpn.loss_rpn_cls: 0.1152, rpn.loss_rpn_bbox: 0.0974, roi.loss_cls: 0.3735, roi.acc: 87.3555, roi.loss_bbox: 0.4769, roi.loss_mask: 0.4449, src.loss_imnet_feat_dist: nan, mix.decode.loss_seg: 0.2991, mix.decode.acc_seg: 72.3437
2023-11-22 07:21:16,832 - mmdet - INFO - Iter [4050/20000]	lr: 4.785e-05, eta: 23:18:31, time: 4.853, data_time: 0.013, memory: 3847, decode.loss_seg: 0.3868, decode.acc_seg: 84.2763, contrastive_loss: 1.0214, rpn.loss_rpn_cls: 0.0700, rpn.loss_rpn_bbox: 0.0722, roi.loss_cls: 0.3144, roi.acc: 89.1133, roi.loss_bbox: 0.4533, roi.loss_mask: 0.4121, src.loss_imnet_feat_dist: nan, mix.decode.loss_seg: 0.3501, mix.decode.acc_seg: 70.1394
2023-11-22 07:25:24,076 - mmdet - INFO - Iter [4100/20000]	lr: 4.770e-05, eta: 23:13:07, time: 4.945, data_time: 0.013, memory: 3847, decode.loss_seg: 0.4547, decode.acc_seg: 82.5852, contrastive_loss: 1.0088, rpn.loss_rpn_cls: 0.0858, rpn.loss_rpn_bbox: 0.0774, roi.loss_cls: 0.3504, roi.acc: 87.7500, roi.loss_bbox: 0.4899, roi.loss_mask: 0.4604, src.loss_imnet_feat_dist: nan, mix.decode.loss_seg: 0.2691, mix.decode.acc_seg: 70.4998
2023-11-22 07:29:51,734 - mmdet - INFO - Iter [4150/20000]	lr: 4.755e-05, eta: 23:09:02, time: 5.353, data_time: 0.014, memory: 3847, decode.loss_seg: 0.5207, decode.acc_seg: 80.2968, contrastive_loss: 1.1695, rpn.loss_rpn_cls: 0.0883, rpn.loss_rpn_bbox: 0.0877, roi.loss_cls: 0.3864, roi.acc: 86.3438, roi.loss_bbox: 0.5172, roi.loss_mask: 0.4576, src.loss_imnet_feat_dist: nan, mix.decode.loss_seg: 0.4714, mix.decode.acc_seg: 66.3134
2023-11-22 07:34:06,870 - mmdet - INFO - Iter [4200/20000]	lr: 4.740e-05, eta: 23:04:10, time: 5.103, data_time: 0.013, memory: 3847, decode.loss_seg: 0.3645, decode.acc_seg: 82.3968, contrastive_loss: 1.0581, rpn.loss_rpn_cls: 0.1050, rpn.loss_rpn_bbox: 0.0888, roi.loss_cls: 0.3309, roi.acc: 88.4102, roi.loss_bbox: 0.4669, roi.loss_mask: 0.4175, src.loss_imnet_feat_dist: nan, mix.decode.loss_seg: 0.3949, mix.decode.acc_seg: 66.2651
2023-11-22 07:38:31,314 - mmdet - INFO - Iter [4250/20000]	lr: 4.725e-05, eta: 22:59:53, time: 5.289, data_time: 0.013, memory: 3847, decode.loss_seg: 0.3812, decode.acc_seg: 83.7389, contrastive_loss: 0.9952, rpn.loss_rpn_cls: 0.0919, rpn.loss_rpn_bbox: 0.0810, roi.loss_cls: 0.3422, roi.acc: 88.1641, roi.loss_bbox: 0.4493, roi.loss_mask: 0.4208, src.loss_imnet_feat_dist: nan, mix.decode.loss_seg: 0.3596, mix.decode.acc_seg: 67.8324
2023-11-22 07:43:03,761 - mmdet - INFO - Iter [4300/20000]	lr: 4.710e-05, eta: 22:56:05, time: 5.449, data_time: 0.013, memory: 3847, decode.loss_seg: 0.3542, decode.acc_seg: 83.4276, contrastive_loss: 0.9813, rpn.loss_rpn_cls: 0.0946, rpn.loss_rpn_bbox: 0.0807, roi.loss_cls: 0.3546, roi.acc: 87.3594, roi.loss_bbox: 0.4861, roi.loss_mask: 0.4014, src.loss_imnet_feat_dist: nan, mix.decode.loss_seg: 0.2672, mix.decode.acc_seg: 67.9943
2023-11-22 07:47:44,078 - mmdet - INFO - Iter [4350/20000]	lr: 4.695e-05, eta: 22:52:45, time: 5.606, data_time: 0.013, memory: 3847, decode.loss_seg: 0.4014, decode.acc_seg: 83.2500, contrastive_loss: 1.0986, rpn.loss_rpn_cls: 0.1053, rpn.loss_rpn_bbox: 0.0845, roi.loss_cls: 0.3470, roi.acc: 87.7031, roi.loss_bbox: 0.4659, roi.loss_mask: 0.3886, src.loss_imnet_feat_dist: nan, mix.decode.loss_seg: 0.2944, mix.decode.acc_seg: 70.4921
2023-11-22 07:52:23,635 - mmdet - INFO - Iter [4400/20000]	lr: 4.680e-05, eta: 22:49:20, time: 5.591, data_time: 0.014, memory: 3847, decode.loss_seg: 0.3800, decode.acc_seg: 82.5636, contrastive_loss: 1.0828, rpn.loss_rpn_cls: 0.0981, rpn.loss_rpn_bbox: 0.0850, roi.loss_cls: 0.3527, roi.acc: 87.2773, roi.loss_bbox: 0.4910, roi.loss_mask: 0.3900, src.loss_imnet_feat_dist: nan, mix.decode.loss_seg: 0.3136, mix.decode.acc_seg: 70.6693
2023-11-22 07:56:55,801 - mmdet - INFO - Iter [4450/20000]	lr: 4.665e-05, eta: 22:45:27, time: 5.443, data_time: 0.013, memory: 3847, decode.loss_seg: 0.4246, decode.acc_seg: 82.8222, contrastive_loss: 1.0687, rpn.loss_rpn_cls: 0.0842, rpn.loss_rpn_bbox: 0.0811, roi.loss_cls: 0.3587, roi.acc: 87.0352, roi.loss_bbox: 0.5231, roi.loss_mask: 0.4092, src.loss_imnet_feat_dist: nan, mix.decode.loss_seg: 0.3985, mix.decode.acc_seg: 66.8560
2023-11-22 08:01:25,906 - mmdet - INFO - Iter [4500/20000]	lr: 4.650e-05, eta: 22:41:27, time: 5.402, data_time: 0.013, memory: 3847, decode.loss_seg: 0.3584, decode.acc_seg: 82.0628, contrastive_loss: 1.1304, rpn.loss_rpn_cls: 0.0905, rpn.loss_rpn_bbox: 0.0965, roi.loss_cls: 0.3247, roi.acc: 88.2227, roi.loss_bbox: 0.4638, roi.loss_mask: 0.3985, src.loss_imnet_feat_dist: nan, mix.decode.loss_seg: 0.2663, mix.decode.acc_seg: 71.8463
2023-11-22 08:05:56,166 - mmdet - INFO - Iter [4550/20000]	lr: 4.635e-05, eta: 22:37:26, time: 5.405, data_time: 0.013, memory: 3847, decode.loss_seg: 0.3182, decode.acc_seg: 85.8512, contrastive_loss: 1.0478, rpn.loss_rpn_cls: 0.0913, rpn.loss_rpn_bbox: 0.0908, roi.loss_cls: 0.3513, roi.acc: 87.5156, roi.loss_bbox: 0.4647, roi.loss_mask: 0.3865, src.loss_imnet_feat_dist: nan, mix.decode.loss_seg: 0.2407, mix.decode.acc_seg: 75.6780
2023-11-22 08:10:30,334 - mmdet - INFO - Iter [4600/20000]	lr: 4.620e-05, eta: 22:33:38, time: 5.483, data_time: 0.013, memory: 3847, decode.loss_seg: 0.4347, decode.acc_seg: 84.1230, contrastive_loss: 1.1964, rpn.loss_rpn_cls: 0.0986, rpn.loss_rpn_bbox: 0.0941, roi.loss_cls: 0.3589, roi.acc: 87.5938, roi.loss_bbox: 0.4614, roi.loss_mask: 0.4118, src.loss_imnet_feat_dist: nan, mix.decode.loss_seg: 0.2784, mix.decode.acc_seg: 73.2820
2023-11-22 08:15:08,098 - mmdet - INFO - Iter [4650/20000]	lr: 4.605e-05, eta: 22:30:01, time: 5.555, data_time: 0.014, memory: 3847, decode.loss_seg: 0.4457, decode.acc_seg: 82.7146, contrastive_loss: 1.1407, rpn.loss_rpn_cls: 0.1007, rpn.loss_rpn_bbox: 0.0888, roi.loss_cls: 0.3373, roi.acc: 88.4727, roi.loss_bbox: 0.4546, roi.loss_mask: 0.3988, src.loss_imnet_feat_dist: nan, mix.decode.loss_seg: 0.3458, mix.decode.acc_seg: 70.4803
2023-11-22 08:19:35,778 - mmdet - INFO - Iter [4700/20000]	lr: 4.590e-05, eta: 22:25:50, time: 5.354, data_time: 0.013, memory: 3847, decode.loss_seg: 0.3395, decode.acc_seg: 87.1048, contrastive_loss: 1.1218, rpn.loss_rpn_cls: 0.1248, rpn.loss_rpn_bbox: 0.0762, roi.loss_cls: 0.3312, roi.acc: 88.3984, roi.loss_bbox: 0.4424, roi.loss_mask: 0.3768, src.loss_imnet_feat_dist: nan, mix.decode.loss_seg: 0.2592, mix.decode.acc_seg: 75.3756
2023-11-22 08:24:18,592 - mmdet - INFO - Iter [4750/20000]	lr: 4.575e-05, eta: 22:22:26, time: 5.656, data_time: 0.014, memory: 3847, decode.loss_seg: 0.3534, decode.acc_seg: 85.9743, contrastive_loss: 1.0881, rpn.loss_rpn_cls: 0.1056, rpn.loss_rpn_bbox: 0.0914, roi.loss_cls: 0.3067, roi.acc: 89.0430, roi.loss_bbox: 0.4494, roi.loss_mask: 0.3887, src.loss_imnet_feat_dist: nan, mix.decode.loss_seg: 0.2892, mix.decode.acc_seg: 76.1159
2023-11-22 08:28:57,515 - mmdet - INFO - Iter [4800/20000]	lr: 4.560e-05, eta: 22:18:49, time: 5.578, data_time: 0.014, memory: 3847, decode.loss_seg: 0.3964, decode.acc_seg: 83.3705, contrastive_loss: 1.0573, rpn.loss_rpn_cls: 0.0866, rpn.loss_rpn_bbox: 0.0809, roi.loss_cls: 0.3287, roi.acc: 88.2500, roi.loss_bbox: 0.4575, roi.loss_mask: 0.3839, src.loss_imnet_feat_dist: nan, mix.decode.loss_seg: 0.3545, mix.decode.acc_seg: 72.3316
2023-11-22 08:33:24,567 - mmdet - INFO - Iter [4850/20000]	lr: 4.545e-05, eta: 22:14:34, time: 5.341, data_time: 0.013, memory: 3847, decode.loss_seg: 0.3586, decode.acc_seg: 85.1750, contrastive_loss: 1.0155, rpn.loss_rpn_cls: 0.0742, rpn.loss_rpn_bbox: 0.0674, roi.loss_cls: 0.3339, roi.acc: 88.0312, roi.loss_bbox: 0.4929, roi.loss_mask: 0.3571, src.loss_imnet_feat_dist: nan, mix.decode.loss_seg: 0.2554, mix.decode.acc_seg: 75.6474
2023-11-22 08:38:01,770 - mmdet - INFO - Iter [4900/20000]	lr: 4.530e-05, eta: 22:10:49, time: 5.544, data_time: 0.013, memory: 3847, decode.loss_seg: 0.3859, decode.acc_seg: 84.3374, contrastive_loss: 1.2024, rpn.loss_rpn_cls: 0.0761, rpn.loss_rpn_bbox: 0.0756, roi.loss_cls: 0.3126, roi.acc: 89.0273, roi.loss_bbox: 0.4467, roi.loss_mask: 0.3910, src.loss_imnet_feat_dist: nan, mix.decode.loss_seg: 0.2856, mix.decode.acc_seg: 66.5862
2023-11-22 08:42:38,525 - mmdet - INFO - Iter [4950/20000]	lr: 4.515e-05, eta: 22:07:03, time: 5.535, data_time: 0.013, memory: 3847, decode.loss_seg: 0.4417, decode.acc_seg: 82.0463, contrastive_loss: 1.1104, rpn.loss_rpn_cls: 0.0849, rpn.loss_rpn_bbox: 0.0986, roi.loss_cls: 0.3500, roi.acc: 87.2500, roi.loss_bbox: 0.4873, roi.loss_mask: 0.3888, src.loss_imnet_feat_dist: nan, mix.decode.loss_seg: 0.3091, mix.decode.acc_seg: 69.8471
2023-11-22 08:47:03,032 - mmdet - INFO - Saving checkpoint at 5000 iterations
2023-11-22 08:47:30,308 - mmdet - INFO - Exp name: 231122_0125_syn2cs_dacs_rcs001_cpl_maskrcnn_mitb5_poly10warm_s0_acf97
2023-11-22 08:47:30,308 - mmdet - INFO - Iter [5000/20000]	lr: 4.500e-05, eta: 22:04:00, time: 5.835, data_time: 0.013, memory: 3847, decode.loss_seg: 0.3062, decode.acc_seg: 85.3678, contrastive_loss: 0.8333, rpn.loss_rpn_cls: 0.0623, rpn.loss_rpn_bbox: 0.0731, roi.loss_cls: 0.2768, roi.acc: 89.9531, roi.loss_bbox: 0.3915, roi.loss_mask: 0.3751, src.loss_imnet_feat_dist: nan, mix.decode.loss_seg: 0.2866, mix.decode.acc_seg: 75.2568
2023-11-22 08:52:08,867 - mmdet - INFO - Iter [5050/20000]	lr: 4.485e-05, eta: 22:00:16, time: 5.572, data_time: 0.014, memory: 3847, decode.loss_seg: 0.4456, decode.acc_seg: 82.2997, contrastive_loss: 1.0801, rpn.loss_rpn_cls: 0.0896, rpn.loss_rpn_bbox: 0.0907, roi.loss_cls: 0.3545, roi.acc: 87.1992, roi.loss_bbox: 0.4876, roi.loss_mask: 0.3948, src.loss_imnet_feat_dist: nan, mix.decode.loss_seg: 0.3795, mix.decode.acc_seg: 68.9775
2023-11-22 08:56:52,933 - mmdet - INFO - Iter [5100/20000]	lr: 4.470e-05, eta: 21:56:47, time: 5.681, data_time: 0.014, memory: 3847, decode.loss_seg: 0.3894, decode.acc_seg: 85.3828, contrastive_loss: 1.1278, rpn.loss_rpn_cls: 0.0883, rpn.loss_rpn_bbox: 0.0856, roi.loss_cls: 0.3522, roi.acc: 87.4688, roi.loss_bbox: 0.4758, roi.loss_mask: 0.3821, src.loss_imnet_feat_dist: nan, mix.decode.loss_seg: 0.3202, mix.decode.acc_seg: 72.7633
2023-11-22 09:01:19,765 - mmdet - INFO - Iter [5150/20000]	lr: 4.455e-05, eta: 21:52:27, time: 5.337, data_time: 0.014, memory: 3847, decode.loss_seg: 0.3506, decode.acc_seg: 85.7572, contrastive_loss: 1.0272, rpn.loss_rpn_cls: 0.0965, rpn.loss_rpn_bbox: 0.0811, roi.loss_cls: 0.3635, roi.acc: 88.0508, roi.loss_bbox: 0.4736, roi.loss_mask: 0.4003, src.loss_imnet_feat_dist: nan, mix.decode.loss_seg: 0.2750, mix.decode.acc_seg: 73.8799
2023-11-22 09:05:58,045 - mmdet - INFO - Iter [5200/20000]	lr: 4.440e-05, eta: 21:48:39, time: 5.566, data_time: 0.014, memory: 3847, decode.loss_seg: 0.3494, decode.acc_seg: 83.6849, contrastive_loss: 1.1255, rpn.loss_rpn_cls: 0.0737, rpn.loss_rpn_bbox: 0.0766, roi.loss_cls: 0.3243, roi.acc: 88.4648, roi.loss_bbox: 0.4788, roi.loss_mask: 0.3827, src.loss_imnet_feat_dist: nan, mix.decode.loss_seg: 0.3082, mix.decode.acc_seg: 68.9220
2023-11-22 09:10:33,910 - mmdet - INFO - Iter [5250/20000]	lr: 4.425e-05, eta: 21:44:43, time: 5.517, data_time: 0.014, memory: 3847, decode.loss_seg: 0.3879, decode.acc_seg: 85.2742, contrastive_loss: 1.1234, rpn.loss_rpn_cls: 0.1285, rpn.loss_rpn_bbox: 0.1117, roi.loss_cls: 0.3439, roi.acc: 87.8203, roi.loss_bbox: 0.5074, roi.loss_mask: 0.4384, src.loss_imnet_feat_dist: nan, mix.decode.loss_seg: 0.3462, mix.decode.acc_seg: 72.5119
2023-11-22 09:15:11,695 - mmdet - INFO - Iter [5300/20000]	lr: 4.410e-05, eta: 21:40:52, time: 5.556, data_time: 0.014, memory: 3847, decode.loss_seg: 0.3229, decode.acc_seg: 84.1621, contrastive_loss: 1.1430, rpn.loss_rpn_cls: 0.1076, rpn.loss_rpn_bbox: 0.0951, roi.loss_cls: 0.3550, roi.acc: 87.2891, roi.loss_bbox: 0.4811, roi.loss_mask: 0.4073, src.loss_imnet_feat_dist: nan, mix.decode.loss_seg: 0.3083, mix.decode.acc_seg: 72.9371
2023-11-22 09:19:45,481 - mmdet - INFO - Iter [5350/20000]	lr: 4.395e-05, eta: 21:36:50, time: 5.476, data_time: 0.013, memory: 3847, decode.loss_seg: 0.3287, decode.acc_seg: 82.9221, contrastive_loss: 0.9610, rpn.loss_rpn_cls: 0.0939, rpn.loss_rpn_bbox: 0.0917, roi.loss_cls: 0.3191, roi.acc: 88.9766, roi.loss_bbox: 0.4227, roi.loss_mask: 0.3746, src.loss_imnet_feat_dist: nan, mix.decode.loss_seg: 0.2900, mix.decode.acc_seg: 75.2607
2023-11-22 09:24:12,153 - mmdet - INFO - Iter [5400/20000]	lr: 4.380e-05, eta: 21:32:27, time: 5.333, data_time: 0.013, memory: 3847, decode.loss_seg: 0.3836, decode.acc_seg: 83.6667, contrastive_loss: 1.0175, rpn.loss_rpn_cls: 0.0849, rpn.loss_rpn_bbox: 0.0779, roi.loss_cls: 0.3337, roi.acc: 88.8438, roi.loss_bbox: 0.4331, roi.loss_mask: 0.3964, src.loss_imnet_feat_dist: nan, mix.decode.loss_seg: 0.3788, mix.decode.acc_seg: 69.2504
2023-11-22 09:28:48,929 - mmdet - INFO - Iter [5450/20000]	lr: 4.365e-05, eta: 21:28:31, time: 5.536, data_time: 0.014, memory: 3847, decode.loss_seg: 0.3097, decode.acc_seg: 86.8256, contrastive_loss: 1.0913, rpn.loss_rpn_cls: 0.0729, rpn.loss_rpn_bbox: 0.0820, roi.loss_cls: 0.3175, roi.acc: 88.2461, roi.loss_bbox: 0.4571, roi.loss_mask: 0.4106, src.loss_imnet_feat_dist: nan, mix.decode.loss_seg: 0.2809, mix.decode.acc_seg: 75.9535
2023-11-22 09:33:19,603 - mmdet - INFO - Iter [5500/20000]	lr: 4.350e-05, eta: 21:24:19, time: 5.413, data_time: 0.014, memory: 3847, decode.loss_seg: 0.3458, decode.acc_seg: 85.0066, contrastive_loss: 1.2302, rpn.loss_rpn_cls: 0.0939, rpn.loss_rpn_bbox: 0.0802, roi.loss_cls: 0.3280, roi.acc: 88.3008, roi.loss_bbox: 0.4665, roi.loss_mask: 0.3861, src.loss_imnet_feat_dist: nan, mix.decode.loss_seg: 0.3167, mix.decode.acc_seg: 74.4369
2023-11-22 09:37:55,995 - mmdet - INFO - Iter [5550/20000]	lr: 4.335e-05, eta: 21:20:21, time: 5.528, data_time: 0.014, memory: 3847, decode.loss_seg: 0.4050, decode.acc_seg: 84.0339, contrastive_loss: 1.1900, rpn.loss_rpn_cls: 0.0967, rpn.loss_rpn_bbox: 0.0930, roi.loss_cls: 0.3158, roi.acc: 88.5117, roi.loss_bbox: 0.4606, roi.loss_mask: 0.3866, src.loss_imnet_feat_dist: nan, mix.decode.loss_seg: 0.3218, mix.decode.acc_seg: 75.5354
2023-11-22 09:42:32,812 - mmdet - INFO - Iter [5600/20000]	lr: 4.320e-05, eta: 21:16:23, time: 5.536, data_time: 0.014, memory: 3847, decode.loss_seg: 0.2912, decode.acc_seg: 85.4903, contrastive_loss: 1.0459, rpn.loss_rpn_cls: 0.0898, rpn.loss_rpn_bbox: 0.0899, roi.loss_cls: 0.3300, roi.acc: 88.0508, roi.loss_bbox: 0.4907, roi.loss_mask: 0.3644, src.loss_imnet_feat_dist: nan, mix.decode.loss_seg: 0.2367, mix.decode.acc_seg: 71.8177
2023-11-22 09:47:04,755 - mmdet - INFO - Iter [5650/20000]	lr: 4.305e-05, eta: 21:12:13, time: 5.439, data_time: 0.014, memory: 3847, decode.loss_seg: 0.3117, decode.acc_seg: 84.7395, contrastive_loss: 0.9426, rpn.loss_rpn_cls: 0.0901, rpn.loss_rpn_bbox: 0.0675, roi.loss_cls: 0.2908, roi.acc: 89.6523, roi.loss_bbox: 0.3872, roi.loss_mask: 0.3967, src.loss_imnet_feat_dist: nan, mix.decode.loss_seg: 0.2601, mix.decode.acc_seg: 74.1546
2023-11-22 09:51:35,235 - mmdet - INFO - Iter [5700/20000]	lr: 4.290e-05, eta: 21:07:58, time: 5.410, data_time: 0.013, memory: 3847, decode.loss_seg: 0.2810, decode.acc_seg: 87.3614, contrastive_loss: 1.1428, rpn.loss_rpn_cls: 0.0889, rpn.loss_rpn_bbox: 0.0767, roi.loss_cls: 0.3285, roi.acc: 88.4922, roi.loss_bbox: 0.4481, roi.loss_mask: 0.3933, src.loss_imnet_feat_dist: nan, mix.decode.loss_seg: 0.2295, mix.decode.acc_seg: 79.5982
2023-11-22 09:56:02,862 - mmdet - INFO - Iter [5750/20000]	lr: 4.275e-05, eta: 21:03:36, time: 5.353, data_time: 0.013, memory: 3847, decode.loss_seg: 0.2694, decode.acc_seg: 84.5574, contrastive_loss: 0.9980, rpn.loss_rpn_cls: 0.0776, rpn.loss_rpn_bbox: 0.0770, roi.loss_cls: 0.3079, roi.acc: 88.5664, roi.loss_bbox: 0.4519, roi.loss_mask: 0.3480, src.loss_imnet_feat_dist: nan, mix.decode.loss_seg: 0.2428, mix.decode.acc_seg: 76.1094
2023-11-22 10:00:34,866 - mmdet - INFO - Iter [5800/20000]	lr: 4.260e-05, eta: 20:59:25, time: 5.440, data_time: 0.013, memory: 3847, decode.loss_seg: 0.3299, decode.acc_seg: 85.3000, contrastive_loss: 1.0380, rpn.loss_rpn_cls: 0.0718, rpn.loss_rpn_bbox: 0.0855, roi.loss_cls: 0.3099, roi.acc: 88.5977, roi.loss_bbox: 0.4438, roi.loss_mask: 0.3948, src.loss_imnet_feat_dist: nan, mix.decode.loss_seg: 0.2977, mix.decode.acc_seg: 77.1873
2023-11-22 10:04:52,767 - mmdet - INFO - Iter [5850/20000]	lr: 4.245e-05, eta: 20:54:39, time: 5.158, data_time: 0.013, memory: 3847, decode.loss_seg: 0.3015, decode.acc_seg: 86.2338, contrastive_loss: 1.0880, rpn.loss_rpn_cls: 0.0948, rpn.loss_rpn_bbox: 0.0914, roi.loss_cls: 0.3249, roi.acc: 88.2539, roi.loss_bbox: 0.4585, roi.loss_mask: 0.3828, src.loss_imnet_feat_dist: nan, mix.decode.loss_seg: 0.2547, mix.decode.acc_seg: 75.5362
2023-11-22 10:09:18,001 - mmdet - INFO - Iter [5900/20000]	lr: 4.230e-05, eta: 20:50:11, time: 5.305, data_time: 0.014, memory: 3847, decode.loss_seg: 0.3199, decode.acc_seg: 86.4557, contrastive_loss: 1.2092, rpn.loss_rpn_cls: 0.0899, rpn.loss_rpn_bbox: 0.1000, roi.loss_cls: 0.3675, roi.acc: 87.0195, roi.loss_bbox: 0.4956, roi.loss_mask: 0.3906, src.loss_imnet_feat_dist: nan, mix.decode.loss_seg: 0.2940, mix.decode.acc_seg: 75.9850
2023-11-22 10:13:43,734 - mmdet - INFO - Iter [5950/20000]	lr: 4.215e-05, eta: 20:45:44, time: 5.315, data_time: 0.014, memory: 3847, decode.loss_seg: 0.3191, decode.acc_seg: 87.3196, contrastive_loss: 0.9805, rpn.loss_rpn_cls: 0.0800, rpn.loss_rpn_bbox: 0.0895, roi.loss_cls: 0.3236, roi.acc: 88.4102, roi.loss_bbox: 0.4569, roi.loss_mask: 0.3608, src.loss_imnet_feat_dist: nan, mix.decode.loss_seg: 0.2974, mix.decode.acc_seg: 77.7424
2023-11-22 10:18:19,690 - mmdet - INFO - Exp name: 231122_0125_syn2cs_dacs_rcs001_cpl_maskrcnn_mitb5_poly10warm_s0_acf97
2023-11-22 10:18:19,691 - mmdet - INFO - Iter [6000/20000]	lr: 4.200e-05, eta: 20:41:42, time: 5.519, data_time: 0.014, memory: 3847, decode.loss_seg: 0.3239, decode.acc_seg: 85.5519, contrastive_loss: 1.0995, rpn.loss_rpn_cls: 0.0783, rpn.loss_rpn_bbox: 0.0752, roi.loss_cls: 0.3500, roi.acc: 87.4844, roi.loss_bbox: 0.4900, roi.loss_mask: 0.3741, src.loss_imnet_feat_dist: nan, mix.decode.loss_seg: 0.2573, mix.decode.acc_seg: 75.5948
2023-11-22 10:22:57,372 - mmdet - INFO - Iter [6050/20000]	lr: 4.185e-05, eta: 20:37:42, time: 5.554, data_time: 0.014, memory: 3847, decode.loss_seg: 0.3910, decode.acc_seg: 84.7842, contrastive_loss: 1.1239, rpn.loss_rpn_cls: 0.0804, rpn.loss_rpn_bbox: 0.0808, roi.loss_cls: 0.3317, roi.acc: 87.9531, roi.loss_bbox: 0.4575, roi.loss_mask: 0.3734, src.loss_imnet_feat_dist: nan, mix.decode.loss_seg: 0.2877, mix.decode.acc_seg: 74.8484
2023-11-22 10:27:33,595 - mmdet - INFO - Iter [6100/20000]	lr: 4.170e-05, eta: 20:33:39, time: 5.524, data_time: 0.014, memory: 3847, decode.loss_seg: 0.5376, decode.acc_seg: 79.0967, contrastive_loss: 0.9609, rpn.loss_rpn_cls: 0.0851, rpn.loss_rpn_bbox: 0.0820, roi.loss_cls: 0.3196, roi.acc: 89.1914, roi.loss_bbox: 0.4082, roi.loss_mask: 0.3895, src.loss_imnet_feat_dist: nan, mix.decode.loss_seg: 0.3941, mix.decode.acc_seg: 71.0283
2023-11-22 10:32:05,044 - mmdet - INFO - Iter [6150/20000]	lr: 4.155e-05, eta: 20:29:24, time: 5.429, data_time: 0.013, memory: 3847, decode.loss_seg: 0.3511, decode.acc_seg: 84.7593, contrastive_loss: 1.0645, rpn.loss_rpn_cls: 0.0859, rpn.loss_rpn_bbox: 0.0921, roi.loss_cls: 0.3443, roi.acc: 87.8242, roi.loss_bbox: 0.4992, roi.loss_mask: 0.3856, src.loss_imnet_feat_dist: nan, mix.decode.loss_seg: 0.2622, mix.decode.acc_seg: 74.1490
2023-11-22 10:36:30,339 - mmdet - INFO - Iter [6200/20000]	lr: 4.140e-05, eta: 20:24:56, time: 5.306, data_time: 0.013, memory: 3847, decode.loss_seg: 0.3469, decode.acc_seg: 83.2935, contrastive_loss: 0.9130, rpn.loss_rpn_cls: 0.0640, rpn.loss_rpn_bbox: 0.0747, roi.loss_cls: 0.2902, roi.acc: 89.3672, roi.loss_bbox: 0.4387, roi.loss_mask: 0.3168, src.loss_imnet_feat_dist: nan, mix.decode.loss_seg: 0.3454, mix.decode.acc_seg: 71.1984
2023-11-22 10:41:15,228 - mmdet - INFO - Iter [6250/20000]	lr: 4.125e-05, eta: 20:21:11, time: 5.698, data_time: 0.014, memory: 3847, decode.loss_seg: 0.4074, decode.acc_seg: 81.1804, contrastive_loss: 1.0549, rpn.loss_rpn_cls: 0.0968, rpn.loss_rpn_bbox: 0.0829, roi.loss_cls: 0.3376, roi.acc: 87.6836, roi.loss_bbox: 0.4672, roi.loss_mask: 0.3934, src.loss_imnet_feat_dist: nan, mix.decode.loss_seg: 0.3878, mix.decode.acc_seg: 70.7385
2023-11-22 10:45:56,237 - mmdet - INFO - Iter [6300/20000]	lr: 4.110e-05, eta: 20:17:16, time: 5.620, data_time: 0.014, memory: 3847, decode.loss_seg: 0.4133, decode.acc_seg: 82.6855, contrastive_loss: 0.9439, rpn.loss_rpn_cls: 0.0957, rpn.loss_rpn_bbox: 0.0937, roi.loss_cls: 0.3307, roi.acc: 87.8203, roi.loss_bbox: 0.4729, roi.loss_mask: 0.3872, src.loss_imnet_feat_dist: nan, mix.decode.loss_seg: 0.3227, mix.decode.acc_seg: 72.7808
2023-11-22 10:50:25,677 - mmdet - INFO - Iter [6350/20000]	lr: 4.095e-05, eta: 20:12:55, time: 5.389, data_time: 0.014, memory: 3847, decode.loss_seg: 0.3157, decode.acc_seg: 86.8940, contrastive_loss: 1.1629, rpn.loss_rpn_cls: 0.0831, rpn.loss_rpn_bbox: 0.0953, roi.loss_cls: 0.3113, roi.acc: 88.6445, roi.loss_bbox: 0.4378, roi.loss_mask: 0.3840, src.loss_imnet_feat_dist: nan, mix.decode.loss_seg: 0.2510, mix.decode.acc_seg: 76.3638
2023-11-22 10:55:07,687 - mmdet - INFO - Iter [6400/20000]	lr: 4.080e-05, eta: 20:09:02, time: 5.640, data_time: 0.014, memory: 3847, decode.loss_seg: 0.3814, decode.acc_seg: 82.9549, contrastive_loss: 1.1409, rpn.loss_rpn_cls: 0.0866, rpn.loss_rpn_bbox: 0.0986, roi.loss_cls: 0.3466, roi.acc: 87.3008, roi.loss_bbox: 0.5194, roi.loss_mask: 0.3725, src.loss_imnet_feat_dist: nan, mix.decode.loss_seg: 0.3536, mix.decode.acc_seg: 72.7360
2023-11-22 10:59:44,197 - mmdet - INFO - Iter [6450/20000]	lr: 4.065e-05, eta: 20:04:56, time: 5.530, data_time: 0.014, memory: 3847, decode.loss_seg: 0.4226, decode.acc_seg: 82.8438, contrastive_loss: 1.0579, rpn.loss_rpn_cls: 0.0842, rpn.loss_rpn_bbox: 0.0761, roi.loss_cls: 0.3258, roi.acc: 88.5156, roi.loss_bbox: 0.4559, roi.loss_mask: 0.4370, src.loss_imnet_feat_dist: nan, mix.decode.loss_seg: 0.3781, mix.decode.acc_seg: 73.3685
2023-11-22 11:04:08,547 - mmdet - INFO - Iter [6500/20000]	lr: 4.050e-05, eta: 20:00:24, time: 5.287, data_time: 0.014, memory: 3847, decode.loss_seg: 0.3739, decode.acc_seg: 83.1233, contrastive_loss: 1.0625, rpn.loss_rpn_cls: 0.0842, rpn.loss_rpn_bbox: 0.0752, roi.loss_cls: 0.2994, roi.acc: 89.5938, roi.loss_bbox: 0.4061, roi.loss_mask: 0.4000, src.loss_imnet_feat_dist: nan, mix.decode.loss_seg: 0.3414, mix.decode.acc_seg: 72.5292
2023-11-22 11:08:37,551 - mmdet - INFO - Iter [6550/20000]	lr: 4.035e-05, eta: 19:56:02, time: 5.380, data_time: 0.014, memory: 3847, decode.loss_seg: 0.3627, decode.acc_seg: 84.6369, contrastive_loss: 1.1907, rpn.loss_rpn_cls: 0.1122, rpn.loss_rpn_bbox: 0.0924, roi.loss_cls: 0.3271, roi.acc: 88.1758, roi.loss_bbox: 0.4840, roi.loss_mask: 0.3821, src.loss_imnet_feat_dist: nan, mix.decode.loss_seg: 0.3095, mix.decode.acc_seg: 74.5769
2023-11-22 11:13:16,684 - mmdet - INFO - Iter [6600/20000]	lr: 4.020e-05, eta: 19:52:00, time: 5.583, data_time: 0.014, memory: 3847, decode.loss_seg: 0.3528, decode.acc_seg: 83.3408, contrastive_loss: 1.1898, rpn.loss_rpn_cls: 0.0865, rpn.loss_rpn_bbox: 0.0899, roi.loss_cls: 0.3483, roi.acc: 87.4336, roi.loss_bbox: 0.5021, roi.loss_mask: 0.3932, src.loss_imnet_feat_dist: nan, mix.decode.loss_seg: 0.2880, mix.decode.acc_seg: 76.4460
2023-11-22 11:18:01,785 - mmdet - INFO - Iter [6650/20000]	lr: 4.005e-05, eta: 19:48:10, time: 5.702, data_time: 0.014, memory: 3847, decode.loss_seg: 0.3566, decode.acc_seg: 85.3665, contrastive_loss: 1.0640, rpn.loss_rpn_cls: 0.0740, rpn.loss_rpn_bbox: 0.0835, roi.loss_cls: 0.3534, roi.acc: 87.0547, roi.loss_bbox: 0.5093, roi.loss_mask: 0.3842, src.loss_imnet_feat_dist: nan, mix.decode.loss_seg: 0.2468, mix.decode.acc_seg: 77.2935
2023-11-22 11:22:34,351 - mmdet - INFO - Iter [6700/20000]	lr: 3.990e-05, eta: 19:43:54, time: 5.451, data_time: 0.014, memory: 3847, decode.loss_seg: 0.3462, decode.acc_seg: 83.4306, contrastive_loss: 0.8490, rpn.loss_rpn_cls: 0.0726, rpn.loss_rpn_bbox: 0.0753, roi.loss_cls: 0.3178, roi.acc: 88.7617, roi.loss_bbox: 0.4663, roi.loss_mask: 0.3390, src.loss_imnet_feat_dist: nan, mix.decode.loss_seg: 0.3150, mix.decode.acc_seg: 75.5461
2023-11-22 11:27:23,629 - mmdet - INFO - Iter [6750/20000]	lr: 3.975e-05, eta: 19:40:10, time: 5.786, data_time: 0.014, memory: 3847, decode.loss_seg: 0.3254, decode.acc_seg: 84.9862, contrastive_loss: 1.1744, rpn.loss_rpn_cls: 0.0764, rpn.loss_rpn_bbox: 0.0769, roi.loss_cls: 0.3483, roi.acc: 87.5859, roi.loss_bbox: 0.4788, roi.loss_mask: 0.4122, src.loss_imnet_feat_dist: nan, mix.decode.loss_seg: 0.2790, mix.decode.acc_seg: 75.8764
2023-11-22 11:31:56,767 - mmdet - INFO - Iter [6800/20000]	lr: 3.960e-05, eta: 19:35:55, time: 5.463, data_time: 0.014, memory: 3847, decode.loss_seg: 0.3081, decode.acc_seg: 86.7656, contrastive_loss: 1.0673, rpn.loss_rpn_cls: 0.0800, rpn.loss_rpn_bbox: 0.0857, roi.loss_cls: 0.3394, roi.acc: 87.1953, roi.loss_bbox: 0.5041, roi.loss_mask: 0.4022, src.loss_imnet_feat_dist: nan, mix.decode.loss_seg: 0.2796, mix.decode.acc_seg: 76.7979
2023-11-22 11:36:26,185 - mmdet - INFO - Iter [6850/20000]	lr: 3.945e-05, eta: 19:31:32, time: 5.388, data_time: 0.013, memory: 3847, decode.loss_seg: 0.2725, decode.acc_seg: 86.9026, contrastive_loss: 1.0788, rpn.loss_rpn_cls: 0.0719, rpn.loss_rpn_bbox: 0.0659, roi.loss_cls: 0.3134, roi.acc: 88.7891, roi.loss_bbox: 0.4715, roi.loss_mask: 0.3916, src.loss_imnet_feat_dist: nan, mix.decode.loss_seg: 0.2504, mix.decode.acc_seg: 78.0383
slurmstepd: error: *** JOB 765535 ON biwirender13 CANCELLED AT 2023-11-22T11:40:13 ***
